/home/mohamed/ros2_ws/src/install/my_robot_controller/lib/python3.12/site-packages/my_robot_controller/talker_node.py
/home/mohamed/ros2_ws/src/install/my_robot_controller/lib/python3.12/site-packages/my_robot_controller/first_node.py
/home/mohamed/ros2_ws/src/install/my_robot_controller/lib/python3.12/site-packages/my_robot_controller/unauthorised_listener.py
/home/mohamed/ros2_ws/src/install/my_robot_controller/lib/python3.12/site-packages/my_robot_controller/listener_node.py
/home/mohamed/ros2_ws/src/install/my_robot_controller/lib/python3.12/site-packages/my_robot_controller/__init__.py
/home/mohamed/ros2_ws/src/install/my_robot_controller/lib/python3.12/site-packages/my_robot_controller/__pycache__/talker_node.cpython-312.pyc
/home/mohamed/ros2_ws/src/install/my_robot_controller/lib/python3.12/site-packages/my_robot_controller/__pycache__/first_node.cpython-312.pyc
/home/mohamed/ros2_ws/src/install/my_robot_controller/lib/python3.12/site-packages/my_robot_controller/__pycache__/unauthorised_listener.cpython-312.pyc
/home/mohamed/ros2_ws/src/install/my_robot_controller/lib/python3.12/site-packages/my_robot_controller/__pycache__/listener_node.cpython-312.pyc
/home/mohamed/ros2_ws/src/install/my_robot_controller/lib/python3.12/site-packages/my_robot_controller/__pycache__/__init__.cpython-312.pyc
/home/mohamed/ros2_ws/src/install/my_robot_controller/share/ament_index/resource_index/packages/my_robot_controller
/home/mohamed/ros2_ws/src/install/my_robot_controller/share/my_robot_controller/package.xml
/home/mohamed/ros2_ws/src/install/my_robot_controller/lib/python3.12/site-packages/my_robot_controller-0.0.0-py3.12.egg-info/SOURCES.txt
/home/mohamed/ros2_ws/src/install/my_robot_controller/lib/python3.12/site-packages/my_robot_controller-0.0.0-py3.12.egg-info/top_level.txt
/home/mohamed/ros2_ws/src/install/my_robot_controller/lib/python3.12/site-packages/my_robot_controller-0.0.0-py3.12.egg-info/entry_points.txt
/home/mohamed/ros2_ws/src/install/my_robot_controller/lib/python3.12/site-packages/my_robot_controller-0.0.0-py3.12.egg-info/zip-safe
/home/mohamed/ros2_ws/src/install/my_robot_controller/lib/python3.12/site-packages/my_robot_controller-0.0.0-py3.12.egg-info/dependency_links.txt
/home/mohamed/ros2_ws/src/install/my_robot_controller/lib/python3.12/site-packages/my_robot_controller-0.0.0-py3.12.egg-info/requires.txt
/home/mohamed/ros2_ws/src/install/my_robot_controller/lib/python3.12/site-packages/my_robot_controller-0.0.0-py3.12.egg-info/PKG-INFO
/home/mohamed/ros2_ws/src/install/my_robot_controller/lib/my_robot_controller/listener
/home/mohamed/ros2_ws/src/install/my_robot_controller/lib/my_robot_controller/talker
/home/mohamed/ros2_ws/src/install/my_robot_controller/lib/my_robot_controller/unauthorised_listener
