[4.250s] Invoking command in '/home/mohamed/ros2_ws/src/my_robot_controller': DEBUGINFOD_URLS=https://debuginfod.ubuntu.com PYTHONPATH=/home/mohamed/ros2_ws/build/my_robot_controller/prefix_override:/usr/lib/python3/dist-packages/colcon_core/task/python/colcon_distutils_commands:/home/mohamed/ros2_ws/install/my_robot_controller/lib/python3.12/site-packages:${PYTHONPATH} VIRTUAL_ENV_PROMPT=(env) /usr/bin/python3 -W ignore:setup.py install is deprecated -W ignore:easy_install command is deprecated setup.py egg_info --egg-base ../../build/my_robot_controller build --build-base /home/mohamed/ros2_ws/build/my_robot_controller/build install --record /home/mohamed/ros2_ws/build/my_robot_controller/install.log --single-version-externally-managed install_data
[4.952s] running egg_info
[5.002s] writing ../../build/my_robot_controller/my_robot_controller.egg-info/PKG-INFO
[5.002s] writing dependency_links to ../../build/my_robot_controller/my_robot_controller.egg-info/dependency_links.txt
[5.003s] writing entry points to ../../build/my_robot_controller/my_robot_controller.egg-info/entry_points.txt
[5.003s] writing requirements to ../../build/my_robot_controller/my_robot_controller.egg-info/requires.txt
[5.003s] writing top-level names to ../../build/my_robot_controller/my_robot_controller.egg-info/top_level.txt
[5.184s] reading manifest file '../../build/my_robot_controller/my_robot_controller.egg-info/SOURCES.txt'
[5.187s] writing manifest file '../../build/my_robot_controller/my_robot_controller.egg-info/SOURCES.txt'
[5.187s] running build
[5.187s] running build_py
[5.189s] running install
[5.209s] running install_lib
[5.299s] running install_data
[5.299s] running install_egg_info
[5.386s] removing '/home/mohamed/ros2_ws/install/my_robot_controller/lib/python3.12/site-packages/my_robot_controller-0.0.0-py3.12.egg-info' (and everything under it)
[5.387s] Copying ../../build/my_robot_controller/my_robot_controller.egg-info to /home/mohamed/ros2_ws/install/my_robot_controller/lib/python3.12/site-packages/my_robot_controller-0.0.0-py3.12.egg-info
[5.390s] running install_scripts
[5.891s] Installing listener script to /home/mohamed/ros2_ws/install/my_robot_controller/lib/my_robot_controller
[5.891s] Installing listener_encrypt script to /home/mohamed/ros2_ws/install/my_robot_controller/lib/my_robot_controller
[5.892s] Installing talker script to /home/mohamed/ros2_ws/install/my_robot_controller/lib/my_robot_controller
[5.892s] Installing talker_encrypt script to /home/mohamed/ros2_ws/install/my_robot_controller/lib/my_robot_controller
[5.893s] Installing unauthorised_listener script to /home/mohamed/ros2_ws/install/my_robot_controller/lib/my_robot_controller
[5.894s] writing list of installed files to '/home/mohamed/ros2_ws/build/my_robot_controller/install.log'
[5.990s] Invoked command in '/home/mohamed/ros2_ws/src/my_robot_controller' returned '0': DEBUGINFOD_URLS=https://debuginfod.ubuntu.com PYTHONPATH=/home/mohamed/ros2_ws/build/my_robot_controller/prefix_override:/usr/lib/python3/dist-packages/colcon_core/task/python/colcon_distutils_commands:/home/mohamed/ros2_ws/install/my_robot_controller/lib/python3.12/site-packages:${PYTHONPATH} VIRTUAL_ENV_PROMPT=(env) /usr/bin/python3 -W ignore:setup.py install is deprecated -W ignore:easy_install command is deprecated setup.py egg_info --egg-base ../../build/my_robot_controller build --build-base /home/mohamed/ros2_ws/build/my_robot_controller/build install --record /home/mohamed/ros2_ws/build/my_robot_controller/install.log --single-version-externally-managed install_data
