[2.793s] Invoking command in '/home/mohamed/ros2_ws/src/secure_connection': DEBUGINFOD_URLS=https://debuginfod.ubuntu.com PYTHONPATH=/home/mohamed/ros2_ws/build/secure_connection/prefix_override:/usr/lib/python3/dist-packages/colcon_core/task/python/colcon_distutils_commands:/home/mohamed/ros2_ws/install/secure_connection/lib/python3.12/site-packages:${PYTHONPATH} VIRTUAL_ENV_PROMPT=(env) /usr/bin/python3 -W ignore:setup.py install is deprecated -W ignore:easy_install command is deprecated setup.py egg_info --egg-base ../../build/secure_connection build --build-base /home/mohamed/ros2_ws/build/secure_connection/build install --record /home/mohamed/ros2_ws/build/secure_connection/install.log --single-version-externally-managed install_data
[3.391s] running egg_info
[3.467s] writing ../../build/secure_connection/secure_connection.egg-info/PKG-INFO
[3.467s] writing dependency_links to ../../build/secure_connection/secure_connection.egg-info/dependency_links.txt
[3.468s] writing entry points to ../../build/secure_connection/secure_connection.egg-info/entry_points.txt
[3.469s] writing requirements to ../../build/secure_connection/secure_connection.egg-info/requires.txt
[3.469s] writing top-level names to ../../build/secure_connection/secure_connection.egg-info/top_level.txt
[3.586s] reading manifest file '../../build/secure_connection/secure_connection.egg-info/SOURCES.txt'
[3.588s] writing manifest file '../../build/secure_connection/secure_connection.egg-info/SOURCES.txt'
[3.588s] running build
[3.588s] running build_py
[3.589s] running install
[3.603s] running install_lib
[3.661s] running install_data
[3.661s] running install_egg_info
[3.713s] removing '/home/mohamed/ros2_ws/install/secure_connection/lib/python3.12/site-packages/secure_connection-0.0.0-py3.12.egg-info' (and everything under it)
[3.714s] Copying ../../build/secure_connection/secure_connection.egg-info to /home/mohamed/ros2_ws/install/secure_connection/lib/python3.12/site-packages/secure_connection-0.0.0-py3.12.egg-info
[3.717s] running install_scripts
[4.178s] Installing generate_key script to /home/mohamed/ros2_ws/install/secure_connection/lib/secure_connection
[4.179s] writing list of installed files to '/home/mohamed/ros2_ws/build/secure_connection/install.log'
[4.254s] Invoked command in '/home/mohamed/ros2_ws/src/secure_connection' returned '0': DEBUGINFOD_URLS=https://debuginfod.ubuntu.com PYTHONPATH=/home/mohamed/ros2_ws/build/secure_connection/prefix_override:/usr/lib/python3/dist-packages/colcon_core/task/python/colcon_distutils_commands:/home/mohamed/ros2_ws/install/secure_connection/lib/python3.12/site-packages:${PYTHONPATH} VIRTUAL_ENV_PROMPT=(env) /usr/bin/python3 -W ignore:setup.py install is deprecated -W ignore:easy_install command is deprecated setup.py egg_info --egg-base ../../build/secure_connection build --build-base /home/mohamed/ros2_ws/build/secure_connection/build install --record /home/mohamed/ros2_ws/build/secure_connection/install.log --single-version-externally-managed install_data
