[2.881s] Invoking command in '/home/mohamed/ros2_ws/src/node_network': DEBUGINFOD_URLS=https://debuginfod.ubuntu.com PYTHONPATH=/home/mohamed/ros2_ws/src/build/node_network/prefix_override:/usr/lib/python3/dist-packages/colcon_core/task/python/colcon_distutils_commands:/home/mohamed/ros2_ws/src/install/node_network/lib/python3.12/site-packages:${PYTHONPATH} VIRTUAL_ENV_PROMPT=(env) /usr/bin/python3 -W ignore:setup.py install is deprecated -W ignore:easy_install command is deprecated setup.py egg_info --egg-base ../build/node_network build --build-base /home/mohamed/ros2_ws/src/build/node_network/build install --record /home/mohamed/ros2_ws/src/build/node_network/install.log --single-version-externally-managed install_data
[3.407s] running egg_info
[3.448s] writing ../build/node_network/node_network.egg-info/PKG-INFO
[3.448s] writing dependency_links to ../build/node_network/node_network.egg-info/dependency_links.txt
[3.448s] writing entry points to ../build/node_network/node_network.egg-info/entry_points.txt
[3.449s] writing requirements to ../build/node_network/node_network.egg-info/requires.txt
[3.449s] writing top-level names to ../build/node_network/node_network.egg-info/top_level.txt
[3.519s] reading manifest file '../build/node_network/node_network.egg-info/SOURCES.txt'
[3.520s] writing manifest file '../build/node_network/node_network.egg-info/SOURCES.txt'
[3.520s] running build
[3.520s] running build_py
[3.522s] running install
[3.533s] running install_lib
[3.570s] running install_data
[3.570s] running install_egg_info
[3.601s] removing '/home/mohamed/ros2_ws/src/install/node_network/lib/python3.12/site-packages/node_network-0.0.0-py3.12.egg-info' (and everything under it)
[3.601s] Copying ../build/node_network/node_network.egg-info to /home/mohamed/ros2_ws/src/install/node_network/lib/python3.12/site-packages/node_network-0.0.0-py3.12.egg-info
[3.602s] running install_scripts
[3.854s] Installing Alpha script to /home/mohamed/ros2_ws/src/install/node_network/lib/node_network
[3.854s] Installing Beta script to /home/mohamed/ros2_ws/src/install/node_network/lib/node_network
[3.856s] Installing Delta script to /home/mohamed/ros2_ws/src/install/node_network/lib/node_network
[3.856s] Installing Gamma script to /home/mohamed/ros2_ws/src/install/node_network/lib/node_network
[3.856s] writing list of installed files to '/home/mohamed/ros2_ws/src/build/node_network/install.log'
[3.920s] Invoked command in '/home/mohamed/ros2_ws/src/node_network' returned '0': DEBUGINFOD_URLS=https://debuginfod.ubuntu.com PYTHONPATH=/home/mohamed/ros2_ws/src/build/node_network/prefix_override:/usr/lib/python3/dist-packages/colcon_core/task/python/colcon_distutils_commands:/home/mohamed/ros2_ws/src/install/node_network/lib/python3.12/site-packages:${PYTHONPATH} VIRTUAL_ENV_PROMPT=(env) /usr/bin/python3 -W ignore:setup.py install is deprecated -W ignore:easy_install command is deprecated setup.py egg_info --egg-base ../build/node_network build --build-base /home/mohamed/ros2_ws/src/build/node_network/build install --record /home/mohamed/ros2_ws/src/build/node_network/install.log --single-version-externally-managed install_data
