[4.020s] Invoking command in '/home/mohamed/ros2_ws/src/node_network': DEBUGINFOD_URLS=https://debuginfod.ubuntu.com PYTHONPATH=/home/mohamed/ros2_ws/build/node_network/prefix_override:/usr/lib/python3/dist-packages/colcon_core/task/python/colcon_distutils_commands:/home/mohamed/ros2_ws/install/node_network/lib/python3.12/site-packages:${PYTHONPATH} /usr/bin/python3 -W ignore:setup.py install is deprecated -W ignore:easy_install command is deprecated setup.py egg_info --egg-base ../../build/node_network build --build-base /home/mohamed/ros2_ws/build/node_network/build install --record /home/mohamed/ros2_ws/build/node_network/install.log --single-version-externally-managed install_data
[4.733s] running egg_info
[4.790s] writing ../../build/node_network/node_network.egg-info/PKG-INFO
[4.790s] writing dependency_links to ../../build/node_network/node_network.egg-info/dependency_links.txt
[4.791s] writing entry points to ../../build/node_network/node_network.egg-info/entry_points.txt
[4.791s] writing requirements to ../../build/node_network/node_network.egg-info/requires.txt
[4.792s] writing top-level names to ../../build/node_network/node_network.egg-info/top_level.txt
[4.912s] reading manifest file '../../build/node_network/node_network.egg-info/SOURCES.txt'
[4.915s] writing manifest file '../../build/node_network/node_network.egg-info/SOURCES.txt'
[4.915s] running build
[4.915s] running build_py
[4.916s] running install
[4.926s] running install_lib
[4.985s] running install_data
[4.985s] running install_egg_info
[5.031s] removing '/home/mohamed/ros2_ws/install/node_network/lib/python3.12/site-packages/node_network-0.0.0-py3.12.egg-info' (and everything under it)
[5.032s] Copying ../../build/node_network/node_network.egg-info to /home/mohamed/ros2_ws/install/node_network/lib/python3.12/site-packages/node_network-0.0.0-py3.12.egg-info
[5.033s] running install_scripts
[5.480s] Installing Alpha script to /home/mohamed/ros2_ws/install/node_network/lib/node_network
[5.480s] Installing Beta script to /home/mohamed/ros2_ws/install/node_network/lib/node_network
[5.481s] Installing Delta script to /home/mohamed/ros2_ws/install/node_network/lib/node_network
[5.481s] Installing Gamma script to /home/mohamed/ros2_ws/install/node_network/lib/node_network
[5.482s] writing list of installed files to '/home/mohamed/ros2_ws/build/node_network/install.log'
[5.549s] Invoked command in '/home/mohamed/ros2_ws/src/node_network' returned '0': DEBUGINFOD_URLS=https://debuginfod.ubuntu.com PYTHONPATH=/home/mohamed/ros2_ws/build/node_network/prefix_override:/usr/lib/python3/dist-packages/colcon_core/task/python/colcon_distutils_commands:/home/mohamed/ros2_ws/install/node_network/lib/python3.12/site-packages:${PYTHONPATH} /usr/bin/python3 -W ignore:setup.py install is deprecated -W ignore:easy_install command is deprecated setup.py egg_info --egg-base ../../build/node_network build --build-base /home/mohamed/ros2_ws/build/node_network/build install --record /home/mohamed/ros2_ws/build/node_network/install.log --single-version-externally-managed install_data
