[3.466s] Invoking command in '/home/mohamed/ros2_ws/src/node_network': DEBUGINFOD_URLS=https://debuginfod.ubuntu.com PYTHONPATH=/home/mohamed/ros2_ws/src/build/node_network/prefix_override:/usr/lib/python3/dist-packages/colcon_core/task/python/colcon_distutils_commands:/home/mohamed/ros2_ws/src/install/node_network/lib/python3.12/site-packages:${PYTHONPATH} VIRTUAL_ENV_PROMPT=(env) /usr/bin/python3 -W ignore:setup.py install is deprecated -W ignore:easy_install command is deprecated setup.py egg_info --egg-base ../build/node_network build --build-base /home/mohamed/ros2_ws/src/build/node_network/build install --record /home/mohamed/ros2_ws/src/build/node_network/install.log --single-version-externally-managed install_data
[4.318s] running egg_info
[4.420s] writing ../build/node_network/node_network.egg-info/PKG-INFO
[4.420s] writing dependency_links to ../build/node_network/node_network.egg-info/dependency_links.txt
[4.421s] writing entry points to ../build/node_network/node_network.egg-info/entry_points.txt
[4.421s] writing requirements to ../build/node_network/node_network.egg-info/requires.txt
[4.422s] writing top-level names to ../build/node_network/node_network.egg-info/top_level.txt
[4.553s] reading manifest file '../build/node_network/node_network.egg-info/SOURCES.txt'
[4.559s] writing manifest file '../build/node_network/node_network.egg-info/SOURCES.txt'
[4.560s] running build
[4.560s] running build_py
[4.562s] running install
[4.583s] running install_lib
[4.677s] running install_data
[4.677s] running install_egg_info
[4.754s] removing '/home/mohamed/ros2_ws/src/install/node_network/lib/python3.12/site-packages/node_network-0.0.0-py3.12.egg-info' (and everything under it)
[4.755s] Copying ../build/node_network/node_network.egg-info to /home/mohamed/ros2_ws/src/install/node_network/lib/python3.12/site-packages/node_network-0.0.0-py3.12.egg-info
[4.758s] running install_scripts
[5.179s] Installing Alpha script to /home/mohamed/ros2_ws/src/install/node_network/lib/node_network
[5.180s] Installing Beta script to /home/mohamed/ros2_ws/src/install/node_network/lib/node_network
[5.180s] Installing Delta script to /home/mohamed/ros2_ws/src/install/node_network/lib/node_network
[5.181s] Installing Gamma script to /home/mohamed/ros2_ws/src/install/node_network/lib/node_network
[5.182s] writing list of installed files to '/home/mohamed/ros2_ws/src/build/node_network/install.log'
[5.289s] Invoked command in '/home/mohamed/ros2_ws/src/node_network' returned '0': DEBUGINFOD_URLS=https://debuginfod.ubuntu.com PYTHONPATH=/home/mohamed/ros2_ws/src/build/node_network/prefix_override:/usr/lib/python3/dist-packages/colcon_core/task/python/colcon_distutils_commands:/home/mohamed/ros2_ws/src/install/node_network/lib/python3.12/site-packages:${PYTHONPATH} VIRTUAL_ENV_PROMPT=(env) /usr/bin/python3 -W ignore:setup.py install is deprecated -W ignore:easy_install command is deprecated setup.py egg_info --egg-base ../build/node_network build --build-base /home/mohamed/ros2_ws/src/build/node_network/build install --record /home/mohamed/ros2_ws/src/build/node_network/install.log --single-version-externally-managed install_data
