[0.076s] Invoking command in '/home/mohamed/ros2_ws/build/custom_interfaces': CMAKE_PREFIX_PATH=${CMAKE_PREFIX_PATH}:/home/mohamed/ros2_ws/install/test_latency:/home/mohamed/ros2_ws/install/secure_connection:/home/mohamed/ros2_ws/install/node_network:/home/mohamed/ros2_ws/install/my_robot_controller:/opt/ros/jazzy DEBUGINFOD_URLS=https://debuginfod.ubuntu.com VIRTUAL_ENV_PROMPT=(env) /usr/bin/cmake --build /home/mohamed/ros2_ws/build/custom_interfaces -- -j8 -l8
[2.920s] [  5%] Built target custom_interfaces__rosidl_generator_type_description
[2.922s] [  5%] Built target custom_interfaces__rs
[2.923s] [  5%] Built target ament_cmake_python_copy_custom_interfaces
[2.924s] [  8%] Built target custom_interfaces__cpp
[2.924s] [ 22%] Built target custom_interfaces__rosidl_generator_c
[2.925s] [ 48%] Built target custom_interfaces__rosidl_typesupport_fastrtps_cpp
[2.925s] [ 48%] Built target custom_interfaces__rosidl_typesupport_fastrtps_c
[2.926s] [ 48%] Built target custom_interfaces__rosidl_typesupport_c
[2.926s] [ 57%] Built target custom_interfaces__rosidl_typesupport_introspection_c
[2.926s] [ 65%] Built target custom_interfaces__rosidl_typesupport_cpp
[2.926s] [ 74%] Built target custom_interfaces__rosidl_typesupport_introspection_cpp
[2.927s] [ 74%] Built target custom_interfaces
[2.927s] [ 77%] Built target custom_interfaces__py
[2.927s] [ 82%] Built target custom_interfaces__rosidl_generator_py
[2.927s] [ 94%] Built target custom_interfaces_s__rosidl_typesupport_fastrtps_c
[2.927s] [ 94%] Built target custom_interfaces_s__rosidl_typesupport_introspection_c
[2.928s] [100%] Built target custom_interfaces_s__rosidl_typesupport_c
[2.928s] running egg_info
[2.928s] writing custom_interfaces.egg-info/PKG-INFO
[2.928s] writing dependency_links to custom_interfaces.egg-info/dependency_links.txt
[2.928s] writing top-level names to custom_interfaces.egg-info/top_level.txt
[2.929s] reading manifest file 'custom_interfaces.egg-info/SOURCES.txt'
[2.929s] writing manifest file 'custom_interfaces.egg-info/SOURCES.txt'
[2.929s] [100%] Built target ament_cmake_python_build_custom_interfaces_egg
[2.929s] Invoked command in '/home/mohamed/ros2_ws/build/custom_interfaces' returned '0': CMAKE_PREFIX_PATH=${CMAKE_PREFIX_PATH}:/home/mohamed/ros2_ws/install/test_latency:/home/mohamed/ros2_ws/install/secure_connection:/home/mohamed/ros2_ws/install/node_network:/home/mohamed/ros2_ws/install/my_robot_controller:/opt/ros/jazzy DEBUGINFOD_URLS=https://debuginfod.ubuntu.com VIRTUAL_ENV_PROMPT=(env) /usr/bin/cmake --build /home/mohamed/ros2_ws/build/custom_interfaces -- -j8 -l8
[2.942s] Invoking command in '/home/mohamed/ros2_ws/build/custom_interfaces': CMAKE_PREFIX_PATH=${CMAKE_PREFIX_PATH}:/home/mohamed/ros2_ws/install/test_latency:/home/mohamed/ros2_ws/install/secure_connection:/home/mohamed/ros2_ws/install/node_network:/home/mohamed/ros2_ws/install/my_robot_controller:/opt/ros/jazzy DEBUGINFOD_URLS=https://debuginfod.ubuntu.com VIRTUAL_ENV_PROMPT=(env) /usr/bin/cmake --install /home/mohamed/ros2_ws/build/custom_interfaces
[3.494s] -- Install configuration: ""
[3.496s] -- Up-to-date: /home/mohamed/ros2_ws/install/custom_interfaces/share/ament_index/resource_index/rosidl_interfaces/custom_interfaces
[3.497s] -- Up-to-date: /home/mohamed/ros2_ws/install/custom_interfaces/share/custom_interfaces/msg/SECRET.json
[3.497s] -- Up-to-date: /home/mohamed/ros2_ws/install/custom_interfaces/include/custom_interfaces/custom_interfaces
[3.499s] -- Up-to-date: /home/mohamed/ros2_ws/install/custom_interfaces/include/custom_interfaces/custom_interfaces/msg
[3.500s] -- Up-to-date: /home/mohamed/ros2_ws/install/custom_interfaces/include/custom_interfaces/custom_interfaces/msg/detail
[3.501s] -- Up-to-date: /home/mohamed/ros2_ws/install/custom_interfaces/include/custom_interfaces/custom_interfaces/msg/detail/secret__struct.h
[3.502s] -- Up-to-date: /home/mohamed/ros2_ws/install/custom_interfaces/include/custom_interfaces/custom_interfaces/msg/detail/secret__type_support.c
[3.504s] -- Up-to-date: /home/mohamed/ros2_ws/install/custom_interfaces/include/custom_interfaces/custom_interfaces/msg/detail/secret__type_support.h
[3.504s] -- Up-to-date: /home/mohamed/ros2_ws/install/custom_interfaces/include/custom_interfaces/custom_interfaces/msg/detail/secret__functions.h
[3.506s] -- Up-to-date: /home/mohamed/ros2_ws/install/custom_interfaces/include/custom_interfaces/custom_interfaces/msg/detail/secret__functions.c
[3.507s] -- Up-to-date: /home/mohamed/ros2_ws/install/custom_interfaces/include/custom_interfaces/custom_interfaces/msg/detail/secret__description.c
[3.508s] -- Up-to-date: /home/mohamed/ros2_ws/install/custom_interfaces/include/custom_interfaces/custom_interfaces/msg/secret.h
[3.510s] -- Up-to-date: /home/mohamed/ros2_ws/install/custom_interfaces/include/custom_interfaces/custom_interfaces/msg/rosidl_generator_c__visibility_control.h
[3.512s] -- Up-to-date: /home/mohamed/ros2_ws/install/custom_interfaces/share/custom_interfaces/environment/library_path.sh
[3.513s] -- Up-to-date: /home/mohamed/ros2_ws/install/custom_interfaces/share/custom_interfaces/environment/library_path.dsv
[3.514s] -- Up-to-date: /home/mohamed/ros2_ws/install/custom_interfaces/lib/libcustom_interfaces__rosidl_generator_c.so
[3.517s] -- Up-to-date: /home/mohamed/ros2_ws/install/custom_interfaces/include/custom_interfaces/custom_interfaces
[3.518s] -- Up-to-date: /home/mohamed/ros2_ws/install/custom_interfaces/include/custom_interfaces/custom_interfaces/msg
[3.519s] -- Up-to-date: /home/mohamed/ros2_ws/install/custom_interfaces/include/custom_interfaces/custom_interfaces/msg/rosidl_typesupport_fastrtps_c__visibility_control.h
[3.520s] -- Up-to-date: /home/mohamed/ros2_ws/install/custom_interfaces/include/custom_interfaces/custom_interfaces/msg/detail
[3.521s] -- Up-to-date: /home/mohamed/ros2_ws/install/custom_interfaces/include/custom_interfaces/custom_interfaces/msg/detail/secret__rosidl_typesupport_fastrtps_c.h
[3.521s] -- Up-to-date: /home/mohamed/ros2_ws/install/custom_interfaces/lib/libcustom_interfaces__rosidl_typesupport_fastrtps_c.so
[3.521s] -- Up-to-date: /home/mohamed/ros2_ws/install/custom_interfaces/include/custom_interfaces/custom_interfaces
[3.522s] -- Up-to-date: /home/mohamed/ros2_ws/install/custom_interfaces/include/custom_interfaces/custom_interfaces/msg
[3.523s] -- Up-to-date: /home/mohamed/ros2_ws/install/custom_interfaces/include/custom_interfaces/custom_interfaces/msg/rosidl_generator_cpp__visibility_control.hpp
[3.524s] -- Up-to-date: /home/mohamed/ros2_ws/install/custom_interfaces/include/custom_interfaces/custom_interfaces/msg/detail
[3.525s] -- Up-to-date: /home/mohamed/ros2_ws/install/custom_interfaces/include/custom_interfaces/custom_interfaces/msg/detail/secret__struct.hpp
[3.527s] -- Up-to-date: /home/mohamed/ros2_ws/install/custom_interfaces/include/custom_interfaces/custom_interfaces/msg/detail/secret__type_support.hpp
[3.528s] -- Up-to-date: /home/mohamed/ros2_ws/install/custom_interfaces/include/custom_interfaces/custom_interfaces/msg/detail/secret__builder.hpp
[3.529s] -- Up-to-date: /home/mohamed/ros2_ws/install/custom_interfaces/include/custom_interfaces/custom_interfaces/msg/detail/secret__traits.hpp
[3.530s] -- Up-to-date: /home/mohamed/ros2_ws/install/custom_interfaces/include/custom_interfaces/custom_interfaces/msg/secret.hpp
[3.530s] -- Up-to-date: /home/mohamed/ros2_ws/install/custom_interfaces/include/custom_interfaces/custom_interfaces
[3.531s] -- Up-to-date: /home/mohamed/ros2_ws/install/custom_interfaces/include/custom_interfaces/custom_interfaces/msg
[3.532s] -- Up-to-date: /home/mohamed/ros2_ws/install/custom_interfaces/include/custom_interfaces/custom_interfaces/msg/detail
[3.532s] -- Up-to-date: /home/mohamed/ros2_ws/install/custom_interfaces/include/custom_interfaces/custom_interfaces/msg/detail/dds_fastrtps
[3.533s] -- Up-to-date: /home/mohamed/ros2_ws/install/custom_interfaces/include/custom_interfaces/custom_interfaces/msg/detail/secret__rosidl_typesupport_fastrtps_cpp.hpp
[3.533s] -- Up-to-date: /home/mohamed/ros2_ws/install/custom_interfaces/include/custom_interfaces/custom_interfaces/msg/rosidl_typesupport_fastrtps_cpp__visibility_control.h
[3.533s] -- Up-to-date: /home/mohamed/ros2_ws/install/custom_interfaces/lib/libcustom_interfaces__rosidl_typesupport_fastrtps_cpp.so
[3.534s] -- Up-to-date: /home/mohamed/ros2_ws/install/custom_interfaces/include/custom_interfaces/custom_interfaces
[3.534s] -- Up-to-date: /home/mohamed/ros2_ws/install/custom_interfaces/include/custom_interfaces/custom_interfaces/msg
[3.538s] -- Up-to-date: /home/mohamed/ros2_ws/install/custom_interfaces/include/custom_interfaces/custom_interfaces/msg/detail
[3.539s] -- Up-to-date: /home/mohamed/ros2_ws/install/custom_interfaces/include/custom_interfaces/custom_interfaces/msg/detail/secret__type_support.c
[3.540s] -- Up-to-date: /home/mohamed/ros2_ws/install/custom_interfaces/include/custom_interfaces/custom_interfaces/msg/detail/secret__rosidl_typesupport_introspection_c.h
[3.541s] -- Up-to-date: /home/mohamed/ros2_ws/install/custom_interfaces/include/custom_interfaces/custom_interfaces/msg/rosidl_typesupport_introspection_c__visibility_control.h
[3.542s] -- Up-to-date: /home/mohamed/ros2_ws/install/custom_interfaces/lib/libcustom_interfaces__rosidl_typesupport_introspection_c.so
[3.544s] -- Up-to-date: /home/mohamed/ros2_ws/install/custom_interfaces/lib/libcustom_interfaces__rosidl_typesupport_c.so
[3.544s] -- Up-to-date: /home/mohamed/ros2_ws/install/custom_interfaces/include/custom_interfaces/custom_interfaces
[3.545s] -- Up-to-date: /home/mohamed/ros2_ws/install/custom_interfaces/include/custom_interfaces/custom_interfaces/msg
[3.546s] -- Up-to-date: /home/mohamed/ros2_ws/install/custom_interfaces/include/custom_interfaces/custom_interfaces/msg/detail
[3.546s] -- Up-to-date: /home/mohamed/ros2_ws/install/custom_interfaces/include/custom_interfaces/custom_interfaces/msg/detail/secret__type_support.cpp
[3.546s] -- Up-to-date: /home/mohamed/ros2_ws/install/custom_interfaces/include/custom_interfaces/custom_interfaces/msg/detail/secret__rosidl_typesupport_introspection_cpp.hpp
[3.546s] -- Up-to-date: /home/mohamed/ros2_ws/install/custom_interfaces/lib/libcustom_interfaces__rosidl_typesupport_introspection_cpp.so
[3.551s] -- Up-to-date: /home/mohamed/ros2_ws/install/custom_interfaces/lib/libcustom_interfaces__rosidl_typesupport_cpp.so
[3.551s] -- Up-to-date: /home/mohamed/ros2_ws/install/custom_interfaces/share/custom_interfaces/environment/pythonpath.sh
[3.551s] -- Up-to-date: /home/mohamed/ros2_ws/install/custom_interfaces/share/custom_interfaces/environment/pythonpath.dsv
[3.552s] -- Up-to-date: /home/mohamed/ros2_ws/install/custom_interfaces/lib/python3.12/site-packages/custom_interfaces-0.0.0-py3.12.egg-info
[3.552s] -- Installing: /home/mohamed/ros2_ws/install/custom_interfaces/lib/python3.12/site-packages/custom_interfaces-0.0.0-py3.12.egg-info/SOURCES.txt
[3.553s] -- Installing: /home/mohamed/ros2_ws/install/custom_interfaces/lib/python3.12/site-packages/custom_interfaces-0.0.0-py3.12.egg-info/top_level.txt
[3.553s] -- Installing: /home/mohamed/ros2_ws/install/custom_interfaces/lib/python3.12/site-packages/custom_interfaces-0.0.0-py3.12.egg-info/dependency_links.txt
[3.553s] -- Installing: /home/mohamed/ros2_ws/install/custom_interfaces/lib/python3.12/site-packages/custom_interfaces-0.0.0-py3.12.egg-info/PKG-INFO
[3.555s] -- Up-to-date: /home/mohamed/ros2_ws/install/custom_interfaces/lib/python3.12/site-packages/custom_interfaces
[3.555s] -- Up-to-date: /home/mohamed/ros2_ws/install/custom_interfaces/lib/python3.12/site-packages/custom_interfaces/custom_interfaces_s__rosidl_typesupport_fastrtps_c.so
[3.557s] -- Up-to-date: /home/mohamed/ros2_ws/install/custom_interfaces/lib/python3.12/site-packages/custom_interfaces/_custom_interfaces_s.ep.rosidl_typesupport_c.c
[3.557s] -- Up-to-date: /home/mohamed/ros2_ws/install/custom_interfaces/lib/python3.12/site-packages/custom_interfaces/custom_interfaces_s__rosidl_typesupport_c.so
[3.558s] -- Up-to-date: /home/mohamed/ros2_ws/install/custom_interfaces/lib/python3.12/site-packages/custom_interfaces/custom_interfaces_s__rosidl_typesupport_introspection_c.so
[3.558s] -- Up-to-date: /home/mohamed/ros2_ws/install/custom_interfaces/lib/python3.12/site-packages/custom_interfaces/_custom_interfaces_s.ep.rosidl_typesupport_introspection_c.c
[3.559s] -- Up-to-date: /home/mohamed/ros2_ws/install/custom_interfaces/lib/python3.12/site-packages/custom_interfaces/_custom_interfaces_s.ep.rosidl_typesupport_fastrtps_c.c
[3.559s] -- Up-to-date: /home/mohamed/ros2_ws/install/custom_interfaces/lib/python3.12/site-packages/custom_interfaces/msg
[3.560s] -- Up-to-date: /home/mohamed/ros2_ws/install/custom_interfaces/lib/python3.12/site-packages/custom_interfaces/msg/_secret_s.c
[3.560s] -- Up-to-date: /home/mohamed/ros2_ws/install/custom_interfaces/lib/python3.12/site-packages/custom_interfaces/msg/_secret.py
[3.561s] -- Up-to-date: /home/mohamed/ros2_ws/install/custom_interfaces/lib/python3.12/site-packages/custom_interfaces/msg/__init__.py
[3.562s] -- Up-to-date: /home/mohamed/ros2_ws/install/custom_interfaces/lib/python3.12/site-packages/custom_interfaces/__init__.py
[3.562s] Listing '/home/mohamed/ros2_ws/install/custom_interfaces/lib/python3.12/site-packages/custom_interfaces'...
[3.563s] Listing '/home/mohamed/ros2_ws/install/custom_interfaces/lib/python3.12/site-packages/custom_interfaces/msg'...
[3.563s] -- Up-to-date: /home/mohamed/ros2_ws/install/custom_interfaces/lib/python3.12/site-packages/custom_interfaces/custom_interfaces_s__rosidl_typesupport_fastrtps_c.so
[3.563s] -- Up-to-date: /home/mohamed/ros2_ws/install/custom_interfaces/lib/python3.12/site-packages/custom_interfaces/custom_interfaces_s__rosidl_typesupport_introspection_c.so
[3.564s] -- Up-to-date: /home/mohamed/ros2_ws/install/custom_interfaces/lib/python3.12/site-packages/custom_interfaces/custom_interfaces_s__rosidl_typesupport_c.so
[3.564s] -- Up-to-date: /home/mohamed/ros2_ws/install/custom_interfaces/lib/libcustom_interfaces__rosidl_generator_py.so
[3.564s] -- Up-to-date: /home/mohamed/ros2_ws/install/custom_interfaces/share/ament_index/resource_index/rust_packages/custom_interfaces
[3.565s] -- Up-to-date: /home/mohamed/ros2_ws/install/custom_interfaces/share/custom_interfaces/rust
[3.565s] -- Up-to-date: /home/mohamed/ros2_ws/install/custom_interfaces/share/custom_interfaces/rust/Cargo.toml
[3.566s] -- Up-to-date: /home/mohamed/ros2_ws/install/custom_interfaces/share/custom_interfaces/rust/src
[3.566s] -- Up-to-date: /home/mohamed/ros2_ws/install/custom_interfaces/share/custom_interfaces/rust/src/lib.rs
[3.567s] -- Up-to-date: /home/mohamed/ros2_ws/install/custom_interfaces/share/custom_interfaces/rust/src/msg.rs
[3.567s] -- Up-to-date: /home/mohamed/ros2_ws/install/custom_interfaces/share/custom_interfaces/rust/src/msg
[3.568s] -- Up-to-date: /home/mohamed/ros2_ws/install/custom_interfaces/share/custom_interfaces/rust/src/msg/rmw.rs
[3.568s] -- Up-to-date: /home/mohamed/ros2_ws/install/custom_interfaces/share/custom_interfaces/rust/build.rs
[3.569s] -- Up-to-date: /home/mohamed/ros2_ws/install/custom_interfaces/share/custom_interfaces/msg/SECRET.idl
[3.569s] -- Up-to-date: /home/mohamed/ros2_ws/install/custom_interfaces/share/custom_interfaces/msg/SECRET.msg
[3.570s] -- Up-to-date: /home/mohamed/ros2_ws/install/custom_interfaces/share/ament_index/resource_index/package_run_dependencies/custom_interfaces
[3.570s] -- Up-to-date: /home/mohamed/ros2_ws/install/custom_interfaces/share/ament_index/resource_index/parent_prefix_path/custom_interfaces
[3.570s] -- Up-to-date: /home/mohamed/ros2_ws/install/custom_interfaces/share/custom_interfaces/environment/ament_prefix_path.sh
[3.571s] -- Up-to-date: /home/mohamed/ros2_ws/install/custom_interfaces/share/custom_interfaces/environment/ament_prefix_path.dsv
[3.571s] -- Up-to-date: /home/mohamed/ros2_ws/install/custom_interfaces/share/custom_interfaces/environment/path.sh
[3.572s] -- Up-to-date: /home/mohamed/ros2_ws/install/custom_interfaces/share/custom_interfaces/environment/path.dsv
[3.572s] -- Up-to-date: /home/mohamed/ros2_ws/install/custom_interfaces/share/custom_interfaces/local_setup.bash
[3.573s] -- Up-to-date: /home/mohamed/ros2_ws/install/custom_interfaces/share/custom_interfaces/local_setup.sh
[3.573s] -- Up-to-date: /home/mohamed/ros2_ws/install/custom_interfaces/share/custom_interfaces/local_setup.zsh
[3.574s] -- Up-to-date: /home/mohamed/ros2_ws/install/custom_interfaces/share/custom_interfaces/local_setup.dsv
[3.575s] -- Installing: /home/mohamed/ros2_ws/install/custom_interfaces/share/custom_interfaces/package.dsv
[3.576s] -- Up-to-date: /home/mohamed/ros2_ws/install/custom_interfaces/share/ament_index/resource_index/packages/custom_interfaces
[3.576s] -- Up-to-date: /home/mohamed/ros2_ws/install/custom_interfaces/share/custom_interfaces/cmake/export_custom_interfaces__rosidl_generator_cExport.cmake
[3.577s] -- Up-to-date: /home/mohamed/ros2_ws/install/custom_interfaces/share/custom_interfaces/cmake/export_custom_interfaces__rosidl_generator_cExport-noconfig.cmake
[3.578s] -- Up-to-date: /home/mohamed/ros2_ws/install/custom_interfaces/share/custom_interfaces/cmake/export_custom_interfaces__rosidl_typesupport_fastrtps_cExport.cmake
[3.579s] -- Up-to-date: /home/mohamed/ros2_ws/install/custom_interfaces/share/custom_interfaces/cmake/export_custom_interfaces__rosidl_typesupport_fastrtps_cExport-noconfig.cmake
[3.579s] -- Up-to-date: /home/mohamed/ros2_ws/install/custom_interfaces/share/custom_interfaces/cmake/export_custom_interfaces__rosidl_generator_cppExport.cmake
[3.580s] -- Up-to-date: /home/mohamed/ros2_ws/install/custom_interfaces/share/custom_interfaces/cmake/export_custom_interfaces__rosidl_typesupport_fastrtps_cppExport.cmake
[3.581s] -- Up-to-date: /home/mohamed/ros2_ws/install/custom_interfaces/share/custom_interfaces/cmake/export_custom_interfaces__rosidl_typesupport_fastrtps_cppExport-noconfig.cmake
[3.582s] -- Up-to-date: /home/mohamed/ros2_ws/install/custom_interfaces/share/custom_interfaces/cmake/custom_interfaces__rosidl_typesupport_introspection_cExport.cmake
[3.583s] -- Up-to-date: /home/mohamed/ros2_ws/install/custom_interfaces/share/custom_interfaces/cmake/custom_interfaces__rosidl_typesupport_introspection_cExport-noconfig.cmake
[3.583s] -- Up-to-date: /home/mohamed/ros2_ws/install/custom_interfaces/share/custom_interfaces/cmake/custom_interfaces__rosidl_typesupport_cExport.cmake
[3.584s] -- Up-to-date: /home/mohamed/ros2_ws/install/custom_interfaces/share/custom_interfaces/cmake/custom_interfaces__rosidl_typesupport_cExport-noconfig.cmake
[3.584s] -- Up-to-date: /home/mohamed/ros2_ws/install/custom_interfaces/share/custom_interfaces/cmake/custom_interfaces__rosidl_typesupport_introspection_cppExport.cmake
[3.585s] -- Up-to-date: /home/mohamed/ros2_ws/install/custom_interfaces/share/custom_interfaces/cmake/custom_interfaces__rosidl_typesupport_introspection_cppExport-noconfig.cmake
[3.586s] -- Up-to-date: /home/mohamed/ros2_ws/install/custom_interfaces/share/custom_interfaces/cmake/custom_interfaces__rosidl_typesupport_cppExport.cmake
[3.587s] -- Up-to-date: /home/mohamed/ros2_ws/install/custom_interfaces/share/custom_interfaces/cmake/custom_interfaces__rosidl_typesupport_cppExport-noconfig.cmake
[3.587s] -- Up-to-date: /home/mohamed/ros2_ws/install/custom_interfaces/share/custom_interfaces/cmake/export_custom_interfaces__rosidl_generator_pyExport.cmake
[3.588s] -- Up-to-date: /home/mohamed/ros2_ws/install/custom_interfaces/share/custom_interfaces/cmake/export_custom_interfaces__rosidl_generator_pyExport-noconfig.cmake
[3.589s] -- Up-to-date: /home/mohamed/ros2_ws/install/custom_interfaces/share/custom_interfaces/cmake/rosidl_cmake-extras.cmake
[3.591s] -- Up-to-date: /home/mohamed/ros2_ws/install/custom_interfaces/share/custom_interfaces/cmake/ament_cmake_export_include_directories-extras.cmake
[3.592s] -- Up-to-date: /home/mohamed/ros2_ws/install/custom_interfaces/share/custom_interfaces/cmake/ament_cmake_export_libraries-extras.cmake
[3.593s] -- Up-to-date: /home/mohamed/ros2_ws/install/custom_interfaces/share/custom_interfaces/cmake/ament_cmake_export_targets-extras.cmake
[3.593s] -- Up-to-date: /home/mohamed/ros2_ws/install/custom_interfaces/share/custom_interfaces/cmake/rosidl_cmake_export_typesupport_targets-extras.cmake
[3.594s] -- Up-to-date: /home/mohamed/ros2_ws/install/custom_interfaces/share/custom_interfaces/cmake/ament_cmake_export_dependencies-extras.cmake
[3.595s] -- Up-to-date: /home/mohamed/ros2_ws/install/custom_interfaces/share/custom_interfaces/cmake/rosidl_cmake_export_typesupport_libraries-extras.cmake
[3.596s] -- Up-to-date: /home/mohamed/ros2_ws/install/custom_interfaces/share/custom_interfaces/cmake/custom_interfacesConfig.cmake
[3.596s] -- Up-to-date: /home/mohamed/ros2_ws/install/custom_interfaces/share/custom_interfaces/cmake/custom_interfacesConfig-version.cmake
[3.599s] -- Up-to-date: /home/mohamed/ros2_ws/install/custom_interfaces/share/custom_interfaces/package.xml
[3.602s] Invoked command in '/home/mohamed/ros2_ws/build/custom_interfaces' returned '0': CMAKE_PREFIX_PATH=${CMAKE_PREFIX_PATH}:/home/mohamed/ros2_ws/install/test_latency:/home/mohamed/ros2_ws/install/secure_connection:/home/mohamed/ros2_ws/install/node_network:/home/mohamed/ros2_ws/install/my_robot_controller:/opt/ros/jazzy DEBUGINFOD_URLS=https://debuginfod.ubuntu.com VIRTUAL_ENV_PROMPT=(env) /usr/bin/cmake --install /home/mohamed/ros2_ws/build/custom_interfaces
