[5.095s] Invoking command in '/home/mohamed/ros2_ws/src/secure_connection': DEBUGINFOD_URLS=https://debuginfod.ubuntu.com PYTHONPATH=/home/mohamed/ros2_ws/build/secure_connection/prefix_override:/usr/lib/python3/dist-packages/colcon_core/task/python/colcon_distutils_commands:/home/mohamed/ros2_ws/install/secure_connection/lib/python3.12/site-packages:${PYTHONPATH} VIRTUAL_ENV_PROMPT=(env) /usr/bin/python3 -W ignore:setup.py install is deprecated -W ignore:easy_install command is deprecated setup.py egg_info --egg-base ../../build/secure_connection build --build-base /home/mohamed/ros2_ws/build/secure_connection/build install --record /home/mohamed/ros2_ws/build/secure_connection/install.log --single-version-externally-managed install_data
[6.735s] running egg_info
[6.875s] writing ../../build/secure_connection/secure_connection.egg-info/PKG-INFO
[6.877s] writing dependency_links to ../../build/secure_connection/secure_connection.egg-info/dependency_links.txt
[6.878s] writing entry points to ../../build/secure_connection/secure_connection.egg-info/entry_points.txt
[6.878s] writing requirements to ../../build/secure_connection/secure_connection.egg-info/requires.txt
[6.879s] writing top-level names to ../../build/secure_connection/secure_connection.egg-info/top_level.txt
[7.131s] reading manifest file '../../build/secure_connection/secure_connection.egg-info/SOURCES.txt'
[7.133s] writing manifest file '../../build/secure_connection/secure_connection.egg-info/SOURCES.txt'
[7.133s] running build
[7.134s] running build_py
[7.134s] running install
[7.177s] running install_lib
[7.290s] running install_data
[7.291s] running install_egg_info
[7.441s] removing '/home/mohamed/ros2_ws/install/secure_connection/lib/python3.12/site-packages/secure_connection-0.0.0-py3.12.egg-info' (and everything under it)
[7.442s] Copying ../../build/secure_connection/secure_connection.egg-info to /home/mohamed/ros2_ws/install/secure_connection/lib/python3.12/site-packages/secure_connection-0.0.0-py3.12.egg-info
[7.445s] running install_scripts
[8.227s] Installing generate_key script to /home/mohamed/ros2_ws/install/secure_connection/lib/secure_connection
[8.230s] writing list of installed files to '/home/mohamed/ros2_ws/build/secure_connection/install.log'
[8.348s] Invoked command in '/home/mohamed/ros2_ws/src/secure_connection' returned '0': DEBUGINFOD_URLS=https://debuginfod.ubuntu.com PYTHONPATH=/home/mohamed/ros2_ws/build/secure_connection/prefix_override:/usr/lib/python3/dist-packages/colcon_core/task/python/colcon_distutils_commands:/home/mohamed/ros2_ws/install/secure_connection/lib/python3.12/site-packages:${PYTHONPATH} VIRTUAL_ENV_PROMPT=(env) /usr/bin/python3 -W ignore:setup.py install is deprecated -W ignore:easy_install command is deprecated setup.py egg_info --egg-base ../../build/secure_connection build --build-base /home/mohamed/ros2_ws/build/secure_connection/build install --record /home/mohamed/ros2_ws/build/secure_connection/install.log --single-version-externally-managed install_data
