[1.498s] Invoking command in '/home/mohamed/ros2_ws/src/secure_connection': DEBUGINFOD_URLS=https://debuginfod.ubuntu.com PYTHONPATH=/home/mohamed/ros2_ws/build/secure_connection/prefix_override:/usr/lib/python3/dist-packages/colcon_core/task/python/colcon_distutils_commands:/home/mohamed/ros2_ws/install/secure_connection/lib/python3.12/site-packages:${PYTHONPATH} VIRTUAL_ENV_PROMPT=(env) /usr/bin/python3 -W ignore:setup.py install is deprecated -W ignore:easy_install command is deprecated setup.py egg_info --egg-base ../../build/secure_connection build --build-base /home/mohamed/ros2_ws/build/secure_connection/build install --record /home/mohamed/ros2_ws/build/secure_connection/install.log --single-version-externally-managed install_data
[1.906s] running egg_info
[1.941s] writing ../../build/secure_connection/secure_connection.egg-info/PKG-INFO
[1.942s] writing dependency_links to ../../build/secure_connection/secure_connection.egg-info/dependency_links.txt
[1.942s] writing entry points to ../../build/secure_connection/secure_connection.egg-info/entry_points.txt
[1.942s] writing requirements to ../../build/secure_connection/secure_connection.egg-info/requires.txt
[1.943s] writing top-level names to ../../build/secure_connection/secure_connection.egg-info/top_level.txt
[1.999s] reading manifest file '../../build/secure_connection/secure_connection.egg-info/SOURCES.txt'
[2.000s] writing manifest file '../../build/secure_connection/secure_connection.egg-info/SOURCES.txt'
[2.000s] running build
[2.000s] running build_py
[2.000s] running install
[2.007s] running install_lib
[2.044s] running install_data
[2.044s] running install_egg_info
[2.075s] removing '/home/mohamed/ros2_ws/install/secure_connection/lib/python3.12/site-packages/secure_connection-0.0.0-py3.12.egg-info' (and everything under it)
[2.075s] Copying ../../build/secure_connection/secure_connection.egg-info to /home/mohamed/ros2_ws/install/secure_connection/lib/python3.12/site-packages/secure_connection-0.0.0-py3.12.egg-info
[2.076s] running install_scripts
[2.275s] Installing generate_key script to /home/mohamed/ros2_ws/install/secure_connection/lib/secure_connection
[2.275s] writing list of installed files to '/home/mohamed/ros2_ws/build/secure_connection/install.log'
[2.307s] Invoked command in '/home/mohamed/ros2_ws/src/secure_connection' returned '0': DEBUGINFOD_URLS=https://debuginfod.ubuntu.com PYTHONPATH=/home/mohamed/ros2_ws/build/secure_connection/prefix_override:/usr/lib/python3/dist-packages/colcon_core/task/python/colcon_distutils_commands:/home/mohamed/ros2_ws/install/secure_connection/lib/python3.12/site-packages:${PYTHONPATH} VIRTUAL_ENV_PROMPT=(env) /usr/bin/python3 -W ignore:setup.py install is deprecated -W ignore:easy_install command is deprecated setup.py egg_info --egg-base ../../build/secure_connection build --build-base /home/mohamed/ros2_ws/build/secure_connection/build install --record /home/mohamed/ros2_ws/build/secure_connection/install.log --single-version-externally-managed install_data
