[0.319s] DEBUG:colcon:Command line arguments: ['/usr/bin/colcon', 'build']
[0.320s] DEBUG:colcon:Parsed command line arguments: Namespace(log_base=None, log_level=None, verb_name='build', build_base='build', install_base='install', merge_install=False, symlink_install=False, test_result_base=None, continue_on_error=False, executor='parallel', parallel_workers=8, event_handlers=None, ignore_user_meta=False, metas=['./colcon.meta'], base_paths=['.'], packages_ignore=None, packages_ignore_regex=None, paths=None, packages_up_to=None, packages_up_to_regex=None, packages_above=None, packages_above_and_dependencies=None, packages_above_depth=None, packages_select_by_dep=None, packages_skip_by_dep=None, packages_skip_up_to=None, packages_select_build_failed=False, packages_skip_build_finished=False, packages_select_test_failures=False, packages_skip_test_passed=False, packages_select=None, packages_skip=None, packages_select_regex=None, packages_skip_regex=None, packages_start=None, packages_end=None, allow_overriding=[], cmake_args=None, cmake_target=None, cmake_target_skip_unavailable=False, cmake_clean_cache=False, cmake_clean_first=False, cmake_force_configure=False, ament_cmake_args=None, catkin_cmake_args=None, catkin_skip_building_tests=False, mixin_files=None, mixin=None, verb_parser=<colcon_mixin.mixin.mixin_argument.MixinArgumentDecorator object at 0x7b5673d68c80>, verb_extension=<colcon_core.verb.build.BuildVerb object at 0x7b5673d689b0>, main=<bound method BuildVerb.main of <colcon_core.verb.build.BuildVerb object at 0x7b5673d689b0>>, mixin_verb=('build',))
[0.398s] Level 1:colcon.colcon_core.package_discovery:discover_packages(colcon_meta) check parameters
[0.398s] Level 1:colcon.colcon_core.package_discovery:discover_packages(recursive) check parameters
[0.398s] Level 1:colcon.colcon_core.package_discovery:discover_packages(ignore) check parameters
[0.398s] Level 1:colcon.colcon_core.package_discovery:discover_packages(path) check parameters
[0.398s] Level 1:colcon.colcon_core.package_discovery:discover_packages(colcon_meta) discover
[0.399s] Level 1:colcon.colcon_core.package_discovery:discover_packages(recursive) discover
[0.399s] INFO:colcon.colcon_core.package_discovery:Crawling recursively for packages in '/home/mohamed/ros2_ws/src/custom_interfaces'
[0.399s] Level 1:colcon.colcon_core.package_identification:_identify(.) by extensions ['ignore', 'ignore_ament_install']
[0.399s] Level 1:colcon.colcon_core.package_identification:_identify(.) by extension 'ignore'
[0.399s] Level 1:colcon.colcon_core.package_identification:_identify(.) by extension 'ignore_ament_install'
[0.399s] Level 1:colcon.colcon_core.package_identification:_identify(.) by extensions ['colcon_pkg']
[0.399s] Level 1:colcon.colcon_core.package_identification:_identify(.) by extension 'colcon_pkg'
[0.399s] Level 1:colcon.colcon_core.package_identification:_identify(.) by extensions ['colcon_meta']
[0.399s] Level 1:colcon.colcon_core.package_identification:_identify(.) by extension 'colcon_meta'
[0.399s] Level 1:colcon.colcon_core.package_identification:_identify(.) by extensions ['ros']
[0.400s] Level 1:colcon.colcon_core.package_identification:_identify(.) by extension 'ros'
[0.447s] DEBUG:colcon.colcon_core.package_identification:Package '.' with type 'ros.ament_cmake' and name 'custom_interfaces'
[0.447s] Level 1:colcon.colcon_core.package_discovery:discover_packages(recursive) using defaults
[0.447s] Level 1:colcon.colcon_core.package_discovery:discover_packages(ignore) discover
[0.447s] Level 1:colcon.colcon_core.package_discovery:discover_packages(ignore) using defaults
[0.447s] Level 1:colcon.colcon_core.package_discovery:discover_packages(path) discover
[0.447s] Level 1:colcon.colcon_core.package_discovery:discover_packages(path) using defaults
[0.476s] Level 1:colcon.colcon_core.package_discovery:discover_packages(prefix_path) check parameters
[0.476s] Level 1:colcon.colcon_core.package_discovery:discover_packages(prefix_path) discover
[0.479s] DEBUG:colcon.colcon_installed_package_information.package_discovery:Found 5 installed packages in /home/mohamed/ros2_ws/install
[0.482s] DEBUG:colcon.colcon_installed_package_information.package_discovery:Found 287 installed packages in /opt/ros/jazzy
[0.484s] Level 1:colcon.colcon_core.package_discovery:discover_packages(prefix_path) using defaults
[0.561s] Level 5:colcon.colcon_core.verb:set package 'custom_interfaces' build argument 'cmake_args' from command line to 'None'
[0.561s] Level 5:colcon.colcon_core.verb:set package 'custom_interfaces' build argument 'cmake_target' from command line to 'None'
[0.561s] Level 5:colcon.colcon_core.verb:set package 'custom_interfaces' build argument 'cmake_target_skip_unavailable' from command line to 'False'
[0.561s] Level 5:colcon.colcon_core.verb:set package 'custom_interfaces' build argument 'cmake_clean_cache' from command line to 'False'
[0.562s] Level 5:colcon.colcon_core.verb:set package 'custom_interfaces' build argument 'cmake_clean_first' from command line to 'False'
[0.562s] Level 5:colcon.colcon_core.verb:set package 'custom_interfaces' build argument 'cmake_force_configure' from command line to 'False'
[0.562s] Level 5:colcon.colcon_core.verb:set package 'custom_interfaces' build argument 'ament_cmake_args' from command line to 'None'
[0.562s] Level 5:colcon.colcon_core.verb:set package 'custom_interfaces' build argument 'catkin_cmake_args' from command line to 'None'
[0.562s] Level 5:colcon.colcon_core.verb:set package 'custom_interfaces' build argument 'catkin_skip_building_tests' from command line to 'False'
[0.562s] DEBUG:colcon.colcon_core.verb:Building package 'custom_interfaces' with the following arguments: {'ament_cmake_args': None, 'build_base': '/home/mohamed/ros2_ws/src/custom_interfaces/build/custom_interfaces', 'catkin_cmake_args': None, 'catkin_skip_building_tests': False, 'cmake_args': None, 'cmake_clean_cache': False, 'cmake_clean_first': False, 'cmake_force_configure': False, 'cmake_target': None, 'cmake_target_skip_unavailable': False, 'install_base': '/home/mohamed/ros2_ws/src/custom_interfaces/install/custom_interfaces', 'merge_install': False, 'path': '/home/mohamed/ros2_ws/src/custom_interfaces', 'symlink_install': False, 'test_result_base': None}
[0.562s] INFO:colcon.colcon_core.executor:Executing jobs using 'parallel' executor
[0.563s] DEBUG:colcon.colcon_parallel_executor.executor.parallel:run_until_complete
[0.563s] INFO:colcon.colcon_ros.task.ament_cmake.build:Building ROS package in '/home/mohamed/ros2_ws/src/custom_interfaces' with build type 'ament_cmake'
[0.564s] INFO:colcon.colcon_cmake.task.cmake.build:Building CMake package in '/home/mohamed/ros2_ws/src/custom_interfaces'
[0.567s] INFO:colcon.colcon_core.plugin_system:Skipping extension 'colcon_core.shell.bat': Not used on non-Windows systems
[0.567s] INFO:colcon.colcon_core.shell:Skip shell extension 'powershell' for command environment: Not usable outside of PowerShell
[0.567s] DEBUG:colcon.colcon_core.shell:Skip shell extension 'dsv' for command environment
[0.582s] DEBUG:colcon.colcon_core.event_handler.log_command:Invoking command in '/home/mohamed/ros2_ws/src/custom_interfaces/build/custom_interfaces': CMAKE_PREFIX_PATH=${CMAKE_PREFIX_PATH}:/home/mohamed/ros2_ws/install/test_latency:/home/mohamed/ros2_ws/install/secure_connection:/home/mohamed/ros2_ws/install/node_network:/home/mohamed/ros2_ws/install/my_robot_controller:/opt/ros/jazzy DEBUGINFOD_URLS=https://debuginfod.ubuntu.com VIRTUAL_ENV_PROMPT=(env) /usr/bin/cmake /home/mohamed/ros2_ws/src/custom_interfaces -DCMAKE_INSTALL_PREFIX=/home/mohamed/ros2_ws/src/custom_interfaces/install/custom_interfaces
[7.586s] DEBUG:colcon.colcon_core.event_handler.log_command:Invoked command in '/home/mohamed/ros2_ws/src/custom_interfaces/build/custom_interfaces' returned '0': CMAKE_PREFIX_PATH=${CMAKE_PREFIX_PATH}:/home/mohamed/ros2_ws/install/test_latency:/home/mohamed/ros2_ws/install/secure_connection:/home/mohamed/ros2_ws/install/node_network:/home/mohamed/ros2_ws/install/my_robot_controller:/opt/ros/jazzy DEBUGINFOD_URLS=https://debuginfod.ubuntu.com VIRTUAL_ENV_PROMPT=(env) /usr/bin/cmake /home/mohamed/ros2_ws/src/custom_interfaces -DCMAKE_INSTALL_PREFIX=/home/mohamed/ros2_ws/src/custom_interfaces/install/custom_interfaces
[7.588s] DEBUG:colcon.colcon_core.event_handler.log_command:Invoking command in '/home/mohamed/ros2_ws/src/custom_interfaces/build/custom_interfaces': CMAKE_PREFIX_PATH=${CMAKE_PREFIX_PATH}:/home/mohamed/ros2_ws/install/test_latency:/home/mohamed/ros2_ws/install/secure_connection:/home/mohamed/ros2_ws/install/node_network:/home/mohamed/ros2_ws/install/my_robot_controller:/opt/ros/jazzy DEBUGINFOD_URLS=https://debuginfod.ubuntu.com VIRTUAL_ENV_PROMPT=(env) /usr/bin/cmake --build /home/mohamed/ros2_ws/src/custom_interfaces/build/custom_interfaces -- -j8 -l8
[14.033s] DEBUG:colcon.colcon_core.event_handler.log_command:Invoked command in '/home/mohamed/ros2_ws/src/custom_interfaces/build/custom_interfaces' returned '0': CMAKE_PREFIX_PATH=${CMAKE_PREFIX_PATH}:/home/mohamed/ros2_ws/install/test_latency:/home/mohamed/ros2_ws/install/secure_connection:/home/mohamed/ros2_ws/install/node_network:/home/mohamed/ros2_ws/install/my_robot_controller:/opt/ros/jazzy DEBUGINFOD_URLS=https://debuginfod.ubuntu.com VIRTUAL_ENV_PROMPT=(env) /usr/bin/cmake --build /home/mohamed/ros2_ws/src/custom_interfaces/build/custom_interfaces -- -j8 -l8
[14.069s] DEBUG:colcon.colcon_core.event_handler.log_command:Invoking command in '/home/mohamed/ros2_ws/src/custom_interfaces/build/custom_interfaces': CMAKE_PREFIX_PATH=${CMAKE_PREFIX_PATH}:/home/mohamed/ros2_ws/install/test_latency:/home/mohamed/ros2_ws/install/secure_connection:/home/mohamed/ros2_ws/install/node_network:/home/mohamed/ros2_ws/install/my_robot_controller:/opt/ros/jazzy DEBUGINFOD_URLS=https://debuginfod.ubuntu.com VIRTUAL_ENV_PROMPT=(env) /usr/bin/cmake --install /home/mohamed/ros2_ws/src/custom_interfaces/build/custom_interfaces
[14.305s] Level 1:colcon.colcon_core.environment:create_environment_scripts_only(custom_interfaces)
[14.307s] DEBUG:colcon.colcon_core.event_handler.log_command:Invoked command in '/home/mohamed/ros2_ws/src/custom_interfaces/build/custom_interfaces' returned '0': CMAKE_PREFIX_PATH=${CMAKE_PREFIX_PATH}:/home/mohamed/ros2_ws/install/test_latency:/home/mohamed/ros2_ws/install/secure_connection:/home/mohamed/ros2_ws/install/node_network:/home/mohamed/ros2_ws/install/my_robot_controller:/opt/ros/jazzy DEBUGINFOD_URLS=https://debuginfod.ubuntu.com VIRTUAL_ENV_PROMPT=(env) /usr/bin/cmake --install /home/mohamed/ros2_ws/src/custom_interfaces/build/custom_interfaces
[14.312s] Level 1:colcon.colcon_core.environment:checking '/home/mohamed/ros2_ws/src/custom_interfaces/install/custom_interfaces' for CMake module files
[14.314s] Level 1:colcon.colcon_core.environment:checking '/home/mohamed/ros2_ws/src/custom_interfaces/install/custom_interfaces' for CMake config files
[14.316s] Level 1:colcon.colcon_core.shell:create_environment_hook('custom_interfaces', 'cmake_prefix_path')
[14.317s] INFO:colcon.colcon_core.shell:Creating environment hook '/home/mohamed/ros2_ws/src/custom_interfaces/install/custom_interfaces/share/custom_interfaces/hook/cmake_prefix_path.ps1'
[14.319s] INFO:colcon.colcon_core.shell:Creating environment descriptor '/home/mohamed/ros2_ws/src/custom_interfaces/install/custom_interfaces/share/custom_interfaces/hook/cmake_prefix_path.dsv'
[14.320s] INFO:colcon.colcon_core.shell:Creating environment hook '/home/mohamed/ros2_ws/src/custom_interfaces/install/custom_interfaces/share/custom_interfaces/hook/cmake_prefix_path.sh'
[14.322s] Level 1:colcon.colcon_core.environment:checking '/home/mohamed/ros2_ws/src/custom_interfaces/install/custom_interfaces/lib'
[14.323s] Level 1:colcon.colcon_core.shell:create_environment_hook('custom_interfaces', 'ld_library_path_lib')
[14.323s] INFO:colcon.colcon_core.shell:Creating environment hook '/home/mohamed/ros2_ws/src/custom_interfaces/install/custom_interfaces/share/custom_interfaces/hook/ld_library_path_lib.ps1'
[14.325s] INFO:colcon.colcon_core.shell:Creating environment descriptor '/home/mohamed/ros2_ws/src/custom_interfaces/install/custom_interfaces/share/custom_interfaces/hook/ld_library_path_lib.dsv'
[14.326s] INFO:colcon.colcon_core.shell:Creating environment hook '/home/mohamed/ros2_ws/src/custom_interfaces/install/custom_interfaces/share/custom_interfaces/hook/ld_library_path_lib.sh'
[14.327s] Level 1:colcon.colcon_core.environment:checking '/home/mohamed/ros2_ws/src/custom_interfaces/install/custom_interfaces/bin'
[14.328s] Level 1:colcon.colcon_core.environment:checking '/home/mohamed/ros2_ws/src/custom_interfaces/install/custom_interfaces/lib/pkgconfig/custom_interfaces.pc'
[14.328s] Level 1:colcon.colcon_core.environment:checking '/home/mohamed/ros2_ws/src/custom_interfaces/install/custom_interfaces/lib/python3.12/site-packages'
[14.329s] Level 1:colcon.colcon_core.shell:create_environment_hook('custom_interfaces', 'pythonpath')
[14.329s] INFO:colcon.colcon_core.shell:Creating environment hook '/home/mohamed/ros2_ws/src/custom_interfaces/install/custom_interfaces/share/custom_interfaces/hook/pythonpath.ps1'
[14.331s] INFO:colcon.colcon_core.shell:Creating environment descriptor '/home/mohamed/ros2_ws/src/custom_interfaces/install/custom_interfaces/share/custom_interfaces/hook/pythonpath.dsv'
[14.332s] INFO:colcon.colcon_core.shell:Creating environment hook '/home/mohamed/ros2_ws/src/custom_interfaces/install/custom_interfaces/share/custom_interfaces/hook/pythonpath.sh'
[14.334s] Level 1:colcon.colcon_core.environment:checking '/home/mohamed/ros2_ws/src/custom_interfaces/install/custom_interfaces/bin'
[14.335s] INFO:colcon.colcon_core.shell:Creating package script '/home/mohamed/ros2_ws/src/custom_interfaces/install/custom_interfaces/share/custom_interfaces/package.ps1'
[14.340s] INFO:colcon.colcon_core.shell:Creating package descriptor '/home/mohamed/ros2_ws/src/custom_interfaces/install/custom_interfaces/share/custom_interfaces/package.dsv'
[14.344s] INFO:colcon.colcon_core.shell:Creating package script '/home/mohamed/ros2_ws/src/custom_interfaces/install/custom_interfaces/share/custom_interfaces/package.sh'
[14.348s] INFO:colcon.colcon_core.shell:Creating package script '/home/mohamed/ros2_ws/src/custom_interfaces/install/custom_interfaces/share/custom_interfaces/package.bash'
[14.351s] INFO:colcon.colcon_core.shell:Creating package script '/home/mohamed/ros2_ws/src/custom_interfaces/install/custom_interfaces/share/custom_interfaces/package.zsh'
[14.353s] Level 1:colcon.colcon_core.environment:create_file_with_runtime_dependencies(/home/mohamed/ros2_ws/src/custom_interfaces/install/custom_interfaces/share/colcon-core/packages/custom_interfaces)
[14.355s] Level 1:colcon.colcon_core.environment:create_environment_scripts_only(custom_interfaces)
[14.356s] Level 1:colcon.colcon_core.environment:checking '/home/mohamed/ros2_ws/src/custom_interfaces/install/custom_interfaces' for CMake module files
[14.358s] Level 1:colcon.colcon_core.environment:checking '/home/mohamed/ros2_ws/src/custom_interfaces/install/custom_interfaces' for CMake config files
[14.361s] Level 1:colcon.colcon_core.shell:create_environment_hook('custom_interfaces', 'cmake_prefix_path')
[14.362s] INFO:colcon.colcon_core.shell:Creating environment hook '/home/mohamed/ros2_ws/src/custom_interfaces/install/custom_interfaces/share/custom_interfaces/hook/cmake_prefix_path.ps1'
[14.364s] INFO:colcon.colcon_core.shell:Creating environment descriptor '/home/mohamed/ros2_ws/src/custom_interfaces/install/custom_interfaces/share/custom_interfaces/hook/cmake_prefix_path.dsv'
[14.365s] INFO:colcon.colcon_core.shell:Creating environment hook '/home/mohamed/ros2_ws/src/custom_interfaces/install/custom_interfaces/share/custom_interfaces/hook/cmake_prefix_path.sh'
[14.367s] Level 1:colcon.colcon_core.environment:checking '/home/mohamed/ros2_ws/src/custom_interfaces/install/custom_interfaces/lib'
[14.368s] Level 1:colcon.colcon_core.shell:create_environment_hook('custom_interfaces', 'ld_library_path_lib')
[14.368s] INFO:colcon.colcon_core.shell:Creating environment hook '/home/mohamed/ros2_ws/src/custom_interfaces/install/custom_interfaces/share/custom_interfaces/hook/ld_library_path_lib.ps1'
[14.370s] INFO:colcon.colcon_core.shell:Creating environment descriptor '/home/mohamed/ros2_ws/src/custom_interfaces/install/custom_interfaces/share/custom_interfaces/hook/ld_library_path_lib.dsv'
[14.371s] INFO:colcon.colcon_core.shell:Creating environment hook '/home/mohamed/ros2_ws/src/custom_interfaces/install/custom_interfaces/share/custom_interfaces/hook/ld_library_path_lib.sh'
[14.372s] Level 1:colcon.colcon_core.environment:checking '/home/mohamed/ros2_ws/src/custom_interfaces/install/custom_interfaces/bin'
[14.372s] Level 1:colcon.colcon_core.environment:checking '/home/mohamed/ros2_ws/src/custom_interfaces/install/custom_interfaces/lib/pkgconfig/custom_interfaces.pc'
[14.373s] Level 1:colcon.colcon_core.environment:checking '/home/mohamed/ros2_ws/src/custom_interfaces/install/custom_interfaces/lib/python3.12/site-packages'
[14.374s] Level 1:colcon.colcon_core.shell:create_environment_hook('custom_interfaces', 'pythonpath')
[14.375s] INFO:colcon.colcon_core.shell:Creating environment hook '/home/mohamed/ros2_ws/src/custom_interfaces/install/custom_interfaces/share/custom_interfaces/hook/pythonpath.ps1'
[14.376s] INFO:colcon.colcon_core.shell:Creating environment descriptor '/home/mohamed/ros2_ws/src/custom_interfaces/install/custom_interfaces/share/custom_interfaces/hook/pythonpath.dsv'
[14.378s] INFO:colcon.colcon_core.shell:Creating environment hook '/home/mohamed/ros2_ws/src/custom_interfaces/install/custom_interfaces/share/custom_interfaces/hook/pythonpath.sh'
[14.380s] Level 1:colcon.colcon_core.environment:checking '/home/mohamed/ros2_ws/src/custom_interfaces/install/custom_interfaces/bin'
[14.381s] INFO:colcon.colcon_core.shell:Creating package script '/home/mohamed/ros2_ws/src/custom_interfaces/install/custom_interfaces/share/custom_interfaces/package.ps1'
[14.384s] INFO:colcon.colcon_core.shell:Creating package descriptor '/home/mohamed/ros2_ws/src/custom_interfaces/install/custom_interfaces/share/custom_interfaces/package.dsv'
[14.386s] INFO:colcon.colcon_core.shell:Creating package script '/home/mohamed/ros2_ws/src/custom_interfaces/install/custom_interfaces/share/custom_interfaces/package.sh'
[14.388s] INFO:colcon.colcon_core.shell:Creating package script '/home/mohamed/ros2_ws/src/custom_interfaces/install/custom_interfaces/share/custom_interfaces/package.bash'
[14.389s] INFO:colcon.colcon_core.shell:Creating package script '/home/mohamed/ros2_ws/src/custom_interfaces/install/custom_interfaces/share/custom_interfaces/package.zsh'
[14.390s] Level 1:colcon.colcon_core.environment:create_file_with_runtime_dependencies(/home/mohamed/ros2_ws/src/custom_interfaces/install/custom_interfaces/share/colcon-core/packages/custom_interfaces)
[14.391s] DEBUG:colcon.colcon_parallel_executor.executor.parallel:closing loop
[14.392s] DEBUG:colcon.colcon_parallel_executor.executor.parallel:loop closed
[14.392s] DEBUG:colcon.colcon_parallel_executor.executor.parallel:run_until_complete finished with '0'
[14.392s] DEBUG:colcon.colcon_core.event_reactor:joining thread
[14.411s] INFO:colcon.colcon_core.plugin_system:Skipping extension 'colcon_notification.desktop_notification.terminal_notifier': Not used on non-Darwin systems
[14.411s] INFO:colcon.colcon_core.plugin_system:Skipping extension 'colcon_notification.desktop_notification.win32': Not used on non-Windows systems
[14.412s] INFO:colcon.colcon_notification.desktop_notification:Sending desktop notification using 'notify2'
[14.512s] DEBUG:colcon.colcon_core.event_reactor:joined thread
[14.514s] INFO:colcon.colcon_core.shell:Creating prefix script '/home/mohamed/ros2_ws/src/custom_interfaces/install/local_setup.ps1'
[14.519s] INFO:colcon.colcon_core.shell:Creating prefix util module '/home/mohamed/ros2_ws/src/custom_interfaces/install/_local_setup_util_ps1.py'
[14.528s] INFO:colcon.colcon_core.shell:Creating prefix chain script '/home/mohamed/ros2_ws/src/custom_interfaces/install/setup.ps1'
[14.535s] INFO:colcon.colcon_core.shell:Creating prefix script '/home/mohamed/ros2_ws/src/custom_interfaces/install/local_setup.sh'
[14.538s] INFO:colcon.colcon_core.shell:Creating prefix util module '/home/mohamed/ros2_ws/src/custom_interfaces/install/_local_setup_util_sh.py'
[14.542s] INFO:colcon.colcon_core.shell:Creating prefix chain script '/home/mohamed/ros2_ws/src/custom_interfaces/install/setup.sh'
[14.550s] INFO:colcon.colcon_core.shell:Creating prefix script '/home/mohamed/ros2_ws/src/custom_interfaces/install/local_setup.bash'
[14.553s] INFO:colcon.colcon_core.shell:Creating prefix chain script '/home/mohamed/ros2_ws/src/custom_interfaces/install/setup.bash'
[14.560s] INFO:colcon.colcon_core.shell:Creating prefix script '/home/mohamed/ros2_ws/src/custom_interfaces/install/local_setup.zsh'
[14.563s] INFO:colcon.colcon_core.shell:Creating prefix chain script '/home/mohamed/ros2_ws/src/custom_interfaces/install/setup.zsh'
