[5.390s] Invoking command in '/home/mohamed/ros2_ws/src/node_network': DEBUGINFOD_URLS=https://debuginfod.ubuntu.com PYTHONPATH=/home/mohamed/ros2_ws/build/node_network/prefix_override:/usr/lib/python3/dist-packages/colcon_core/task/python/colcon_distutils_commands:/home/mohamed/ros2_ws/install/node_network/lib/python3.12/site-packages:${PYTHONPATH} VIRTUAL_ENV_PROMPT=(env) /usr/bin/python3 -W ignore:setup.py install is deprecated -W ignore:easy_install command is deprecated setup.py egg_info --egg-base ../../build/node_network build --build-base /home/mohamed/ros2_ws/build/node_network/build install --record /home/mohamed/ros2_ws/build/node_network/install.log --single-version-externally-managed install_data
[6.398s] running egg_info
[6.468s] writing ../../build/node_network/node_network.egg-info/PKG-INFO
[6.469s] writing dependency_links to ../../build/node_network/node_network.egg-info/dependency_links.txt
[6.469s] writing entry points to ../../build/node_network/node_network.egg-info/entry_points.txt
[6.470s] writing requirements to ../../build/node_network/node_network.egg-info/requires.txt
[6.470s] writing top-level names to ../../build/node_network/node_network.egg-info/top_level.txt
[6.604s] reading manifest file '../../build/node_network/node_network.egg-info/SOURCES.txt'
[6.606s] writing manifest file '../../build/node_network/node_network.egg-info/SOURCES.txt'
[6.606s] running build
[6.606s] running build_py
[6.607s] running install
[6.621s] running install_lib
[6.689s] running install_data
[6.690s] running install_egg_info
[6.754s] removing '/home/mohamed/ros2_ws/install/node_network/lib/python3.12/site-packages/node_network-0.0.0-py3.12.egg-info' (and everything under it)
[6.755s] Copying ../../build/node_network/node_network.egg-info to /home/mohamed/ros2_ws/install/node_network/lib/python3.12/site-packages/node_network-0.0.0-py3.12.egg-info
[6.758s] running install_scripts
[7.219s] Installing Alpha script to /home/mohamed/ros2_ws/install/node_network/lib/node_network
[7.219s] Installing Beta script to /home/mohamed/ros2_ws/install/node_network/lib/node_network
[7.220s] Installing Delta script to /home/mohamed/ros2_ws/install/node_network/lib/node_network
[7.220s] Installing Gamma script to /home/mohamed/ros2_ws/install/node_network/lib/node_network
[7.221s] writing list of installed files to '/home/mohamed/ros2_ws/build/node_network/install.log'
[7.324s] Invoked command in '/home/mohamed/ros2_ws/src/node_network' returned '0': DEBUGINFOD_URLS=https://debuginfod.ubuntu.com PYTHONPATH=/home/mohamed/ros2_ws/build/node_network/prefix_override:/usr/lib/python3/dist-packages/colcon_core/task/python/colcon_distutils_commands:/home/mohamed/ros2_ws/install/node_network/lib/python3.12/site-packages:${PYTHONPATH} VIRTUAL_ENV_PROMPT=(env) /usr/bin/python3 -W ignore:setup.py install is deprecated -W ignore:easy_install command is deprecated setup.py egg_info --egg-base ../../build/node_network build --build-base /home/mohamed/ros2_ws/build/node_network/build install --record /home/mohamed/ros2_ws/build/node_network/install.log --single-version-externally-managed install_data
