running egg_info
writing ../build/node_network/node_network.egg-info/PKG-INFO
writing dependency_links to ../build/node_network/node_network.egg-info/dependency_links.txt
writing entry points to ../build/node_network/node_network.egg-info/entry_points.txt
writing requirements to ../build/node_network/node_network.egg-info/requires.txt
writing top-level names to ../build/node_network/node_network.egg-info/top_level.txt
reading manifest file '../build/node_network/node_network.egg-info/SOURCES.txt'
writing manifest file '../build/node_network/node_network.egg-info/SOURCES.txt'
running build
running build_py
running install
running install_lib
running install_data
running install_egg_info
removing '/home/mohamed/ros2_ws/src/install/node_network/lib/python3.12/site-packages/node_network-0.0.0-py3.12.egg-info' (and everything under it)
Copying ../build/node_network/node_network.egg-info to /home/mohamed/ros2_ws/src/install/node_network/lib/python3.12/site-packages/node_network-0.0.0-py3.12.egg-info
running install_scripts
Installing Alpha script to /home/mohamed/ros2_ws/src/install/node_network/lib/node_network
Installing Beta script to /home/mohamed/ros2_ws/src/install/node_network/lib/node_network
Installing Delta script to /home/mohamed/ros2_ws/src/install/node_network/lib/node_network
Installing Gamma script to /home/mohamed/ros2_ws/src/install/node_network/lib/node_network
writing list of installed files to '/home/mohamed/ros2_ws/src/build/node_network/install.log'
