running egg_info
creating ../../build/my_robot_controller/my_robot_controller.egg-info
writing ../../build/my_robot_controller/my_robot_controller.egg-info/PKG-INFO
writing dependency_links to ../../build/my_robot_controller/my_robot_controller.egg-info/dependency_links.txt
writing entry points to ../../build/my_robot_controller/my_robot_controller.egg-info/entry_points.txt
writing requirements to ../../build/my_robot_controller/my_robot_controller.egg-info/requires.txt
writing top-level names to ../../build/my_robot_controller/my_robot_controller.egg-info/top_level.txt
writing manifest file '../../build/my_robot_controller/my_robot_controller.egg-info/SOURCES.txt'
reading manifest file '../../build/my_robot_controller/my_robot_controller.egg-info/SOURCES.txt'
writing manifest file '../../build/my_robot_controller/my_robot_controller.egg-info/SOURCES.txt'
running build
running build_py
creating /home/amina/Downloads/RTS_project/build/my_robot_controller/build
creating /home/amina/Downloads/RTS_project/build/my_robot_controller/build/lib
creating /home/amina/Downloads/RTS_project/build/my_robot_controller/build/lib/my_robot_controller
copying my_robot_controller/talker_secure.py -> /home/amina/Downloads/RTS_project/build/my_robot_controller/build/lib/my_robot_controller
copying my_robot_controller/__init__.py -> /home/amina/Downloads/RTS_project/build/my_robot_controller/build/lib/my_robot_controller
copying my_robot_controller/attacker_node.py -> /home/amina/Downloads/RTS_project/build/my_robot_controller/build/lib/my_robot_controller
copying my_robot_controller/listener_secure.py -> /home/amina/Downloads/RTS_project/build/my_robot_controller/build/lib/my_robot_controller
copying my_robot_controller/first_node.py -> /home/amina/Downloads/RTS_project/build/my_robot_controller/build/lib/my_robot_controller
copying my_robot_controller/talker_unsecure.py -> /home/amina/Downloads/RTS_project/build/my_robot_controller/build/lib/my_robot_controller
copying my_robot_controller/listener_unsecure.py -> /home/amina/Downloads/RTS_project/build/my_robot_controller/build/lib/my_robot_controller
running install
running install_lib
creating /home/amina/Downloads/RTS_project/install/my_robot_controller/lib/python3.12/site-packages/my_robot_controller
copying /home/amina/Downloads/RTS_project/build/my_robot_controller/build/lib/my_robot_controller/talker_secure.py -> /home/amina/Downloads/RTS_project/install/my_robot_controller/lib/python3.12/site-packages/my_robot_controller
copying /home/amina/Downloads/RTS_project/build/my_robot_controller/build/lib/my_robot_controller/__init__.py -> /home/amina/Downloads/RTS_project/install/my_robot_controller/lib/python3.12/site-packages/my_robot_controller
copying /home/amina/Downloads/RTS_project/build/my_robot_controller/build/lib/my_robot_controller/attacker_node.py -> /home/amina/Downloads/RTS_project/install/my_robot_controller/lib/python3.12/site-packages/my_robot_controller
copying /home/amina/Downloads/RTS_project/build/my_robot_controller/build/lib/my_robot_controller/listener_secure.py -> /home/amina/Downloads/RTS_project/install/my_robot_controller/lib/python3.12/site-packages/my_robot_controller
copying /home/amina/Downloads/RTS_project/build/my_robot_controller/build/lib/my_robot_controller/first_node.py -> /home/amina/Downloads/RTS_project/install/my_robot_controller/lib/python3.12/site-packages/my_robot_controller
copying /home/amina/Downloads/RTS_project/build/my_robot_controller/build/lib/my_robot_controller/talker_unsecure.py -> /home/amina/Downloads/RTS_project/install/my_robot_controller/lib/python3.12/site-packages/my_robot_controller
copying /home/amina/Downloads/RTS_project/build/my_robot_controller/build/lib/my_robot_controller/listener_unsecure.py -> /home/amina/Downloads/RTS_project/install/my_robot_controller/lib/python3.12/site-packages/my_robot_controller
byte-compiling /home/amina/Downloads/RTS_project/install/my_robot_controller/lib/python3.12/site-packages/my_robot_controller/talker_secure.py to talker_secure.cpython-312.pyc
byte-compiling /home/amina/Downloads/RTS_project/install/my_robot_controller/lib/python3.12/site-packages/my_robot_controller/__init__.py to __init__.cpython-312.pyc
byte-compiling /home/amina/Downloads/RTS_project/install/my_robot_controller/lib/python3.12/site-packages/my_robot_controller/attacker_node.py to attacker_node.cpython-312.pyc
byte-compiling /home/amina/Downloads/RTS_project/install/my_robot_controller/lib/python3.12/site-packages/my_robot_controller/listener_secure.py to listener_secure.cpython-312.pyc
byte-compiling /home/amina/Downloads/RTS_project/install/my_robot_controller/lib/python3.12/site-packages/my_robot_controller/first_node.py to first_node.cpython-312.pyc
byte-compiling /home/amina/Downloads/RTS_project/install/my_robot_controller/lib/python3.12/site-packages/my_robot_controller/talker_unsecure.py to talker_unsecure.cpython-312.pyc
byte-compiling /home/amina/Downloads/RTS_project/install/my_robot_controller/lib/python3.12/site-packages/my_robot_controller/listener_unsecure.py to listener_unsecure.cpython-312.pyc
running install_data
creating /home/amina/Downloads/RTS_project/install/my_robot_controller/share/ament_index
creating /home/amina/Downloads/RTS_project/install/my_robot_controller/share/ament_index/resource_index
creating /home/amina/Downloads/RTS_project/install/my_robot_controller/share/ament_index/resource_index/packages
copying resource/my_robot_controller -> /home/amina/Downloads/RTS_project/install/my_robot_controller/share/ament_index/resource_index/packages
copying package.xml -> /home/amina/Downloads/RTS_project/install/my_robot_controller/share/my_robot_controller
running install_egg_info
Copying ../../build/my_robot_controller/my_robot_controller.egg-info to /home/amina/Downloads/RTS_project/install/my_robot_controller/lib/python3.12/site-packages/my_robot_controller-0.0.1-py3.12.egg-info
running install_scripts
Installing attacker_node script to /home/amina/Downloads/RTS_project/install/my_robot_controller/lib/my_robot_controller
Installing first_node script to /home/amina/Downloads/RTS_project/install/my_robot_controller/lib/my_robot_controller
Installing listener_secure script to /home/amina/Downloads/RTS_project/install/my_robot_controller/lib/my_robot_controller
Installing listener_unsecure script to /home/amina/Downloads/RTS_project/install/my_robot_controller/lib/my_robot_controller
Installing talker_secure script to /home/amina/Downloads/RTS_project/install/my_robot_controller/lib/my_robot_controller
Installing talker_unsecure script to /home/amina/Downloads/RTS_project/install/my_robot_controller/lib/my_robot_controller
writing list of installed files to '/home/amina/Downloads/RTS_project/build/my_robot_controller/install.log'
