[1.885s] Invoking command in '/home/amina/Downloads/RTS_project/src/my_robot_controller': DEBUGINFOD_URLS=https://debuginfod.ubuntu.com PYTHONPATH=/home/amina/Downloads/RTS_project/build/my_robot_controller/prefix_override:/usr/lib/python3/dist-packages/colcon_core/task/python/colcon_distutils_commands:/home/amina/Downloads/RTS_project/install/my_robot_controller/lib/python3.12/site-packages:${PYTHONPATH} /usr/bin/python3 -W ignore:setup.py install is deprecated -W ignore:easy_install command is deprecated setup.py egg_info --egg-base ../../build/my_robot_controller build --build-base /home/amina/Downloads/RTS_project/build/my_robot_controller/build install --record /home/amina/Downloads/RTS_project/build/my_robot_controller/install.log --single-version-externally-managed install_data
[2.358s] running egg_info
[2.358s] creating ../../build/my_robot_controller/my_robot_controller.egg-info
[2.396s] writing ../../build/my_robot_controller/my_robot_controller.egg-info/PKG-INFO
[2.396s] writing dependency_links to ../../build/my_robot_controller/my_robot_controller.egg-info/dependency_links.txt
[2.397s] writing entry points to ../../build/my_robot_controller/my_robot_controller.egg-info/entry_points.txt
[2.397s] writing requirements to ../../build/my_robot_controller/my_robot_controller.egg-info/requires.txt
[2.398s] writing top-level names to ../../build/my_robot_controller/my_robot_controller.egg-info/top_level.txt
[2.398s] writing manifest file '../../build/my_robot_controller/my_robot_controller.egg-info/SOURCES.txt'
[2.472s] reading manifest file '../../build/my_robot_controller/my_robot_controller.egg-info/SOURCES.txt'
[2.473s] writing manifest file '../../build/my_robot_controller/my_robot_controller.egg-info/SOURCES.txt'
[2.473s] running build
[2.473s] running build_py
[2.473s] creating /home/amina/Downloads/RTS_project/build/my_robot_controller/build
[2.474s] creating /home/amina/Downloads/RTS_project/build/my_robot_controller/build/lib
[2.474s] creating /home/amina/Downloads/RTS_project/build/my_robot_controller/build/lib/my_robot_controller
[2.474s] copying my_robot_controller/talker_secure.py -> /home/amina/Downloads/RTS_project/build/my_robot_controller/build/lib/my_robot_controller
[2.474s] copying my_robot_controller/__init__.py -> /home/amina/Downloads/RTS_project/build/my_robot_controller/build/lib/my_robot_controller
[2.474s] copying my_robot_controller/attacker_node.py -> /home/amina/Downloads/RTS_project/build/my_robot_controller/build/lib/my_robot_controller
[2.475s] copying my_robot_controller/listener_secure.py -> /home/amina/Downloads/RTS_project/build/my_robot_controller/build/lib/my_robot_controller
[2.475s] copying my_robot_controller/first_node.py -> /home/amina/Downloads/RTS_project/build/my_robot_controller/build/lib/my_robot_controller
[2.475s] copying my_robot_controller/talker_unsecure.py -> /home/amina/Downloads/RTS_project/build/my_robot_controller/build/lib/my_robot_controller
[2.475s] copying my_robot_controller/listener_unsecure.py -> /home/amina/Downloads/RTS_project/build/my_robot_controller/build/lib/my_robot_controller
[2.475s] running install
[2.486s] running install_lib
[2.521s] creating /home/amina/Downloads/RTS_project/install/my_robot_controller/lib/python3.12/site-packages/my_robot_controller
[2.522s] copying /home/amina/Downloads/RTS_project/build/my_robot_controller/build/lib/my_robot_controller/talker_secure.py -> /home/amina/Downloads/RTS_project/install/my_robot_controller/lib/python3.12/site-packages/my_robot_controller
[2.522s] copying /home/amina/Downloads/RTS_project/build/my_robot_controller/build/lib/my_robot_controller/__init__.py -> /home/amina/Downloads/RTS_project/install/my_robot_controller/lib/python3.12/site-packages/my_robot_controller
[2.522s] copying /home/amina/Downloads/RTS_project/build/my_robot_controller/build/lib/my_robot_controller/attacker_node.py -> /home/amina/Downloads/RTS_project/install/my_robot_controller/lib/python3.12/site-packages/my_robot_controller
[2.522s] copying /home/amina/Downloads/RTS_project/build/my_robot_controller/build/lib/my_robot_controller/listener_secure.py -> /home/amina/Downloads/RTS_project/install/my_robot_controller/lib/python3.12/site-packages/my_robot_controller
[2.523s] copying /home/amina/Downloads/RTS_project/build/my_robot_controller/build/lib/my_robot_controller/first_node.py -> /home/amina/Downloads/RTS_project/install/my_robot_controller/lib/python3.12/site-packages/my_robot_controller
[2.523s] copying /home/amina/Downloads/RTS_project/build/my_robot_controller/build/lib/my_robot_controller/talker_unsecure.py -> /home/amina/Downloads/RTS_project/install/my_robot_controller/lib/python3.12/site-packages/my_robot_controller
[2.523s] copying /home/amina/Downloads/RTS_project/build/my_robot_controller/build/lib/my_robot_controller/listener_unsecure.py -> /home/amina/Downloads/RTS_project/install/my_robot_controller/lib/python3.12/site-packages/my_robot_controller
[2.523s] byte-compiling /home/amina/Downloads/RTS_project/install/my_robot_controller/lib/python3.12/site-packages/my_robot_controller/talker_secure.py to talker_secure.cpython-312.pyc
[2.524s] byte-compiling /home/amina/Downloads/RTS_project/install/my_robot_controller/lib/python3.12/site-packages/my_robot_controller/__init__.py to __init__.cpython-312.pyc
[2.525s] byte-compiling /home/amina/Downloads/RTS_project/install/my_robot_controller/lib/python3.12/site-packages/my_robot_controller/attacker_node.py to attacker_node.cpython-312.pyc
[2.526s] byte-compiling /home/amina/Downloads/RTS_project/install/my_robot_controller/lib/python3.12/site-packages/my_robot_controller/listener_secure.py to listener_secure.cpython-312.pyc
[2.527s] byte-compiling /home/amina/Downloads/RTS_project/install/my_robot_controller/lib/python3.12/site-packages/my_robot_controller/first_node.py to first_node.cpython-312.pyc
[2.528s] byte-compiling /home/amina/Downloads/RTS_project/install/my_robot_controller/lib/python3.12/site-packages/my_robot_controller/talker_unsecure.py to talker_unsecure.cpython-312.pyc
[2.529s] byte-compiling /home/amina/Downloads/RTS_project/install/my_robot_controller/lib/python3.12/site-packages/my_robot_controller/listener_unsecure.py to listener_unsecure.cpython-312.pyc
[2.530s] running install_data
[2.530s] creating /home/amina/Downloads/RTS_project/install/my_robot_controller/share/ament_index
[2.530s] creating /home/amina/Downloads/RTS_project/install/my_robot_controller/share/ament_index/resource_index
[2.530s] creating /home/amina/Downloads/RTS_project/install/my_robot_controller/share/ament_index/resource_index/packages
[2.531s] copying resource/my_robot_controller -> /home/amina/Downloads/RTS_project/install/my_robot_controller/share/ament_index/resource_index/packages
[2.531s] copying package.xml -> /home/amina/Downloads/RTS_project/install/my_robot_controller/share/my_robot_controller
[2.531s] running install_egg_info
[2.567s] Copying ../../build/my_robot_controller/my_robot_controller.egg-info to /home/amina/Downloads/RTS_project/install/my_robot_controller/lib/python3.12/site-packages/my_robot_controller-0.0.1-py3.12.egg-info
[2.568s] running install_scripts
[2.803s] Installing attacker_node script to /home/amina/Downloads/RTS_project/install/my_robot_controller/lib/my_robot_controller
[2.803s] Installing first_node script to /home/amina/Downloads/RTS_project/install/my_robot_controller/lib/my_robot_controller
[2.803s] Installing listener_secure script to /home/amina/Downloads/RTS_project/install/my_robot_controller/lib/my_robot_controller
[2.803s] Installing listener_unsecure script to /home/amina/Downloads/RTS_project/install/my_robot_controller/lib/my_robot_controller
[2.804s] Installing talker_secure script to /home/amina/Downloads/RTS_project/install/my_robot_controller/lib/my_robot_controller
[2.804s] Installing talker_unsecure script to /home/amina/Downloads/RTS_project/install/my_robot_controller/lib/my_robot_controller
[2.804s] writing list of installed files to '/home/amina/Downloads/RTS_project/build/my_robot_controller/install.log'
[2.852s] Invoked command in '/home/amina/Downloads/RTS_project/src/my_robot_controller' returned '0': DEBUGINFOD_URLS=https://debuginfod.ubuntu.com PYTHONPATH=/home/amina/Downloads/RTS_project/build/my_robot_controller/prefix_override:/usr/lib/python3/dist-packages/colcon_core/task/python/colcon_distutils_commands:/home/amina/Downloads/RTS_project/install/my_robot_controller/lib/python3.12/site-packages:${PYTHONPATH} /usr/bin/python3 -W ignore:setup.py install is deprecated -W ignore:easy_install command is deprecated setup.py egg_info --egg-base ../../build/my_robot_controller build --build-base /home/amina/Downloads/RTS_project/build/my_robot_controller/build install --record /home/amina/Downloads/RTS_project/build/my_robot_controller/install.log --single-version-externally-managed install_data
