[4.514s] Invoking command in '/home/mohamed/ros2_ws/src/my_robot_controller': DEBUGINFOD_URLS=https://debuginfod.ubuntu.com PYTHONPATH=/home/mohamed/ros2_ws/src/build/my_robot_controller/prefix_override:/usr/lib/python3/dist-packages/colcon_core/task/python/colcon_distutils_commands:/home/mohamed/ros2_ws/src/install/my_robot_controller/lib/python3.12/site-packages:${PYTHONPATH} VIRTUAL_ENV_PROMPT=(env) /usr/bin/python3 -W ignore:setup.py install is deprecated -W ignore:easy_install command is deprecated setup.py egg_info --egg-base ../build/my_robot_controller build --build-base /home/mohamed/ros2_ws/src/build/my_robot_controller/build install --record /home/mohamed/ros2_ws/src/build/my_robot_controller/install.log --single-version-externally-managed install_data
[5.623s] running egg_info
[5.684s] writing ../build/my_robot_controller/my_robot_controller.egg-info/PKG-INFO
[5.684s] writing dependency_links to ../build/my_robot_controller/my_robot_controller.egg-info/dependency_links.txt
[5.685s] writing entry points to ../build/my_robot_controller/my_robot_controller.egg-info/entry_points.txt
[5.685s] writing requirements to ../build/my_robot_controller/my_robot_controller.egg-info/requires.txt
[5.685s] writing top-level names to ../build/my_robot_controller/my_robot_controller.egg-info/top_level.txt
[5.792s] reading manifest file '../build/my_robot_controller/my_robot_controller.egg-info/SOURCES.txt'
[5.795s] writing manifest file '../build/my_robot_controller/my_robot_controller.egg-info/SOURCES.txt'
[5.795s] running build
[5.795s] running build_py
[5.796s] running install
[5.811s] running install_lib
[5.867s] running install_data
[5.867s] running install_egg_info
[5.943s] removing '/home/mohamed/ros2_ws/src/install/my_robot_controller/lib/python3.12/site-packages/my_robot_controller-0.0.0-py3.12.egg-info' (and everything under it)
[5.944s] Copying ../build/my_robot_controller/my_robot_controller.egg-info to /home/mohamed/ros2_ws/src/install/my_robot_controller/lib/python3.12/site-packages/my_robot_controller-0.0.0-py3.12.egg-info
[5.947s] running install_scripts
[6.489s] Installing listener script to /home/mohamed/ros2_ws/src/install/my_robot_controller/lib/my_robot_controller
[6.489s] Installing talker script to /home/mohamed/ros2_ws/src/install/my_robot_controller/lib/my_robot_controller
[6.490s] Installing unauthorised_listener script to /home/mohamed/ros2_ws/src/install/my_robot_controller/lib/my_robot_controller
[6.490s] writing list of installed files to '/home/mohamed/ros2_ws/src/build/my_robot_controller/install.log'
[6.568s] Invoked command in '/home/mohamed/ros2_ws/src/my_robot_controller' returned '0': DEBUGINFOD_URLS=https://debuginfod.ubuntu.com PYTHONPATH=/home/mohamed/ros2_ws/src/build/my_robot_controller/prefix_override:/usr/lib/python3/dist-packages/colcon_core/task/python/colcon_distutils_commands:/home/mohamed/ros2_ws/src/install/my_robot_controller/lib/python3.12/site-packages:${PYTHONPATH} VIRTUAL_ENV_PROMPT=(env) /usr/bin/python3 -W ignore:setup.py install is deprecated -W ignore:easy_install command is deprecated setup.py egg_info --egg-base ../build/my_robot_controller build --build-base /home/mohamed/ros2_ws/src/build/my_robot_controller/build install --record /home/mohamed/ros2_ws/src/build/my_robot_controller/install.log --single-version-externally-managed install_data
