[3.277s] Invoking command in '/home/mohamed/ros2_ws/src/my_robot_controller': DEBUGINFOD_URLS=https://debuginfod.ubuntu.com PYTHONPATH=/home/mohamed/ros2_ws/build/my_robot_controller/prefix_override:/usr/lib/python3/dist-packages/colcon_core/task/python/colcon_distutils_commands:/home/mohamed/ros2_ws/install/my_robot_controller/lib/python3.12/site-packages:${PYTHONPATH} VIRTUAL_ENV_PROMPT=(env) /usr/bin/python3 -W ignore:setup.py install is deprecated -W ignore:easy_install command is deprecated setup.py egg_info --egg-base ../../build/my_robot_controller build --build-base /home/mohamed/ros2_ws/build/my_robot_controller/build install --record /home/mohamed/ros2_ws/build/my_robot_controller/install.log --single-version-externally-managed install_data
[3.815s] running egg_info
[3.851s] writing ../../build/my_robot_controller/my_robot_controller.egg-info/PKG-INFO
[3.851s] writing dependency_links to ../../build/my_robot_controller/my_robot_controller.egg-info/dependency_links.txt
[3.852s] writing entry points to ../../build/my_robot_controller/my_robot_controller.egg-info/entry_points.txt
[3.852s] writing requirements to ../../build/my_robot_controller/my_robot_controller.egg-info/requires.txt
[3.852s] writing top-level names to ../../build/my_robot_controller/my_robot_controller.egg-info/top_level.txt
[3.935s] reading manifest file '../../build/my_robot_controller/my_robot_controller.egg-info/SOURCES.txt'
[3.936s] writing manifest file '../../build/my_robot_controller/my_robot_controller.egg-info/SOURCES.txt'
[3.936s] running build
[3.937s] running build_py
[3.937s] running install
[3.955s] running install_lib
[4.007s] running install_data
[4.007s] running install_egg_info
[4.050s] removing '/home/mohamed/ros2_ws/install/my_robot_controller/lib/python3.12/site-packages/my_robot_controller-0.0.0-py3.12.egg-info' (and everything under it)
[4.051s] Copying ../../build/my_robot_controller/my_robot_controller.egg-info to /home/mohamed/ros2_ws/install/my_robot_controller/lib/python3.12/site-packages/my_robot_controller-0.0.0-py3.12.egg-info
[4.051s] running install_scripts
[4.309s] Installing listener script to /home/mohamed/ros2_ws/install/my_robot_controller/lib/my_robot_controller
[4.309s] Installing listener_encrypt script to /home/mohamed/ros2_ws/install/my_robot_controller/lib/my_robot_controller
[4.309s] Installing talker script to /home/mohamed/ros2_ws/install/my_robot_controller/lib/my_robot_controller
[4.310s] Installing talker_encrypt script to /home/mohamed/ros2_ws/install/my_robot_controller/lib/my_robot_controller
[4.310s] Installing unauthorised_listener script to /home/mohamed/ros2_ws/install/my_robot_controller/lib/my_robot_controller
[4.310s] writing list of installed files to '/home/mohamed/ros2_ws/build/my_robot_controller/install.log'
[4.374s] Invoked command in '/home/mohamed/ros2_ws/src/my_robot_controller' returned '0': DEBUGINFOD_URLS=https://debuginfod.ubuntu.com PYTHONPATH=/home/mohamed/ros2_ws/build/my_robot_controller/prefix_override:/usr/lib/python3/dist-packages/colcon_core/task/python/colcon_distutils_commands:/home/mohamed/ros2_ws/install/my_robot_controller/lib/python3.12/site-packages:${PYTHONPATH} VIRTUAL_ENV_PROMPT=(env) /usr/bin/python3 -W ignore:setup.py install is deprecated -W ignore:easy_install command is deprecated setup.py egg_info --egg-base ../../build/my_robot_controller build --build-base /home/mohamed/ros2_ws/build/my_robot_controller/build install --record /home/mohamed/ros2_ws/build/my_robot_controller/install.log --single-version-externally-managed install_data
