running egg_info
creating ../build/node_network/node_network.egg-info
writing ../build/node_network/node_network.egg-info/PKG-INFO
writing dependency_links to ../build/node_network/node_network.egg-info/dependency_links.txt
writing entry points to ../build/node_network/node_network.egg-info/entry_points.txt
writing requirements to ../build/node_network/node_network.egg-info/requires.txt
writing top-level names to ../build/node_network/node_network.egg-info/top_level.txt
writing manifest file '../build/node_network/node_network.egg-info/SOURCES.txt'
reading manifest file '../build/node_network/node_network.egg-info/SOURCES.txt'
writing manifest file '../build/node_network/node_network.egg-info/SOURCES.txt'
running build
running build_py
creating /home/mohamed/ros2_ws/src/build/node_network/build
creating /home/mohamed/ros2_ws/src/build/node_network/build/lib
creating /home/mohamed/ros2_ws/src/build/node_network/build/lib/node_network
copying node_network/base_node.py -> /home/mohamed/ros2_ws/src/build/node_network/build/lib/node_network
copying node_network/gamma.py -> /home/mohamed/ros2_ws/src/build/node_network/build/lib/node_network
copying node_network/beta.py -> /home/mohamed/ros2_ws/src/build/node_network/build/lib/node_network
copying node_network/alpha.py -> /home/mohamed/ros2_ws/src/build/node_network/build/lib/node_network
copying node_network/delta.py -> /home/mohamed/ros2_ws/src/build/node_network/build/lib/node_network
copying node_network/__init__.py -> /home/mohamed/ros2_ws/src/build/node_network/build/lib/node_network
running install
running install_lib
creating /home/mohamed/ros2_ws/src/install/node_network/lib/python3.12/site-packages/node_network
copying /home/mohamed/ros2_ws/src/build/node_network/build/lib/node_network/base_node.py -> /home/mohamed/ros2_ws/src/install/node_network/lib/python3.12/site-packages/node_network
copying /home/mohamed/ros2_ws/src/build/node_network/build/lib/node_network/gamma.py -> /home/mohamed/ros2_ws/src/install/node_network/lib/python3.12/site-packages/node_network
copying /home/mohamed/ros2_ws/src/build/node_network/build/lib/node_network/beta.py -> /home/mohamed/ros2_ws/src/install/node_network/lib/python3.12/site-packages/node_network
copying /home/mohamed/ros2_ws/src/build/node_network/build/lib/node_network/alpha.py -> /home/mohamed/ros2_ws/src/install/node_network/lib/python3.12/site-packages/node_network
copying /home/mohamed/ros2_ws/src/build/node_network/build/lib/node_network/delta.py -> /home/mohamed/ros2_ws/src/install/node_network/lib/python3.12/site-packages/node_network
copying /home/mohamed/ros2_ws/src/build/node_network/build/lib/node_network/__init__.py -> /home/mohamed/ros2_ws/src/install/node_network/lib/python3.12/site-packages/node_network
byte-compiling /home/mohamed/ros2_ws/src/install/node_network/lib/python3.12/site-packages/node_network/base_node.py to base_node.cpython-312.pyc
byte-compiling /home/mohamed/ros2_ws/src/install/node_network/lib/python3.12/site-packages/node_network/gamma.py to gamma.cpython-312.pyc
byte-compiling /home/mohamed/ros2_ws/src/install/node_network/lib/python3.12/site-packages/node_network/beta.py to beta.cpython-312.pyc
byte-compiling /home/mohamed/ros2_ws/src/install/node_network/lib/python3.12/site-packages/node_network/alpha.py to alpha.cpython-312.pyc
byte-compiling /home/mohamed/ros2_ws/src/install/node_network/lib/python3.12/site-packages/node_network/delta.py to delta.cpython-312.pyc
byte-compiling /home/mohamed/ros2_ws/src/install/node_network/lib/python3.12/site-packages/node_network/__init__.py to __init__.cpython-312.pyc
running install_data
creating /home/mohamed/ros2_ws/src/install/node_network/share/ament_index
creating /home/mohamed/ros2_ws/src/install/node_network/share/ament_index/resource_index
creating /home/mohamed/ros2_ws/src/install/node_network/share/ament_index/resource_index/packages
copying resource/node_network -> /home/mohamed/ros2_ws/src/install/node_network/share/ament_index/resource_index/packages
copying package.xml -> /home/mohamed/ros2_ws/src/install/node_network/share/node_network
running install_egg_info
Copying ../build/node_network/node_network.egg-info to /home/mohamed/ros2_ws/src/install/node_network/lib/python3.12/site-packages/node_network-0.0.0-py3.12.egg-info
running install_scripts
Installing Alpha script to /home/mohamed/ros2_ws/src/install/node_network/lib/node_network
Installing Beta script to /home/mohamed/ros2_ws/src/install/node_network/lib/node_network
Installing Delta script to /home/mohamed/ros2_ws/src/install/node_network/lib/node_network
Installing Gamma script to /home/mohamed/ros2_ws/src/install/node_network/lib/node_network
writing list of installed files to '/home/mohamed/ros2_ws/src/build/node_network/install.log'
