[4.996s] Invoking command in '/home/mohamed/ros2_ws/src/my_robot_controller': DEBUGINFOD_URLS=https://debuginfod.ubuntu.com PYTHONPATH=/home/mohamed/ros2_ws/build/my_robot_controller/prefix_override:/usr/lib/python3/dist-packages/colcon_core/task/python/colcon_distutils_commands:/home/mohamed/ros2_ws/install/my_robot_controller/lib/python3.12/site-packages:${PYTHONPATH} VIRTUAL_ENV_PROMPT=(env) /usr/bin/python3 -W ignore:setup.py install is deprecated -W ignore:easy_install command is deprecated setup.py egg_info --egg-base ../../build/my_robot_controller build --build-base /home/mohamed/ros2_ws/build/my_robot_controller/build install --record /home/mohamed/ros2_ws/build/my_robot_controller/install.log --single-version-externally-managed install_data
[6.363s] running egg_info
[6.445s] writing ../../build/my_robot_controller/my_robot_controller.egg-info/PKG-INFO
[6.446s] writing dependency_links to ../../build/my_robot_controller/my_robot_controller.egg-info/dependency_links.txt
[6.446s] writing entry points to ../../build/my_robot_controller/my_robot_controller.egg-info/entry_points.txt
[6.446s] writing requirements to ../../build/my_robot_controller/my_robot_controller.egg-info/requires.txt
[6.447s] writing top-level names to ../../build/my_robot_controller/my_robot_controller.egg-info/top_level.txt
[6.657s] reading manifest file '../../build/my_robot_controller/my_robot_controller.egg-info/SOURCES.txt'
[6.660s] writing manifest file '../../build/my_robot_controller/my_robot_controller.egg-info/SOURCES.txt'
[6.660s] running build
[6.661s] running build_py
[6.662s] running install
[6.682s] running install_lib
[6.852s] running install_data
[6.855s] running install_egg_info
[6.960s] removing '/home/mohamed/ros2_ws/install/my_robot_controller/lib/python3.12/site-packages/my_robot_controller-0.0.0-py3.12.egg-info' (and everything under it)
[6.961s] Copying ../../build/my_robot_controller/my_robot_controller.egg-info to /home/mohamed/ros2_ws/install/my_robot_controller/lib/python3.12/site-packages/my_robot_controller-0.0.0-py3.12.egg-info
[6.963s] running install_scripts
[7.598s] Installing listener script to /home/mohamed/ros2_ws/install/my_robot_controller/lib/my_robot_controller
[7.601s] Installing listener_encrypt script to /home/mohamed/ros2_ws/install/my_robot_controller/lib/my_robot_controller
[7.602s] Installing talker script to /home/mohamed/ros2_ws/install/my_robot_controller/lib/my_robot_controller
[7.603s] Installing talker_encrypt script to /home/mohamed/ros2_ws/install/my_robot_controller/lib/my_robot_controller
[7.603s] Installing unauthorised_listener script to /home/mohamed/ros2_ws/install/my_robot_controller/lib/my_robot_controller
[7.614s] writing list of installed files to '/home/mohamed/ros2_ws/build/my_robot_controller/install.log'
[7.832s] Invoked command in '/home/mohamed/ros2_ws/src/my_robot_controller' returned '0': DEBUGINFOD_URLS=https://debuginfod.ubuntu.com PYTHONPATH=/home/mohamed/ros2_ws/build/my_robot_controller/prefix_override:/usr/lib/python3/dist-packages/colcon_core/task/python/colcon_distutils_commands:/home/mohamed/ros2_ws/install/my_robot_controller/lib/python3.12/site-packages:${PYTHONPATH} VIRTUAL_ENV_PROMPT=(env) /usr/bin/python3 -W ignore:setup.py install is deprecated -W ignore:easy_install command is deprecated setup.py egg_info --egg-base ../../build/my_robot_controller build --build-base /home/mohamed/ros2_ws/build/my_robot_controller/build install --record /home/mohamed/ros2_ws/build/my_robot_controller/install.log --single-version-externally-managed install_data
