[0.000000] (-) TimerEvent: {}
[0.000662] (my_robot_controller) JobQueued: {'identifier': 'my_robot_controller', 'dependencies': OrderedDict()}
[0.001898] (node_network) JobQueued: {'identifier': 'node_network', 'dependencies': OrderedDict()}
[0.002870] (secure_connection) JobQueued: {'identifier': 'secure_connection', 'dependencies': OrderedDict()}
[0.003445] (my_robot_controller) JobStarted: {'identifier': 'my_robot_controller'}
[0.062245] (node_network) JobStarted: {'identifier': 'node_network'}
[0.107636] (-) TimerEvent: {}
[0.127334] (secure_connection) JobStarted: {'identifier': 'secure_connection'}
[0.207920] (-) TimerEvent: {}
[0.308927] (-) TimerEvent: {}
[0.409636] (-) TimerEvent: {}
[0.510505] (-) TimerEvent: {}
[0.610915] (-) TimerEvent: {}
[0.711629] (-) TimerEvent: {}
[0.812519] (-) TimerEvent: {}
[0.913246] (-) TimerEvent: {}
[1.013742] (-) TimerEvent: {}
[1.114282] (-) TimerEvent: {}
[1.214724] (-) TimerEvent: {}
[1.315285] (-) TimerEvent: {}
[1.415978] (-) TimerEvent: {}
[1.516851] (-) TimerEvent: {}
[1.617919] (-) TimerEvent: {}
[1.719883] (-) TimerEvent: {}
[1.820609] (-) TimerEvent: {}
[1.921004] (-) TimerEvent: {}
[2.021410] (-) TimerEvent: {}
[2.121808] (-) TimerEvent: {}
[2.222182] (-) TimerEvent: {}
[2.322694] (-) TimerEvent: {}
[2.423329] (-) TimerEvent: {}
[2.523702] (-) TimerEvent: {}
[2.624084] (-) TimerEvent: {}
[2.724636] (-) TimerEvent: {}
[2.824984] (-) TimerEvent: {}
[2.925532] (-) TimerEvent: {}
[2.960875] (secure_connection) StderrLine: {'line': b'Traceback (most recent call last):\n  File "/usr/lib/python3/dist-packages/colcon_core/executor/__init__.py", line 91, in __call__\n    rc = await self.task(*args, **kwargs)\n         ^^^^^^^^^^^^^^^^^^^^^^^^^^^^^^^^\n  File "/usr/lib/python3/dist-packages/colcon_core/task/__init__.py", line 93, in __call__\n    return await task_method(*args, **kwargs)\n           ^^^^^^^^^^^^^^^^^^^^^^^^^^^^^^^^^^\n  File "/usr/lib/python3/dist-packages/colcon_ros/task/ament_python/build.py", line 51, in build\n    setup_py_data = get_setup_data(self.context.pkg, env)\n                    ^^^^^^^^^^^^^^^^^^^^^^^^^^^^^^^^^^^^^\n  File "/usr/lib/python3/dist-packages/colcon_core/task/python/__init__.py", line 20, in get_setup_data\n    return dict(pkg.metadata[key](env))\n                ^^^^^^^^^^^^^^^^^^^^^^\n  File "/usr/lib/python3/dist-packages/colcon_ros/package_augmentation/ros_ament_python.py", line 57, in getter\n    return get_setup_information(\n           ^^^^^^^^^^^^^^^^^^^^^^\n  File "/usr/lib/python3/dist-packages/colcon_python_setup_py/package_identification/python_setup_py.py", line 249, in get_setup_information\n    _setup_information_cache[hashable_env] = _get_setup_information(\n                                             ^^^^^^^^^^^^^^^^^^^^^^^\n  File "/usr/lib/python3/dist-packages/colcon_python_setup_py/package_identification/python_setup_py.py", line 296, in _get_setup_information\n    result = subprocess.run(\n             ^^^^^^^^^^^^^^^\n  File "/usr/lib/python3.12/subprocess.py", line 571, in run\n    raise CalledProcessError(retcode, process.args,\nsubprocess.CalledProcessError: Command \'[\'/usr/bin/python3\', \'-c\', \'import sys;from contextlib import suppress;exec("with suppress(ImportError):    from setuptools.extern.packaging.specifiers    import SpecifierSet");exec("with suppress(ImportError):    from packaging.specifiers import SpecifierSet");from distutils.core import run_setup;dist = run_setup(    \\\'setup.py\\\', script_args=(\\\'--dry-run\\\',), stop_after=\\\'config\\\');skip_keys = (\\\'cmdclass\\\', \\\'distclass\\\', \\\'ext_modules\\\', \\\'metadata\\\');data = {    key: value for key, value in dist.__dict__.items()     if (        not key.startswith(\\\'_\\\') and         not callable(value) and         key not in skip_keys and         key not in dist.display_option_names    )};data[\\\'metadata\\\'] = {    k: v for k, v in dist.metadata.__dict__.items()     if k not in (\\\'license_files\\\', \\\'provides_extras\\\')};sys.stdout.buffer.write(repr(data).encode(\\\'utf-8\\\'))\']\' returned non-zero exit status 1.\n'}
[2.963614] (secure_connection) JobEnded: {'identifier': 'secure_connection', 'rc': 1}
[2.964655] (my_robot_controller) JobEnded: {'identifier': 'my_robot_controller', 'rc': 'SIGINT'}
[2.965637] (node_network) JobEnded: {'identifier': 'node_network', 'rc': 'SIGINT'}
[2.974261] (-) EventReactorShutdown: {}
