[4.122s] Invoking command in '/home/mohamed/ros2_ws/src/node_network': DEBUGINFOD_URLS=https://debuginfod.ubuntu.com PYTHONPATH=/home/mohamed/ros2_ws/build/node_network/prefix_override:/usr/lib/python3/dist-packages/colcon_core/task/python/colcon_distutils_commands:/home/mohamed/ros2_ws/install/node_network/lib/python3.12/site-packages:${PYTHONPATH} VIRTUAL_ENV_PROMPT=(env) /usr/bin/python3 -W ignore:setup.py install is deprecated -W ignore:easy_install command is deprecated setup.py egg_info --egg-base ../../build/node_network build --build-base /home/mohamed/ros2_ws/build/node_network/build install --record /home/mohamed/ros2_ws/build/node_network/install.log --single-version-externally-managed install_data
[4.936s] running egg_info
[4.993s] writing ../../build/node_network/node_network.egg-info/PKG-INFO
[4.994s] writing dependency_links to ../../build/node_network/node_network.egg-info/dependency_links.txt
[4.994s] writing entry points to ../../build/node_network/node_network.egg-info/entry_points.txt
[4.995s] writing requirements to ../../build/node_network/node_network.egg-info/requires.txt
[4.995s] writing top-level names to ../../build/node_network/node_network.egg-info/top_level.txt
[5.110s] reading manifest file '../../build/node_network/node_network.egg-info/SOURCES.txt'
[5.112s] writing manifest file '../../build/node_network/node_network.egg-info/SOURCES.txt'
[5.113s] running build
[5.113s] running build_py
[5.115s] running install
[5.130s] running install_lib
[5.212s] running install_data
[5.212s] running install_egg_info
[5.298s] removing '/home/mohamed/ros2_ws/install/node_network/lib/python3.12/site-packages/node_network-0.0.0-py3.12.egg-info' (and everything under it)
[5.298s] Copying ../../build/node_network/node_network.egg-info to /home/mohamed/ros2_ws/install/node_network/lib/python3.12/site-packages/node_network-0.0.0-py3.12.egg-info
[5.299s] running install_scripts
[5.696s] Installing Alpha script to /home/mohamed/ros2_ws/install/node_network/lib/node_network
[5.696s] Installing Beta script to /home/mohamed/ros2_ws/install/node_network/lib/node_network
[5.697s] Installing Delta script to /home/mohamed/ros2_ws/install/node_network/lib/node_network
[5.697s] Installing Gamma script to /home/mohamed/ros2_ws/install/node_network/lib/node_network
[5.698s] writing list of installed files to '/home/mohamed/ros2_ws/build/node_network/install.log'
[5.781s] Invoked command in '/home/mohamed/ros2_ws/src/node_network' returned '0': DEBUGINFOD_URLS=https://debuginfod.ubuntu.com PYTHONPATH=/home/mohamed/ros2_ws/build/node_network/prefix_override:/usr/lib/python3/dist-packages/colcon_core/task/python/colcon_distutils_commands:/home/mohamed/ros2_ws/install/node_network/lib/python3.12/site-packages:${PYTHONPATH} VIRTUAL_ENV_PROMPT=(env) /usr/bin/python3 -W ignore:setup.py install is deprecated -W ignore:easy_install command is deprecated setup.py egg_info --egg-base ../../build/node_network build --build-base /home/mohamed/ros2_ws/build/node_network/build install --record /home/mohamed/ros2_ws/build/node_network/install.log --single-version-externally-managed install_data
