[4.728s] Invoking command in '/home/mohamed/ros2_ws/src/secure_connection': DEBUGINFOD_URLS=https://debuginfod.ubuntu.com PYTHONPATH=/home/mohamed/ros2_ws/build/secure_connection/prefix_override:/usr/lib/python3/dist-packages/colcon_core/task/python/colcon_distutils_commands:/home/mohamed/ros2_ws/install/secure_connection/lib/python3.12/site-packages:${PYTHONPATH} /usr/bin/python3 -W ignore:setup.py install is deprecated -W ignore:easy_install command is deprecated setup.py egg_info --egg-base ../../build/secure_connection build --build-base /home/mohamed/ros2_ws/build/secure_connection/build install --record /home/mohamed/ros2_ws/build/secure_connection/install.log --single-version-externally-managed install_data
[5.911s] running egg_info
[5.912s] creating ../../build/secure_connection/secure_connection.egg-info
[5.961s] writing ../../build/secure_connection/secure_connection.egg-info/PKG-INFO
[5.962s] writing dependency_links to ../../build/secure_connection/secure_connection.egg-info/dependency_links.txt
[5.962s] writing entry points to ../../build/secure_connection/secure_connection.egg-info/entry_points.txt
[5.962s] writing requirements to ../../build/secure_connection/secure_connection.egg-info/requires.txt
[5.964s] writing top-level names to ../../build/secure_connection/secure_connection.egg-info/top_level.txt
[5.964s] writing manifest file '../../build/secure_connection/secure_connection.egg-info/SOURCES.txt'
[6.070s] reading manifest file '../../build/secure_connection/secure_connection.egg-info/SOURCES.txt'
[6.072s] writing manifest file '../../build/secure_connection/secure_connection.egg-info/SOURCES.txt'
[6.073s] running build
[6.073s] running build_py
[6.074s] creating /home/mohamed/ros2_ws/build/secure_connection/build
[6.074s] creating /home/mohamed/ros2_ws/build/secure_connection/build/lib
[6.074s] creating /home/mohamed/ros2_ws/build/secure_connection/build/lib/secure_connection
[6.075s] copying secure_connection/generate_key.py -> /home/mohamed/ros2_ws/build/secure_connection/build/lib/secure_connection
[6.075s] copying secure_connection/encrypt.py -> /home/mohamed/ros2_ws/build/secure_connection/build/lib/secure_connection
[6.075s] copying secure_connection/test.py -> /home/mohamed/ros2_ws/build/secure_connection/build/lib/secure_connection
[6.075s] copying secure_connection/__init__.py -> /home/mohamed/ros2_ws/build/secure_connection/build/lib/secure_connection
[6.075s] running install
[6.094s] running install_lib
[6.261s] creating /home/mohamed/ros2_ws/install/secure_connection/lib/python3.12/site-packages/secure_connection
[6.262s] copying /home/mohamed/ros2_ws/build/secure_connection/build/lib/secure_connection/generate_key.py -> /home/mohamed/ros2_ws/install/secure_connection/lib/python3.12/site-packages/secure_connection
[6.262s] copying /home/mohamed/ros2_ws/build/secure_connection/build/lib/secure_connection/encrypt.py -> /home/mohamed/ros2_ws/install/secure_connection/lib/python3.12/site-packages/secure_connection
[6.263s] copying /home/mohamed/ros2_ws/build/secure_connection/build/lib/secure_connection/test.py -> /home/mohamed/ros2_ws/install/secure_connection/lib/python3.12/site-packages/secure_connection
[6.275s] copying /home/mohamed/ros2_ws/build/secure_connection/build/lib/secure_connection/__init__.py -> /home/mohamed/ros2_ws/install/secure_connection/lib/python3.12/site-packages/secure_connection
[6.277s] byte-compiling /home/mohamed/ros2_ws/install/secure_connection/lib/python3.12/site-packages/secure_connection/generate_key.py to generate_key.cpython-312.pyc
[6.293s] byte-compiling /home/mohamed/ros2_ws/install/secure_connection/lib/python3.12/site-packages/secure_connection/encrypt.py to encrypt.cpython-312.pyc
[6.305s] byte-compiling /home/mohamed/ros2_ws/install/secure_connection/lib/python3.12/site-packages/secure_connection/test.py to test.cpython-312.pyc
[6.306s] byte-compiling /home/mohamed/ros2_ws/install/secure_connection/lib/python3.12/site-packages/secure_connection/__init__.py to __init__.cpython-312.pyc
[6.307s] running install_data
[6.307s] creating /home/mohamed/ros2_ws/install/secure_connection/share/ament_index
[6.307s] creating /home/mohamed/ros2_ws/install/secure_connection/share/ament_index/resource_index
[6.308s] creating /home/mohamed/ros2_ws/install/secure_connection/share/ament_index/resource_index/packages
[6.308s] copying resource/secure_connection -> /home/mohamed/ros2_ws/install/secure_connection/share/ament_index/resource_index/packages
[6.308s] copying package.xml -> /home/mohamed/ros2_ws/install/secure_connection/share/secure_connection
[6.318s] running install_egg_info
[6.542s] Copying ../../build/secure_connection/secure_connection.egg-info to /home/mohamed/ros2_ws/install/secure_connection/lib/python3.12/site-packages/secure_connection-0.0.0-py3.12.egg-info
[6.550s] running install_scripts
[7.060s] Installing generate_key script to /home/mohamed/ros2_ws/install/secure_connection/lib/secure_connection
[7.060s] writing list of installed files to '/home/mohamed/ros2_ws/build/secure_connection/install.log'
[7.183s] Invoked command in '/home/mohamed/ros2_ws/src/secure_connection' returned '0': DEBUGINFOD_URLS=https://debuginfod.ubuntu.com PYTHONPATH=/home/mohamed/ros2_ws/build/secure_connection/prefix_override:/usr/lib/python3/dist-packages/colcon_core/task/python/colcon_distutils_commands:/home/mohamed/ros2_ws/install/secure_connection/lib/python3.12/site-packages:${PYTHONPATH} /usr/bin/python3 -W ignore:setup.py install is deprecated -W ignore:easy_install command is deprecated setup.py egg_info --egg-base ../../build/secure_connection build --build-base /home/mohamed/ros2_ws/build/secure_connection/build install --record /home/mohamed/ros2_ws/build/secure_connection/install.log --single-version-externally-managed install_data
