[4.494s] Invoking command in '/home/mohamed/ros2_ws/src/secure_connection': DEBUGINFOD_URLS=https://debuginfod.ubuntu.com PYTHONPATH=/home/mohamed/ros2_ws/src/build/secure_connection/prefix_override:/usr/lib/python3/dist-packages/colcon_core/task/python/colcon_distutils_commands:/home/mohamed/ros2_ws/src/install/secure_connection/lib/python3.12/site-packages:${PYTHONPATH} VIRTUAL_ENV_PROMPT=(env) /usr/bin/python3 -W ignore:setup.py install is deprecated -W ignore:easy_install command is deprecated setup.py egg_info --egg-base ../build/secure_connection build --build-base /home/mohamed/ros2_ws/src/build/secure_connection/build install --record /home/mohamed/ros2_ws/src/build/secure_connection/install.log --single-version-externally-managed install_data
[5.598s] running egg_info
[5.663s] writing ../build/secure_connection/secure_connection.egg-info/PKG-INFO
[5.664s] writing dependency_links to ../build/secure_connection/secure_connection.egg-info/dependency_links.txt
[5.664s] writing requirements to ../build/secure_connection/secure_connection.egg-info/requires.txt
[5.664s] writing top-level names to ../build/secure_connection/secure_connection.egg-info/top_level.txt
[5.773s] reading manifest file '../build/secure_connection/secure_connection.egg-info/SOURCES.txt'
[5.775s] writing manifest file '../build/secure_connection/secure_connection.egg-info/SOURCES.txt'
[5.776s] running build
[5.776s] running build_py
[5.777s] running install
[5.789s] running install_lib
[5.847s] byte-compiling /home/mohamed/ros2_ws/src/install/secure_connection/lib/python3.12/site-packages/secure_connection/generate_key.py to generate_key.cpython-312.pyc
[5.848s]   File "/home/mohamed/ros2_ws/src/install/secure_connection/lib/python3.12/site-packages/secure_connection/generate_key.py", line 10
[5.849s]     topics =
[5.849s]             ^
[5.849s] SyntaxError: invalid syntax
[5.850s] 
[5.850s] running install_data
[5.850s] running install_egg_info
[5.921s] removing '/home/mohamed/ros2_ws/src/install/secure_connection/lib/python3.12/site-packages/secure_connection-0.0.0-py3.12.egg-info' (and everything under it)
[5.921s] Copying ../build/secure_connection/secure_connection.egg-info to /home/mohamed/ros2_ws/src/install/secure_connection/lib/python3.12/site-packages/secure_connection-0.0.0-py3.12.egg-info
[5.924s] running install_scripts
[6.493s] writing list of installed files to '/home/mohamed/ros2_ws/src/build/secure_connection/install.log'
[6.608s] Invoked command in '/home/mohamed/ros2_ws/src/secure_connection' returned '0': DEBUGINFOD_URLS=https://debuginfod.ubuntu.com PYTHONPATH=/home/mohamed/ros2_ws/src/build/secure_connection/prefix_override:/usr/lib/python3/dist-packages/colcon_core/task/python/colcon_distutils_commands:/home/mohamed/ros2_ws/src/install/secure_connection/lib/python3.12/site-packages:${PYTHONPATH} VIRTUAL_ENV_PROMPT=(env) /usr/bin/python3 -W ignore:setup.py install is deprecated -W ignore:easy_install command is deprecated setup.py egg_info --egg-base ../build/secure_connection build --build-base /home/mohamed/ros2_ws/src/build/secure_connection/build install --record /home/mohamed/ros2_ws/src/build/secure_connection/install.log --single-version-externally-managed install_data
