[12.710s] Invoking command in '/home/mohamed/ros2_ws/src/secure_connection': DEBUGINFOD_URLS=https://debuginfod.ubuntu.com PYTHONPATH=/home/mohamed/ros2_ws/build/secure_connection/prefix_override:/usr/lib/python3/dist-packages/colcon_core/task/python/colcon_distutils_commands:/home/mohamed/ros2_ws/install/secure_connection/lib/python3.12/site-packages:${PYTHONPATH} VIRTUAL_ENV_PROMPT=(env) /usr/bin/python3 -W ignore:setup.py install is deprecated -W ignore:easy_install command is deprecated setup.py egg_info --egg-base ../../build/secure_connection build --build-base /home/mohamed/ros2_ws/build/secure_connection/build install --record /home/mohamed/ros2_ws/build/secure_connection/install.log --single-version-externally-managed install_data
[13.969s] running egg_info
[14.056s] writing ../../build/secure_connection/secure_connection.egg-info/PKG-INFO
[14.056s] writing dependency_links to ../../build/secure_connection/secure_connection.egg-info/dependency_links.txt
[14.060s] writing entry points to ../../build/secure_connection/secure_connection.egg-info/entry_points.txt
[14.061s] writing requirements to ../../build/secure_connection/secure_connection.egg-info/requires.txt
[14.062s] writing top-level names to ../../build/secure_connection/secure_connection.egg-info/top_level.txt
[14.238s] reading manifest file '../../build/secure_connection/secure_connection.egg-info/SOURCES.txt'
[14.241s] writing manifest file '../../build/secure_connection/secure_connection.egg-info/SOURCES.txt'
[14.241s] running build
[14.242s] running build_py
[14.244s] running install
[14.267s] running install_lib
[14.368s] running install_data
[14.369s] running install_egg_info
[14.485s] removing '/home/mohamed/ros2_ws/install/secure_connection/lib/python3.12/site-packages/secure_connection-0.0.0-py3.12.egg-info' (and everything under it)
[14.487s] Copying ../../build/secure_connection/secure_connection.egg-info to /home/mohamed/ros2_ws/install/secure_connection/lib/python3.12/site-packages/secure_connection-0.0.0-py3.12.egg-info
[14.490s] running install_scripts
[14.993s] Installing generate_key script to /home/mohamed/ros2_ws/install/secure_connection/lib/secure_connection
[14.994s] writing list of installed files to '/home/mohamed/ros2_ws/build/secure_connection/install.log'
[15.069s] Invoked command in '/home/mohamed/ros2_ws/src/secure_connection' returned '0': DEBUGINFOD_URLS=https://debuginfod.ubuntu.com PYTHONPATH=/home/mohamed/ros2_ws/build/secure_connection/prefix_override:/usr/lib/python3/dist-packages/colcon_core/task/python/colcon_distutils_commands:/home/mohamed/ros2_ws/install/secure_connection/lib/python3.12/site-packages:${PYTHONPATH} VIRTUAL_ENV_PROMPT=(env) /usr/bin/python3 -W ignore:setup.py install is deprecated -W ignore:easy_install command is deprecated setup.py egg_info --egg-base ../../build/secure_connection build --build-base /home/mohamed/ros2_ws/build/secure_connection/build install --record /home/mohamed/ros2_ws/build/secure_connection/install.log --single-version-externally-managed install_data
