[0.289s] DEBUG:colcon:Command line arguments: ['/usr/bin/colcon', 'build']
[0.289s] DEBUG:colcon:Parsed command line arguments: Namespace(log_base=None, log_level=None, verb_name='build', build_base='build', install_base='install', merge_install=False, symlink_install=False, test_result_base=None, continue_on_error=False, executor='parallel', parallel_workers=8, event_handlers=None, ignore_user_meta=False, metas=['./colcon.meta'], base_paths=['.'], packages_ignore=None, packages_ignore_regex=None, paths=None, packages_up_to=None, packages_up_to_regex=None, packages_above=None, packages_above_and_dependencies=None, packages_above_depth=None, packages_select_by_dep=None, packages_skip_by_dep=None, packages_skip_up_to=None, packages_select_build_failed=False, packages_skip_build_finished=False, packages_select_test_failures=False, packages_skip_test_passed=False, packages_select=None, packages_skip=None, packages_select_regex=None, packages_skip_regex=None, packages_start=None, packages_end=None, allow_overriding=[], cmake_args=None, cmake_target=None, cmake_target_skip_unavailable=False, cmake_clean_cache=False, cmake_clean_first=False, cmake_force_configure=False, ament_cmake_args=None, catkin_cmake_args=None, catkin_skip_building_tests=False, mixin_files=None, mixin=None, verb_parser=<colcon_mixin.mixin.mixin_argument.MixinArgumentDecorator object at 0x789eb1789250>, verb_extension=<colcon_core.verb.build.BuildVerb object at 0x789eb17a7ad0>, main=<bound method BuildVerb.main of <colcon_core.verb.build.BuildVerb object at 0x789eb17a7ad0>>, mixin_verb=('build',))
[0.357s] Level 1:colcon.colcon_core.package_discovery:discover_packages(colcon_meta) check parameters
[0.357s] Level 1:colcon.colcon_core.package_discovery:discover_packages(recursive) check parameters
[0.358s] Level 1:colcon.colcon_core.package_discovery:discover_packages(ignore) check parameters
[0.358s] Level 1:colcon.colcon_core.package_discovery:discover_packages(path) check parameters
[0.358s] Level 1:colcon.colcon_core.package_discovery:discover_packages(colcon_meta) discover
[0.358s] Level 1:colcon.colcon_core.package_discovery:discover_packages(recursive) discover
[0.358s] INFO:colcon.colcon_core.package_discovery:Crawling recursively for packages in '/home/mohamed/ros2_ws/src'
[0.358s] Level 1:colcon.colcon_core.package_identification:_identify(.) by extensions ['ignore', 'ignore_ament_install']
[0.358s] Level 1:colcon.colcon_core.package_identification:_identify(.) by extension 'ignore'
[0.358s] Level 1:colcon.colcon_core.package_identification:_identify(.) by extension 'ignore_ament_install'
[0.358s] Level 1:colcon.colcon_core.package_identification:_identify(.) by extensions ['colcon_pkg']
[0.358s] Level 1:colcon.colcon_core.package_identification:_identify(.) by extension 'colcon_pkg'
[0.359s] Level 1:colcon.colcon_core.package_identification:_identify(.) by extensions ['colcon_meta']
[0.359s] Level 1:colcon.colcon_core.package_identification:_identify(.) by extension 'colcon_meta'
[0.359s] Level 1:colcon.colcon_core.package_identification:_identify(.) by extensions ['ros']
[0.359s] Level 1:colcon.colcon_core.package_identification:_identify(.) by extension 'ros'
[0.402s] Level 1:colcon.colcon_core.package_identification:_identify(.) by extensions ['cmake', 'python']
[0.402s] Level 1:colcon.colcon_core.package_identification:_identify(.) by extension 'cmake'
[0.402s] Level 1:colcon.colcon_core.package_identification:_identify(.) by extension 'python'
[0.402s] Level 1:colcon.colcon_core.package_identification:_identify(.) by extensions ['python_setup_py']
[0.402s] Level 1:colcon.colcon_core.package_identification:_identify(.) by extension 'python_setup_py'
[0.402s] Level 1:colcon.colcon_core.package_identification:_identify(build) by extensions ['ignore', 'ignore_ament_install']
[0.403s] Level 1:colcon.colcon_core.package_identification:_identify(build) by extension 'ignore'
[0.403s] Level 1:colcon.colcon_core.package_identification:_identify(build) ignored
[0.403s] Level 1:colcon.colcon_core.package_identification:_identify(install) by extensions ['ignore', 'ignore_ament_install']
[0.403s] Level 1:colcon.colcon_core.package_identification:_identify(install) by extension 'ignore'
[0.403s] Level 1:colcon.colcon_core.package_identification:_identify(install) ignored
[0.403s] Level 1:colcon.colcon_core.package_identification:_identify(log) by extensions ['ignore', 'ignore_ament_install']
[0.403s] Level 1:colcon.colcon_core.package_identification:_identify(log) by extension 'ignore'
[0.403s] Level 1:colcon.colcon_core.package_identification:_identify(log) ignored
[0.404s] Level 1:colcon.colcon_core.package_identification:_identify(my_robot_controller) by extensions ['ignore', 'ignore_ament_install']
[0.404s] Level 1:colcon.colcon_core.package_identification:_identify(my_robot_controller) by extension 'ignore'
[0.404s] Level 1:colcon.colcon_core.package_identification:_identify(my_robot_controller) by extension 'ignore_ament_install'
[0.404s] Level 1:colcon.colcon_core.package_identification:_identify(my_robot_controller) by extensions ['colcon_pkg']
[0.404s] Level 1:colcon.colcon_core.package_identification:_identify(my_robot_controller) by extension 'colcon_pkg'
[0.404s] Level 1:colcon.colcon_core.package_identification:_identify(my_robot_controller) by extensions ['colcon_meta']
[0.404s] Level 1:colcon.colcon_core.package_identification:_identify(my_robot_controller) by extension 'colcon_meta'
[0.404s] Level 1:colcon.colcon_core.package_identification:_identify(my_robot_controller) by extensions ['ros']
[0.404s] Level 1:colcon.colcon_core.package_identification:_identify(my_robot_controller) by extension 'ros'
[0.409s] DEBUG:colcon.colcon_core.package_identification:Package 'my_robot_controller' with type 'ros.ament_python' and name 'my_robot_controller'
[0.410s] Level 1:colcon.colcon_core.package_identification:_identify(node_network) by extensions ['ignore', 'ignore_ament_install']
[0.410s] Level 1:colcon.colcon_core.package_identification:_identify(node_network) by extension 'ignore'
[0.410s] Level 1:colcon.colcon_core.package_identification:_identify(node_network) by extension 'ignore_ament_install'
[0.410s] Level 1:colcon.colcon_core.package_identification:_identify(node_network) by extensions ['colcon_pkg']
[0.410s] Level 1:colcon.colcon_core.package_identification:_identify(node_network) by extension 'colcon_pkg'
[0.410s] Level 1:colcon.colcon_core.package_identification:_identify(node_network) by extensions ['colcon_meta']
[0.410s] Level 1:colcon.colcon_core.package_identification:_identify(node_network) by extension 'colcon_meta'
[0.411s] Level 1:colcon.colcon_core.package_identification:_identify(node_network) by extensions ['ros']
[0.411s] Level 1:colcon.colcon_core.package_identification:_identify(node_network) by extension 'ros'
[0.411s] DEBUG:colcon.colcon_core.package_identification:Package 'node_network' with type 'ros.ament_python' and name 'node_network'
[0.412s] Level 1:colcon.colcon_core.package_identification:_identify(secure_connection) by extensions ['ignore', 'ignore_ament_install']
[0.412s] Level 1:colcon.colcon_core.package_identification:_identify(secure_connection) by extension 'ignore'
[0.412s] Level 1:colcon.colcon_core.package_identification:_identify(secure_connection) by extension 'ignore_ament_install'
[0.412s] Level 1:colcon.colcon_core.package_identification:_identify(secure_connection) by extensions ['colcon_pkg']
[0.412s] Level 1:colcon.colcon_core.package_identification:_identify(secure_connection) by extension 'colcon_pkg'
[0.412s] Level 1:colcon.colcon_core.package_identification:_identify(secure_connection) by extensions ['colcon_meta']
[0.412s] Level 1:colcon.colcon_core.package_identification:_identify(secure_connection) by extension 'colcon_meta'
[0.412s] Level 1:colcon.colcon_core.package_identification:_identify(secure_connection) by extensions ['ros']
[0.412s] Level 1:colcon.colcon_core.package_identification:_identify(secure_connection) by extension 'ros'
[0.413s] DEBUG:colcon.colcon_core.package_identification:Package 'secure_connection' with type 'ros.ament_python' and name 'secure_connection'
[0.413s] Level 1:colcon.colcon_core.package_discovery:discover_packages(recursive) using defaults
[0.413s] Level 1:colcon.colcon_core.package_discovery:discover_packages(ignore) discover
[0.413s] Level 1:colcon.colcon_core.package_discovery:discover_packages(ignore) using defaults
[0.413s] Level 1:colcon.colcon_core.package_discovery:discover_packages(path) discover
[0.413s] Level 1:colcon.colcon_core.package_discovery:discover_packages(path) using defaults
[0.456s] Level 1:colcon.colcon_core.package_discovery:discover_packages(prefix_path) check parameters
[0.456s] Level 1:colcon.colcon_core.package_discovery:discover_packages(prefix_path) discover
[0.460s] DEBUG:colcon.colcon_installed_package_information.package_discovery:Found 1 installed packages in /home/mohamed/ros2_ws/install
[0.464s] DEBUG:colcon.colcon_installed_package_information.package_discovery:Found 286 installed packages in /opt/ros/jazzy
[0.470s] Level 1:colcon.colcon_core.package_discovery:discover_packages(prefix_path) using defaults
[0.637s] Level 5:colcon.colcon_core.verb:set package 'my_robot_controller' build argument 'cmake_args' from command line to 'None'
[0.637s] Level 5:colcon.colcon_core.verb:set package 'my_robot_controller' build argument 'cmake_target' from command line to 'None'
[0.637s] Level 5:colcon.colcon_core.verb:set package 'my_robot_controller' build argument 'cmake_target_skip_unavailable' from command line to 'False'
[0.637s] Level 5:colcon.colcon_core.verb:set package 'my_robot_controller' build argument 'cmake_clean_cache' from command line to 'False'
[0.637s] Level 5:colcon.colcon_core.verb:set package 'my_robot_controller' build argument 'cmake_clean_first' from command line to 'False'
[0.637s] Level 5:colcon.colcon_core.verb:set package 'my_robot_controller' build argument 'cmake_force_configure' from command line to 'False'
[0.637s] Level 5:colcon.colcon_core.verb:set package 'my_robot_controller' build argument 'ament_cmake_args' from command line to 'None'
[0.637s] Level 5:colcon.colcon_core.verb:set package 'my_robot_controller' build argument 'catkin_cmake_args' from command line to 'None'
[0.637s] Level 5:colcon.colcon_core.verb:set package 'my_robot_controller' build argument 'catkin_skip_building_tests' from command line to 'False'
[0.637s] DEBUG:colcon.colcon_core.verb:Building package 'my_robot_controller' with the following arguments: {'ament_cmake_args': None, 'build_base': '/home/mohamed/ros2_ws/src/build/my_robot_controller', 'catkin_cmake_args': None, 'catkin_skip_building_tests': False, 'cmake_args': None, 'cmake_clean_cache': False, 'cmake_clean_first': False, 'cmake_force_configure': False, 'cmake_target': None, 'cmake_target_skip_unavailable': False, 'install_base': '/home/mohamed/ros2_ws/src/install/my_robot_controller', 'merge_install': False, 'path': '/home/mohamed/ros2_ws/src/my_robot_controller', 'symlink_install': False, 'test_result_base': None}
[0.640s] Level 5:colcon.colcon_core.verb:set package 'node_network' build argument 'cmake_args' from command line to 'None'
[0.640s] Level 5:colcon.colcon_core.verb:set package 'node_network' build argument 'cmake_target' from command line to 'None'
[0.640s] Level 5:colcon.colcon_core.verb:set package 'node_network' build argument 'cmake_target_skip_unavailable' from command line to 'False'
[0.640s] Level 5:colcon.colcon_core.verb:set package 'node_network' build argument 'cmake_clean_cache' from command line to 'False'
[0.640s] Level 5:colcon.colcon_core.verb:set package 'node_network' build argument 'cmake_clean_first' from command line to 'False'
[0.640s] Level 5:colcon.colcon_core.verb:set package 'node_network' build argument 'cmake_force_configure' from command line to 'False'
[0.640s] Level 5:colcon.colcon_core.verb:set package 'node_network' build argument 'ament_cmake_args' from command line to 'None'
[0.640s] Level 5:colcon.colcon_core.verb:set package 'node_network' build argument 'catkin_cmake_args' from command line to 'None'
[0.641s] Level 5:colcon.colcon_core.verb:set package 'node_network' build argument 'catkin_skip_building_tests' from command line to 'False'
[0.641s] DEBUG:colcon.colcon_core.verb:Building package 'node_network' with the following arguments: {'ament_cmake_args': None, 'build_base': '/home/mohamed/ros2_ws/src/build/node_network', 'catkin_cmake_args': None, 'catkin_skip_building_tests': False, 'cmake_args': None, 'cmake_clean_cache': False, 'cmake_clean_first': False, 'cmake_force_configure': False, 'cmake_target': None, 'cmake_target_skip_unavailable': False, 'install_base': '/home/mohamed/ros2_ws/src/install/node_network', 'merge_install': False, 'path': '/home/mohamed/ros2_ws/src/node_network', 'symlink_install': False, 'test_result_base': None}
[0.642s] Level 5:colcon.colcon_core.verb:set package 'secure_connection' build argument 'cmake_args' from command line to 'None'
[0.642s] Level 5:colcon.colcon_core.verb:set package 'secure_connection' build argument 'cmake_target' from command line to 'None'
[0.642s] Level 5:colcon.colcon_core.verb:set package 'secure_connection' build argument 'cmake_target_skip_unavailable' from command line to 'False'
[0.642s] Level 5:colcon.colcon_core.verb:set package 'secure_connection' build argument 'cmake_clean_cache' from command line to 'False'
[0.642s] Level 5:colcon.colcon_core.verb:set package 'secure_connection' build argument 'cmake_clean_first' from command line to 'False'
[0.642s] Level 5:colcon.colcon_core.verb:set package 'secure_connection' build argument 'cmake_force_configure' from command line to 'False'
[0.642s] Level 5:colcon.colcon_core.verb:set package 'secure_connection' build argument 'ament_cmake_args' from command line to 'None'
[0.643s] Level 5:colcon.colcon_core.verb:set package 'secure_connection' build argument 'catkin_cmake_args' from command line to 'None'
[0.643s] Level 5:colcon.colcon_core.verb:set package 'secure_connection' build argument 'catkin_skip_building_tests' from command line to 'False'
[0.643s] DEBUG:colcon.colcon_core.verb:Building package 'secure_connection' with the following arguments: {'ament_cmake_args': None, 'build_base': '/home/mohamed/ros2_ws/src/build/secure_connection', 'catkin_cmake_args': None, 'catkin_skip_building_tests': False, 'cmake_args': None, 'cmake_clean_cache': False, 'cmake_clean_first': False, 'cmake_force_configure': False, 'cmake_target': None, 'cmake_target_skip_unavailable': False, 'install_base': '/home/mohamed/ros2_ws/src/install/secure_connection', 'merge_install': False, 'path': '/home/mohamed/ros2_ws/src/secure_connection', 'symlink_install': False, 'test_result_base': None}
[0.643s] INFO:colcon.colcon_core.executor:Executing jobs using 'parallel' executor
[0.646s] DEBUG:colcon.colcon_parallel_executor.executor.parallel:run_until_complete
[0.648s] INFO:colcon.colcon_ros.task.ament_python.build:Building ROS package in '/home/mohamed/ros2_ws/src/my_robot_controller' with build type 'ament_python'
[0.649s] Level 1:colcon.colcon_core.shell:create_environment_hook('my_robot_controller', 'ament_prefix_path')
[0.662s] INFO:colcon.colcon_core.plugin_system:Skipping extension 'colcon_core.shell.bat': Not used on non-Windows systems
[0.663s] INFO:colcon.colcon_core.shell:Creating environment hook '/home/mohamed/ros2_ws/src/install/my_robot_controller/share/my_robot_controller/hook/ament_prefix_path.ps1'
[0.668s] INFO:colcon.colcon_core.shell:Creating environment descriptor '/home/mohamed/ros2_ws/src/install/my_robot_controller/share/my_robot_controller/hook/ament_prefix_path.dsv'
[0.671s] INFO:colcon.colcon_core.shell:Creating environment hook '/home/mohamed/ros2_ws/src/install/my_robot_controller/share/my_robot_controller/hook/ament_prefix_path.sh'
[0.676s] INFO:colcon.colcon_core.shell:Skip shell extension 'powershell' for command environment: Not usable outside of PowerShell
[0.676s] DEBUG:colcon.colcon_core.shell:Skip shell extension 'dsv' for command environment
[0.707s] INFO:colcon.colcon_ros.task.ament_python.build:Building ROS package in '/home/mohamed/ros2_ws/src/node_network' with build type 'ament_python'
[0.708s] Level 1:colcon.colcon_core.shell:create_environment_hook('node_network', 'ament_prefix_path')
[0.710s] INFO:colcon.colcon_core.shell:Creating environment hook '/home/mohamed/ros2_ws/src/install/node_network/share/node_network/hook/ament_prefix_path.ps1'
[0.715s] INFO:colcon.colcon_core.shell:Creating environment descriptor '/home/mohamed/ros2_ws/src/install/node_network/share/node_network/hook/ament_prefix_path.dsv'
[0.719s] INFO:colcon.colcon_core.shell:Creating environment hook '/home/mohamed/ros2_ws/src/install/node_network/share/node_network/hook/ament_prefix_path.sh'
[0.722s] INFO:colcon.colcon_core.shell:Skip shell extension 'powershell' for command environment: Not usable outside of PowerShell
[0.723s] DEBUG:colcon.colcon_core.shell:Skip shell extension 'dsv' for command environment
[0.740s] INFO:colcon.colcon_ros.task.ament_python.build:Building ROS package in '/home/mohamed/ros2_ws/src/secure_connection' with build type 'ament_python'
[0.741s] Level 1:colcon.colcon_core.shell:create_environment_hook('secure_connection', 'ament_prefix_path')
[0.741s] INFO:colcon.colcon_core.shell:Creating environment hook '/home/mohamed/ros2_ws/src/install/secure_connection/share/secure_connection/hook/ament_prefix_path.ps1'
[0.744s] INFO:colcon.colcon_core.shell:Creating environment descriptor '/home/mohamed/ros2_ws/src/install/secure_connection/share/secure_connection/hook/ament_prefix_path.dsv'
[0.747s] INFO:colcon.colcon_core.shell:Creating environment hook '/home/mohamed/ros2_ws/src/install/secure_connection/share/secure_connection/hook/ament_prefix_path.sh'
[0.751s] INFO:colcon.colcon_core.shell:Skip shell extension 'powershell' for command environment: Not usable outside of PowerShell
[0.752s] DEBUG:colcon.colcon_core.shell:Skip shell extension 'dsv' for command environment
[1.532s] INFO:colcon.colcon_core.task.python.build:Building Python package in '/home/mohamed/ros2_ws/src/my_robot_controller'
[1.535s] INFO:colcon.colcon_core.shell:Skip shell extension 'powershell' for command environment: Not usable outside of PowerShell
[1.535s] DEBUG:colcon.colcon_core.shell:Skip shell extension 'dsv' for command environment
[2.351s] INFO:colcon.colcon_core.task.python.build:Building Python package in '/home/mohamed/ros2_ws/src/node_network'
[2.352s] INFO:colcon.colcon_core.shell:Skip shell extension 'powershell' for command environment: Not usable outside of PowerShell
[2.352s] DEBUG:colcon.colcon_core.shell:Skip shell extension 'dsv' for command environment
[2.973s] INFO:colcon.colcon_core.task.python.build:Building Python package in '/home/mohamed/ros2_ws/src/secure_connection'
[2.974s] INFO:colcon.colcon_core.shell:Skip shell extension 'powershell' for command environment: Not usable outside of PowerShell
[2.974s] DEBUG:colcon.colcon_core.shell:Skip shell extension 'dsv' for command environment
[5.338s] DEBUG:colcon.colcon_core.event_handler.log_command:Invoking command in '/home/mohamed/ros2_ws/src/secure_connection': DEBUGINFOD_URLS=https://debuginfod.ubuntu.com PYTHONPATH=/home/mohamed/ros2_ws/src/build/secure_connection/prefix_override:/usr/lib/python3/dist-packages/colcon_core/task/python/colcon_distutils_commands:/home/mohamed/ros2_ws/src/install/secure_connection/lib/python3.12/site-packages:${PYTHONPATH} VIRTUAL_ENV_PROMPT=(env) /usr/bin/python3 -W ignore:setup.py install is deprecated -W ignore:easy_install command is deprecated setup.py egg_info --egg-base ../build/secure_connection build --build-base /home/mohamed/ros2_ws/src/build/secure_connection/build install --record /home/mohamed/ros2_ws/src/build/secure_connection/install.log --single-version-externally-managed install_data
[5.354s] DEBUG:colcon.colcon_core.event_handler.log_command:Invoking command in '/home/mohamed/ros2_ws/src/my_robot_controller': DEBUGINFOD_URLS=https://debuginfod.ubuntu.com PYTHONPATH=/home/mohamed/ros2_ws/src/build/my_robot_controller/prefix_override:/usr/lib/python3/dist-packages/colcon_core/task/python/colcon_distutils_commands:/home/mohamed/ros2_ws/src/install/my_robot_controller/lib/python3.12/site-packages:${PYTHONPATH} VIRTUAL_ENV_PROMPT=(env) /usr/bin/python3 -W ignore:setup.py install is deprecated -W ignore:easy_install command is deprecated setup.py egg_info --egg-base ../build/my_robot_controller build --build-base /home/mohamed/ros2_ws/src/build/my_robot_controller/build install --record /home/mohamed/ros2_ws/src/build/my_robot_controller/install.log --single-version-externally-managed install_data
[5.361s] DEBUG:colcon.colcon_core.event_handler.log_command:Invoking command in '/home/mohamed/ros2_ws/src/node_network': DEBUGINFOD_URLS=https://debuginfod.ubuntu.com PYTHONPATH=/home/mohamed/ros2_ws/src/build/node_network/prefix_override:/usr/lib/python3/dist-packages/colcon_core/task/python/colcon_distutils_commands:/home/mohamed/ros2_ws/src/install/node_network/lib/python3.12/site-packages:${PYTHONPATH} VIRTUAL_ENV_PROMPT=(env) /usr/bin/python3 -W ignore:setup.py install is deprecated -W ignore:easy_install command is deprecated setup.py egg_info --egg-base ../build/node_network build --build-base /home/mohamed/ros2_ws/src/build/node_network/build install --record /home/mohamed/ros2_ws/src/build/node_network/install.log --single-version-externally-managed install_data
[7.683s] DEBUG:colcon.colcon_core.event_handler.log_command:Invoked command in '/home/mohamed/ros2_ws/src/my_robot_controller' returned '0': DEBUGINFOD_URLS=https://debuginfod.ubuntu.com PYTHONPATH=/home/mohamed/ros2_ws/src/build/my_robot_controller/prefix_override:/usr/lib/python3/dist-packages/colcon_core/task/python/colcon_distutils_commands:/home/mohamed/ros2_ws/src/install/my_robot_controller/lib/python3.12/site-packages:${PYTHONPATH} VIRTUAL_ENV_PROMPT=(env) /usr/bin/python3 -W ignore:setup.py install is deprecated -W ignore:easy_install command is deprecated setup.py egg_info --egg-base ../build/my_robot_controller build --build-base /home/mohamed/ros2_ws/src/build/my_robot_controller/build install --record /home/mohamed/ros2_ws/src/build/my_robot_controller/install.log --single-version-externally-managed install_data
[7.700s] Level 1:colcon.colcon_core.environment:checking '/home/mohamed/ros2_ws/src/install/my_robot_controller' for CMake module files
[7.704s] Level 1:colcon.colcon_core.environment:checking '/home/mohamed/ros2_ws/src/install/my_robot_controller' for CMake config files
[7.707s] Level 1:colcon.colcon_core.environment:checking '/home/mohamed/ros2_ws/src/install/my_robot_controller/lib'
[7.708s] Level 1:colcon.colcon_core.environment:checking '/home/mohamed/ros2_ws/src/install/my_robot_controller/bin'
[7.708s] Level 1:colcon.colcon_core.environment:checking '/home/mohamed/ros2_ws/src/install/my_robot_controller/lib/pkgconfig/my_robot_controller.pc'
[7.709s] Level 1:colcon.colcon_core.environment:checking '/home/mohamed/ros2_ws/src/install/my_robot_controller/lib/python3.12/site-packages'
[7.710s] Level 1:colcon.colcon_core.shell:create_environment_hook('my_robot_controller', 'pythonpath')
[7.711s] INFO:colcon.colcon_core.shell:Creating environment hook '/home/mohamed/ros2_ws/src/install/my_robot_controller/share/my_robot_controller/hook/pythonpath.ps1'
[7.714s] INFO:colcon.colcon_core.shell:Creating environment descriptor '/home/mohamed/ros2_ws/src/install/my_robot_controller/share/my_robot_controller/hook/pythonpath.dsv'
[7.716s] INFO:colcon.colcon_core.shell:Creating environment hook '/home/mohamed/ros2_ws/src/install/my_robot_controller/share/my_robot_controller/hook/pythonpath.sh'
[7.719s] Level 1:colcon.colcon_core.environment:checking '/home/mohamed/ros2_ws/src/install/my_robot_controller/bin'
[7.720s] Level 1:colcon.colcon_core.environment:create_environment_scripts_only(my_robot_controller)
[7.721s] INFO:colcon.colcon_core.shell:Creating package script '/home/mohamed/ros2_ws/src/install/my_robot_controller/share/my_robot_controller/package.ps1'
[7.726s] INFO:colcon.colcon_core.shell:Creating package descriptor '/home/mohamed/ros2_ws/src/install/my_robot_controller/share/my_robot_controller/package.dsv'
[7.730s] INFO:colcon.colcon_core.shell:Creating package script '/home/mohamed/ros2_ws/src/install/my_robot_controller/share/my_robot_controller/package.sh'
[7.733s] INFO:colcon.colcon_core.shell:Creating package script '/home/mohamed/ros2_ws/src/install/my_robot_controller/share/my_robot_controller/package.bash'
[7.735s] INFO:colcon.colcon_core.shell:Creating package script '/home/mohamed/ros2_ws/src/install/my_robot_controller/share/my_robot_controller/package.zsh'
[7.738s] Level 1:colcon.colcon_core.environment:create_file_with_runtime_dependencies(/home/mohamed/ros2_ws/src/install/my_robot_controller/share/colcon-core/packages/my_robot_controller)
[7.741s] Level 1:colcon.colcon_core.environment:checking '/home/mohamed/ros2_ws/src/install/secure_connection' for CMake module files
[7.743s] DEBUG:colcon.colcon_core.event_handler.log_command:Invoked command in '/home/mohamed/ros2_ws/src/secure_connection' returned '0': DEBUGINFOD_URLS=https://debuginfod.ubuntu.com PYTHONPATH=/home/mohamed/ros2_ws/src/build/secure_connection/prefix_override:/usr/lib/python3/dist-packages/colcon_core/task/python/colcon_distutils_commands:/home/mohamed/ros2_ws/src/install/secure_connection/lib/python3.12/site-packages:${PYTHONPATH} VIRTUAL_ENV_PROMPT=(env) /usr/bin/python3 -W ignore:setup.py install is deprecated -W ignore:easy_install command is deprecated setup.py egg_info --egg-base ../build/secure_connection build --build-base /home/mohamed/ros2_ws/src/build/secure_connection/build install --record /home/mohamed/ros2_ws/src/build/secure_connection/install.log --single-version-externally-managed install_data
[7.744s] Level 1:colcon.colcon_core.environment:checking '/home/mohamed/ros2_ws/src/install/secure_connection' for CMake config files
[7.746s] Level 1:colcon.colcon_core.environment:checking '/home/mohamed/ros2_ws/src/install/secure_connection/lib'
[7.746s] Level 1:colcon.colcon_core.environment:checking '/home/mohamed/ros2_ws/src/install/secure_connection/bin'
[7.746s] Level 1:colcon.colcon_core.environment:checking '/home/mohamed/ros2_ws/src/install/secure_connection/lib/pkgconfig/secure_connection.pc'
[7.748s] Level 1:colcon.colcon_core.environment:checking '/home/mohamed/ros2_ws/src/install/secure_connection/lib/python3.12/site-packages'
[7.748s] Level 1:colcon.colcon_core.shell:create_environment_hook('secure_connection', 'pythonpath')
[7.749s] INFO:colcon.colcon_core.shell:Creating environment hook '/home/mohamed/ros2_ws/src/install/secure_connection/share/secure_connection/hook/pythonpath.ps1'
[7.750s] INFO:colcon.colcon_core.shell:Creating environment descriptor '/home/mohamed/ros2_ws/src/install/secure_connection/share/secure_connection/hook/pythonpath.dsv'
[7.750s] INFO:colcon.colcon_core.shell:Creating environment hook '/home/mohamed/ros2_ws/src/install/secure_connection/share/secure_connection/hook/pythonpath.sh'
[7.752s] Level 1:colcon.colcon_core.environment:checking '/home/mohamed/ros2_ws/src/install/secure_connection/bin'
[7.752s] Level 1:colcon.colcon_core.environment:create_environment_scripts_only(secure_connection)
[7.753s] INFO:colcon.colcon_core.shell:Creating package script '/home/mohamed/ros2_ws/src/install/secure_connection/share/secure_connection/package.ps1'
[7.754s] INFO:colcon.colcon_core.shell:Creating package descriptor '/home/mohamed/ros2_ws/src/install/secure_connection/share/secure_connection/package.dsv'
[7.754s] INFO:colcon.colcon_core.shell:Creating package script '/home/mohamed/ros2_ws/src/install/secure_connection/share/secure_connection/package.sh'
[7.755s] INFO:colcon.colcon_core.shell:Creating package script '/home/mohamed/ros2_ws/src/install/secure_connection/share/secure_connection/package.bash'
[7.756s] INFO:colcon.colcon_core.shell:Creating package script '/home/mohamed/ros2_ws/src/install/secure_connection/share/secure_connection/package.zsh'
[7.757s] Level 1:colcon.colcon_core.environment:create_file_with_runtime_dependencies(/home/mohamed/ros2_ws/src/install/secure_connection/share/colcon-core/packages/secure_connection)
[7.759s] Level 1:colcon.colcon_core.environment:checking '/home/mohamed/ros2_ws/src/install/node_network' for CMake module files
[7.761s] DEBUG:colcon.colcon_core.event_handler.log_command:Invoked command in '/home/mohamed/ros2_ws/src/node_network' returned '0': DEBUGINFOD_URLS=https://debuginfod.ubuntu.com PYTHONPATH=/home/mohamed/ros2_ws/src/build/node_network/prefix_override:/usr/lib/python3/dist-packages/colcon_core/task/python/colcon_distutils_commands:/home/mohamed/ros2_ws/src/install/node_network/lib/python3.12/site-packages:${PYTHONPATH} VIRTUAL_ENV_PROMPT=(env) /usr/bin/python3 -W ignore:setup.py install is deprecated -W ignore:easy_install command is deprecated setup.py egg_info --egg-base ../build/node_network build --build-base /home/mohamed/ros2_ws/src/build/node_network/build install --record /home/mohamed/ros2_ws/src/build/node_network/install.log --single-version-externally-managed install_data
[7.761s] Level 1:colcon.colcon_core.environment:checking '/home/mohamed/ros2_ws/src/install/node_network' for CMake config files
[7.763s] Level 1:colcon.colcon_core.environment:checking '/home/mohamed/ros2_ws/src/install/node_network/lib'
[7.763s] Level 1:colcon.colcon_core.environment:checking '/home/mohamed/ros2_ws/src/install/node_network/bin'
[7.763s] Level 1:colcon.colcon_core.environment:checking '/home/mohamed/ros2_ws/src/install/node_network/lib/pkgconfig/node_network.pc'
[7.764s] Level 1:colcon.colcon_core.environment:checking '/home/mohamed/ros2_ws/src/install/node_network/lib/python3.12/site-packages'
[7.764s] Level 1:colcon.colcon_core.shell:create_environment_hook('node_network', 'pythonpath')
[7.765s] INFO:colcon.colcon_core.shell:Creating environment hook '/home/mohamed/ros2_ws/src/install/node_network/share/node_network/hook/pythonpath.ps1'
[7.766s] INFO:colcon.colcon_core.shell:Creating environment descriptor '/home/mohamed/ros2_ws/src/install/node_network/share/node_network/hook/pythonpath.dsv'
[7.767s] INFO:colcon.colcon_core.shell:Creating environment hook '/home/mohamed/ros2_ws/src/install/node_network/share/node_network/hook/pythonpath.sh'
[7.769s] Level 1:colcon.colcon_core.environment:checking '/home/mohamed/ros2_ws/src/install/node_network/bin'
[7.769s] Level 1:colcon.colcon_core.environment:create_environment_scripts_only(node_network)
[7.770s] INFO:colcon.colcon_core.shell:Creating package script '/home/mohamed/ros2_ws/src/install/node_network/share/node_network/package.ps1'
[7.771s] INFO:colcon.colcon_core.shell:Creating package descriptor '/home/mohamed/ros2_ws/src/install/node_network/share/node_network/package.dsv'
[7.773s] INFO:colcon.colcon_core.shell:Creating package script '/home/mohamed/ros2_ws/src/install/node_network/share/node_network/package.sh'
[7.774s] INFO:colcon.colcon_core.shell:Creating package script '/home/mohamed/ros2_ws/src/install/node_network/share/node_network/package.bash'
[7.774s] INFO:colcon.colcon_core.shell:Creating package script '/home/mohamed/ros2_ws/src/install/node_network/share/node_network/package.zsh'
[7.775s] Level 1:colcon.colcon_core.environment:create_file_with_runtime_dependencies(/home/mohamed/ros2_ws/src/install/node_network/share/colcon-core/packages/node_network)
[7.776s] DEBUG:colcon.colcon_parallel_executor.executor.parallel:closing loop
[7.777s] DEBUG:colcon.colcon_parallel_executor.executor.parallel:loop closed
[7.778s] DEBUG:colcon.colcon_parallel_executor.executor.parallel:run_until_complete finished with '0'
[7.778s] DEBUG:colcon.colcon_core.event_reactor:joining thread
[7.795s] INFO:colcon.colcon_core.plugin_system:Skipping extension 'colcon_notification.desktop_notification.terminal_notifier': Not used on non-Darwin systems
[7.796s] INFO:colcon.colcon_core.plugin_system:Skipping extension 'colcon_notification.desktop_notification.win32': Not used on non-Windows systems
[7.797s] INFO:colcon.colcon_notification.desktop_notification:Sending desktop notification using 'notify2'
[7.915s] DEBUG:colcon.colcon_core.event_reactor:joined thread
[7.917s] INFO:colcon.colcon_core.shell:Creating prefix script '/home/mohamed/ros2_ws/src/install/local_setup.ps1'
[7.929s] INFO:colcon.colcon_core.shell:Creating prefix util module '/home/mohamed/ros2_ws/src/install/_local_setup_util_ps1.py'
[7.944s] INFO:colcon.colcon_core.shell:Creating prefix chain script '/home/mohamed/ros2_ws/src/install/setup.ps1'
[7.951s] INFO:colcon.colcon_core.shell:Creating prefix script '/home/mohamed/ros2_ws/src/install/local_setup.sh'
[7.956s] INFO:colcon.colcon_core.shell:Creating prefix util module '/home/mohamed/ros2_ws/src/install/_local_setup_util_sh.py'
[7.958s] INFO:colcon.colcon_core.shell:Creating prefix chain script '/home/mohamed/ros2_ws/src/install/setup.sh'
[7.963s] INFO:colcon.colcon_core.shell:Creating prefix script '/home/mohamed/ros2_ws/src/install/local_setup.bash'
[7.967s] INFO:colcon.colcon_core.shell:Creating prefix chain script '/home/mohamed/ros2_ws/src/install/setup.bash'
[7.971s] INFO:colcon.colcon_core.shell:Creating prefix script '/home/mohamed/ros2_ws/src/install/local_setup.zsh'
[7.973s] INFO:colcon.colcon_core.shell:Creating prefix chain script '/home/mohamed/ros2_ws/src/install/setup.zsh'
