[0.017s] Invoking command in '/home/mohamed/ros2_ws/src/custom_interfaces/build/custom_interfaces': CMAKE_PREFIX_PATH=${CMAKE_PREFIX_PATH}:/home/mohamed/ros2_ws/install/test_latency:/home/mohamed/ros2_ws/install/secure_connection:/home/mohamed/ros2_ws/install/node_network:/home/mohamed/ros2_ws/install/my_robot_controller:/opt/ros/jazzy DEBUGINFOD_URLS=https://debuginfod.ubuntu.com VIRTUAL_ENV_PROMPT=(env) /usr/bin/cmake /home/mohamed/ros2_ws/src/custom_interfaces -DCMAKE_INSTALL_PREFIX=/home/mohamed/ros2_ws/src/custom_interfaces/install/custom_interfaces
[0.045s] -- Found ament_cmake: 2.5.6 (/opt/ros/jazzy/share/ament_cmake/cmake)
[0.844s] -- Found geometry_msgs: 5.3.7 (/opt/ros/jazzy/share/geometry_msgs/cmake)
[0.901s] -- Found rosidl_generator_c: 4.6.7 (/opt/ros/jazzy/share/rosidl_generator_c/cmake)
[0.927s] -- Found rosidl_generator_cpp: 4.6.7 (/opt/ros/jazzy/share/rosidl_generator_cpp/cmake)
[0.958s] -- Using all available rosidl_typesupport_c: rosidl_typesupport_fastrtps_c;rosidl_typesupport_introspection_c
[0.987s] -- Using all available rosidl_typesupport_cpp: rosidl_typesupport_fastrtps_cpp;rosidl_typesupport_introspection_cpp
[1.078s] -- Found rosidl_default_generators: 1.6.0 (/opt/ros/jazzy/share/rosidl_default_generators/cmake)
[1.098s] -- Found rosidl_adapter: 4.6.7 (/opt/ros/jazzy/share/rosidl_adapter/cmake)
[2.596s] -- Found ament_cmake_ros: 0.12.0 (/opt/ros/jazzy/share/ament_cmake_ros/cmake)
[4.391s] -- Using all available rosidl_typesupport_c: rosidl_typesupport_fastrtps_c;rosidl_typesupport_introspection_c
[5.083s] -- Using all available rosidl_typesupport_cpp: rosidl_typesupport_fastrtps_cpp;rosidl_typesupport_introspection_cpp
[5.091s] -- Found python_cmake_module: 0.11.1 (/opt/ros/jazzy/share/python_cmake_module/cmake)
[5.526s] -- Found PythonExtra: /home/mohamed/ros2_ws/env/bin/python3  
[6.610s] -- Found Python3: /home/mohamed/ros2_ws/env/bin/python3 (found version "3.12.3") found components: Interpreter Development NumPy Development.Module Development.Embed 
[6.755s] -- Found Python3: /home/mohamed/ros2_ws/env/bin/python3 (found version "3.12.3") found components: Interpreter 
[6.762s] -- Found ament_lint_auto: 0.17.5 (/opt/ros/jazzy/share/ament_lint_auto/cmake)
[6.846s] -- Added test 'cppcheck' to perform static code analysis on C / C++ code
[6.850s] -- Configured cppcheck include dirs: $<BUILD_INTERFACE:/home/mohamed/ros2_ws/src/custom_interfaces/build/custom_interfaces/rosidl_generator_c>;$<BUILD_INTERFACE:/home/mohamed/ros2_ws/src/custom_interfaces/build/custom_interfaces/rosidl_typesupport_fastrtps_c>;$<BUILD_INTERFACE:/home/mohamed/ros2_ws/src/custom_interfaces/build/custom_interfaces/rosidl_generator_cpp>;$<BUILD_INTERFACE:/home/mohamed/ros2_ws/src/custom_interfaces/build/custom_interfaces/rosidl_typesupport_fastrtps_cpp>;$<BUILD_INTERFACE:/home/mohamed/ros2_ws/src/custom_interfaces/build/custom_interfaces/rosidl_typesupport_introspection_c>;$<BUILD_INTERFACE:/home/mohamed/ros2_ws/src/custom_interfaces/build/custom_interfaces/rosidl_typesupport_introspection_cpp>;/home/mohamed/ros2_ws/src/custom_interfaces/build/custom_interfaces/rosidl_generator_c;/home/mohamed/ros2_ws/src/custom_interfaces/build/custom_interfaces/rosidl_generator_py
[6.850s] -- Configured cppcheck exclude dirs and/or files: 
[6.855s] -- Added test 'flake8' to check Python code syntax and style conventions
[6.856s] -- Configured 'flake8' exclude dirs and/or files: 
[6.863s] -- Added test 'lint_cmake' to check CMake code style
[6.870s] -- Added test 'pep257' to check Python code against some of the docstring style conventions in PEP 257
[6.893s] -- Added test 'uncrustify' to check C / C++ code style
[6.893s] -- Configured uncrustify additional arguments: 
[6.897s] -- Added test 'xmllint' to check XML markup files
[6.903s] -- Configuring done (6.9s)
[6.988s] -- Generating done (0.1s)
[7.009s] -- Build files have been written to: /home/mohamed/ros2_ws/src/custom_interfaces/build/custom_interfaces
[7.021s] Invoked command in '/home/mohamed/ros2_ws/src/custom_interfaces/build/custom_interfaces' returned '0': CMAKE_PREFIX_PATH=${CMAKE_PREFIX_PATH}:/home/mohamed/ros2_ws/install/test_latency:/home/mohamed/ros2_ws/install/secure_connection:/home/mohamed/ros2_ws/install/node_network:/home/mohamed/ros2_ws/install/my_robot_controller:/opt/ros/jazzy DEBUGINFOD_URLS=https://debuginfod.ubuntu.com VIRTUAL_ENV_PROMPT=(env) /usr/bin/cmake /home/mohamed/ros2_ws/src/custom_interfaces -DCMAKE_INSTALL_PREFIX=/home/mohamed/ros2_ws/src/custom_interfaces/install/custom_interfaces
[7.024s] Invoking command in '/home/mohamed/ros2_ws/src/custom_interfaces/build/custom_interfaces': CMAKE_PREFIX_PATH=${CMAKE_PREFIX_PATH}:/home/mohamed/ros2_ws/install/test_latency:/home/mohamed/ros2_ws/install/secure_connection:/home/mohamed/ros2_ws/install/node_network:/home/mohamed/ros2_ws/install/my_robot_controller:/opt/ros/jazzy DEBUGINFOD_URLS=https://debuginfod.ubuntu.com VIRTUAL_ENV_PROMPT=(env) /usr/bin/cmake --build /home/mohamed/ros2_ws/src/custom_interfaces/build/custom_interfaces -- -j8 -l8
[7.137s] [  2%] [34m[1mGenerating type hashes for ROS interfaces[0m
[7.138s] [  5%] [34m[1mGenerating Rust code for ROS interfaces[0m
[7.203s] [  5%] Built target ament_cmake_python_copy_custom_interfaces
[7.911s] [  5%] Built target custom_interfaces__rosidl_generator_type_description
[7.929s] [  8%] [34m[1mGenerating C code for ROS interfaces[0m
[7.949s] [ 11%] [34m[1mGenerating C++ code for ROS interfaces[0m
[7.990s] [ 11%] Built target custom_interfaces__rs
[8.057s] running egg_info
[8.059s] creating custom_interfaces.egg-info
[8.152s] writing custom_interfaces.egg-info/PKG-INFO
[8.153s] writing dependency_links to custom_interfaces.egg-info/dependency_links.txt
[8.153s] writing top-level names to custom_interfaces.egg-info/top_level.txt
[8.154s] writing manifest file 'custom_interfaces.egg-info/SOURCES.txt'
[8.371s] reading manifest file 'custom_interfaces.egg-info/SOURCES.txt'
[8.373s] writing manifest file 'custom_interfaces.egg-info/SOURCES.txt'
[8.445s] [ 11%] Built target ament_cmake_python_build_custom_interfaces_egg
[8.567s] [ 11%] Built target custom_interfaces__cpp
[8.677s] [ 14%] [32mBuilding C object CMakeFiles/custom_interfaces__rosidl_generator_c.dir/rosidl_generator_c/custom_interfaces/msg/detail/secret__description.c.o[0m
[8.678s] [ 17%] [32mBuilding C object CMakeFiles/custom_interfaces__rosidl_generator_c.dir/rosidl_generator_c/custom_interfaces/msg/detail/secret__type_support.c.o[0m
[8.678s] [ 20%] [32mBuilding C object CMakeFiles/custom_interfaces__rosidl_generator_c.dir/rosidl_generator_c/custom_interfaces/msg/detail/secret__functions.c.o[0m
[8.871s] [ 22%] [32m[1mLinking C shared library libcustom_interfaces__rosidl_generator_c.so[0m
[9.034s] [ 22%] Built target custom_interfaces__rosidl_generator_c
[9.094s] [ 28%] [34m[1mGenerating C type support for eProsima Fast-RTPS[0m
[9.099s] [ 28%] [34m[1mGenerating C++ type support dispatch for ROS interfaces[0m
[9.108s] [ 31%] [34m[1mGenerating C++ type support for eProsima Fast-RTPS[0m
[9.109s] [ 34%] [34m[1mGenerating C introspection for ROS interfaces[0m
[9.111s] [ 37%] [34m[1mGenerating C++ introspection for ROS interfaces[0m
[9.111s] [ 40%] [34m[1mGenerating C type support dispatch for ROS interfaces[0m
[9.790s] [ 42%] [32mBuilding CXX object CMakeFiles/custom_interfaces__rosidl_typesupport_c.dir/rosidl_typesupport_c/custom_interfaces/msg/secret__type_support.cpp.o[0m
[9.812s] [ 45%] [32mBuilding CXX object CMakeFiles/custom_interfaces__rosidl_typesupport_introspection_cpp.dir/rosidl_typesupport_introspection_cpp/custom_interfaces/msg/detail/secret__type_support.cpp.o[0m
[9.890s] [ 48%] [32mBuilding CXX object CMakeFiles/custom_interfaces__rosidl_typesupport_cpp.dir/rosidl_typesupport_cpp/custom_interfaces/msg/secret__type_support.cpp.o[0m
[9.924s] [ 51%] [32m[1mLinking CXX shared library libcustom_interfaces__rosidl_typesupport_c.so[0m
[9.998s] [ 54%] [32mBuilding C object CMakeFiles/custom_interfaces__rosidl_typesupport_introspection_c.dir/rosidl_typesupport_introspection_c/custom_interfaces/msg/detail/secret__type_support.c.o[0m
[10.006s] [ 57%] [32mBuilding CXX object CMakeFiles/custom_interfaces__rosidl_typesupport_fastrtps_cpp.dir/rosidl_typesupport_fastrtps_cpp/custom_interfaces/msg/detail/dds_fastrtps/secret__type_support.cpp.o[0m
[10.032s] [ 60%] [32mBuilding CXX object CMakeFiles/custom_interfaces__rosidl_typesupport_fastrtps_c.dir/rosidl_typesupport_fastrtps_c/custom_interfaces/msg/detail/secret__type_support_c.cpp.o[0m
[10.037s] [ 60%] Built target custom_interfaces__rosidl_typesupport_c
[10.085s] [ 62%] [32m[1mLinking C shared library libcustom_interfaces__rosidl_typesupport_introspection_c.so[0m
[10.141s] [ 62%] Built target custom_interfaces__rosidl_typesupport_introspection_c
[10.642s] [ 65%] [32m[1mLinking CXX shared library libcustom_interfaces__rosidl_typesupport_cpp.so[0m
[10.675s] [ 68%] [32m[1mLinking CXX shared library libcustom_interfaces__rosidl_typesupport_introspection_cpp.so[0m
[10.747s] [ 68%] Built target custom_interfaces__rosidl_typesupport_cpp
[10.814s] [ 68%] Built target custom_interfaces__rosidl_typesupport_introspection_cpp
[11.218s] [ 71%] [32m[1mLinking CXX shared library libcustom_interfaces__rosidl_typesupport_fastrtps_c.so[0m
[11.218s] [ 74%] [32m[1mLinking CXX shared library libcustom_interfaces__rosidl_typesupport_fastrtps_cpp.so[0m
[11.559s] [ 74%] Built target custom_interfaces__rosidl_typesupport_fastrtps_c
[11.582s] [ 74%] Built target custom_interfaces__rosidl_typesupport_fastrtps_cpp
[11.644s] [ 74%] Built target custom_interfaces
[11.734s] [ 77%] [34m[1mGenerating Python code for ROS interfaces[0m
[12.469s] [ 77%] Built target custom_interfaces__py
[12.529s] [ 80%] [32mBuilding C object CMakeFiles/custom_interfaces__rosidl_generator_py.dir/rosidl_generator_py/custom_interfaces/msg/_secret_s.c.o[0m
[12.859s] [ 82%] [32m[1mLinking C shared library libcustom_interfaces__rosidl_generator_py.so[0m
[12.943s] [ 82%] Built target custom_interfaces__rosidl_generator_py
[12.987s] [ 85%] [32mBuilding C object CMakeFiles/custom_interfaces_s__rosidl_typesupport_fastrtps_c.dir/rosidl_generator_py/custom_interfaces/_custom_interfaces_s.ep.rosidl_typesupport_fastrtps_c.c.o[0m
[12.987s] [ 88%] [32mBuilding C object CMakeFiles/custom_interfaces_s__rosidl_typesupport_c.dir/rosidl_generator_py/custom_interfaces/_custom_interfaces_s.ep.rosidl_typesupport_c.c.o[0m
[12.987s] [ 91%] [32mBuilding C object CMakeFiles/custom_interfaces_s__rosidl_typesupport_introspection_c.dir/rosidl_generator_py/custom_interfaces/_custom_interfaces_s.ep.rosidl_typesupport_introspection_c.c.o[0m
[13.243s] [ 94%] [32m[1mLinking C shared module rosidl_generator_py/custom_interfaces/custom_interfaces_s__rosidl_typesupport_introspection_c.so[0m
[13.244s] [ 97%] [32m[1mLinking C shared module rosidl_generator_py/custom_interfaces/custom_interfaces_s__rosidl_typesupport_c.so[0m
[13.257s] [100%] [32m[1mLinking C shared module rosidl_generator_py/custom_interfaces/custom_interfaces_s__rosidl_typesupport_fastrtps_c.so[0m
[13.327s] [100%] Built target custom_interfaces_s__rosidl_typesupport_c
[13.356s] [100%] Built target custom_interfaces_s__rosidl_typesupport_introspection_c
[13.417s] [100%] Built target custom_interfaces_s__rosidl_typesupport_fastrtps_c
[13.468s] Invoked command in '/home/mohamed/ros2_ws/src/custom_interfaces/build/custom_interfaces' returned '0': CMAKE_PREFIX_PATH=${CMAKE_PREFIX_PATH}:/home/mohamed/ros2_ws/install/test_latency:/home/mohamed/ros2_ws/install/secure_connection:/home/mohamed/ros2_ws/install/node_network:/home/mohamed/ros2_ws/install/my_robot_controller:/opt/ros/jazzy DEBUGINFOD_URLS=https://debuginfod.ubuntu.com VIRTUAL_ENV_PROMPT=(env) /usr/bin/cmake --build /home/mohamed/ros2_ws/src/custom_interfaces/build/custom_interfaces -- -j8 -l8
[13.504s] Invoking command in '/home/mohamed/ros2_ws/src/custom_interfaces/build/custom_interfaces': CMAKE_PREFIX_PATH=${CMAKE_PREFIX_PATH}:/home/mohamed/ros2_ws/install/test_latency:/home/mohamed/ros2_ws/install/secure_connection:/home/mohamed/ros2_ws/install/node_network:/home/mohamed/ros2_ws/install/my_robot_controller:/opt/ros/jazzy DEBUGINFOD_URLS=https://debuginfod.ubuntu.com VIRTUAL_ENV_PROMPT=(env) /usr/bin/cmake --install /home/mohamed/ros2_ws/src/custom_interfaces/build/custom_interfaces
[13.533s] -- Install configuration: ""
[13.533s] -- Installing: /home/mohamed/ros2_ws/src/custom_interfaces/install/custom_interfaces/share/ament_index/resource_index/rosidl_interfaces/custom_interfaces
[13.534s] -- Installing: /home/mohamed/ros2_ws/src/custom_interfaces/install/custom_interfaces/share/custom_interfaces/msg/SECRET.json
[13.535s] -- Installing: /home/mohamed/ros2_ws/src/custom_interfaces/install/custom_interfaces/include/custom_interfaces/custom_interfaces
[13.535s] -- Installing: /home/mohamed/ros2_ws/src/custom_interfaces/install/custom_interfaces/include/custom_interfaces/custom_interfaces/msg
[13.536s] -- Installing: /home/mohamed/ros2_ws/src/custom_interfaces/install/custom_interfaces/include/custom_interfaces/custom_interfaces/msg/detail
[13.536s] -- Installing: /home/mohamed/ros2_ws/src/custom_interfaces/install/custom_interfaces/include/custom_interfaces/custom_interfaces/msg/detail/secret__struct.h
[13.537s] -- Installing: /home/mohamed/ros2_ws/src/custom_interfaces/install/custom_interfaces/include/custom_interfaces/custom_interfaces/msg/detail/secret__type_support.c
[13.537s] -- Installing: /home/mohamed/ros2_ws/src/custom_interfaces/install/custom_interfaces/include/custom_interfaces/custom_interfaces/msg/detail/secret__type_support.h
[13.538s] -- Installing: /home/mohamed/ros2_ws/src/custom_interfaces/install/custom_interfaces/include/custom_interfaces/custom_interfaces/msg/detail/secret__functions.h
[13.538s] -- Installing: /home/mohamed/ros2_ws/src/custom_interfaces/install/custom_interfaces/include/custom_interfaces/custom_interfaces/msg/detail/secret__functions.c
[13.539s] -- Installing: /home/mohamed/ros2_ws/src/custom_interfaces/install/custom_interfaces/include/custom_interfaces/custom_interfaces/msg/detail/secret__description.c
[13.539s] -- Installing: /home/mohamed/ros2_ws/src/custom_interfaces/install/custom_interfaces/include/custom_interfaces/custom_interfaces/msg/secret.h
[13.539s] -- Installing: /home/mohamed/ros2_ws/src/custom_interfaces/install/custom_interfaces/include/custom_interfaces/custom_interfaces/msg/rosidl_generator_c__visibility_control.h
[13.540s] -- Installing: /home/mohamed/ros2_ws/src/custom_interfaces/install/custom_interfaces/share/custom_interfaces/environment/library_path.sh
[13.540s] -- Installing: /home/mohamed/ros2_ws/src/custom_interfaces/install/custom_interfaces/share/custom_interfaces/environment/library_path.dsv
[13.541s] -- Installing: /home/mohamed/ros2_ws/src/custom_interfaces/install/custom_interfaces/lib/libcustom_interfaces__rosidl_generator_c.so
[13.541s] -- Set non-toolchain portion of runtime path of "/home/mohamed/ros2_ws/src/custom_interfaces/install/custom_interfaces/lib/libcustom_interfaces__rosidl_generator_c.so" to ""
[13.542s] -- Up-to-date: /home/mohamed/ros2_ws/src/custom_interfaces/install/custom_interfaces/include/custom_interfaces/custom_interfaces
[13.542s] -- Up-to-date: /home/mohamed/ros2_ws/src/custom_interfaces/install/custom_interfaces/include/custom_interfaces/custom_interfaces/msg
[13.543s] -- Installing: /home/mohamed/ros2_ws/src/custom_interfaces/install/custom_interfaces/include/custom_interfaces/custom_interfaces/msg/rosidl_typesupport_fastrtps_c__visibility_control.h
[13.543s] -- Up-to-date: /home/mohamed/ros2_ws/src/custom_interfaces/install/custom_interfaces/include/custom_interfaces/custom_interfaces/msg/detail
[13.544s] -- Installing: /home/mohamed/ros2_ws/src/custom_interfaces/install/custom_interfaces/include/custom_interfaces/custom_interfaces/msg/detail/secret__rosidl_typesupport_fastrtps_c.h
[13.544s] -- Installing: /home/mohamed/ros2_ws/src/custom_interfaces/install/custom_interfaces/lib/libcustom_interfaces__rosidl_typesupport_fastrtps_c.so
[13.545s] -- Set non-toolchain portion of runtime path of "/home/mohamed/ros2_ws/src/custom_interfaces/install/custom_interfaces/lib/libcustom_interfaces__rosidl_typesupport_fastrtps_c.so" to ""
[13.545s] -- Up-to-date: /home/mohamed/ros2_ws/src/custom_interfaces/install/custom_interfaces/include/custom_interfaces/custom_interfaces
[13.546s] -- Up-to-date: /home/mohamed/ros2_ws/src/custom_interfaces/install/custom_interfaces/include/custom_interfaces/custom_interfaces/msg
[13.546s] -- Installing: /home/mohamed/ros2_ws/src/custom_interfaces/install/custom_interfaces/include/custom_interfaces/custom_interfaces/msg/rosidl_generator_cpp__visibility_control.hpp
[13.547s] -- Up-to-date: /home/mohamed/ros2_ws/src/custom_interfaces/install/custom_interfaces/include/custom_interfaces/custom_interfaces/msg/detail
[13.547s] -- Installing: /home/mohamed/ros2_ws/src/custom_interfaces/install/custom_interfaces/include/custom_interfaces/custom_interfaces/msg/detail/secret__struct.hpp
[13.548s] -- Installing: /home/mohamed/ros2_ws/src/custom_interfaces/install/custom_interfaces/include/custom_interfaces/custom_interfaces/msg/detail/secret__type_support.hpp
[13.548s] -- Installing: /home/mohamed/ros2_ws/src/custom_interfaces/install/custom_interfaces/include/custom_interfaces/custom_interfaces/msg/detail/secret__builder.hpp
[13.549s] -- Installing: /home/mohamed/ros2_ws/src/custom_interfaces/install/custom_interfaces/include/custom_interfaces/custom_interfaces/msg/detail/secret__traits.hpp
[13.549s] -- Installing: /home/mohamed/ros2_ws/src/custom_interfaces/install/custom_interfaces/include/custom_interfaces/custom_interfaces/msg/secret.hpp
[13.550s] -- Up-to-date: /home/mohamed/ros2_ws/src/custom_interfaces/install/custom_interfaces/include/custom_interfaces/custom_interfaces
[13.550s] -- Up-to-date: /home/mohamed/ros2_ws/src/custom_interfaces/install/custom_interfaces/include/custom_interfaces/custom_interfaces/msg
[13.551s] -- Up-to-date: /home/mohamed/ros2_ws/src/custom_interfaces/install/custom_interfaces/include/custom_interfaces/custom_interfaces/msg/detail
[13.551s] -- Installing: /home/mohamed/ros2_ws/src/custom_interfaces/install/custom_interfaces/include/custom_interfaces/custom_interfaces/msg/detail/dds_fastrtps
[13.552s] -- Installing: /home/mohamed/ros2_ws/src/custom_interfaces/install/custom_interfaces/include/custom_interfaces/custom_interfaces/msg/detail/secret__rosidl_typesupport_fastrtps_cpp.hpp
[13.552s] -- Installing: /home/mohamed/ros2_ws/src/custom_interfaces/install/custom_interfaces/include/custom_interfaces/custom_interfaces/msg/rosidl_typesupport_fastrtps_cpp__visibility_control.h
[13.553s] -- Installing: /home/mohamed/ros2_ws/src/custom_interfaces/install/custom_interfaces/lib/libcustom_interfaces__rosidl_typesupport_fastrtps_cpp.so
[13.553s] -- Set non-toolchain portion of runtime path of "/home/mohamed/ros2_ws/src/custom_interfaces/install/custom_interfaces/lib/libcustom_interfaces__rosidl_typesupport_fastrtps_cpp.so" to ""
[13.554s] -- Up-to-date: /home/mohamed/ros2_ws/src/custom_interfaces/install/custom_interfaces/include/custom_interfaces/custom_interfaces
[13.554s] -- Up-to-date: /home/mohamed/ros2_ws/src/custom_interfaces/install/custom_interfaces/include/custom_interfaces/custom_interfaces/msg
[13.555s] -- Up-to-date: /home/mohamed/ros2_ws/src/custom_interfaces/install/custom_interfaces/include/custom_interfaces/custom_interfaces/msg/detail
[13.555s] -- Installing: /home/mohamed/ros2_ws/src/custom_interfaces/install/custom_interfaces/include/custom_interfaces/custom_interfaces/msg/detail/secret__type_support.c
[13.555s] -- Installing: /home/mohamed/ros2_ws/src/custom_interfaces/install/custom_interfaces/include/custom_interfaces/custom_interfaces/msg/detail/secret__rosidl_typesupport_introspection_c.h
[13.556s] -- Installing: /home/mohamed/ros2_ws/src/custom_interfaces/install/custom_interfaces/include/custom_interfaces/custom_interfaces/msg/rosidl_typesupport_introspection_c__visibility_control.h
[13.556s] -- Installing: /home/mohamed/ros2_ws/src/custom_interfaces/install/custom_interfaces/lib/libcustom_interfaces__rosidl_typesupport_introspection_c.so
[13.557s] -- Set non-toolchain portion of runtime path of "/home/mohamed/ros2_ws/src/custom_interfaces/install/custom_interfaces/lib/libcustom_interfaces__rosidl_typesupport_introspection_c.so" to ""
[13.557s] -- Installing: /home/mohamed/ros2_ws/src/custom_interfaces/install/custom_interfaces/lib/libcustom_interfaces__rosidl_typesupport_c.so
[13.558s] -- Set non-toolchain portion of runtime path of "/home/mohamed/ros2_ws/src/custom_interfaces/install/custom_interfaces/lib/libcustom_interfaces__rosidl_typesupport_c.so" to ""
[13.558s] -- Up-to-date: /home/mohamed/ros2_ws/src/custom_interfaces/install/custom_interfaces/include/custom_interfaces/custom_interfaces
[13.559s] -- Up-to-date: /home/mohamed/ros2_ws/src/custom_interfaces/install/custom_interfaces/include/custom_interfaces/custom_interfaces/msg
[13.559s] -- Up-to-date: /home/mohamed/ros2_ws/src/custom_interfaces/install/custom_interfaces/include/custom_interfaces/custom_interfaces/msg/detail
[13.560s] -- Installing: /home/mohamed/ros2_ws/src/custom_interfaces/install/custom_interfaces/include/custom_interfaces/custom_interfaces/msg/detail/secret__type_support.cpp
[13.560s] -- Installing: /home/mohamed/ros2_ws/src/custom_interfaces/install/custom_interfaces/include/custom_interfaces/custom_interfaces/msg/detail/secret__rosidl_typesupport_introspection_cpp.hpp
[13.561s] -- Installing: /home/mohamed/ros2_ws/src/custom_interfaces/install/custom_interfaces/lib/libcustom_interfaces__rosidl_typesupport_introspection_cpp.so
[13.562s] -- Set non-toolchain portion of runtime path of "/home/mohamed/ros2_ws/src/custom_interfaces/install/custom_interfaces/lib/libcustom_interfaces__rosidl_typesupport_introspection_cpp.so" to ""
[13.562s] -- Installing: /home/mohamed/ros2_ws/src/custom_interfaces/install/custom_interfaces/lib/libcustom_interfaces__rosidl_typesupport_cpp.so
[13.562s] -- Set non-toolchain portion of runtime path of "/home/mohamed/ros2_ws/src/custom_interfaces/install/custom_interfaces/lib/libcustom_interfaces__rosidl_typesupport_cpp.so" to ""
[13.563s] -- Installing: /home/mohamed/ros2_ws/src/custom_interfaces/install/custom_interfaces/share/custom_interfaces/environment/pythonpath.sh
[13.563s] -- Installing: /home/mohamed/ros2_ws/src/custom_interfaces/install/custom_interfaces/share/custom_interfaces/environment/pythonpath.dsv
[13.564s] -- Installing: /home/mohamed/ros2_ws/src/custom_interfaces/install/custom_interfaces/lib/python3.12/site-packages/custom_interfaces-0.0.0-py3.12.egg-info
[13.564s] -- Installing: /home/mohamed/ros2_ws/src/custom_interfaces/install/custom_interfaces/lib/python3.12/site-packages/custom_interfaces-0.0.0-py3.12.egg-info/SOURCES.txt
[13.565s] -- Installing: /home/mohamed/ros2_ws/src/custom_interfaces/install/custom_interfaces/lib/python3.12/site-packages/custom_interfaces-0.0.0-py3.12.egg-info/top_level.txt
[13.565s] -- Installing: /home/mohamed/ros2_ws/src/custom_interfaces/install/custom_interfaces/lib/python3.12/site-packages/custom_interfaces-0.0.0-py3.12.egg-info/dependency_links.txt
[13.565s] -- Installing: /home/mohamed/ros2_ws/src/custom_interfaces/install/custom_interfaces/lib/python3.12/site-packages/custom_interfaces-0.0.0-py3.12.egg-info/PKG-INFO
[13.566s] -- Installing: /home/mohamed/ros2_ws/src/custom_interfaces/install/custom_interfaces/lib/python3.12/site-packages/custom_interfaces
[13.566s] -- Installing: /home/mohamed/ros2_ws/src/custom_interfaces/install/custom_interfaces/lib/python3.12/site-packages/custom_interfaces/custom_interfaces_s__rosidl_typesupport_fastrtps_c.so
[13.566s] -- Installing: /home/mohamed/ros2_ws/src/custom_interfaces/install/custom_interfaces/lib/python3.12/site-packages/custom_interfaces/_custom_interfaces_s.ep.rosidl_typesupport_c.c
[13.567s] -- Installing: /home/mohamed/ros2_ws/src/custom_interfaces/install/custom_interfaces/lib/python3.12/site-packages/custom_interfaces/custom_interfaces_s__rosidl_typesupport_c.so
[13.567s] -- Installing: /home/mohamed/ros2_ws/src/custom_interfaces/install/custom_interfaces/lib/python3.12/site-packages/custom_interfaces/custom_interfaces_s__rosidl_typesupport_introspection_c.so
[13.567s] -- Installing: /home/mohamed/ros2_ws/src/custom_interfaces/install/custom_interfaces/lib/python3.12/site-packages/custom_interfaces/_custom_interfaces_s.ep.rosidl_typesupport_introspection_c.c
[13.568s] -- Installing: /home/mohamed/ros2_ws/src/custom_interfaces/install/custom_interfaces/lib/python3.12/site-packages/custom_interfaces/_custom_interfaces_s.ep.rosidl_typesupport_fastrtps_c.c
[13.568s] -- Installing: /home/mohamed/ros2_ws/src/custom_interfaces/install/custom_interfaces/lib/python3.12/site-packages/custom_interfaces/msg
[13.568s] -- Installing: /home/mohamed/ros2_ws/src/custom_interfaces/install/custom_interfaces/lib/python3.12/site-packages/custom_interfaces/msg/_secret_s.c
[13.568s] -- Installing: /home/mohamed/ros2_ws/src/custom_interfaces/install/custom_interfaces/lib/python3.12/site-packages/custom_interfaces/msg/_secret.py
[13.569s] -- Installing: /home/mohamed/ros2_ws/src/custom_interfaces/install/custom_interfaces/lib/python3.12/site-packages/custom_interfaces/msg/__init__.py
[13.569s] -- Installing: /home/mohamed/ros2_ws/src/custom_interfaces/install/custom_interfaces/lib/python3.12/site-packages/custom_interfaces/__init__.py
[13.687s] Listing '/home/mohamed/ros2_ws/src/custom_interfaces/install/custom_interfaces/lib/python3.12/site-packages/custom_interfaces'...
[13.687s] Compiling '/home/mohamed/ros2_ws/src/custom_interfaces/install/custom_interfaces/lib/python3.12/site-packages/custom_interfaces/__init__.py'...
[13.688s] Listing '/home/mohamed/ros2_ws/src/custom_interfaces/install/custom_interfaces/lib/python3.12/site-packages/custom_interfaces/msg'...
[13.688s] Compiling '/home/mohamed/ros2_ws/src/custom_interfaces/install/custom_interfaces/lib/python3.12/site-packages/custom_interfaces/msg/__init__.py'...
[13.688s] Compiling '/home/mohamed/ros2_ws/src/custom_interfaces/install/custom_interfaces/lib/python3.12/site-packages/custom_interfaces/msg/_secret.py'...
[13.706s] -- Installing: /home/mohamed/ros2_ws/src/custom_interfaces/install/custom_interfaces/lib/python3.12/site-packages/custom_interfaces/custom_interfaces_s__rosidl_typesupport_fastrtps_c.so
[13.708s] -- Set non-toolchain portion of runtime path of "/home/mohamed/ros2_ws/src/custom_interfaces/install/custom_interfaces/lib/python3.12/site-packages/custom_interfaces/custom_interfaces_s__rosidl_typesupport_fastrtps_c.so" to ""
[13.708s] -- Installing: /home/mohamed/ros2_ws/src/custom_interfaces/install/custom_interfaces/lib/python3.12/site-packages/custom_interfaces/custom_interfaces_s__rosidl_typesupport_introspection_c.so
[13.710s] -- Set non-toolchain portion of runtime path of "/home/mohamed/ros2_ws/src/custom_interfaces/install/custom_interfaces/lib/python3.12/site-packages/custom_interfaces/custom_interfaces_s__rosidl_typesupport_introspection_c.so" to ""
[13.710s] -- Installing: /home/mohamed/ros2_ws/src/custom_interfaces/install/custom_interfaces/lib/python3.12/site-packages/custom_interfaces/custom_interfaces_s__rosidl_typesupport_c.so
[13.711s] -- Set non-toolchain portion of runtime path of "/home/mohamed/ros2_ws/src/custom_interfaces/install/custom_interfaces/lib/python3.12/site-packages/custom_interfaces/custom_interfaces_s__rosidl_typesupport_c.so" to ""
[13.712s] -- Installing: /home/mohamed/ros2_ws/src/custom_interfaces/install/custom_interfaces/lib/libcustom_interfaces__rosidl_generator_py.so
[13.713s] -- Set non-toolchain portion of runtime path of "/home/mohamed/ros2_ws/src/custom_interfaces/install/custom_interfaces/lib/libcustom_interfaces__rosidl_generator_py.so" to ""
[13.714s] -- Installing: /home/mohamed/ros2_ws/src/custom_interfaces/install/custom_interfaces/share/ament_index/resource_index/rust_packages/custom_interfaces
[13.714s] -- Installing: /home/mohamed/ros2_ws/src/custom_interfaces/install/custom_interfaces/share/custom_interfaces/rust
[13.715s] -- Installing: /home/mohamed/ros2_ws/src/custom_interfaces/install/custom_interfaces/share/custom_interfaces/rust/Cargo.toml
[13.715s] -- Installing: /home/mohamed/ros2_ws/src/custom_interfaces/install/custom_interfaces/share/custom_interfaces/rust/src
[13.716s] -- Installing: /home/mohamed/ros2_ws/src/custom_interfaces/install/custom_interfaces/share/custom_interfaces/rust/src/lib.rs
[13.716s] -- Installing: /home/mohamed/ros2_ws/src/custom_interfaces/install/custom_interfaces/share/custom_interfaces/rust/src/msg.rs
[13.717s] -- Installing: /home/mohamed/ros2_ws/src/custom_interfaces/install/custom_interfaces/share/custom_interfaces/rust/src/msg
[13.717s] -- Installing: /home/mohamed/ros2_ws/src/custom_interfaces/install/custom_interfaces/share/custom_interfaces/rust/src/msg/rmw.rs
[13.718s] -- Installing: /home/mohamed/ros2_ws/src/custom_interfaces/install/custom_interfaces/share/custom_interfaces/rust/build.rs
[13.718s] -- Installing: /home/mohamed/ros2_ws/src/custom_interfaces/install/custom_interfaces/share/custom_interfaces/msg/SECRET.idl
[13.718s] -- Installing: /home/mohamed/ros2_ws/src/custom_interfaces/install/custom_interfaces/share/custom_interfaces/msg/SECRET.msg
[13.719s] -- Installing: /home/mohamed/ros2_ws/src/custom_interfaces/install/custom_interfaces/share/ament_index/resource_index/package_run_dependencies/custom_interfaces
[13.719s] -- Installing: /home/mohamed/ros2_ws/src/custom_interfaces/install/custom_interfaces/share/ament_index/resource_index/parent_prefix_path/custom_interfaces
[13.719s] -- Installing: /home/mohamed/ros2_ws/src/custom_interfaces/install/custom_interfaces/share/custom_interfaces/environment/ament_prefix_path.sh
[13.720s] -- Installing: /home/mohamed/ros2_ws/src/custom_interfaces/install/custom_interfaces/share/custom_interfaces/environment/ament_prefix_path.dsv
[13.720s] -- Installing: /home/mohamed/ros2_ws/src/custom_interfaces/install/custom_interfaces/share/custom_interfaces/environment/path.sh
[13.720s] -- Installing: /home/mohamed/ros2_ws/src/custom_interfaces/install/custom_interfaces/share/custom_interfaces/environment/path.dsv
[13.720s] -- Installing: /home/mohamed/ros2_ws/src/custom_interfaces/install/custom_interfaces/share/custom_interfaces/local_setup.bash
[13.721s] -- Installing: /home/mohamed/ros2_ws/src/custom_interfaces/install/custom_interfaces/share/custom_interfaces/local_setup.sh
[13.721s] -- Installing: /home/mohamed/ros2_ws/src/custom_interfaces/install/custom_interfaces/share/custom_interfaces/local_setup.zsh
[13.722s] -- Installing: /home/mohamed/ros2_ws/src/custom_interfaces/install/custom_interfaces/share/custom_interfaces/local_setup.dsv
[13.722s] -- Installing: /home/mohamed/ros2_ws/src/custom_interfaces/install/custom_interfaces/share/custom_interfaces/package.dsv
[13.723s] -- Installing: /home/mohamed/ros2_ws/src/custom_interfaces/install/custom_interfaces/share/ament_index/resource_index/packages/custom_interfaces
[13.724s] -- Installing: /home/mohamed/ros2_ws/src/custom_interfaces/install/custom_interfaces/share/custom_interfaces/cmake/export_custom_interfaces__rosidl_generator_cExport.cmake
[13.724s] -- Installing: /home/mohamed/ros2_ws/src/custom_interfaces/install/custom_interfaces/share/custom_interfaces/cmake/export_custom_interfaces__rosidl_generator_cExport-noconfig.cmake
[13.725s] -- Installing: /home/mohamed/ros2_ws/src/custom_interfaces/install/custom_interfaces/share/custom_interfaces/cmake/export_custom_interfaces__rosidl_typesupport_fastrtps_cExport.cmake
[13.725s] -- Installing: /home/mohamed/ros2_ws/src/custom_interfaces/install/custom_interfaces/share/custom_interfaces/cmake/export_custom_interfaces__rosidl_typesupport_fastrtps_cExport-noconfig.cmake
[13.725s] -- Installing: /home/mohamed/ros2_ws/src/custom_interfaces/install/custom_interfaces/share/custom_interfaces/cmake/export_custom_interfaces__rosidl_generator_cppExport.cmake
[13.726s] -- Installing: /home/mohamed/ros2_ws/src/custom_interfaces/install/custom_interfaces/share/custom_interfaces/cmake/export_custom_interfaces__rosidl_typesupport_fastrtps_cppExport.cmake
[13.726s] -- Installing: /home/mohamed/ros2_ws/src/custom_interfaces/install/custom_interfaces/share/custom_interfaces/cmake/export_custom_interfaces__rosidl_typesupport_fastrtps_cppExport-noconfig.cmake
[13.727s] -- Installing: /home/mohamed/ros2_ws/src/custom_interfaces/install/custom_interfaces/share/custom_interfaces/cmake/custom_interfaces__rosidl_typesupport_introspection_cExport.cmake
[13.727s] -- Installing: /home/mohamed/ros2_ws/src/custom_interfaces/install/custom_interfaces/share/custom_interfaces/cmake/custom_interfaces__rosidl_typesupport_introspection_cExport-noconfig.cmake
[13.727s] -- Installing: /home/mohamed/ros2_ws/src/custom_interfaces/install/custom_interfaces/share/custom_interfaces/cmake/custom_interfaces__rosidl_typesupport_cExport.cmake
[13.728s] -- Installing: /home/mohamed/ros2_ws/src/custom_interfaces/install/custom_interfaces/share/custom_interfaces/cmake/custom_interfaces__rosidl_typesupport_cExport-noconfig.cmake
[13.728s] -- Installing: /home/mohamed/ros2_ws/src/custom_interfaces/install/custom_interfaces/share/custom_interfaces/cmake/custom_interfaces__rosidl_typesupport_introspection_cppExport.cmake
[13.728s] -- Installing: /home/mohamed/ros2_ws/src/custom_interfaces/install/custom_interfaces/share/custom_interfaces/cmake/custom_interfaces__rosidl_typesupport_introspection_cppExport-noconfig.cmake
[13.729s] -- Installing: /home/mohamed/ros2_ws/src/custom_interfaces/install/custom_interfaces/share/custom_interfaces/cmake/custom_interfaces__rosidl_typesupport_cppExport.cmake
[13.730s] -- Installing: /home/mohamed/ros2_ws/src/custom_interfaces/install/custom_interfaces/share/custom_interfaces/cmake/custom_interfaces__rosidl_typesupport_cppExport-noconfig.cmake
[13.730s] -- Installing: /home/mohamed/ros2_ws/src/custom_interfaces/install/custom_interfaces/share/custom_interfaces/cmake/export_custom_interfaces__rosidl_generator_pyExport.cmake
[13.731s] -- Installing: /home/mohamed/ros2_ws/src/custom_interfaces/install/custom_interfaces/share/custom_interfaces/cmake/export_custom_interfaces__rosidl_generator_pyExport-noconfig.cmake
[13.732s] -- Installing: /home/mohamed/ros2_ws/src/custom_interfaces/install/custom_interfaces/share/custom_interfaces/cmake/rosidl_cmake-extras.cmake
[13.732s] -- Installing: /home/mohamed/ros2_ws/src/custom_interfaces/install/custom_interfaces/share/custom_interfaces/cmake/ament_cmake_export_include_directories-extras.cmake
[13.733s] -- Installing: /home/mohamed/ros2_ws/src/custom_interfaces/install/custom_interfaces/share/custom_interfaces/cmake/ament_cmake_export_libraries-extras.cmake
[13.733s] -- Installing: /home/mohamed/ros2_ws/src/custom_interfaces/install/custom_interfaces/share/custom_interfaces/cmake/ament_cmake_export_targets-extras.cmake
[13.733s] -- Installing: /home/mohamed/ros2_ws/src/custom_interfaces/install/custom_interfaces/share/custom_interfaces/cmake/rosidl_cmake_export_typesupport_targets-extras.cmake
[13.734s] -- Installing: /home/mohamed/ros2_ws/src/custom_interfaces/install/custom_interfaces/share/custom_interfaces/cmake/ament_cmake_export_dependencies-extras.cmake
[13.734s] -- Installing: /home/mohamed/ros2_ws/src/custom_interfaces/install/custom_interfaces/share/custom_interfaces/cmake/rosidl_cmake_export_typesupport_libraries-extras.cmake
[13.735s] -- Installing: /home/mohamed/ros2_ws/src/custom_interfaces/install/custom_interfaces/share/custom_interfaces/cmake/custom_interfacesConfig.cmake
[13.735s] -- Installing: /home/mohamed/ros2_ws/src/custom_interfaces/install/custom_interfaces/share/custom_interfaces/cmake/custom_interfacesConfig-version.cmake
[13.736s] -- Installing: /home/mohamed/ros2_ws/src/custom_interfaces/install/custom_interfaces/share/custom_interfaces/package.xml
[13.741s] Invoked command in '/home/mohamed/ros2_ws/src/custom_interfaces/build/custom_interfaces' returned '0': CMAKE_PREFIX_PATH=${CMAKE_PREFIX_PATH}:/home/mohamed/ros2_ws/install/test_latency:/home/mohamed/ros2_ws/install/secure_connection:/home/mohamed/ros2_ws/install/node_network:/home/mohamed/ros2_ws/install/my_robot_controller:/opt/ros/jazzy DEBUGINFOD_URLS=https://debuginfod.ubuntu.com VIRTUAL_ENV_PROMPT=(env) /usr/bin/cmake --install /home/mohamed/ros2_ws/src/custom_interfaces/build/custom_interfaces
