[2.918s] Invoking command in '/home/mohamed/ros2_ws/src/my_robot_controller': DEBUGINFOD_URLS=https://debuginfod.ubuntu.com PYTHONPATH=/home/mohamed/ros2_ws/src/build/my_robot_controller/prefix_override:/usr/lib/python3/dist-packages/colcon_core/task/python/colcon_distutils_commands:/home/mohamed/ros2_ws/src/install/my_robot_controller/lib/python3.12/site-packages:${PYTHONPATH} VIRTUAL_ENV_PROMPT=(env) /usr/bin/python3 -W ignore:setup.py install is deprecated -W ignore:easy_install command is deprecated setup.py egg_info --egg-base ../build/my_robot_controller build --build-base /home/mohamed/ros2_ws/src/build/my_robot_controller/build install --record /home/mohamed/ros2_ws/src/build/my_robot_controller/install.log --single-version-externally-managed install_data
[3.439s] running egg_info
[3.482s] writing ../build/my_robot_controller/my_robot_controller.egg-info/PKG-INFO
[3.482s] writing dependency_links to ../build/my_robot_controller/my_robot_controller.egg-info/dependency_links.txt
[3.482s] writing entry points to ../build/my_robot_controller/my_robot_controller.egg-info/entry_points.txt
[3.483s] writing requirements to ../build/my_robot_controller/my_robot_controller.egg-info/requires.txt
[3.483s] writing top-level names to ../build/my_robot_controller/my_robot_controller.egg-info/top_level.txt
[3.552s] reading manifest file '../build/my_robot_controller/my_robot_controller.egg-info/SOURCES.txt'
[3.553s] writing manifest file '../build/my_robot_controller/my_robot_controller.egg-info/SOURCES.txt'
[3.554s] running build
[3.554s] running build_py
[3.555s] running install
[3.563s] running install_lib
[3.596s] running install_data
[3.596s] running install_egg_info
[3.628s] removing '/home/mohamed/ros2_ws/src/install/my_robot_controller/lib/python3.12/site-packages/my_robot_controller-0.0.0-py3.12.egg-info' (and everything under it)
[3.628s] Copying ../build/my_robot_controller/my_robot_controller.egg-info to /home/mohamed/ros2_ws/src/install/my_robot_controller/lib/python3.12/site-packages/my_robot_controller-0.0.0-py3.12.egg-info
[3.630s] running install_scripts
[3.907s] Installing listener script to /home/mohamed/ros2_ws/src/install/my_robot_controller/lib/my_robot_controller
[3.908s] Installing talker script to /home/mohamed/ros2_ws/src/install/my_robot_controller/lib/my_robot_controller
[3.908s] Installing unauthorised_listener script to /home/mohamed/ros2_ws/src/install/my_robot_controller/lib/my_robot_controller
[3.908s] writing list of installed files to '/home/mohamed/ros2_ws/src/build/my_robot_controller/install.log'
[4.060s] Invoked command in '/home/mohamed/ros2_ws/src/my_robot_controller' returned '0': DEBUGINFOD_URLS=https://debuginfod.ubuntu.com PYTHONPATH=/home/mohamed/ros2_ws/src/build/my_robot_controller/prefix_override:/usr/lib/python3/dist-packages/colcon_core/task/python/colcon_distutils_commands:/home/mohamed/ros2_ws/src/install/my_robot_controller/lib/python3.12/site-packages:${PYTHONPATH} VIRTUAL_ENV_PROMPT=(env) /usr/bin/python3 -W ignore:setup.py install is deprecated -W ignore:easy_install command is deprecated setup.py egg_info --egg-base ../build/my_robot_controller build --build-base /home/mohamed/ros2_ws/src/build/my_robot_controller/build install --record /home/mohamed/ros2_ws/src/build/my_robot_controller/install.log --single-version-externally-managed install_data
