[0.087s] Invoking command in '/home/mohamed/ros2_ws/build/custom_interfaces': CMAKE_PREFIX_PATH=${CMAKE_PREFIX_PATH}:/home/mohamed/ros2_ws/install/test_connections:/home/mohamed/ros2_ws/install/test_latency:/home/mohamed/ros2_ws/install/secure_connection:/home/mohamed/ros2_ws/install/node_network:/home/mohamed/ros2_ws/install/my_robot_controller:/opt/ros/jazzy DEBUGINFOD_URLS=https://debuginfod.ubuntu.com VIRTUAL_ENV_PROMPT=(env) /usr/bin/cmake --build /home/mohamed/ros2_ws/build/custom_interfaces -- -j8 -l8
[2.059s] [  2%] Built target custom_interfaces__rosidl_generator_type_description
[2.060s] [  5%] Built target custom_interfaces__rs
[2.061s] [  5%] Built target ament_cmake_python_copy_custom_interfaces
[2.061s] [  8%] Built target custom_interfaces__cpp
[2.062s] [ 22%] Built target custom_interfaces__rosidl_generator_c
[2.062s] [ 31%] Built target custom_interfaces__rosidl_typesupport_c
[2.062s] [ 40%] Built target custom_interfaces__rosidl_typesupport_introspection_c
[2.063s] [ 48%] Built target custom_interfaces__rosidl_typesupport_fastrtps_cpp
[2.063s] [ 57%] Built target custom_interfaces__rosidl_typesupport_fastrtps_c
[2.063s] [ 65%] Built target custom_interfaces__rosidl_typesupport_cpp
[2.063s] [ 74%] Built target custom_interfaces__rosidl_typesupport_introspection_cpp
[2.063s] [ 74%] Built target custom_interfaces
[2.063s] [ 77%] Built target custom_interfaces__py
[2.064s] [ 82%] Built target custom_interfaces__rosidl_generator_py
[2.064s] [ 88%] Built target custom_interfaces_s__rosidl_typesupport_fastrtps_c
[2.064s] [ 94%] Built target custom_interfaces_s__rosidl_typesupport_introspection_c
[2.064s] [100%] Built target custom_interfaces_s__rosidl_typesupport_c
[2.064s] running egg_info
[2.064s] writing custom_interfaces.egg-info/PKG-INFO
[2.064s] writing dependency_links to custom_interfaces.egg-info/dependency_links.txt
[2.065s] writing top-level names to custom_interfaces.egg-info/top_level.txt
[2.065s] reading manifest file 'custom_interfaces.egg-info/SOURCES.txt'
[2.065s] writing manifest file 'custom_interfaces.egg-info/SOURCES.txt'
[2.065s] [100%] Built target ament_cmake_python_build_custom_interfaces_egg
[2.561s] Invoked command in '/home/mohamed/ros2_ws/build/custom_interfaces' returned '0': CMAKE_PREFIX_PATH=${CMAKE_PREFIX_PATH}:/home/mohamed/ros2_ws/install/test_connections:/home/mohamed/ros2_ws/install/test_latency:/home/mohamed/ros2_ws/install/secure_connection:/home/mohamed/ros2_ws/install/node_network:/home/mohamed/ros2_ws/install/my_robot_controller:/opt/ros/jazzy DEBUGINFOD_URLS=https://debuginfod.ubuntu.com VIRTUAL_ENV_PROMPT=(env) /usr/bin/cmake --build /home/mohamed/ros2_ws/build/custom_interfaces -- -j8 -l8
[2.577s] Invoking command in '/home/mohamed/ros2_ws/build/custom_interfaces': CMAKE_PREFIX_PATH=${CMAKE_PREFIX_PATH}:/home/mohamed/ros2_ws/install/test_connections:/home/mohamed/ros2_ws/install/test_latency:/home/mohamed/ros2_ws/install/secure_connection:/home/mohamed/ros2_ws/install/node_network:/home/mohamed/ros2_ws/install/my_robot_controller:/opt/ros/jazzy DEBUGINFOD_URLS=https://debuginfod.ubuntu.com VIRTUAL_ENV_PROMPT=(env) /usr/bin/cmake --install /home/mohamed/ros2_ws/build/custom_interfaces
[2.593s] -- Install configuration: ""
[2.593s] -- Up-to-date: /home/mohamed/ros2_ws/install/custom_interfaces/share/ament_index/resource_index/rosidl_interfaces/custom_interfaces
[2.594s] -- Up-to-date: /home/mohamed/ros2_ws/install/custom_interfaces/share/custom_interfaces/msg/SECRET.json
[2.594s] -- Up-to-date: /home/mohamed/ros2_ws/install/custom_interfaces/include/custom_interfaces/custom_interfaces
[2.595s] -- Up-to-date: /home/mohamed/ros2_ws/install/custom_interfaces/include/custom_interfaces/custom_interfaces/msg
[2.595s] -- Up-to-date: /home/mohamed/ros2_ws/install/custom_interfaces/include/custom_interfaces/custom_interfaces/msg/detail
[2.595s] -- Up-to-date: /home/mohamed/ros2_ws/install/custom_interfaces/include/custom_interfaces/custom_interfaces/msg/detail/secret__struct.h
[2.596s] -- Up-to-date: /home/mohamed/ros2_ws/install/custom_interfaces/include/custom_interfaces/custom_interfaces/msg/detail/secret__type_support.c
[2.596s] -- Up-to-date: /home/mohamed/ros2_ws/install/custom_interfaces/include/custom_interfaces/custom_interfaces/msg/detail/secret__type_support.h
[2.597s] -- Up-to-date: /home/mohamed/ros2_ws/install/custom_interfaces/include/custom_interfaces/custom_interfaces/msg/detail/secret__functions.h
[2.597s] -- Up-to-date: /home/mohamed/ros2_ws/install/custom_interfaces/include/custom_interfaces/custom_interfaces/msg/detail/secret__functions.c
[2.598s] -- Up-to-date: /home/mohamed/ros2_ws/install/custom_interfaces/include/custom_interfaces/custom_interfaces/msg/detail/secret__description.c
[2.598s] -- Up-to-date: /home/mohamed/ros2_ws/install/custom_interfaces/include/custom_interfaces/custom_interfaces/msg/secret.h
[2.598s] -- Up-to-date: /home/mohamed/ros2_ws/install/custom_interfaces/include/custom_interfaces/custom_interfaces/msg/rosidl_generator_c__visibility_control.h
[2.599s] -- Up-to-date: /home/mohamed/ros2_ws/install/custom_interfaces/share/custom_interfaces/environment/library_path.sh
[2.599s] -- Up-to-date: /home/mohamed/ros2_ws/install/custom_interfaces/share/custom_interfaces/environment/library_path.dsv
[2.599s] -- Up-to-date: /home/mohamed/ros2_ws/install/custom_interfaces/lib/libcustom_interfaces__rosidl_generator_c.so
[2.600s] -- Up-to-date: /home/mohamed/ros2_ws/install/custom_interfaces/include/custom_interfaces/custom_interfaces
[2.600s] -- Up-to-date: /home/mohamed/ros2_ws/install/custom_interfaces/include/custom_interfaces/custom_interfaces/msg
[2.600s] -- Up-to-date: /home/mohamed/ros2_ws/install/custom_interfaces/include/custom_interfaces/custom_interfaces/msg/rosidl_typesupport_fastrtps_c__visibility_control.h
[2.601s] -- Up-to-date: /home/mohamed/ros2_ws/install/custom_interfaces/include/custom_interfaces/custom_interfaces/msg/detail
[2.601s] -- Up-to-date: /home/mohamed/ros2_ws/install/custom_interfaces/include/custom_interfaces/custom_interfaces/msg/detail/secret__rosidl_typesupport_fastrtps_c.h
[2.602s] -- Up-to-date: /home/mohamed/ros2_ws/install/custom_interfaces/lib/libcustom_interfaces__rosidl_typesupport_fastrtps_c.so
[2.602s] -- Up-to-date: /home/mohamed/ros2_ws/install/custom_interfaces/include/custom_interfaces/custom_interfaces
[2.602s] -- Up-to-date: /home/mohamed/ros2_ws/install/custom_interfaces/include/custom_interfaces/custom_interfaces/msg
[2.603s] -- Up-to-date: /home/mohamed/ros2_ws/install/custom_interfaces/include/custom_interfaces/custom_interfaces/msg/rosidl_generator_cpp__visibility_control.hpp
[2.603s] -- Up-to-date: /home/mohamed/ros2_ws/install/custom_interfaces/include/custom_interfaces/custom_interfaces/msg/detail
[2.604s] -- Up-to-date: /home/mohamed/ros2_ws/install/custom_interfaces/include/custom_interfaces/custom_interfaces/msg/detail/secret__struct.hpp
[2.604s] -- Up-to-date: /home/mohamed/ros2_ws/install/custom_interfaces/include/custom_interfaces/custom_interfaces/msg/detail/secret__type_support.hpp
[2.604s] -- Up-to-date: /home/mohamed/ros2_ws/install/custom_interfaces/include/custom_interfaces/custom_interfaces/msg/detail/secret__builder.hpp
[2.605s] -- Up-to-date: /home/mohamed/ros2_ws/install/custom_interfaces/include/custom_interfaces/custom_interfaces/msg/detail/secret__traits.hpp
[2.605s] -- Up-to-date: /home/mohamed/ros2_ws/install/custom_interfaces/include/custom_interfaces/custom_interfaces/msg/secret.hpp
[2.606s] -- Up-to-date: /home/mohamed/ros2_ws/install/custom_interfaces/include/custom_interfaces/custom_interfaces
[2.606s] -- Up-to-date: /home/mohamed/ros2_ws/install/custom_interfaces/include/custom_interfaces/custom_interfaces/msg
[2.606s] -- Up-to-date: /home/mohamed/ros2_ws/install/custom_interfaces/include/custom_interfaces/custom_interfaces/msg/detail
[2.607s] -- Up-to-date: /home/mohamed/ros2_ws/install/custom_interfaces/include/custom_interfaces/custom_interfaces/msg/detail/dds_fastrtps
[2.607s] -- Up-to-date: /home/mohamed/ros2_ws/install/custom_interfaces/include/custom_interfaces/custom_interfaces/msg/detail/secret__rosidl_typesupport_fastrtps_cpp.hpp
[2.607s] -- Up-to-date: /home/mohamed/ros2_ws/install/custom_interfaces/include/custom_interfaces/custom_interfaces/msg/rosidl_typesupport_fastrtps_cpp__visibility_control.h
[2.608s] -- Up-to-date: /home/mohamed/ros2_ws/install/custom_interfaces/lib/libcustom_interfaces__rosidl_typesupport_fastrtps_cpp.so
[2.608s] -- Up-to-date: /home/mohamed/ros2_ws/install/custom_interfaces/include/custom_interfaces/custom_interfaces
[2.608s] -- Up-to-date: /home/mohamed/ros2_ws/install/custom_interfaces/include/custom_interfaces/custom_interfaces/msg
[2.608s] -- Up-to-date: /home/mohamed/ros2_ws/install/custom_interfaces/include/custom_interfaces/custom_interfaces/msg/detail
[2.609s] -- Up-to-date: /home/mohamed/ros2_ws/install/custom_interfaces/include/custom_interfaces/custom_interfaces/msg/detail/secret__type_support.c
[2.609s] -- Up-to-date: /home/mohamed/ros2_ws/install/custom_interfaces/include/custom_interfaces/custom_interfaces/msg/detail/secret__rosidl_typesupport_introspection_c.h
[2.609s] -- Up-to-date: /home/mohamed/ros2_ws/install/custom_interfaces/include/custom_interfaces/custom_interfaces/msg/rosidl_typesupport_introspection_c__visibility_control.h
[2.609s] -- Up-to-date: /home/mohamed/ros2_ws/install/custom_interfaces/lib/libcustom_interfaces__rosidl_typesupport_introspection_c.so
[2.610s] -- Up-to-date: /home/mohamed/ros2_ws/install/custom_interfaces/lib/libcustom_interfaces__rosidl_typesupport_c.so
[2.610s] -- Up-to-date: /home/mohamed/ros2_ws/install/custom_interfaces/include/custom_interfaces/custom_interfaces
[2.610s] -- Up-to-date: /home/mohamed/ros2_ws/install/custom_interfaces/include/custom_interfaces/custom_interfaces/msg
[2.610s] -- Up-to-date: /home/mohamed/ros2_ws/install/custom_interfaces/include/custom_interfaces/custom_interfaces/msg/detail
[2.611s] -- Up-to-date: /home/mohamed/ros2_ws/install/custom_interfaces/include/custom_interfaces/custom_interfaces/msg/detail/secret__type_support.cpp
[2.611s] -- Up-to-date: /home/mohamed/ros2_ws/install/custom_interfaces/include/custom_interfaces/custom_interfaces/msg/detail/secret__rosidl_typesupport_introspection_cpp.hpp
[2.612s] -- Up-to-date: /home/mohamed/ros2_ws/install/custom_interfaces/lib/libcustom_interfaces__rosidl_typesupport_introspection_cpp.so
[2.612s] -- Up-to-date: /home/mohamed/ros2_ws/install/custom_interfaces/lib/libcustom_interfaces__rosidl_typesupport_cpp.so
[2.612s] -- Up-to-date: /home/mohamed/ros2_ws/install/custom_interfaces/share/custom_interfaces/environment/pythonpath.sh
[2.612s] -- Up-to-date: /home/mohamed/ros2_ws/install/custom_interfaces/share/custom_interfaces/environment/pythonpath.dsv
[2.613s] -- Up-to-date: /home/mohamed/ros2_ws/install/custom_interfaces/lib/python3.12/site-packages/custom_interfaces-0.0.0-py3.12.egg-info
[2.613s] -- Installing: /home/mohamed/ros2_ws/install/custom_interfaces/lib/python3.12/site-packages/custom_interfaces-0.0.0-py3.12.egg-info/SOURCES.txt
[2.613s] -- Installing: /home/mohamed/ros2_ws/install/custom_interfaces/lib/python3.12/site-packages/custom_interfaces-0.0.0-py3.12.egg-info/top_level.txt
[2.613s] -- Installing: /home/mohamed/ros2_ws/install/custom_interfaces/lib/python3.12/site-packages/custom_interfaces-0.0.0-py3.12.egg-info/dependency_links.txt
[2.614s] -- Installing: /home/mohamed/ros2_ws/install/custom_interfaces/lib/python3.12/site-packages/custom_interfaces-0.0.0-py3.12.egg-info/PKG-INFO
[2.614s] -- Up-to-date: /home/mohamed/ros2_ws/install/custom_interfaces/lib/python3.12/site-packages/custom_interfaces
[2.614s] -- Up-to-date: /home/mohamed/ros2_ws/install/custom_interfaces/lib/python3.12/site-packages/custom_interfaces/custom_interfaces_s__rosidl_typesupport_fastrtps_c.so
[2.615s] -- Up-to-date: /home/mohamed/ros2_ws/install/custom_interfaces/lib/python3.12/site-packages/custom_interfaces/_custom_interfaces_s.ep.rosidl_typesupport_c.c
[2.615s] -- Up-to-date: /home/mohamed/ros2_ws/install/custom_interfaces/lib/python3.12/site-packages/custom_interfaces/custom_interfaces_s__rosidl_typesupport_c.so
[2.615s] -- Up-to-date: /home/mohamed/ros2_ws/install/custom_interfaces/lib/python3.12/site-packages/custom_interfaces/custom_interfaces_s__rosidl_typesupport_introspection_c.so
[2.615s] -- Up-to-date: /home/mohamed/ros2_ws/install/custom_interfaces/lib/python3.12/site-packages/custom_interfaces/_custom_interfaces_s.ep.rosidl_typesupport_introspection_c.c
[2.616s] -- Up-to-date: /home/mohamed/ros2_ws/install/custom_interfaces/lib/python3.12/site-packages/custom_interfaces/_custom_interfaces_s.ep.rosidl_typesupport_fastrtps_c.c
[2.616s] -- Up-to-date: /home/mohamed/ros2_ws/install/custom_interfaces/lib/python3.12/site-packages/custom_interfaces/msg
[2.616s] -- Up-to-date: /home/mohamed/ros2_ws/install/custom_interfaces/lib/python3.12/site-packages/custom_interfaces/msg/_secret_s.c
[2.616s] -- Up-to-date: /home/mohamed/ros2_ws/install/custom_interfaces/lib/python3.12/site-packages/custom_interfaces/msg/_secret.py
[2.617s] -- Up-to-date: /home/mohamed/ros2_ws/install/custom_interfaces/lib/python3.12/site-packages/custom_interfaces/msg/__init__.py
[2.617s] -- Up-to-date: /home/mohamed/ros2_ws/install/custom_interfaces/lib/python3.12/site-packages/custom_interfaces/__init__.py
[2.704s] Listing '/home/mohamed/ros2_ws/install/custom_interfaces/lib/python3.12/site-packages/custom_interfaces'...
[2.705s] Listing '/home/mohamed/ros2_ws/install/custom_interfaces/lib/python3.12/site-packages/custom_interfaces/msg'...
[2.716s] -- Up-to-date: /home/mohamed/ros2_ws/install/custom_interfaces/lib/python3.12/site-packages/custom_interfaces/custom_interfaces_s__rosidl_typesupport_fastrtps_c.so
[2.717s] -- Up-to-date: /home/mohamed/ros2_ws/install/custom_interfaces/lib/python3.12/site-packages/custom_interfaces/custom_interfaces_s__rosidl_typesupport_introspection_c.so
[2.718s] -- Up-to-date: /home/mohamed/ros2_ws/install/custom_interfaces/lib/python3.12/site-packages/custom_interfaces/custom_interfaces_s__rosidl_typesupport_c.so
[2.719s] -- Up-to-date: /home/mohamed/ros2_ws/install/custom_interfaces/lib/libcustom_interfaces__rosidl_generator_py.so
[2.720s] -- Up-to-date: /home/mohamed/ros2_ws/install/custom_interfaces/share/ament_index/resource_index/rust_packages/custom_interfaces
[2.720s] -- Up-to-date: /home/mohamed/ros2_ws/install/custom_interfaces/share/custom_interfaces/rust
[2.721s] -- Up-to-date: /home/mohamed/ros2_ws/install/custom_interfaces/share/custom_interfaces/rust/Cargo.toml
[2.722s] -- Up-to-date: /home/mohamed/ros2_ws/install/custom_interfaces/share/custom_interfaces/rust/src
[2.722s] -- Up-to-date: /home/mohamed/ros2_ws/install/custom_interfaces/share/custom_interfaces/rust/src/lib.rs
[2.722s] -- Up-to-date: /home/mohamed/ros2_ws/install/custom_interfaces/share/custom_interfaces/rust/src/msg.rs
[2.723s] -- Up-to-date: /home/mohamed/ros2_ws/install/custom_interfaces/share/custom_interfaces/rust/src/msg
[2.723s] -- Up-to-date: /home/mohamed/ros2_ws/install/custom_interfaces/share/custom_interfaces/rust/src/msg/rmw.rs
[2.723s] -- Up-to-date: /home/mohamed/ros2_ws/install/custom_interfaces/share/custom_interfaces/rust/build.rs
[2.724s] -- Up-to-date: /home/mohamed/ros2_ws/install/custom_interfaces/share/custom_interfaces/msg/SECRET.idl
[2.725s] -- Up-to-date: /home/mohamed/ros2_ws/install/custom_interfaces/share/custom_interfaces/msg/SECRET.msg
[2.726s] -- Up-to-date: /home/mohamed/ros2_ws/install/custom_interfaces/share/ament_index/resource_index/package_run_dependencies/custom_interfaces
[2.727s] -- Up-to-date: /home/mohamed/ros2_ws/install/custom_interfaces/share/ament_index/resource_index/parent_prefix_path/custom_interfaces
[2.728s] -- Up-to-date: /home/mohamed/ros2_ws/install/custom_interfaces/share/custom_interfaces/environment/ament_prefix_path.sh
[2.729s] -- Up-to-date: /home/mohamed/ros2_ws/install/custom_interfaces/share/custom_interfaces/environment/ament_prefix_path.dsv
[2.730s] -- Up-to-date: /home/mohamed/ros2_ws/install/custom_interfaces/share/custom_interfaces/environment/path.sh
[2.730s] -- Up-to-date: /home/mohamed/ros2_ws/install/custom_interfaces/share/custom_interfaces/environment/path.dsv
[2.731s] -- Up-to-date: /home/mohamed/ros2_ws/install/custom_interfaces/share/custom_interfaces/local_setup.bash
[2.731s] -- Up-to-date: /home/mohamed/ros2_ws/install/custom_interfaces/share/custom_interfaces/local_setup.sh
[2.731s] -- Up-to-date: /home/mohamed/ros2_ws/install/custom_interfaces/share/custom_interfaces/local_setup.zsh
[2.732s] -- Up-to-date: /home/mohamed/ros2_ws/install/custom_interfaces/share/custom_interfaces/local_setup.dsv
[2.732s] -- Installing: /home/mohamed/ros2_ws/install/custom_interfaces/share/custom_interfaces/package.dsv
[2.732s] -- Up-to-date: /home/mohamed/ros2_ws/install/custom_interfaces/share/ament_index/resource_index/packages/custom_interfaces
[2.733s] -- Up-to-date: /home/mohamed/ros2_ws/install/custom_interfaces/share/custom_interfaces/cmake/export_custom_interfaces__rosidl_generator_cExport.cmake
[2.733s] -- Up-to-date: /home/mohamed/ros2_ws/install/custom_interfaces/share/custom_interfaces/cmake/export_custom_interfaces__rosidl_generator_cExport-noconfig.cmake
[2.733s] -- Up-to-date: /home/mohamed/ros2_ws/install/custom_interfaces/share/custom_interfaces/cmake/export_custom_interfaces__rosidl_typesupport_fastrtps_cExport.cmake
[2.734s] -- Up-to-date: /home/mohamed/ros2_ws/install/custom_interfaces/share/custom_interfaces/cmake/export_custom_interfaces__rosidl_typesupport_fastrtps_cExport-noconfig.cmake
[2.734s] -- Up-to-date: /home/mohamed/ros2_ws/install/custom_interfaces/share/custom_interfaces/cmake/export_custom_interfaces__rosidl_generator_cppExport.cmake
[2.735s] -- Up-to-date: /home/mohamed/ros2_ws/install/custom_interfaces/share/custom_interfaces/cmake/export_custom_interfaces__rosidl_typesupport_fastrtps_cppExport.cmake
[2.735s] -- Up-to-date: /home/mohamed/ros2_ws/install/custom_interfaces/share/custom_interfaces/cmake/export_custom_interfaces__rosidl_typesupport_fastrtps_cppExport-noconfig.cmake
[2.736s] -- Up-to-date: /home/mohamed/ros2_ws/install/custom_interfaces/share/custom_interfaces/cmake/custom_interfaces__rosidl_typesupport_introspection_cExport.cmake
[2.737s] -- Up-to-date: /home/mohamed/ros2_ws/install/custom_interfaces/share/custom_interfaces/cmake/custom_interfaces__rosidl_typesupport_introspection_cExport-noconfig.cmake
[2.737s] -- Up-to-date: /home/mohamed/ros2_ws/install/custom_interfaces/share/custom_interfaces/cmake/custom_interfaces__rosidl_typesupport_cExport.cmake
[2.737s] -- Up-to-date: /home/mohamed/ros2_ws/install/custom_interfaces/share/custom_interfaces/cmake/custom_interfaces__rosidl_typesupport_cExport-noconfig.cmake
[2.738s] -- Up-to-date: /home/mohamed/ros2_ws/install/custom_interfaces/share/custom_interfaces/cmake/custom_interfaces__rosidl_typesupport_introspection_cppExport.cmake
[2.738s] -- Up-to-date: /home/mohamed/ros2_ws/install/custom_interfaces/share/custom_interfaces/cmake/custom_interfaces__rosidl_typesupport_introspection_cppExport-noconfig.cmake
[2.739s] -- Up-to-date: /home/mohamed/ros2_ws/install/custom_interfaces/share/custom_interfaces/cmake/custom_interfaces__rosidl_typesupport_cppExport.cmake
[2.739s] -- Up-to-date: /home/mohamed/ros2_ws/install/custom_interfaces/share/custom_interfaces/cmake/custom_interfaces__rosidl_typesupport_cppExport-noconfig.cmake
[2.742s] -- Up-to-date: /home/mohamed/ros2_ws/install/custom_interfaces/share/custom_interfaces/cmake/export_custom_interfaces__rosidl_generator_pyExport.cmake
[2.743s] -- Up-to-date: /home/mohamed/ros2_ws/install/custom_interfaces/share/custom_interfaces/cmake/export_custom_interfaces__rosidl_generator_pyExport-noconfig.cmake
[2.743s] -- Up-to-date: /home/mohamed/ros2_ws/install/custom_interfaces/share/custom_interfaces/cmake/rosidl_cmake-extras.cmake
[2.744s] -- Up-to-date: /home/mohamed/ros2_ws/install/custom_interfaces/share/custom_interfaces/cmake/ament_cmake_export_include_directories-extras.cmake
[2.745s] -- Up-to-date: /home/mohamed/ros2_ws/install/custom_interfaces/share/custom_interfaces/cmake/ament_cmake_export_libraries-extras.cmake
[2.745s] -- Up-to-date: /home/mohamed/ros2_ws/install/custom_interfaces/share/custom_interfaces/cmake/ament_cmake_export_targets-extras.cmake
[2.746s] -- Up-to-date: /home/mohamed/ros2_ws/install/custom_interfaces/share/custom_interfaces/cmake/rosidl_cmake_export_typesupport_targets-extras.cmake
[2.747s] -- Up-to-date: /home/mohamed/ros2_ws/install/custom_interfaces/share/custom_interfaces/cmake/ament_cmake_export_dependencies-extras.cmake
[2.748s] -- Up-to-date: /home/mohamed/ros2_ws/install/custom_interfaces/share/custom_interfaces/cmake/rosidl_cmake_export_typesupport_libraries-extras.cmake
[2.748s] -- Up-to-date: /home/mohamed/ros2_ws/install/custom_interfaces/share/custom_interfaces/cmake/custom_interfacesConfig.cmake
[2.749s] -- Up-to-date: /home/mohamed/ros2_ws/install/custom_interfaces/share/custom_interfaces/cmake/custom_interfacesConfig-version.cmake
[2.750s] -- Up-to-date: /home/mohamed/ros2_ws/install/custom_interfaces/share/custom_interfaces/package.xml
[2.750s] Invoked command in '/home/mohamed/ros2_ws/build/custom_interfaces' returned '0': CMAKE_PREFIX_PATH=${CMAKE_PREFIX_PATH}:/home/mohamed/ros2_ws/install/test_connections:/home/mohamed/ros2_ws/install/test_latency:/home/mohamed/ros2_ws/install/secure_connection:/home/mohamed/ros2_ws/install/node_network:/home/mohamed/ros2_ws/install/my_robot_controller:/opt/ros/jazzy DEBUGINFOD_URLS=https://debuginfod.ubuntu.com VIRTUAL_ENV_PROMPT=(env) /usr/bin/cmake --install /home/mohamed/ros2_ws/build/custom_interfaces
