[3.168s] Invoking command in '/home/mohamed/ros2_ws/src/node_network': DEBUGINFOD_URLS=https://debuginfod.ubuntu.com PYTHONPATH=/home/mohamed/ros2_ws/build/node_network/prefix_override:/usr/lib/python3/dist-packages/colcon_core/task/python/colcon_distutils_commands:/home/mohamed/ros2_ws/install/node_network/lib/python3.12/site-packages:${PYTHONPATH} VIRTUAL_ENV_PROMPT=(env) /usr/bin/python3 -W ignore:setup.py install is deprecated -W ignore:easy_install command is deprecated setup.py egg_info --egg-base ../../build/node_network build --build-base /home/mohamed/ros2_ws/build/node_network/build install --record /home/mohamed/ros2_ws/build/node_network/install.log --single-version-externally-managed install_data
[3.927s] running egg_info
[3.990s] writing ../../build/node_network/node_network.egg-info/PKG-INFO
[3.991s] writing dependency_links to ../../build/node_network/node_network.egg-info/dependency_links.txt
[3.991s] writing entry points to ../../build/node_network/node_network.egg-info/entry_points.txt
[3.991s] writing requirements to ../../build/node_network/node_network.egg-info/requires.txt
[3.991s] writing top-level names to ../../build/node_network/node_network.egg-info/top_level.txt
[4.098s] reading manifest file '../../build/node_network/node_network.egg-info/SOURCES.txt'
[4.100s] writing manifest file '../../build/node_network/node_network.egg-info/SOURCES.txt'
[4.100s] running build
[4.100s] running build_py
[4.101s] running install
[4.114s] running install_lib
[4.173s] running install_data
[4.173s] running install_egg_info
[4.212s] removing '/home/mohamed/ros2_ws/install/node_network/lib/python3.12/site-packages/node_network-0.0.0-py3.12.egg-info' (and everything under it)
[4.213s] Copying ../../build/node_network/node_network.egg-info to /home/mohamed/ros2_ws/install/node_network/lib/python3.12/site-packages/node_network-0.0.0-py3.12.egg-info
[4.214s] running install_scripts
[4.579s] Installing Alpha script to /home/mohamed/ros2_ws/install/node_network/lib/node_network
[4.581s] Installing Beta script to /home/mohamed/ros2_ws/install/node_network/lib/node_network
[4.582s] Installing Delta script to /home/mohamed/ros2_ws/install/node_network/lib/node_network
[4.585s] Installing Gamma script to /home/mohamed/ros2_ws/install/node_network/lib/node_network
[4.592s] writing list of installed files to '/home/mohamed/ros2_ws/build/node_network/install.log'
[4.732s] Invoked command in '/home/mohamed/ros2_ws/src/node_network' returned '0': DEBUGINFOD_URLS=https://debuginfod.ubuntu.com PYTHONPATH=/home/mohamed/ros2_ws/build/node_network/prefix_override:/usr/lib/python3/dist-packages/colcon_core/task/python/colcon_distutils_commands:/home/mohamed/ros2_ws/install/node_network/lib/python3.12/site-packages:${PYTHONPATH} VIRTUAL_ENV_PROMPT=(env) /usr/bin/python3 -W ignore:setup.py install is deprecated -W ignore:easy_install command is deprecated setup.py egg_info --egg-base ../../build/node_network build --build-base /home/mohamed/ros2_ws/build/node_network/build install --record /home/mohamed/ros2_ws/build/node_network/install.log --single-version-externally-managed install_data
