[0.121s] Invoking command in '/home/mohamed/ros2_ws/build/custom_interfaces': CMAKE_PREFIX_PATH=${CMAKE_PREFIX_PATH}:/home/mohamed/ros2_ws/install/test_connections:/home/mohamed/ros2_ws/install/test_latency:/home/mohamed/ros2_ws/install/secure_connection:/home/mohamed/ros2_ws/install/node_network:/home/mohamed/ros2_ws/install/my_robot_controller:/opt/ros/jazzy DEBUGINFOD_URLS=https://debuginfod.ubuntu.com VIRTUAL_ENV_PROMPT=(env) /usr/bin/cmake --build /home/mohamed/ros2_ws/build/custom_interfaces -- -j8 -l8
[2.397s] [  2%] Built target custom_interfaces__rosidl_generator_type_description
[2.397s] [  5%] Built target custom_interfaces__rs
[2.398s] [  5%] Built target ament_cmake_python_copy_custom_interfaces
[2.398s] [  8%] Built target custom_interfaces__cpp
[2.399s] [ 22%] Built target custom_interfaces__rosidl_generator_c
[2.399s] [ 31%] Built target custom_interfaces__rosidl_typesupport_c
[2.400s] [ 40%] Built target custom_interfaces__rosidl_typesupport_fastrtps_cpp
[2.400s] [ 48%] Built target custom_interfaces__rosidl_typesupport_fastrtps_c
[2.401s] [ 57%] Built target custom_interfaces__rosidl_typesupport_introspection_c
[2.401s] [ 65%] Built target custom_interfaces__rosidl_typesupport_cpp
[2.402s] [ 74%] Built target custom_interfaces__rosidl_typesupport_introspection_cpp
[2.402s] [ 74%] Built target custom_interfaces
[2.402s] [ 77%] Built target custom_interfaces__py
[2.402s] [ 82%] Built target custom_interfaces__rosidl_generator_py
[2.403s] [ 88%] Built target custom_interfaces_s__rosidl_typesupport_c
[2.403s] [100%] Built target custom_interfaces_s__rosidl_typesupport_introspection_c
[2.403s] [100%] Built target custom_interfaces_s__rosidl_typesupport_fastrtps_c
[2.403s] running egg_info
[2.404s] writing custom_interfaces.egg-info/PKG-INFO
[2.404s] writing dependency_links to custom_interfaces.egg-info/dependency_links.txt
[2.404s] writing top-level names to custom_interfaces.egg-info/top_level.txt
[2.404s] reading manifest file 'custom_interfaces.egg-info/SOURCES.txt'
[2.404s] writing manifest file 'custom_interfaces.egg-info/SOURCES.txt'
[2.405s] [100%] Built target ament_cmake_python_build_custom_interfaces_egg
[2.405s] Invoked command in '/home/mohamed/ros2_ws/build/custom_interfaces' returned '0': CMAKE_PREFIX_PATH=${CMAKE_PREFIX_PATH}:/home/mohamed/ros2_ws/install/test_connections:/home/mohamed/ros2_ws/install/test_latency:/home/mohamed/ros2_ws/install/secure_connection:/home/mohamed/ros2_ws/install/node_network:/home/mohamed/ros2_ws/install/my_robot_controller:/opt/ros/jazzy DEBUGINFOD_URLS=https://debuginfod.ubuntu.com VIRTUAL_ENV_PROMPT=(env) /usr/bin/cmake --build /home/mohamed/ros2_ws/build/custom_interfaces -- -j8 -l8
[2.419s] Invoking command in '/home/mohamed/ros2_ws/build/custom_interfaces': CMAKE_PREFIX_PATH=${CMAKE_PREFIX_PATH}:/home/mohamed/ros2_ws/install/test_connections:/home/mohamed/ros2_ws/install/test_latency:/home/mohamed/ros2_ws/install/secure_connection:/home/mohamed/ros2_ws/install/node_network:/home/mohamed/ros2_ws/install/my_robot_controller:/opt/ros/jazzy DEBUGINFOD_URLS=https://debuginfod.ubuntu.com VIRTUAL_ENV_PROMPT=(env) /usr/bin/cmake --install /home/mohamed/ros2_ws/build/custom_interfaces
[2.928s] -- Install configuration: ""
[2.928s] -- Up-to-date: /home/mohamed/ros2_ws/install/custom_interfaces/share/ament_index/resource_index/rosidl_interfaces/custom_interfaces
[2.930s] -- Up-to-date: /home/mohamed/ros2_ws/install/custom_interfaces/share/custom_interfaces/msg/SECRET.json
[2.930s] -- Up-to-date: /home/mohamed/ros2_ws/install/custom_interfaces/include/custom_interfaces/custom_interfaces
[2.931s] -- Up-to-date: /home/mohamed/ros2_ws/install/custom_interfaces/include/custom_interfaces/custom_interfaces/msg
[2.932s] -- Up-to-date: /home/mohamed/ros2_ws/install/custom_interfaces/include/custom_interfaces/custom_interfaces/msg/detail
[2.932s] -- Up-to-date: /home/mohamed/ros2_ws/install/custom_interfaces/include/custom_interfaces/custom_interfaces/msg/detail/secret__struct.h
[2.934s] -- Up-to-date: /home/mohamed/ros2_ws/install/custom_interfaces/include/custom_interfaces/custom_interfaces/msg/detail/secret__type_support.c
[2.935s] -- Up-to-date: /home/mohamed/ros2_ws/install/custom_interfaces/include/custom_interfaces/custom_interfaces/msg/detail/secret__type_support.h
[2.937s] -- Up-to-date: /home/mohamed/ros2_ws/install/custom_interfaces/include/custom_interfaces/custom_interfaces/msg/detail/secret__functions.h
[2.938s] -- Up-to-date: /home/mohamed/ros2_ws/install/custom_interfaces/include/custom_interfaces/custom_interfaces/msg/detail/secret__functions.c
[2.938s] -- Up-to-date: /home/mohamed/ros2_ws/install/custom_interfaces/include/custom_interfaces/custom_interfaces/msg/detail/secret__description.c
[2.938s] -- Up-to-date: /home/mohamed/ros2_ws/install/custom_interfaces/include/custom_interfaces/custom_interfaces/msg/secret.h
[2.938s] -- Up-to-date: /home/mohamed/ros2_ws/install/custom_interfaces/include/custom_interfaces/custom_interfaces/msg/rosidl_generator_c__visibility_control.h
[2.939s] -- Up-to-date: /home/mohamed/ros2_ws/install/custom_interfaces/share/custom_interfaces/environment/library_path.sh
[2.939s] -- Up-to-date: /home/mohamed/ros2_ws/install/custom_interfaces/share/custom_interfaces/environment/library_path.dsv
[2.939s] -- Up-to-date: /home/mohamed/ros2_ws/install/custom_interfaces/lib/libcustom_interfaces__rosidl_generator_c.so
[2.940s] -- Up-to-date: /home/mohamed/ros2_ws/install/custom_interfaces/include/custom_interfaces/custom_interfaces
[2.940s] -- Up-to-date: /home/mohamed/ros2_ws/install/custom_interfaces/include/custom_interfaces/custom_interfaces/msg
[2.940s] -- Up-to-date: /home/mohamed/ros2_ws/install/custom_interfaces/include/custom_interfaces/custom_interfaces/msg/rosidl_typesupport_fastrtps_c__visibility_control.h
[2.941s] -- Up-to-date: /home/mohamed/ros2_ws/install/custom_interfaces/include/custom_interfaces/custom_interfaces/msg/detail
[2.942s] -- Up-to-date: /home/mohamed/ros2_ws/install/custom_interfaces/include/custom_interfaces/custom_interfaces/msg/detail/secret__rosidl_typesupport_fastrtps_c.h
[2.944s] -- Up-to-date: /home/mohamed/ros2_ws/install/custom_interfaces/lib/libcustom_interfaces__rosidl_typesupport_fastrtps_c.so
[2.945s] -- Up-to-date: /home/mohamed/ros2_ws/install/custom_interfaces/include/custom_interfaces/custom_interfaces
[2.946s] -- Up-to-date: /home/mohamed/ros2_ws/install/custom_interfaces/include/custom_interfaces/custom_interfaces/msg
[2.947s] -- Up-to-date: /home/mohamed/ros2_ws/install/custom_interfaces/include/custom_interfaces/custom_interfaces/msg/rosidl_generator_cpp__visibility_control.hpp
[2.948s] -- Up-to-date: /home/mohamed/ros2_ws/install/custom_interfaces/include/custom_interfaces/custom_interfaces/msg/detail
[2.950s] -- Up-to-date: /home/mohamed/ros2_ws/install/custom_interfaces/include/custom_interfaces/custom_interfaces/msg/detail/secret__struct.hpp
[2.951s] -- Up-to-date: /home/mohamed/ros2_ws/install/custom_interfaces/include/custom_interfaces/custom_interfaces/msg/detail/secret__type_support.hpp
[2.954s] -- Up-to-date: /home/mohamed/ros2_ws/install/custom_interfaces/include/custom_interfaces/custom_interfaces/msg/detail/secret__builder.hpp
[2.956s] -- Up-to-date: /home/mohamed/ros2_ws/install/custom_interfaces/include/custom_interfaces/custom_interfaces/msg/detail/secret__traits.hpp
[2.956s] -- Up-to-date: /home/mohamed/ros2_ws/install/custom_interfaces/include/custom_interfaces/custom_interfaces/msg/secret.hpp
[2.957s] -- Up-to-date: /home/mohamed/ros2_ws/install/custom_interfaces/include/custom_interfaces/custom_interfaces
[2.958s] -- Up-to-date: /home/mohamed/ros2_ws/install/custom_interfaces/include/custom_interfaces/custom_interfaces/msg
[2.959s] -- Up-to-date: /home/mohamed/ros2_ws/install/custom_interfaces/include/custom_interfaces/custom_interfaces/msg/detail
[2.959s] -- Up-to-date: /home/mohamed/ros2_ws/install/custom_interfaces/include/custom_interfaces/custom_interfaces/msg/detail/dds_fastrtps
[2.961s] -- Up-to-date: /home/mohamed/ros2_ws/install/custom_interfaces/include/custom_interfaces/custom_interfaces/msg/detail/secret__rosidl_typesupport_fastrtps_cpp.hpp
[2.962s] -- Up-to-date: /home/mohamed/ros2_ws/install/custom_interfaces/include/custom_interfaces/custom_interfaces/msg/rosidl_typesupport_fastrtps_cpp__visibility_control.h
[2.962s] -- Up-to-date: /home/mohamed/ros2_ws/install/custom_interfaces/lib/libcustom_interfaces__rosidl_typesupport_fastrtps_cpp.so
[2.963s] -- Up-to-date: /home/mohamed/ros2_ws/install/custom_interfaces/include/custom_interfaces/custom_interfaces
[2.963s] -- Up-to-date: /home/mohamed/ros2_ws/install/custom_interfaces/include/custom_interfaces/custom_interfaces/msg
[2.964s] -- Up-to-date: /home/mohamed/ros2_ws/install/custom_interfaces/include/custom_interfaces/custom_interfaces/msg/detail
[2.965s] -- Up-to-date: /home/mohamed/ros2_ws/install/custom_interfaces/include/custom_interfaces/custom_interfaces/msg/detail/secret__type_support.c
[2.966s] -- Up-to-date: /home/mohamed/ros2_ws/install/custom_interfaces/include/custom_interfaces/custom_interfaces/msg/detail/secret__rosidl_typesupport_introspection_c.h
[2.966s] -- Up-to-date: /home/mohamed/ros2_ws/install/custom_interfaces/include/custom_interfaces/custom_interfaces/msg/rosidl_typesupport_introspection_c__visibility_control.h
[2.967s] -- Up-to-date: /home/mohamed/ros2_ws/install/custom_interfaces/lib/libcustom_interfaces__rosidl_typesupport_introspection_c.so
[2.968s] -- Up-to-date: /home/mohamed/ros2_ws/install/custom_interfaces/lib/libcustom_interfaces__rosidl_typesupport_c.so
[2.968s] -- Up-to-date: /home/mohamed/ros2_ws/install/custom_interfaces/include/custom_interfaces/custom_interfaces
[2.968s] -- Up-to-date: /home/mohamed/ros2_ws/install/custom_interfaces/include/custom_interfaces/custom_interfaces/msg
[2.969s] -- Up-to-date: /home/mohamed/ros2_ws/install/custom_interfaces/include/custom_interfaces/custom_interfaces/msg/detail
[2.971s] -- Up-to-date: /home/mohamed/ros2_ws/install/custom_interfaces/include/custom_interfaces/custom_interfaces/msg/detail/secret__type_support.cpp
[2.972s] -- Up-to-date: /home/mohamed/ros2_ws/install/custom_interfaces/include/custom_interfaces/custom_interfaces/msg/detail/secret__rosidl_typesupport_introspection_cpp.hpp
[2.973s] -- Up-to-date: /home/mohamed/ros2_ws/install/custom_interfaces/lib/libcustom_interfaces__rosidl_typesupport_introspection_cpp.so
[2.974s] -- Up-to-date: /home/mohamed/ros2_ws/install/custom_interfaces/lib/libcustom_interfaces__rosidl_typesupport_cpp.so
[2.974s] -- Up-to-date: /home/mohamed/ros2_ws/install/custom_interfaces/share/custom_interfaces/environment/pythonpath.sh
[2.975s] -- Up-to-date: /home/mohamed/ros2_ws/install/custom_interfaces/share/custom_interfaces/environment/pythonpath.dsv
[2.975s] -- Up-to-date: /home/mohamed/ros2_ws/install/custom_interfaces/lib/python3.12/site-packages/custom_interfaces-0.0.0-py3.12.egg-info
[2.976s] -- Installing: /home/mohamed/ros2_ws/install/custom_interfaces/lib/python3.12/site-packages/custom_interfaces-0.0.0-py3.12.egg-info/SOURCES.txt
[2.977s] -- Installing: /home/mohamed/ros2_ws/install/custom_interfaces/lib/python3.12/site-packages/custom_interfaces-0.0.0-py3.12.egg-info/top_level.txt
[2.977s] -- Installing: /home/mohamed/ros2_ws/install/custom_interfaces/lib/python3.12/site-packages/custom_interfaces-0.0.0-py3.12.egg-info/dependency_links.txt
[2.978s] -- Installing: /home/mohamed/ros2_ws/install/custom_interfaces/lib/python3.12/site-packages/custom_interfaces-0.0.0-py3.12.egg-info/PKG-INFO
[2.978s] -- Up-to-date: /home/mohamed/ros2_ws/install/custom_interfaces/lib/python3.12/site-packages/custom_interfaces
[2.979s] -- Up-to-date: /home/mohamed/ros2_ws/install/custom_interfaces/lib/python3.12/site-packages/custom_interfaces/custom_interfaces_s__rosidl_typesupport_fastrtps_c.so
[2.979s] -- Up-to-date: /home/mohamed/ros2_ws/install/custom_interfaces/lib/python3.12/site-packages/custom_interfaces/_custom_interfaces_s.ep.rosidl_typesupport_c.c
[2.980s] -- Up-to-date: /home/mohamed/ros2_ws/install/custom_interfaces/lib/python3.12/site-packages/custom_interfaces/custom_interfaces_s__rosidl_typesupport_c.so
[2.980s] -- Up-to-date: /home/mohamed/ros2_ws/install/custom_interfaces/lib/python3.12/site-packages/custom_interfaces/custom_interfaces_s__rosidl_typesupport_introspection_c.so
[2.981s] -- Up-to-date: /home/mohamed/ros2_ws/install/custom_interfaces/lib/python3.12/site-packages/custom_interfaces/_custom_interfaces_s.ep.rosidl_typesupport_introspection_c.c
[2.981s] -- Up-to-date: /home/mohamed/ros2_ws/install/custom_interfaces/lib/python3.12/site-packages/custom_interfaces/_custom_interfaces_s.ep.rosidl_typesupport_fastrtps_c.c
[2.981s] -- Up-to-date: /home/mohamed/ros2_ws/install/custom_interfaces/lib/python3.12/site-packages/custom_interfaces/msg
[2.982s] -- Up-to-date: /home/mohamed/ros2_ws/install/custom_interfaces/lib/python3.12/site-packages/custom_interfaces/msg/_secret_s.c
[2.982s] -- Up-to-date: /home/mohamed/ros2_ws/install/custom_interfaces/lib/python3.12/site-packages/custom_interfaces/msg/_secret.py
[2.983s] -- Up-to-date: /home/mohamed/ros2_ws/install/custom_interfaces/lib/python3.12/site-packages/custom_interfaces/msg/__init__.py
[2.983s] -- Up-to-date: /home/mohamed/ros2_ws/install/custom_interfaces/lib/python3.12/site-packages/custom_interfaces/__init__.py
[2.984s] Listing '/home/mohamed/ros2_ws/install/custom_interfaces/lib/python3.12/site-packages/custom_interfaces'...
[2.984s] Listing '/home/mohamed/ros2_ws/install/custom_interfaces/lib/python3.12/site-packages/custom_interfaces/msg'...
[2.985s] -- Up-to-date: /home/mohamed/ros2_ws/install/custom_interfaces/lib/python3.12/site-packages/custom_interfaces/custom_interfaces_s__rosidl_typesupport_fastrtps_c.so
[2.985s] -- Up-to-date: /home/mohamed/ros2_ws/install/custom_interfaces/lib/python3.12/site-packages/custom_interfaces/custom_interfaces_s__rosidl_typesupport_introspection_c.so
[2.986s] -- Up-to-date: /home/mohamed/ros2_ws/install/custom_interfaces/lib/python3.12/site-packages/custom_interfaces/custom_interfaces_s__rosidl_typesupport_c.so
[2.986s] -- Up-to-date: /home/mohamed/ros2_ws/install/custom_interfaces/lib/libcustom_interfaces__rosidl_generator_py.so
[2.986s] -- Up-to-date: /home/mohamed/ros2_ws/install/custom_interfaces/share/ament_index/resource_index/rust_packages/custom_interfaces
[2.987s] -- Up-to-date: /home/mohamed/ros2_ws/install/custom_interfaces/share/custom_interfaces/rust
[2.987s] -- Up-to-date: /home/mohamed/ros2_ws/install/custom_interfaces/share/custom_interfaces/rust/Cargo.toml
[2.988s] -- Up-to-date: /home/mohamed/ros2_ws/install/custom_interfaces/share/custom_interfaces/rust/src
[2.988s] -- Up-to-date: /home/mohamed/ros2_ws/install/custom_interfaces/share/custom_interfaces/rust/src/lib.rs
[2.989s] -- Up-to-date: /home/mohamed/ros2_ws/install/custom_interfaces/share/custom_interfaces/rust/src/msg.rs
[2.989s] -- Up-to-date: /home/mohamed/ros2_ws/install/custom_interfaces/share/custom_interfaces/rust/src/msg
[2.990s] -- Up-to-date: /home/mohamed/ros2_ws/install/custom_interfaces/share/custom_interfaces/rust/src/msg/rmw.rs
[2.991s] -- Up-to-date: /home/mohamed/ros2_ws/install/custom_interfaces/share/custom_interfaces/rust/build.rs
[2.992s] -- Up-to-date: /home/mohamed/ros2_ws/install/custom_interfaces/share/custom_interfaces/msg/SECRET.idl
[2.992s] -- Up-to-date: /home/mohamed/ros2_ws/install/custom_interfaces/share/custom_interfaces/msg/SECRET.msg
[2.993s] -- Up-to-date: /home/mohamed/ros2_ws/install/custom_interfaces/share/ament_index/resource_index/package_run_dependencies/custom_interfaces
[2.994s] -- Up-to-date: /home/mohamed/ros2_ws/install/custom_interfaces/share/ament_index/resource_index/parent_prefix_path/custom_interfaces
[2.995s] -- Up-to-date: /home/mohamed/ros2_ws/install/custom_interfaces/share/custom_interfaces/environment/ament_prefix_path.sh
[2.995s] -- Up-to-date: /home/mohamed/ros2_ws/install/custom_interfaces/share/custom_interfaces/environment/ament_prefix_path.dsv
[2.996s] -- Up-to-date: /home/mohamed/ros2_ws/install/custom_interfaces/share/custom_interfaces/environment/path.sh
[2.997s] -- Up-to-date: /home/mohamed/ros2_ws/install/custom_interfaces/share/custom_interfaces/environment/path.dsv
[2.998s] -- Up-to-date: /home/mohamed/ros2_ws/install/custom_interfaces/share/custom_interfaces/local_setup.bash
[2.999s] -- Up-to-date: /home/mohamed/ros2_ws/install/custom_interfaces/share/custom_interfaces/local_setup.sh
[2.999s] -- Up-to-date: /home/mohamed/ros2_ws/install/custom_interfaces/share/custom_interfaces/local_setup.zsh
[3.000s] -- Up-to-date: /home/mohamed/ros2_ws/install/custom_interfaces/share/custom_interfaces/local_setup.dsv
[3.001s] -- Installing: /home/mohamed/ros2_ws/install/custom_interfaces/share/custom_interfaces/package.dsv
[3.002s] -- Up-to-date: /home/mohamed/ros2_ws/install/custom_interfaces/share/ament_index/resource_index/packages/custom_interfaces
[3.002s] -- Up-to-date: /home/mohamed/ros2_ws/install/custom_interfaces/share/custom_interfaces/cmake/export_custom_interfaces__rosidl_generator_cExport.cmake
[3.003s] -- Up-to-date: /home/mohamed/ros2_ws/install/custom_interfaces/share/custom_interfaces/cmake/export_custom_interfaces__rosidl_generator_cExport-noconfig.cmake
[3.004s] -- Up-to-date: /home/mohamed/ros2_ws/install/custom_interfaces/share/custom_interfaces/cmake/export_custom_interfaces__rosidl_typesupport_fastrtps_cExport.cmake
[3.005s] -- Up-to-date: /home/mohamed/ros2_ws/install/custom_interfaces/share/custom_interfaces/cmake/export_custom_interfaces__rosidl_typesupport_fastrtps_cExport-noconfig.cmake
[3.006s] -- Up-to-date: /home/mohamed/ros2_ws/install/custom_interfaces/share/custom_interfaces/cmake/export_custom_interfaces__rosidl_generator_cppExport.cmake
[3.007s] -- Up-to-date: /home/mohamed/ros2_ws/install/custom_interfaces/share/custom_interfaces/cmake/export_custom_interfaces__rosidl_typesupport_fastrtps_cppExport.cmake
[3.007s] -- Up-to-date: /home/mohamed/ros2_ws/install/custom_interfaces/share/custom_interfaces/cmake/export_custom_interfaces__rosidl_typesupport_fastrtps_cppExport-noconfig.cmake
[3.008s] -- Up-to-date: /home/mohamed/ros2_ws/install/custom_interfaces/share/custom_interfaces/cmake/custom_interfaces__rosidl_typesupport_introspection_cExport.cmake
[3.010s] -- Up-to-date: /home/mohamed/ros2_ws/install/custom_interfaces/share/custom_interfaces/cmake/custom_interfaces__rosidl_typesupport_introspection_cExport-noconfig.cmake
[3.011s] -- Up-to-date: /home/mohamed/ros2_ws/install/custom_interfaces/share/custom_interfaces/cmake/custom_interfaces__rosidl_typesupport_cExport.cmake
[3.012s] -- Up-to-date: /home/mohamed/ros2_ws/install/custom_interfaces/share/custom_interfaces/cmake/custom_interfaces__rosidl_typesupport_cExport-noconfig.cmake
[3.013s] -- Up-to-date: /home/mohamed/ros2_ws/install/custom_interfaces/share/custom_interfaces/cmake/custom_interfaces__rosidl_typesupport_introspection_cppExport.cmake
[3.014s] -- Up-to-date: /home/mohamed/ros2_ws/install/custom_interfaces/share/custom_interfaces/cmake/custom_interfaces__rosidl_typesupport_introspection_cppExport-noconfig.cmake
[3.015s] -- Up-to-date: /home/mohamed/ros2_ws/install/custom_interfaces/share/custom_interfaces/cmake/custom_interfaces__rosidl_typesupport_cppExport.cmake
[3.015s] -- Up-to-date: /home/mohamed/ros2_ws/install/custom_interfaces/share/custom_interfaces/cmake/custom_interfaces__rosidl_typesupport_cppExport-noconfig.cmake
[3.016s] -- Up-to-date: /home/mohamed/ros2_ws/install/custom_interfaces/share/custom_interfaces/cmake/export_custom_interfaces__rosidl_generator_pyExport.cmake
[3.019s] -- Up-to-date: /home/mohamed/ros2_ws/install/custom_interfaces/share/custom_interfaces/cmake/export_custom_interfaces__rosidl_generator_pyExport-noconfig.cmake
[3.023s] -- Up-to-date: /home/mohamed/ros2_ws/install/custom_interfaces/share/custom_interfaces/cmake/rosidl_cmake-extras.cmake
[3.023s] -- Up-to-date: /home/mohamed/ros2_ws/install/custom_interfaces/share/custom_interfaces/cmake/ament_cmake_export_include_directories-extras.cmake
[3.024s] -- Up-to-date: /home/mohamed/ros2_ws/install/custom_interfaces/share/custom_interfaces/cmake/ament_cmake_export_libraries-extras.cmake
[3.024s] -- Up-to-date: /home/mohamed/ros2_ws/install/custom_interfaces/share/custom_interfaces/cmake/ament_cmake_export_targets-extras.cmake
[3.026s] -- Up-to-date: /home/mohamed/ros2_ws/install/custom_interfaces/share/custom_interfaces/cmake/rosidl_cmake_export_typesupport_targets-extras.cmake
[3.026s] -- Up-to-date: /home/mohamed/ros2_ws/install/custom_interfaces/share/custom_interfaces/cmake/ament_cmake_export_dependencies-extras.cmake
[3.029s] -- Up-to-date: /home/mohamed/ros2_ws/install/custom_interfaces/share/custom_interfaces/cmake/rosidl_cmake_export_typesupport_libraries-extras.cmake
[3.029s] -- Up-to-date: /home/mohamed/ros2_ws/install/custom_interfaces/share/custom_interfaces/cmake/custom_interfacesConfig.cmake
[3.029s] -- Up-to-date: /home/mohamed/ros2_ws/install/custom_interfaces/share/custom_interfaces/cmake/custom_interfacesConfig-version.cmake
[3.030s] -- Up-to-date: /home/mohamed/ros2_ws/install/custom_interfaces/share/custom_interfaces/package.xml
[3.032s] Invoked command in '/home/mohamed/ros2_ws/build/custom_interfaces' returned '0': CMAKE_PREFIX_PATH=${CMAKE_PREFIX_PATH}:/home/mohamed/ros2_ws/install/test_connections:/home/mohamed/ros2_ws/install/test_latency:/home/mohamed/ros2_ws/install/secure_connection:/home/mohamed/ros2_ws/install/node_network:/home/mohamed/ros2_ws/install/my_robot_controller:/opt/ros/jazzy DEBUGINFOD_URLS=https://debuginfod.ubuntu.com VIRTUAL_ENV_PROMPT=(env) /usr/bin/cmake --install /home/mohamed/ros2_ws/build/custom_interfaces
