[0.067s] Invoking command in '/home/mohamed/ros2_ws/build/custom_interfaces': CMAKE_PREFIX_PATH=${CMAKE_PREFIX_PATH}:/home/mohamed/ros2_ws/install/test_connections:/home/mohamed/ros2_ws/install/test_latency:/home/mohamed/ros2_ws/install/secure_connection:/home/mohamed/ros2_ws/install/node_network:/home/mohamed/ros2_ws/install/my_robot_controller:/opt/ros/jazzy DEBUGINFOD_URLS=https://debuginfod.ubuntu.com VIRTUAL_ENV_PROMPT=(env) /usr/bin/cmake --build /home/mohamed/ros2_ws/build/custom_interfaces -- -j8 -l8
[1.770s] [  2%] Built target custom_interfaces__rs
[1.771s] [  5%] Built target custom_interfaces__rosidl_generator_type_description
[1.772s] [  5%] Built target ament_cmake_python_copy_custom_interfaces
[1.772s] [  8%] Built target custom_interfaces__cpp
[1.773s] [ 22%] Built target custom_interfaces__rosidl_generator_c
[1.773s] [ 34%] Built target custom_interfaces__rosidl_typesupport_c
[1.773s] [ 40%] Built target custom_interfaces__rosidl_typesupport_fastrtps_cpp
[1.773s] [ 48%] Built target custom_interfaces__rosidl_typesupport_fastrtps_c
[1.774s] [ 57%] Built target custom_interfaces__rosidl_typesupport_introspection_c
[1.774s] [ 65%] Built target custom_interfaces__rosidl_typesupport_introspection_cpp
[1.774s] [ 74%] Built target custom_interfaces__rosidl_typesupport_cpp
[1.774s] [ 74%] Built target custom_interfaces
[1.775s] [ 77%] Built target custom_interfaces__py
[1.775s] [ 82%] Built target custom_interfaces__rosidl_generator_py
[1.775s] [ 88%] Built target custom_interfaces_s__rosidl_typesupport_introspection_c
[1.775s] [100%] Built target custom_interfaces_s__rosidl_typesupport_c
[1.776s] [100%] Built target custom_interfaces_s__rosidl_typesupport_fastrtps_c
[1.776s] running egg_info
[1.776s] writing custom_interfaces.egg-info/PKG-INFO
[1.776s] writing dependency_links to custom_interfaces.egg-info/dependency_links.txt
[1.777s] writing top-level names to custom_interfaces.egg-info/top_level.txt
[1.777s] reading manifest file 'custom_interfaces.egg-info/SOURCES.txt'
[1.777s] writing manifest file 'custom_interfaces.egg-info/SOURCES.txt'
[1.778s] [100%] Built target ament_cmake_python_build_custom_interfaces_egg
[2.245s] Invoked command in '/home/mohamed/ros2_ws/build/custom_interfaces' returned '0': CMAKE_PREFIX_PATH=${CMAKE_PREFIX_PATH}:/home/mohamed/ros2_ws/install/test_connections:/home/mohamed/ros2_ws/install/test_latency:/home/mohamed/ros2_ws/install/secure_connection:/home/mohamed/ros2_ws/install/node_network:/home/mohamed/ros2_ws/install/my_robot_controller:/opt/ros/jazzy DEBUGINFOD_URLS=https://debuginfod.ubuntu.com VIRTUAL_ENV_PROMPT=(env) /usr/bin/cmake --build /home/mohamed/ros2_ws/build/custom_interfaces -- -j8 -l8
[2.264s] Invoking command in '/home/mohamed/ros2_ws/build/custom_interfaces': CMAKE_PREFIX_PATH=${CMAKE_PREFIX_PATH}:/home/mohamed/ros2_ws/install/test_connections:/home/mohamed/ros2_ws/install/test_latency:/home/mohamed/ros2_ws/install/secure_connection:/home/mohamed/ros2_ws/install/node_network:/home/mohamed/ros2_ws/install/my_robot_controller:/opt/ros/jazzy DEBUGINFOD_URLS=https://debuginfod.ubuntu.com VIRTUAL_ENV_PROMPT=(env) /usr/bin/cmake --install /home/mohamed/ros2_ws/build/custom_interfaces
[2.280s] -- Install configuration: ""
[2.280s] -- Up-to-date: /home/mohamed/ros2_ws/install/custom_interfaces/share/ament_index/resource_index/rosidl_interfaces/custom_interfaces
[2.281s] -- Up-to-date: /home/mohamed/ros2_ws/install/custom_interfaces/share/custom_interfaces/msg/SECRET.json
[2.281s] -- Up-to-date: /home/mohamed/ros2_ws/install/custom_interfaces/include/custom_interfaces/custom_interfaces
[2.282s] -- Up-to-date: /home/mohamed/ros2_ws/install/custom_interfaces/include/custom_interfaces/custom_interfaces/msg
[2.282s] -- Up-to-date: /home/mohamed/ros2_ws/install/custom_interfaces/include/custom_interfaces/custom_interfaces/msg/detail
[2.282s] -- Up-to-date: /home/mohamed/ros2_ws/install/custom_interfaces/include/custom_interfaces/custom_interfaces/msg/detail/secret__struct.h
[2.283s] -- Up-to-date: /home/mohamed/ros2_ws/install/custom_interfaces/include/custom_interfaces/custom_interfaces/msg/detail/secret__type_support.c
[2.284s] -- Up-to-date: /home/mohamed/ros2_ws/install/custom_interfaces/include/custom_interfaces/custom_interfaces/msg/detail/secret__type_support.h
[2.284s] -- Up-to-date: /home/mohamed/ros2_ws/install/custom_interfaces/include/custom_interfaces/custom_interfaces/msg/detail/secret__functions.h
[2.284s] -- Up-to-date: /home/mohamed/ros2_ws/install/custom_interfaces/include/custom_interfaces/custom_interfaces/msg/detail/secret__functions.c
[2.285s] -- Up-to-date: /home/mohamed/ros2_ws/install/custom_interfaces/include/custom_interfaces/custom_interfaces/msg/detail/secret__description.c
[2.285s] -- Up-to-date: /home/mohamed/ros2_ws/install/custom_interfaces/include/custom_interfaces/custom_interfaces/msg/secret.h
[2.286s] -- Up-to-date: /home/mohamed/ros2_ws/install/custom_interfaces/include/custom_interfaces/custom_interfaces/msg/rosidl_generator_c__visibility_control.h
[2.286s] -- Up-to-date: /home/mohamed/ros2_ws/install/custom_interfaces/share/custom_interfaces/environment/library_path.sh
[2.286s] -- Up-to-date: /home/mohamed/ros2_ws/install/custom_interfaces/share/custom_interfaces/environment/library_path.dsv
[2.287s] -- Up-to-date: /home/mohamed/ros2_ws/install/custom_interfaces/lib/libcustom_interfaces__rosidl_generator_c.so
[2.287s] -- Up-to-date: /home/mohamed/ros2_ws/install/custom_interfaces/include/custom_interfaces/custom_interfaces
[2.287s] -- Up-to-date: /home/mohamed/ros2_ws/install/custom_interfaces/include/custom_interfaces/custom_interfaces/msg
[2.288s] -- Up-to-date: /home/mohamed/ros2_ws/install/custom_interfaces/include/custom_interfaces/custom_interfaces/msg/rosidl_typesupport_fastrtps_c__visibility_control.h
[2.288s] -- Up-to-date: /home/mohamed/ros2_ws/install/custom_interfaces/include/custom_interfaces/custom_interfaces/msg/detail
[2.289s] -- Up-to-date: /home/mohamed/ros2_ws/install/custom_interfaces/include/custom_interfaces/custom_interfaces/msg/detail/secret__rosidl_typesupport_fastrtps_c.h
[2.289s] -- Up-to-date: /home/mohamed/ros2_ws/install/custom_interfaces/lib/libcustom_interfaces__rosidl_typesupport_fastrtps_c.so
[2.289s] -- Up-to-date: /home/mohamed/ros2_ws/install/custom_interfaces/include/custom_interfaces/custom_interfaces
[2.289s] -- Up-to-date: /home/mohamed/ros2_ws/install/custom_interfaces/include/custom_interfaces/custom_interfaces/msg
[2.290s] -- Up-to-date: /home/mohamed/ros2_ws/install/custom_interfaces/include/custom_interfaces/custom_interfaces/msg/rosidl_generator_cpp__visibility_control.hpp
[2.290s] -- Up-to-date: /home/mohamed/ros2_ws/install/custom_interfaces/include/custom_interfaces/custom_interfaces/msg/detail
[2.291s] -- Up-to-date: /home/mohamed/ros2_ws/install/custom_interfaces/include/custom_interfaces/custom_interfaces/msg/detail/secret__struct.hpp
[2.291s] -- Up-to-date: /home/mohamed/ros2_ws/install/custom_interfaces/include/custom_interfaces/custom_interfaces/msg/detail/secret__type_support.hpp
[2.292s] -- Up-to-date: /home/mohamed/ros2_ws/install/custom_interfaces/include/custom_interfaces/custom_interfaces/msg/detail/secret__builder.hpp
[2.292s] -- Up-to-date: /home/mohamed/ros2_ws/install/custom_interfaces/include/custom_interfaces/custom_interfaces/msg/detail/secret__traits.hpp
[2.293s] -- Up-to-date: /home/mohamed/ros2_ws/install/custom_interfaces/include/custom_interfaces/custom_interfaces/msg/secret.hpp
[2.293s] -- Up-to-date: /home/mohamed/ros2_ws/install/custom_interfaces/include/custom_interfaces/custom_interfaces
[2.293s] -- Up-to-date: /home/mohamed/ros2_ws/install/custom_interfaces/include/custom_interfaces/custom_interfaces/msg
[2.293s] -- Up-to-date: /home/mohamed/ros2_ws/install/custom_interfaces/include/custom_interfaces/custom_interfaces/msg/detail
[2.294s] -- Up-to-date: /home/mohamed/ros2_ws/install/custom_interfaces/include/custom_interfaces/custom_interfaces/msg/detail/dds_fastrtps
[2.294s] -- Up-to-date: /home/mohamed/ros2_ws/install/custom_interfaces/include/custom_interfaces/custom_interfaces/msg/detail/secret__rosidl_typesupport_fastrtps_cpp.hpp
[2.294s] -- Up-to-date: /home/mohamed/ros2_ws/install/custom_interfaces/include/custom_interfaces/custom_interfaces/msg/rosidl_typesupport_fastrtps_cpp__visibility_control.h
[2.295s] -- Up-to-date: /home/mohamed/ros2_ws/install/custom_interfaces/lib/libcustom_interfaces__rosidl_typesupport_fastrtps_cpp.so
[2.295s] -- Up-to-date: /home/mohamed/ros2_ws/install/custom_interfaces/include/custom_interfaces/custom_interfaces
[2.295s] -- Up-to-date: /home/mohamed/ros2_ws/install/custom_interfaces/include/custom_interfaces/custom_interfaces/msg
[2.296s] -- Up-to-date: /home/mohamed/ros2_ws/install/custom_interfaces/include/custom_interfaces/custom_interfaces/msg/detail
[2.296s] -- Up-to-date: /home/mohamed/ros2_ws/install/custom_interfaces/include/custom_interfaces/custom_interfaces/msg/detail/secret__type_support.c
[2.296s] -- Up-to-date: /home/mohamed/ros2_ws/install/custom_interfaces/include/custom_interfaces/custom_interfaces/msg/detail/secret__rosidl_typesupport_introspection_c.h
[2.296s] -- Up-to-date: /home/mohamed/ros2_ws/install/custom_interfaces/include/custom_interfaces/custom_interfaces/msg/rosidl_typesupport_introspection_c__visibility_control.h
[2.297s] -- Up-to-date: /home/mohamed/ros2_ws/install/custom_interfaces/lib/libcustom_interfaces__rosidl_typesupport_introspection_c.so
[2.297s] -- Up-to-date: /home/mohamed/ros2_ws/install/custom_interfaces/lib/libcustom_interfaces__rosidl_typesupport_c.so
[2.297s] -- Up-to-date: /home/mohamed/ros2_ws/install/custom_interfaces/include/custom_interfaces/custom_interfaces
[2.298s] -- Up-to-date: /home/mohamed/ros2_ws/install/custom_interfaces/include/custom_interfaces/custom_interfaces/msg
[2.298s] -- Up-to-date: /home/mohamed/ros2_ws/install/custom_interfaces/include/custom_interfaces/custom_interfaces/msg/detail
[2.298s] -- Up-to-date: /home/mohamed/ros2_ws/install/custom_interfaces/include/custom_interfaces/custom_interfaces/msg/detail/secret__type_support.cpp
[2.299s] -- Up-to-date: /home/mohamed/ros2_ws/install/custom_interfaces/include/custom_interfaces/custom_interfaces/msg/detail/secret__rosidl_typesupport_introspection_cpp.hpp
[2.299s] -- Up-to-date: /home/mohamed/ros2_ws/install/custom_interfaces/lib/libcustom_interfaces__rosidl_typesupport_introspection_cpp.so
[2.299s] -- Up-to-date: /home/mohamed/ros2_ws/install/custom_interfaces/lib/libcustom_interfaces__rosidl_typesupport_cpp.so
[2.299s] -- Up-to-date: /home/mohamed/ros2_ws/install/custom_interfaces/share/custom_interfaces/environment/pythonpath.sh
[2.300s] -- Up-to-date: /home/mohamed/ros2_ws/install/custom_interfaces/share/custom_interfaces/environment/pythonpath.dsv
[2.300s] -- Up-to-date: /home/mohamed/ros2_ws/install/custom_interfaces/lib/python3.12/site-packages/custom_interfaces-0.0.0-py3.12.egg-info
[2.300s] -- Installing: /home/mohamed/ros2_ws/install/custom_interfaces/lib/python3.12/site-packages/custom_interfaces-0.0.0-py3.12.egg-info/SOURCES.txt
[2.300s] -- Installing: /home/mohamed/ros2_ws/install/custom_interfaces/lib/python3.12/site-packages/custom_interfaces-0.0.0-py3.12.egg-info/top_level.txt
[2.301s] -- Installing: /home/mohamed/ros2_ws/install/custom_interfaces/lib/python3.12/site-packages/custom_interfaces-0.0.0-py3.12.egg-info/dependency_links.txt
[2.301s] -- Installing: /home/mohamed/ros2_ws/install/custom_interfaces/lib/python3.12/site-packages/custom_interfaces-0.0.0-py3.12.egg-info/PKG-INFO
[2.301s] -- Up-to-date: /home/mohamed/ros2_ws/install/custom_interfaces/lib/python3.12/site-packages/custom_interfaces
[2.302s] -- Up-to-date: /home/mohamed/ros2_ws/install/custom_interfaces/lib/python3.12/site-packages/custom_interfaces/custom_interfaces_s__rosidl_typesupport_fastrtps_c.so
[2.302s] -- Up-to-date: /home/mohamed/ros2_ws/install/custom_interfaces/lib/python3.12/site-packages/custom_interfaces/_custom_interfaces_s.ep.rosidl_typesupport_c.c
[2.302s] -- Up-to-date: /home/mohamed/ros2_ws/install/custom_interfaces/lib/python3.12/site-packages/custom_interfaces/custom_interfaces_s__rosidl_typesupport_c.so
[2.303s] -- Up-to-date: /home/mohamed/ros2_ws/install/custom_interfaces/lib/python3.12/site-packages/custom_interfaces/custom_interfaces_s__rosidl_typesupport_introspection_c.so
[2.303s] -- Up-to-date: /home/mohamed/ros2_ws/install/custom_interfaces/lib/python3.12/site-packages/custom_interfaces/_custom_interfaces_s.ep.rosidl_typesupport_introspection_c.c
[2.303s] -- Up-to-date: /home/mohamed/ros2_ws/install/custom_interfaces/lib/python3.12/site-packages/custom_interfaces/_custom_interfaces_s.ep.rosidl_typesupport_fastrtps_c.c
[2.303s] -- Up-to-date: /home/mohamed/ros2_ws/install/custom_interfaces/lib/python3.12/site-packages/custom_interfaces/msg
[2.304s] -- Up-to-date: /home/mohamed/ros2_ws/install/custom_interfaces/lib/python3.12/site-packages/custom_interfaces/msg/_secret_s.c
[2.304s] -- Up-to-date: /home/mohamed/ros2_ws/install/custom_interfaces/lib/python3.12/site-packages/custom_interfaces/msg/_secret.py
[2.304s] -- Up-to-date: /home/mohamed/ros2_ws/install/custom_interfaces/lib/python3.12/site-packages/custom_interfaces/msg/__init__.py
[2.304s] -- Up-to-date: /home/mohamed/ros2_ws/install/custom_interfaces/lib/python3.12/site-packages/custom_interfaces/__init__.py
[2.401s] Listing '/home/mohamed/ros2_ws/install/custom_interfaces/lib/python3.12/site-packages/custom_interfaces'...
[2.402s] Listing '/home/mohamed/ros2_ws/install/custom_interfaces/lib/python3.12/site-packages/custom_interfaces/msg'...
[2.415s] -- Up-to-date: /home/mohamed/ros2_ws/install/custom_interfaces/lib/python3.12/site-packages/custom_interfaces/custom_interfaces_s__rosidl_typesupport_fastrtps_c.so
[2.416s] -- Up-to-date: /home/mohamed/ros2_ws/install/custom_interfaces/lib/python3.12/site-packages/custom_interfaces/custom_interfaces_s__rosidl_typesupport_introspection_c.so
[2.417s] -- Up-to-date: /home/mohamed/ros2_ws/install/custom_interfaces/lib/python3.12/site-packages/custom_interfaces/custom_interfaces_s__rosidl_typesupport_c.so
[2.419s] -- Up-to-date: /home/mohamed/ros2_ws/install/custom_interfaces/lib/libcustom_interfaces__rosidl_generator_py.so
[2.420s] -- Up-to-date: /home/mohamed/ros2_ws/install/custom_interfaces/share/ament_index/resource_index/rust_packages/custom_interfaces
[2.422s] -- Up-to-date: /home/mohamed/ros2_ws/install/custom_interfaces/share/custom_interfaces/rust
[2.423s] -- Up-to-date: /home/mohamed/ros2_ws/install/custom_interfaces/share/custom_interfaces/rust/Cargo.toml
[2.424s] -- Up-to-date: /home/mohamed/ros2_ws/install/custom_interfaces/share/custom_interfaces/rust/src
[2.425s] -- Up-to-date: /home/mohamed/ros2_ws/install/custom_interfaces/share/custom_interfaces/rust/src/lib.rs
[2.427s] -- Up-to-date: /home/mohamed/ros2_ws/install/custom_interfaces/share/custom_interfaces/rust/src/msg.rs
[2.428s] -- Up-to-date: /home/mohamed/ros2_ws/install/custom_interfaces/share/custom_interfaces/rust/src/msg
[2.430s] -- Up-to-date: /home/mohamed/ros2_ws/install/custom_interfaces/share/custom_interfaces/rust/src/msg/rmw.rs
[2.430s] -- Up-to-date: /home/mohamed/ros2_ws/install/custom_interfaces/share/custom_interfaces/rust/build.rs
[2.431s] -- Up-to-date: /home/mohamed/ros2_ws/install/custom_interfaces/share/custom_interfaces/msg/SECRET.idl
[2.431s] -- Up-to-date: /home/mohamed/ros2_ws/install/custom_interfaces/share/custom_interfaces/msg/SECRET.msg
[2.432s] -- Up-to-date: /home/mohamed/ros2_ws/install/custom_interfaces/share/ament_index/resource_index/package_run_dependencies/custom_interfaces
[2.432s] -- Up-to-date: /home/mohamed/ros2_ws/install/custom_interfaces/share/ament_index/resource_index/parent_prefix_path/custom_interfaces
[2.433s] -- Up-to-date: /home/mohamed/ros2_ws/install/custom_interfaces/share/custom_interfaces/environment/ament_prefix_path.sh
[2.433s] -- Up-to-date: /home/mohamed/ros2_ws/install/custom_interfaces/share/custom_interfaces/environment/ament_prefix_path.dsv
[2.435s] -- Up-to-date: /home/mohamed/ros2_ws/install/custom_interfaces/share/custom_interfaces/environment/path.sh
[2.436s] -- Up-to-date: /home/mohamed/ros2_ws/install/custom_interfaces/share/custom_interfaces/environment/path.dsv
[2.437s] -- Up-to-date: /home/mohamed/ros2_ws/install/custom_interfaces/share/custom_interfaces/local_setup.bash
[2.439s] -- Up-to-date: /home/mohamed/ros2_ws/install/custom_interfaces/share/custom_interfaces/local_setup.sh
[2.441s] -- Up-to-date: /home/mohamed/ros2_ws/install/custom_interfaces/share/custom_interfaces/local_setup.zsh
[2.442s] -- Up-to-date: /home/mohamed/ros2_ws/install/custom_interfaces/share/custom_interfaces/local_setup.dsv
[2.443s] -- Installing: /home/mohamed/ros2_ws/install/custom_interfaces/share/custom_interfaces/package.dsv
[2.445s] -- Up-to-date: /home/mohamed/ros2_ws/install/custom_interfaces/share/ament_index/resource_index/packages/custom_interfaces
[2.446s] -- Up-to-date: /home/mohamed/ros2_ws/install/custom_interfaces/share/custom_interfaces/cmake/export_custom_interfaces__rosidl_generator_cExport.cmake
[2.446s] -- Up-to-date: /home/mohamed/ros2_ws/install/custom_interfaces/share/custom_interfaces/cmake/export_custom_interfaces__rosidl_generator_cExport-noconfig.cmake
[2.447s] -- Up-to-date: /home/mohamed/ros2_ws/install/custom_interfaces/share/custom_interfaces/cmake/export_custom_interfaces__rosidl_typesupport_fastrtps_cExport.cmake
[2.448s] -- Up-to-date: /home/mohamed/ros2_ws/install/custom_interfaces/share/custom_interfaces/cmake/export_custom_interfaces__rosidl_typesupport_fastrtps_cExport-noconfig.cmake
[2.448s] -- Up-to-date: /home/mohamed/ros2_ws/install/custom_interfaces/share/custom_interfaces/cmake/export_custom_interfaces__rosidl_generator_cppExport.cmake
[2.449s] -- Up-to-date: /home/mohamed/ros2_ws/install/custom_interfaces/share/custom_interfaces/cmake/export_custom_interfaces__rosidl_typesupport_fastrtps_cppExport.cmake
[2.450s] -- Up-to-date: /home/mohamed/ros2_ws/install/custom_interfaces/share/custom_interfaces/cmake/export_custom_interfaces__rosidl_typesupport_fastrtps_cppExport-noconfig.cmake
[2.452s] -- Up-to-date: /home/mohamed/ros2_ws/install/custom_interfaces/share/custom_interfaces/cmake/custom_interfaces__rosidl_typesupport_introspection_cExport.cmake
[2.453s] -- Up-to-date: /home/mohamed/ros2_ws/install/custom_interfaces/share/custom_interfaces/cmake/custom_interfaces__rosidl_typesupport_introspection_cExport-noconfig.cmake
[2.453s] -- Up-to-date: /home/mohamed/ros2_ws/install/custom_interfaces/share/custom_interfaces/cmake/custom_interfaces__rosidl_typesupport_cExport.cmake
[2.454s] -- Up-to-date: /home/mohamed/ros2_ws/install/custom_interfaces/share/custom_interfaces/cmake/custom_interfaces__rosidl_typesupport_cExport-noconfig.cmake
[2.455s] -- Up-to-date: /home/mohamed/ros2_ws/install/custom_interfaces/share/custom_interfaces/cmake/custom_interfaces__rosidl_typesupport_introspection_cppExport.cmake
[2.455s] -- Up-to-date: /home/mohamed/ros2_ws/install/custom_interfaces/share/custom_interfaces/cmake/custom_interfaces__rosidl_typesupport_introspection_cppExport-noconfig.cmake
[2.456s] -- Up-to-date: /home/mohamed/ros2_ws/install/custom_interfaces/share/custom_interfaces/cmake/custom_interfaces__rosidl_typesupport_cppExport.cmake
[2.457s] -- Up-to-date: /home/mohamed/ros2_ws/install/custom_interfaces/share/custom_interfaces/cmake/custom_interfaces__rosidl_typesupport_cppExport-noconfig.cmake
[2.458s] -- Up-to-date: /home/mohamed/ros2_ws/install/custom_interfaces/share/custom_interfaces/cmake/export_custom_interfaces__rosidl_generator_pyExport.cmake
[2.458s] -- Up-to-date: /home/mohamed/ros2_ws/install/custom_interfaces/share/custom_interfaces/cmake/export_custom_interfaces__rosidl_generator_pyExport-noconfig.cmake
[2.461s] -- Up-to-date: /home/mohamed/ros2_ws/install/custom_interfaces/share/custom_interfaces/cmake/rosidl_cmake-extras.cmake
[2.462s] -- Up-to-date: /home/mohamed/ros2_ws/install/custom_interfaces/share/custom_interfaces/cmake/ament_cmake_export_include_directories-extras.cmake
[2.463s] -- Up-to-date: /home/mohamed/ros2_ws/install/custom_interfaces/share/custom_interfaces/cmake/ament_cmake_export_libraries-extras.cmake
[2.464s] -- Up-to-date: /home/mohamed/ros2_ws/install/custom_interfaces/share/custom_interfaces/cmake/ament_cmake_export_targets-extras.cmake
[2.464s] -- Up-to-date: /home/mohamed/ros2_ws/install/custom_interfaces/share/custom_interfaces/cmake/rosidl_cmake_export_typesupport_targets-extras.cmake
[2.465s] -- Up-to-date: /home/mohamed/ros2_ws/install/custom_interfaces/share/custom_interfaces/cmake/ament_cmake_export_dependencies-extras.cmake
[2.465s] -- Up-to-date: /home/mohamed/ros2_ws/install/custom_interfaces/share/custom_interfaces/cmake/rosidl_cmake_export_typesupport_libraries-extras.cmake
[2.466s] -- Up-to-date: /home/mohamed/ros2_ws/install/custom_interfaces/share/custom_interfaces/cmake/custom_interfacesConfig.cmake
[2.466s] -- Up-to-date: /home/mohamed/ros2_ws/install/custom_interfaces/share/custom_interfaces/cmake/custom_interfacesConfig-version.cmake
[2.467s] -- Up-to-date: /home/mohamed/ros2_ws/install/custom_interfaces/share/custom_interfaces/package.xml
[2.468s] Invoked command in '/home/mohamed/ros2_ws/build/custom_interfaces' returned '0': CMAKE_PREFIX_PATH=${CMAKE_PREFIX_PATH}:/home/mohamed/ros2_ws/install/test_connections:/home/mohamed/ros2_ws/install/test_latency:/home/mohamed/ros2_ws/install/secure_connection:/home/mohamed/ros2_ws/install/node_network:/home/mohamed/ros2_ws/install/my_robot_controller:/opt/ros/jazzy DEBUGINFOD_URLS=https://debuginfod.ubuntu.com VIRTUAL_ENV_PROMPT=(env) /usr/bin/cmake --install /home/mohamed/ros2_ws/build/custom_interfaces
