[0.017s] Invoking command in '/home/mohamed/ros2_ws/src/custom_interfaces/build/custom_interfaces': CMAKE_PREFIX_PATH=${CMAKE_PREFIX_PATH}:/home/mohamed/ros2_ws/install/test_latency:/home/mohamed/ros2_ws/install/secure_connection:/home/mohamed/ros2_ws/install/node_network:/home/mohamed/ros2_ws/install/my_robot_controller:/opt/ros/jazzy DEBUGINFOD_URLS=https://debuginfod.ubuntu.com VIRTUAL_ENV_PROMPT=(env) /usr/bin/cmake /home/mohamed/ros2_ws/src/custom_interfaces -DCMAKE_INSTALL_PREFIX=/home/mohamed/ros2_ws/src/custom_interfaces/install/custom_interfaces
[0.057s] -- Found ament_cmake: 2.5.6 (/opt/ros/jazzy/share/ament_cmake/cmake)
[0.691s] -- Found geometry_msgs: 5.3.7 (/opt/ros/jazzy/share/geometry_msgs/cmake)
[0.781s] -- Found rosidl_generator_c: 4.6.7 (/opt/ros/jazzy/share/rosidl_generator_c/cmake)
[0.805s] -- Found rosidl_generator_cpp: 4.6.7 (/opt/ros/jazzy/share/rosidl_generator_cpp/cmake)
[0.845s] -- Using all available rosidl_typesupport_c: rosidl_typesupport_fastrtps_c;rosidl_typesupport_introspection_c
[0.877s] -- Using all available rosidl_typesupport_cpp: rosidl_typesupport_fastrtps_cpp;rosidl_typesupport_introspection_cpp
[1.016s] -- Found rosidl_default_generators: 1.6.0 (/opt/ros/jazzy/share/rosidl_default_generators/cmake)
[1.054s] -- Found rosidl_adapter: 4.6.7 (/opt/ros/jazzy/share/rosidl_adapter/cmake)
[1.878s] [31mCMake Error at /opt/ros/jazzy/share/rosidl_adapter/cmake/rosidl_adapt_interfaces.cmake:57 (message):
[1.879s]   execute_process(/home/mohamed/ros2_ws/env/bin/python3 -m rosidl_adapter
[1.879s]   --package-name custom_interfaces --arguments-file
[1.879s]   /home/mohamed/ros2_ws/src/custom_interfaces/build/custom_interfaces/rosidl_adapter__arguments__custom_interfaces.json
[1.879s]   --output-dir
[1.880s]   /home/mohamed/ros2_ws/src/custom_interfaces/build/custom_interfaces/rosidl_adapter/custom_interfaces
[1.880s]   --output-file
[1.880s]   /home/mohamed/ros2_ws/src/custom_interfaces/build/custom_interfaces/rosidl_adapter/custom_interfaces.idls)
[1.880s]   returned error code 1:
[1.881s] 
[1.881s]   Error processing 'id string' of 'custom_interfaces/SECRET': ''id' is an
[1.881s]   invalid message name.  It should have the pattern '^[A-Z][A-Za-z0-9]*$''
[1.881s] 
[1.882s]   Traceback (most recent call last):
[1.882s] 
[1.882s]     File "<frozen runpy>", line 198, in _run_module_as_main
[1.882s]     File "<frozen runpy>", line 88, in _run_code
[1.882s]     File "/opt/ros/jazzy/lib/python3.12/site-packages/rosidl_adapter/__main__.py", line 19, in <module>
[1.883s]       sys.exit(main())
[1.883s]                ^^^^^^
[1.883s]     File "/opt/ros/jazzy/lib/python3.12/site-packages/rosidl_adapter/main.py", line 53, in main
[1.883s]       abs_idl_file = convert_to_idl(
[1.883s]                      ^^^^^^^^^^^^^^^
[1.884s]     File "/opt/ros/jazzy/lib/python3.12/site-packages/rosidl_adapter/__init__.py", line 19, in convert_to_idl
[1.884s]       return convert_msg_to_idl(
[1.884s]              ^^^^^^^^^^^^^^^^^^^
[1.884s]     File "/opt/ros/jazzy/lib/python3.12/site-packages/rosidl_adapter/msg/__init__.py", line 28, in convert_msg_to_idl
[1.884s]       msg = parse_message_string(package_name, input_file.stem, content)
[1.885s]             ^^^^^^^^^^^^^^^^^^^^^^^^^^^^^^^^^^^^^^^^^^^^^^^^^^^^^^^^^^^^
[1.885s]     File "/opt/ros/jazzy/lib/python3.12/site-packages/rosidl_adapter/parser.py", line 521, in parse_message_string
[1.885s]       Type(type_string, context_package_name=pkg_name),
[1.885s]       ^^^^^^^^^^^^^^^^^^^^^^^^^^^^^^^^^^^^^^^^^^^^^^^^
[1.885s]     File "/opt/ros/jazzy/lib/python3.12/site-packages/rosidl_adapter/parser.py", line 278, in __init__
[1.886s]       super(Type, self).__init__(
[1.886s]     File "/opt/ros/jazzy/lib/python3.12/site-packages/rosidl_adapter/parser.py", line 206, in __init__
[1.886s]       raise InvalidResourceName(
[1.886s] 
[1.886s]   rosidl_adapter.parser.InvalidResourceName: 'id' is an invalid message name.
[1.886s]   It should have the pattern '^[A-Z][A-Za-z0-9]*$'
[1.887s] 
[1.887s] Call Stack (most recent call first):
[1.887s]   /opt/ros/jazzy/share/rosidl_cmake/cmake/rosidl_generate_interfaces.cmake:132 (rosidl_adapt_interfaces)
[1.887s]   CMakeLists.txt:17 (rosidl_generate_interfaces)
[1.888s] 
[1.888s] [0m
[1.888s] -- Configuring incomplete, errors occurred!
[1.895s] Invoked command in '/home/mohamed/ros2_ws/src/custom_interfaces/build/custom_interfaces' returned '1': CMAKE_PREFIX_PATH=${CMAKE_PREFIX_PATH}:/home/mohamed/ros2_ws/install/test_latency:/home/mohamed/ros2_ws/install/secure_connection:/home/mohamed/ros2_ws/install/node_network:/home/mohamed/ros2_ws/install/my_robot_controller:/opt/ros/jazzy DEBUGINFOD_URLS=https://debuginfod.ubuntu.com VIRTUAL_ENV_PROMPT=(env) /usr/bin/cmake /home/mohamed/ros2_ws/src/custom_interfaces -DCMAKE_INSTALL_PREFIX=/home/mohamed/ros2_ws/src/custom_interfaces/install/custom_interfaces
