[2.700s] Invoking command in '/home/mohamed/ros2_ws/src/secure_connection': DEBUGINFOD_URLS=https://debuginfod.ubuntu.com PYTHONPATH=/home/mohamed/ros2_ws/src/build/secure_connection/prefix_override:/usr/lib/python3/dist-packages/colcon_core/task/python/colcon_distutils_commands:/home/mohamed/ros2_ws/src/install/secure_connection/lib/python3.12/site-packages:${PYTHONPATH} VIRTUAL_ENV_PROMPT=(env) /usr/bin/python3 -W ignore:setup.py install is deprecated -W ignore:easy_install command is deprecated setup.py egg_info --egg-base ../build/secure_connection build --build-base /home/mohamed/ros2_ws/src/build/secure_connection/build install --record /home/mohamed/ros2_ws/src/build/secure_connection/install.log --single-version-externally-managed install_data
[3.144s] running egg_info
[3.175s] writing ../build/secure_connection/secure_connection.egg-info/PKG-INFO
[3.175s] writing dependency_links to ../build/secure_connection/secure_connection.egg-info/dependency_links.txt
[3.175s] writing entry points to ../build/secure_connection/secure_connection.egg-info/entry_points.txt
[3.176s] writing requirements to ../build/secure_connection/secure_connection.egg-info/requires.txt
[3.176s] writing top-level names to ../build/secure_connection/secure_connection.egg-info/top_level.txt
[3.245s] reading manifest file '../build/secure_connection/secure_connection.egg-info/SOURCES.txt'
[3.246s] writing manifest file '../build/secure_connection/secure_connection.egg-info/SOURCES.txt'
[3.246s] running build
[3.247s] running build_py
[3.247s] copying secure_connection/generate_key.py -> /home/mohamed/ros2_ws/src/build/secure_connection/build/lib/secure_connection
[3.247s] running install
[3.256s] running install_lib
[3.287s] copying /home/mohamed/ros2_ws/src/build/secure_connection/build/lib/secure_connection/generate_key.py -> /home/mohamed/ros2_ws/src/install/secure_connection/lib/python3.12/site-packages/secure_connection
[3.287s] byte-compiling /home/mohamed/ros2_ws/src/install/secure_connection/lib/python3.12/site-packages/secure_connection/generate_key.py to generate_key.cpython-312.pyc
[3.288s] running install_data
[3.289s] running install_egg_info
[3.327s] removing '/home/mohamed/ros2_ws/src/install/secure_connection/lib/python3.12/site-packages/secure_connection-0.0.0-py3.12.egg-info' (and everything under it)
[3.327s] Copying ../build/secure_connection/secure_connection.egg-info to /home/mohamed/ros2_ws/src/install/secure_connection/lib/python3.12/site-packages/secure_connection-0.0.0-py3.12.egg-info
[3.329s] running install_scripts
[3.572s] Installing generate_key script to /home/mohamed/ros2_ws/src/install/secure_connection/lib/secure_connection
[3.573s] writing list of installed files to '/home/mohamed/ros2_ws/src/build/secure_connection/install.log'
[3.639s] Invoked command in '/home/mohamed/ros2_ws/src/secure_connection' returned '0': DEBUGINFOD_URLS=https://debuginfod.ubuntu.com PYTHONPATH=/home/mohamed/ros2_ws/src/build/secure_connection/prefix_override:/usr/lib/python3/dist-packages/colcon_core/task/python/colcon_distutils_commands:/home/mohamed/ros2_ws/src/install/secure_connection/lib/python3.12/site-packages:${PYTHONPATH} VIRTUAL_ENV_PROMPT=(env) /usr/bin/python3 -W ignore:setup.py install is deprecated -W ignore:easy_install command is deprecated setup.py egg_info --egg-base ../build/secure_connection build --build-base /home/mohamed/ros2_ws/src/build/secure_connection/build install --record /home/mohamed/ros2_ws/src/build/secure_connection/install.log --single-version-externally-managed install_data
