/home/amina/Downloads/RTS_project/install/secure_connection/lib/python3.12/site-packages/secure_connection/authentication.py
/home/amina/Downloads/RTS_project/install/secure_connection/lib/python3.12/site-packages/secure_connection/__init__.py
/home/amina/Downloads/RTS_project/install/secure_connection/lib/python3.12/site-packages/secure_connection/encrypt.py
/home/amina/Downloads/RTS_project/install/secure_connection/lib/python3.12/site-packages/secure_connection/test.py
/home/amina/Downloads/RTS_project/install/secure_connection/lib/python3.12/site-packages/secure_connection/generate_key.py
/home/amina/Downloads/RTS_project/install/secure_connection/lib/python3.12/site-packages/secure_connection/ids_node.py
/home/amina/Downloads/RTS_project/install/secure_connection/lib/python3.12/site-packages/secure_connection/integrity.py
/home/amina/Downloads/RTS_project/install/secure_connection/lib/python3.12/site-packages/secure_connection/__pycache__/authentication.cpython-312.pyc
/home/amina/Downloads/RTS_project/install/secure_connection/lib/python3.12/site-packages/secure_connection/__pycache__/__init__.cpython-312.pyc
/home/amina/Downloads/RTS_project/install/secure_connection/lib/python3.12/site-packages/secure_connection/__pycache__/encrypt.cpython-312.pyc
/home/amina/Downloads/RTS_project/install/secure_connection/lib/python3.12/site-packages/secure_connection/__pycache__/test.cpython-312.pyc
/home/amina/Downloads/RTS_project/install/secure_connection/lib/python3.12/site-packages/secure_connection/__pycache__/generate_key.cpython-312.pyc
/home/amina/Downloads/RTS_project/install/secure_connection/lib/python3.12/site-packages/secure_connection/__pycache__/ids_node.cpython-312.pyc
/home/amina/Downloads/RTS_project/install/secure_connection/lib/python3.12/site-packages/secure_connection/__pycache__/integrity.cpython-312.pyc
/home/amina/Downloads/RTS_project/install/secure_connection/share/ament_index/resource_index/packages/secure_connection
/home/amina/Downloads/RTS_project/install/secure_connection/share/secure_connection/package.xml
/home/amina/Downloads/RTS_project/install/secure_connection/lib/python3.12/site-packages/secure_connection-0.0.1-py3.12.egg-info/PKG-INFO
/home/amina/Downloads/RTS_project/install/secure_connection/lib/python3.12/site-packages/secure_connection-0.0.1-py3.12.egg-info/requires.txt
/home/amina/Downloads/RTS_project/install/secure_connection/lib/python3.12/site-packages/secure_connection-0.0.1-py3.12.egg-info/entry_points.txt
/home/amina/Downloads/RTS_project/install/secure_connection/lib/python3.12/site-packages/secure_connection-0.0.1-py3.12.egg-info/top_level.txt
/home/amina/Downloads/RTS_project/install/secure_connection/lib/python3.12/site-packages/secure_connection-0.0.1-py3.12.egg-info/zip-safe
/home/amina/Downloads/RTS_project/install/secure_connection/lib/python3.12/site-packages/secure_connection-0.0.1-py3.12.egg-info/SOURCES.txt
/home/amina/Downloads/RTS_project/install/secure_connection/lib/python3.12/site-packages/secure_connection-0.0.1-py3.12.egg-info/dependency_links.txt
/home/amina/Downloads/RTS_project/install/secure_connection/lib/secure_connection/generate_key
/home/amina/Downloads/RTS_project/install/secure_connection/lib/secure_connection/ids_node
/home/amina/Downloads/RTS_project/install/secure_connection/lib/secure_connection/test_security
