[4.339s] Invoking command in '/home/mohamed/ros2_ws/src/node_network': DEBUGINFOD_URLS=https://debuginfod.ubuntu.com PYTHONPATH=/home/mohamed/ros2_ws/build/node_network/prefix_override:/usr/lib/python3/dist-packages/colcon_core/task/python/colcon_distutils_commands:/home/mohamed/ros2_ws/install/node_network/lib/python3.12/site-packages:${PYTHONPATH} VIRTUAL_ENV_PROMPT=(env) /usr/bin/python3 -W ignore:setup.py install is deprecated -W ignore:easy_install command is deprecated setup.py egg_info --egg-base ../../build/node_network build --build-base /home/mohamed/ros2_ws/build/node_network/build install --record /home/mohamed/ros2_ws/build/node_network/install.log --single-version-externally-managed install_data
[5.742s] running egg_info
[5.821s] writing ../../build/node_network/node_network.egg-info/PKG-INFO
[5.822s] writing dependency_links to ../../build/node_network/node_network.egg-info/dependency_links.txt
[5.823s] writing entry points to ../../build/node_network/node_network.egg-info/entry_points.txt
[5.823s] writing requirements to ../../build/node_network/node_network.egg-info/requires.txt
[5.824s] writing top-level names to ../../build/node_network/node_network.egg-info/top_level.txt
[5.972s] reading manifest file '../../build/node_network/node_network.egg-info/SOURCES.txt'
[5.975s] writing manifest file '../../build/node_network/node_network.egg-info/SOURCES.txt'
[5.975s] running build
[5.976s] running build_py
[5.976s] copying node_network/base_node.py -> /home/mohamed/ros2_ws/build/node_network/build/lib/node_network
[5.977s] running install
[6.003s] running install_lib
[6.107s] copying /home/mohamed/ros2_ws/build/node_network/build/lib/node_network/base_node.py -> /home/mohamed/ros2_ws/install/node_network/lib/python3.12/site-packages/node_network
[6.109s] byte-compiling /home/mohamed/ros2_ws/install/node_network/lib/python3.12/site-packages/node_network/base_node.py to base_node.cpython-312.pyc
[6.111s] running install_data
[6.111s] running install_egg_info
[6.206s] removing '/home/mohamed/ros2_ws/install/node_network/lib/python3.12/site-packages/node_network-0.0.0-py3.12.egg-info' (and everything under it)
[6.207s] Copying ../../build/node_network/node_network.egg-info to /home/mohamed/ros2_ws/install/node_network/lib/python3.12/site-packages/node_network-0.0.0-py3.12.egg-info
[6.209s] running install_scripts
[6.927s] Installing Alpha script to /home/mohamed/ros2_ws/install/node_network/lib/node_network
[6.927s] Installing Beta script to /home/mohamed/ros2_ws/install/node_network/lib/node_network
[6.928s] Installing Delta script to /home/mohamed/ros2_ws/install/node_network/lib/node_network
[6.928s] Installing Gamma script to /home/mohamed/ros2_ws/install/node_network/lib/node_network
[6.929s] writing list of installed files to '/home/mohamed/ros2_ws/build/node_network/install.log'
[7.040s] Invoked command in '/home/mohamed/ros2_ws/src/node_network' returned '0': DEBUGINFOD_URLS=https://debuginfod.ubuntu.com PYTHONPATH=/home/mohamed/ros2_ws/build/node_network/prefix_override:/usr/lib/python3/dist-packages/colcon_core/task/python/colcon_distutils_commands:/home/mohamed/ros2_ws/install/node_network/lib/python3.12/site-packages:${PYTHONPATH} VIRTUAL_ENV_PROMPT=(env) /usr/bin/python3 -W ignore:setup.py install is deprecated -W ignore:easy_install command is deprecated setup.py egg_info --egg-base ../../build/node_network build --build-base /home/mohamed/ros2_ws/build/node_network/build install --record /home/mohamed/ros2_ws/build/node_network/install.log --single-version-externally-managed install_data
