[1.626s] Invoking command in '/home/mohamed/ros2_ws/src/node_network': DEBUGINFOD_URLS=https://debuginfod.ubuntu.com PYTHONPATH=/home/mohamed/ros2_ws/build/node_network/prefix_override:/usr/lib/python3/dist-packages/colcon_core/task/python/colcon_distutils_commands:/home/mohamed/ros2_ws/install/node_network/lib/python3.12/site-packages:${PYTHONPATH} VIRTUAL_ENV_PROMPT=(env) /usr/bin/python3 -W ignore:setup.py install is deprecated -W ignore:easy_install command is deprecated setup.py egg_info --egg-base ../../build/node_network build --build-base /home/mohamed/ros2_ws/build/node_network/build install --record /home/mohamed/ros2_ws/build/node_network/install.log --single-version-externally-managed install_data
[2.207s] running egg_info
[2.250s] writing ../../build/node_network/node_network.egg-info/PKG-INFO
[2.251s] writing dependency_links to ../../build/node_network/node_network.egg-info/dependency_links.txt
[2.251s] writing entry points to ../../build/node_network/node_network.egg-info/entry_points.txt
[2.252s] writing requirements to ../../build/node_network/node_network.egg-info/requires.txt
[2.252s] writing top-level names to ../../build/node_network/node_network.egg-info/top_level.txt
[2.339s] reading manifest file '../../build/node_network/node_network.egg-info/SOURCES.txt'
[2.341s] writing manifest file '../../build/node_network/node_network.egg-info/SOURCES.txt'
[2.341s] running build
[2.341s] running build_py
[2.342s] copying node_network/base_node.py -> /home/mohamed/ros2_ws/build/node_network/build/lib/node_network
[2.345s] running install
[2.356s] running install_lib
[2.402s] copying /home/mohamed/ros2_ws/build/node_network/build/lib/node_network/base_node.py -> /home/mohamed/ros2_ws/install/node_network/lib/python3.12/site-packages/node_network
[2.403s] byte-compiling /home/mohamed/ros2_ws/install/node_network/lib/python3.12/site-packages/node_network/base_node.py to base_node.cpython-312.pyc
[2.404s] running install_data
[2.405s] running install_egg_info
[2.452s] removing '/home/mohamed/ros2_ws/install/node_network/lib/python3.12/site-packages/node_network-0.0.0-py3.12.egg-info' (and everything under it)
[2.453s] Copying ../../build/node_network/node_network.egg-info to /home/mohamed/ros2_ws/install/node_network/lib/python3.12/site-packages/node_network-0.0.0-py3.12.egg-info
[2.454s] running install_scripts
[2.727s] Installing Alpha script to /home/mohamed/ros2_ws/install/node_network/lib/node_network
[2.727s] Installing Beta script to /home/mohamed/ros2_ws/install/node_network/lib/node_network
[2.728s] Installing Delta script to /home/mohamed/ros2_ws/install/node_network/lib/node_network
[2.729s] Installing Gamma script to /home/mohamed/ros2_ws/install/node_network/lib/node_network
[2.729s] writing list of installed files to '/home/mohamed/ros2_ws/build/node_network/install.log'
[2.794s] Invoked command in '/home/mohamed/ros2_ws/src/node_network' returned '0': DEBUGINFOD_URLS=https://debuginfod.ubuntu.com PYTHONPATH=/home/mohamed/ros2_ws/build/node_network/prefix_override:/usr/lib/python3/dist-packages/colcon_core/task/python/colcon_distutils_commands:/home/mohamed/ros2_ws/install/node_network/lib/python3.12/site-packages:${PYTHONPATH} VIRTUAL_ENV_PROMPT=(env) /usr/bin/python3 -W ignore:setup.py install is deprecated -W ignore:easy_install command is deprecated setup.py egg_info --egg-base ../../build/node_network build --build-base /home/mohamed/ros2_ws/build/node_network/build install --record /home/mohamed/ros2_ws/build/node_network/install.log --single-version-externally-managed install_data
