running egg_info
creating ../../build/secure_connection/secure_connection.egg-info
writing ../../build/secure_connection/secure_connection.egg-info/PKG-INFO
writing dependency_links to ../../build/secure_connection/secure_connection.egg-info/dependency_links.txt
writing entry points to ../../build/secure_connection/secure_connection.egg-info/entry_points.txt
writing requirements to ../../build/secure_connection/secure_connection.egg-info/requires.txt
writing top-level names to ../../build/secure_connection/secure_connection.egg-info/top_level.txt
writing manifest file '../../build/secure_connection/secure_connection.egg-info/SOURCES.txt'
reading manifest file '../../build/secure_connection/secure_connection.egg-info/SOURCES.txt'
writing manifest file '../../build/secure_connection/secure_connection.egg-info/SOURCES.txt'
running build
running build_py
creating /home/amina/Downloads/RTS_project/build/secure_connection/build
creating /home/amina/Downloads/RTS_project/build/secure_connection/build/lib
creating /home/amina/Downloads/RTS_project/build/secure_connection/build/lib/secure_connection
copying secure_connection/authentication.py -> /home/amina/Downloads/RTS_project/build/secure_connection/build/lib/secure_connection
copying secure_connection/__init__.py -> /home/amina/Downloads/RTS_project/build/secure_connection/build/lib/secure_connection
copying secure_connection/encrypt.py -> /home/amina/Downloads/RTS_project/build/secure_connection/build/lib/secure_connection
copying secure_connection/test.py -> /home/amina/Downloads/RTS_project/build/secure_connection/build/lib/secure_connection
copying secure_connection/generate_key.py -> /home/amina/Downloads/RTS_project/build/secure_connection/build/lib/secure_connection
copying secure_connection/ids_node.py -> /home/amina/Downloads/RTS_project/build/secure_connection/build/lib/secure_connection
copying secure_connection/integrity.py -> /home/amina/Downloads/RTS_project/build/secure_connection/build/lib/secure_connection
running install
running install_lib
creating /home/amina/Downloads/RTS_project/install/secure_connection/lib/python3.12/site-packages/secure_connection
copying /home/amina/Downloads/RTS_project/build/secure_connection/build/lib/secure_connection/authentication.py -> /home/amina/Downloads/RTS_project/install/secure_connection/lib/python3.12/site-packages/secure_connection
copying /home/amina/Downloads/RTS_project/build/secure_connection/build/lib/secure_connection/__init__.py -> /home/amina/Downloads/RTS_project/install/secure_connection/lib/python3.12/site-packages/secure_connection
copying /home/amina/Downloads/RTS_project/build/secure_connection/build/lib/secure_connection/encrypt.py -> /home/amina/Downloads/RTS_project/install/secure_connection/lib/python3.12/site-packages/secure_connection
copying /home/amina/Downloads/RTS_project/build/secure_connection/build/lib/secure_connection/test.py -> /home/amina/Downloads/RTS_project/install/secure_connection/lib/python3.12/site-packages/secure_connection
copying /home/amina/Downloads/RTS_project/build/secure_connection/build/lib/secure_connection/generate_key.py -> /home/amina/Downloads/RTS_project/install/secure_connection/lib/python3.12/site-packages/secure_connection
copying /home/amina/Downloads/RTS_project/build/secure_connection/build/lib/secure_connection/ids_node.py -> /home/amina/Downloads/RTS_project/install/secure_connection/lib/python3.12/site-packages/secure_connection
copying /home/amina/Downloads/RTS_project/build/secure_connection/build/lib/secure_connection/integrity.py -> /home/amina/Downloads/RTS_project/install/secure_connection/lib/python3.12/site-packages/secure_connection
byte-compiling /home/amina/Downloads/RTS_project/install/secure_connection/lib/python3.12/site-packages/secure_connection/authentication.py to authentication.cpython-312.pyc
byte-compiling /home/amina/Downloads/RTS_project/install/secure_connection/lib/python3.12/site-packages/secure_connection/__init__.py to __init__.cpython-312.pyc
byte-compiling /home/amina/Downloads/RTS_project/install/secure_connection/lib/python3.12/site-packages/secure_connection/encrypt.py to encrypt.cpython-312.pyc
byte-compiling /home/amina/Downloads/RTS_project/install/secure_connection/lib/python3.12/site-packages/secure_connection/test.py to test.cpython-312.pyc
byte-compiling /home/amina/Downloads/RTS_project/install/secure_connection/lib/python3.12/site-packages/secure_connection/generate_key.py to generate_key.cpython-312.pyc
byte-compiling /home/amina/Downloads/RTS_project/install/secure_connection/lib/python3.12/site-packages/secure_connection/ids_node.py to ids_node.cpython-312.pyc
byte-compiling /home/amina/Downloads/RTS_project/install/secure_connection/lib/python3.12/site-packages/secure_connection/integrity.py to integrity.cpython-312.pyc
running install_data
creating /home/amina/Downloads/RTS_project/install/secure_connection/share/ament_index
creating /home/amina/Downloads/RTS_project/install/secure_connection/share/ament_index/resource_index
creating /home/amina/Downloads/RTS_project/install/secure_connection/share/ament_index/resource_index/packages
copying resource/secure_connection -> /home/amina/Downloads/RTS_project/install/secure_connection/share/ament_index/resource_index/packages
copying package.xml -> /home/amina/Downloads/RTS_project/install/secure_connection/share/secure_connection
running install_egg_info
Copying ../../build/secure_connection/secure_connection.egg-info to /home/amina/Downloads/RTS_project/install/secure_connection/lib/python3.12/site-packages/secure_connection-0.0.1-py3.12.egg-info
running install_scripts
Installing generate_key script to /home/amina/Downloads/RTS_project/install/secure_connection/lib/secure_connection
Installing ids_node script to /home/amina/Downloads/RTS_project/install/secure_connection/lib/secure_connection
Installing test_security script to /home/amina/Downloads/RTS_project/install/secure_connection/lib/secure_connection
writing list of installed files to '/home/amina/Downloads/RTS_project/build/secure_connection/install.log'
