[3.867s] Invoking command in '/home/mohamed/ros2_ws/src/secure_connection': DEBUGINFOD_URLS=https://debuginfod.ubuntu.com PYTHONPATH=/home/mohamed/ros2_ws/build/secure_connection/prefix_override:/usr/lib/python3/dist-packages/colcon_core/task/python/colcon_distutils_commands:/home/mohamed/ros2_ws/install/secure_connection/lib/python3.12/site-packages:${PYTHONPATH} VIRTUAL_ENV_PROMPT=(env) /usr/bin/python3 -W ignore:setup.py install is deprecated -W ignore:easy_install command is deprecated setup.py egg_info --egg-base ../../build/secure_connection build --build-base /home/mohamed/ros2_ws/build/secure_connection/build install --record /home/mohamed/ros2_ws/build/secure_connection/install.log --single-version-externally-managed install_data
[5.081s] running egg_info
[5.160s] writing ../../build/secure_connection/secure_connection.egg-info/PKG-INFO
[5.161s] writing dependency_links to ../../build/secure_connection/secure_connection.egg-info/dependency_links.txt
[5.161s] writing entry points to ../../build/secure_connection/secure_connection.egg-info/entry_points.txt
[5.162s] writing requirements to ../../build/secure_connection/secure_connection.egg-info/requires.txt
[5.163s] writing top-level names to ../../build/secure_connection/secure_connection.egg-info/top_level.txt
[5.384s] reading manifest file '../../build/secure_connection/secure_connection.egg-info/SOURCES.txt'
[5.391s] writing manifest file '../../build/secure_connection/secure_connection.egg-info/SOURCES.txt'
[5.392s] running build
[5.393s] running build_py
[5.395s] running install
[5.423s] running install_lib
[5.509s] running install_data
[5.510s] running install_egg_info
[5.643s] removing '/home/mohamed/ros2_ws/install/secure_connection/lib/python3.12/site-packages/secure_connection-0.0.0-py3.12.egg-info' (and everything under it)
[5.643s] Copying ../../build/secure_connection/secure_connection.egg-info to /home/mohamed/ros2_ws/install/secure_connection/lib/python3.12/site-packages/secure_connection-0.0.0-py3.12.egg-info
[5.646s] running install_scripts
[6.226s] Installing generate_key script to /home/mohamed/ros2_ws/install/secure_connection/lib/secure_connection
[6.228s] writing list of installed files to '/home/mohamed/ros2_ws/build/secure_connection/install.log'
[6.316s] Invoked command in '/home/mohamed/ros2_ws/src/secure_connection' returned '0': DEBUGINFOD_URLS=https://debuginfod.ubuntu.com PYTHONPATH=/home/mohamed/ros2_ws/build/secure_connection/prefix_override:/usr/lib/python3/dist-packages/colcon_core/task/python/colcon_distutils_commands:/home/mohamed/ros2_ws/install/secure_connection/lib/python3.12/site-packages:${PYTHONPATH} VIRTUAL_ENV_PROMPT=(env) /usr/bin/python3 -W ignore:setup.py install is deprecated -W ignore:easy_install command is deprecated setup.py egg_info --egg-base ../../build/secure_connection build --build-base /home/mohamed/ros2_ws/build/secure_connection/build install --record /home/mohamed/ros2_ws/build/secure_connection/install.log --single-version-externally-managed install_data
