[0.208s] DEBUG:colcon:Command line arguments: ['/usr/bin/colcon', 'build']
[0.208s] DEBUG:colcon:Parsed command line arguments: Namespace(log_base=None, log_level=None, verb_name='build', build_base='build', install_base='install', merge_install=False, symlink_install=False, test_result_base=None, continue_on_error=False, executor='parallel', parallel_workers=8, event_handlers=None, ignore_user_meta=False, metas=['./colcon.meta'], base_paths=['.'], packages_ignore=None, packages_ignore_regex=None, paths=None, packages_up_to=None, packages_up_to_regex=None, packages_above=None, packages_above_and_dependencies=None, packages_above_depth=None, packages_select_by_dep=None, packages_skip_by_dep=None, packages_skip_up_to=None, packages_select_build_failed=False, packages_skip_build_finished=False, packages_select_test_failures=False, packages_skip_test_passed=False, packages_select=None, packages_skip=None, packages_select_regex=None, packages_skip_regex=None, packages_start=None, packages_end=None, allow_overriding=[], cmake_args=['-DROSIDL_TYPESUPPORT_RS=OFF'], cmake_target=None, cmake_target_skip_unavailable=False, cmake_clean_cache=False, cmake_clean_first=False, cmake_force_configure=False, ament_cmake_args=None, catkin_cmake_args=None, catkin_skip_building_tests=False, verb_parser=<colcon_defaults.argument_parser.defaults.DefaultArgumentsDecorator object at 0x76764e77dfd0>, verb_extension=<colcon_core.verb.build.BuildVerb object at 0x76764e899b80>, main=<bound method BuildVerb.main of <colcon_core.verb.build.BuildVerb object at 0x76764e899b80>>)
[0.282s] Level 1:colcon.colcon_core.package_discovery:discover_packages(colcon_meta) check parameters
[0.282s] Level 1:colcon.colcon_core.package_discovery:discover_packages(recursive) check parameters
[0.282s] Level 1:colcon.colcon_core.package_discovery:discover_packages(ignore) check parameters
[0.282s] Level 1:colcon.colcon_core.package_discovery:discover_packages(path) check parameters
[0.282s] Level 1:colcon.colcon_core.package_discovery:discover_packages(colcon_meta) discover
[0.283s] Level 1:colcon.colcon_core.package_discovery:discover_packages(recursive) discover
[0.283s] INFO:colcon.colcon_core.package_discovery:Crawling recursively for packages in '/home/amina/Downloads/RTS_project'
[0.283s] Level 1:colcon.colcon_core.package_identification:_identify(.) by extensions ['ignore', 'ignore_ament_install']
[0.283s] Level 1:colcon.colcon_core.package_identification:_identify(.) by extension 'ignore'
[0.283s] Level 1:colcon.colcon_core.package_identification:_identify(.) by extension 'ignore_ament_install'
[0.283s] Level 1:colcon.colcon_core.package_identification:_identify(.) by extensions ['colcon_pkg']
[0.283s] Level 1:colcon.colcon_core.package_identification:_identify(.) by extension 'colcon_pkg'
[0.283s] Level 1:colcon.colcon_core.package_identification:_identify(.) by extensions ['colcon_meta']
[0.283s] Level 1:colcon.colcon_core.package_identification:_identify(.) by extension 'colcon_meta'
[0.284s] Level 1:colcon.colcon_core.package_identification:_identify(.) by extensions ['ros']
[0.284s] Level 1:colcon.colcon_core.package_identification:_identify(.) by extension 'ros'
[0.323s] Level 1:colcon.colcon_core.package_identification:_identify(.) by extensions ['cmake', 'python']
[0.323s] Level 1:colcon.colcon_core.package_identification:_identify(.) by extension 'cmake'
[0.323s] Level 1:colcon.colcon_core.package_identification:_identify(.) by extension 'python'
[0.323s] Level 1:colcon.colcon_core.package_identification:_identify(.) by extensions ['python_setup_py']
[0.323s] Level 1:colcon.colcon_core.package_identification:_identify(.) by extension 'python_setup_py'
[0.323s] Level 1:colcon.colcon_core.package_identification:_identify(build) by extensions ['ignore', 'ignore_ament_install']
[0.323s] Level 1:colcon.colcon_core.package_identification:_identify(build) by extension 'ignore'
[0.324s] Level 1:colcon.colcon_core.package_identification:_identify(build) ignored
[0.324s] Level 1:colcon.colcon_core.package_identification:_identify(install) by extensions ['ignore', 'ignore_ament_install']
[0.324s] Level 1:colcon.colcon_core.package_identification:_identify(install) by extension 'ignore'
[0.324s] Level 1:colcon.colcon_core.package_identification:_identify(install) ignored
[0.324s] Level 1:colcon.colcon_core.package_identification:_identify(log) by extensions ['ignore', 'ignore_ament_install']
[0.324s] Level 1:colcon.colcon_core.package_identification:_identify(log) by extension 'ignore'
[0.324s] Level 1:colcon.colcon_core.package_identification:_identify(log) ignored
[0.324s] Level 1:colcon.colcon_core.package_identification:_identify(src) by extensions ['ignore', 'ignore_ament_install']
[0.325s] Level 1:colcon.colcon_core.package_identification:_identify(src) by extension 'ignore'
[0.325s] Level 1:colcon.colcon_core.package_identification:_identify(src) by extension 'ignore_ament_install'
[0.325s] Level 1:colcon.colcon_core.package_identification:_identify(src) by extensions ['colcon_pkg']
[0.325s] Level 1:colcon.colcon_core.package_identification:_identify(src) by extension 'colcon_pkg'
[0.325s] Level 1:colcon.colcon_core.package_identification:_identify(src) by extensions ['colcon_meta']
[0.325s] Level 1:colcon.colcon_core.package_identification:_identify(src) by extension 'colcon_meta'
[0.325s] Level 1:colcon.colcon_core.package_identification:_identify(src) by extensions ['ros']
[0.325s] Level 1:colcon.colcon_core.package_identification:_identify(src) by extension 'ros'
[0.325s] Level 1:colcon.colcon_core.package_identification:_identify(src) by extensions ['cmake', 'python']
[0.325s] Level 1:colcon.colcon_core.package_identification:_identify(src) by extension 'cmake'
[0.326s] Level 1:colcon.colcon_core.package_identification:_identify(src) by extension 'python'
[0.326s] Level 1:colcon.colcon_core.package_identification:_identify(src) by extensions ['python_setup_py']
[0.326s] Level 1:colcon.colcon_core.package_identification:_identify(src) by extension 'python_setup_py'
[0.326s] Level 1:colcon.colcon_core.package_identification:_identify(src/my_robot_controller) by extensions ['ignore', 'ignore_ament_install']
[0.326s] Level 1:colcon.colcon_core.package_identification:_identify(src/my_robot_controller) by extension 'ignore'
[0.326s] Level 1:colcon.colcon_core.package_identification:_identify(src/my_robot_controller) by extension 'ignore_ament_install'
[0.326s] Level 1:colcon.colcon_core.package_identification:_identify(src/my_robot_controller) by extensions ['colcon_pkg']
[0.326s] Level 1:colcon.colcon_core.package_identification:_identify(src/my_robot_controller) by extension 'colcon_pkg'
[0.326s] Level 1:colcon.colcon_core.package_identification:_identify(src/my_robot_controller) by extensions ['colcon_meta']
[0.326s] Level 1:colcon.colcon_core.package_identification:_identify(src/my_robot_controller) by extension 'colcon_meta'
[0.327s] Level 1:colcon.colcon_core.package_identification:_identify(src/my_robot_controller) by extensions ['ros']
[0.327s] Level 1:colcon.colcon_core.package_identification:_identify(src/my_robot_controller) by extension 'ros'
[0.331s] DEBUG:colcon.colcon_core.package_identification:Package 'src/my_robot_controller' with type 'ros.ament_python' and name 'my_robot_controller'
[0.331s] Level 1:colcon.colcon_core.package_identification:_identify(src/secure_connection) by extensions ['ignore', 'ignore_ament_install']
[0.331s] Level 1:colcon.colcon_core.package_identification:_identify(src/secure_connection) by extension 'ignore'
[0.331s] Level 1:colcon.colcon_core.package_identification:_identify(src/secure_connection) by extension 'ignore_ament_install'
[0.331s] Level 1:colcon.colcon_core.package_identification:_identify(src/secure_connection) by extensions ['colcon_pkg']
[0.332s] Level 1:colcon.colcon_core.package_identification:_identify(src/secure_connection) by extension 'colcon_pkg'
[0.332s] Level 1:colcon.colcon_core.package_identification:_identify(src/secure_connection) by extensions ['colcon_meta']
[0.332s] Level 1:colcon.colcon_core.package_identification:_identify(src/secure_connection) by extension 'colcon_meta'
[0.332s] Level 1:colcon.colcon_core.package_identification:_identify(src/secure_connection) by extensions ['ros']
[0.332s] Level 1:colcon.colcon_core.package_identification:_identify(src/secure_connection) by extension 'ros'
[0.333s] DEBUG:colcon.colcon_core.package_identification:Package 'src/secure_connection' with type 'ros.ament_python' and name 'secure_connection'
[0.333s] Level 1:colcon.colcon_core.package_discovery:discover_packages(recursive) using defaults
[0.333s] Level 1:colcon.colcon_core.package_discovery:discover_packages(ignore) discover
[0.333s] Level 1:colcon.colcon_core.package_discovery:discover_packages(ignore) using defaults
[0.333s] Level 1:colcon.colcon_core.package_discovery:discover_packages(path) discover
[0.333s] Level 1:colcon.colcon_core.package_discovery:discover_packages(path) using defaults
[0.361s] Level 1:colcon.colcon_core.package_discovery:discover_packages(prefix_path) check parameters
[0.361s] Level 1:colcon.colcon_core.package_discovery:discover_packages(prefix_path) discover
[0.365s] DEBUG:colcon.colcon_installed_package_information.package_discovery:Found 319 installed packages in /opt/ros/jazzy
[0.367s] Level 1:colcon.colcon_core.package_discovery:discover_packages(prefix_path) using defaults
[0.454s] Level 5:colcon.colcon_core.verb:set package 'my_robot_controller' build argument 'cmake_args' from command line to '['-DROSIDL_TYPESUPPORT_RS=OFF']'
[0.454s] Level 5:colcon.colcon_core.verb:set package 'my_robot_controller' build argument 'cmake_target' from command line to 'None'
[0.454s] Level 5:colcon.colcon_core.verb:set package 'my_robot_controller' build argument 'cmake_target_skip_unavailable' from command line to 'False'
[0.454s] Level 5:colcon.colcon_core.verb:set package 'my_robot_controller' build argument 'cmake_clean_cache' from command line to 'False'
[0.454s] Level 5:colcon.colcon_core.verb:set package 'my_robot_controller' build argument 'cmake_clean_first' from command line to 'False'
[0.454s] Level 5:colcon.colcon_core.verb:set package 'my_robot_controller' build argument 'cmake_force_configure' from command line to 'False'
[0.455s] Level 5:colcon.colcon_core.verb:set package 'my_robot_controller' build argument 'ament_cmake_args' from command line to 'None'
[0.455s] Level 5:colcon.colcon_core.verb:set package 'my_robot_controller' build argument 'catkin_cmake_args' from command line to 'None'
[0.455s] Level 5:colcon.colcon_core.verb:set package 'my_robot_controller' build argument 'catkin_skip_building_tests' from command line to 'False'
[0.455s] DEBUG:colcon.colcon_core.verb:Building package 'my_robot_controller' with the following arguments: {'ament_cmake_args': None, 'build_base': '/home/amina/Downloads/RTS_project/build/my_robot_controller', 'catkin_cmake_args': None, 'catkin_skip_building_tests': False, 'cmake_args': ['-DROSIDL_TYPESUPPORT_RS=OFF'], 'cmake_clean_cache': False, 'cmake_clean_first': False, 'cmake_force_configure': False, 'cmake_target': None, 'cmake_target_skip_unavailable': False, 'install_base': '/home/amina/Downloads/RTS_project/install/my_robot_controller', 'merge_install': False, 'path': '/home/amina/Downloads/RTS_project/src/my_robot_controller', 'symlink_install': False, 'test_result_base': None}
[0.455s] Level 5:colcon.colcon_core.verb:set package 'secure_connection' build argument 'cmake_args' from command line to '['-DROSIDL_TYPESUPPORT_RS=OFF']'
[0.455s] Level 5:colcon.colcon_core.verb:set package 'secure_connection' build argument 'cmake_target' from command line to 'None'
[0.455s] Level 5:colcon.colcon_core.verb:set package 'secure_connection' build argument 'cmake_target_skip_unavailable' from command line to 'False'
[0.455s] Level 5:colcon.colcon_core.verb:set package 'secure_connection' build argument 'cmake_clean_cache' from command line to 'False'
[0.455s] Level 5:colcon.colcon_core.verb:set package 'secure_connection' build argument 'cmake_clean_first' from command line to 'False'
[0.455s] Level 5:colcon.colcon_core.verb:set package 'secure_connection' build argument 'cmake_force_configure' from command line to 'False'
[0.455s] Level 5:colcon.colcon_core.verb:set package 'secure_connection' build argument 'ament_cmake_args' from command line to 'None'
[0.455s] Level 5:colcon.colcon_core.verb:set package 'secure_connection' build argument 'catkin_cmake_args' from command line to 'None'
[0.455s] Level 5:colcon.colcon_core.verb:set package 'secure_connection' build argument 'catkin_skip_building_tests' from command line to 'False'
[0.456s] DEBUG:colcon.colcon_core.verb:Building package 'secure_connection' with the following arguments: {'ament_cmake_args': None, 'build_base': '/home/amina/Downloads/RTS_project/build/secure_connection', 'catkin_cmake_args': None, 'catkin_skip_building_tests': False, 'cmake_args': ['-DROSIDL_TYPESUPPORT_RS=OFF'], 'cmake_clean_cache': False, 'cmake_clean_first': False, 'cmake_force_configure': False, 'cmake_target': None, 'cmake_target_skip_unavailable': False, 'install_base': '/home/amina/Downloads/RTS_project/install/secure_connection', 'merge_install': False, 'path': '/home/amina/Downloads/RTS_project/src/secure_connection', 'symlink_install': False, 'test_result_base': None}
[0.456s] INFO:colcon.colcon_core.executor:Executing jobs using 'parallel' executor
[0.457s] DEBUG:colcon.colcon_parallel_executor.executor.parallel:run_until_complete
[0.457s] INFO:colcon.colcon_ros.task.ament_python.build:Building ROS package in '/home/amina/Downloads/RTS_project/src/my_robot_controller' with build type 'ament_python'
[0.457s] Level 1:colcon.colcon_core.shell:create_environment_hook('my_robot_controller', 'ament_prefix_path')
[0.460s] INFO:colcon.colcon_core.plugin_system:Skipping extension 'colcon_core.shell.bat': Not used on non-Windows systems
[0.460s] INFO:colcon.colcon_core.shell:Creating environment hook '/home/amina/Downloads/RTS_project/install/my_robot_controller/share/my_robot_controller/hook/ament_prefix_path.ps1'
[0.461s] INFO:colcon.colcon_core.shell:Creating environment descriptor '/home/amina/Downloads/RTS_project/install/my_robot_controller/share/my_robot_controller/hook/ament_prefix_path.dsv'
[0.462s] INFO:colcon.colcon_core.shell:Creating environment hook '/home/amina/Downloads/RTS_project/install/my_robot_controller/share/my_robot_controller/hook/ament_prefix_path.sh'
[0.463s] INFO:colcon.colcon_core.shell:Skip shell extension 'powershell' for command environment: Not usable outside of PowerShell
[0.463s] DEBUG:colcon.colcon_core.shell:Skip shell extension 'dsv' for command environment
[0.467s] INFO:colcon.colcon_ros.task.ament_python.build:Building ROS package in '/home/amina/Downloads/RTS_project/src/secure_connection' with build type 'ament_python'
[0.468s] Level 1:colcon.colcon_core.shell:create_environment_hook('secure_connection', 'ament_prefix_path')
[0.468s] INFO:colcon.colcon_core.shell:Creating environment hook '/home/amina/Downloads/RTS_project/install/secure_connection/share/secure_connection/hook/ament_prefix_path.ps1'
[0.469s] INFO:colcon.colcon_core.shell:Creating environment descriptor '/home/amina/Downloads/RTS_project/install/secure_connection/share/secure_connection/hook/ament_prefix_path.dsv'
[0.470s] INFO:colcon.colcon_core.shell:Creating environment hook '/home/amina/Downloads/RTS_project/install/secure_connection/share/secure_connection/hook/ament_prefix_path.sh'
[0.471s] INFO:colcon.colcon_core.shell:Skip shell extension 'powershell' for command environment: Not usable outside of PowerShell
[0.471s] DEBUG:colcon.colcon_core.shell:Skip shell extension 'dsv' for command environment
[0.870s] INFO:colcon.colcon_core.task.python.build:Building Python package in '/home/amina/Downloads/RTS_project/src/my_robot_controller'
[0.870s] INFO:colcon.colcon_core.shell:Skip shell extension 'powershell' for command environment: Not usable outside of PowerShell
[0.870s] DEBUG:colcon.colcon_core.shell:Skip shell extension 'dsv' for command environment
[1.277s] INFO:colcon.colcon_core.task.python.build:Building Python package in '/home/amina/Downloads/RTS_project/src/secure_connection'
[1.278s] INFO:colcon.colcon_core.shell:Skip shell extension 'powershell' for command environment: Not usable outside of PowerShell
[1.278s] DEBUG:colcon.colcon_core.shell:Skip shell extension 'dsv' for command environment
[2.270s] DEBUG:colcon.colcon_core.event_handler.log_command:Invoking command in '/home/amina/Downloads/RTS_project/src/secure_connection': DEBUGINFOD_URLS=https://debuginfod.ubuntu.com PYTHONPATH=/home/amina/Downloads/RTS_project/build/secure_connection/prefix_override:/usr/lib/python3/dist-packages/colcon_core/task/python/colcon_distutils_commands:/home/amina/Downloads/RTS_project/install/secure_connection/lib/python3.12/site-packages:${PYTHONPATH} /usr/bin/python3 -W ignore:setup.py install is deprecated -W ignore:easy_install command is deprecated setup.py egg_info --egg-base ../../build/secure_connection build --build-base /home/amina/Downloads/RTS_project/build/secure_connection/build install --record /home/amina/Downloads/RTS_project/build/secure_connection/install.log --single-version-externally-managed install_data
[2.343s] DEBUG:colcon.colcon_core.event_handler.log_command:Invoking command in '/home/amina/Downloads/RTS_project/src/my_robot_controller': DEBUGINFOD_URLS=https://debuginfod.ubuntu.com PYTHONPATH=/home/amina/Downloads/RTS_project/build/my_robot_controller/prefix_override:/usr/lib/python3/dist-packages/colcon_core/task/python/colcon_distutils_commands:/home/amina/Downloads/RTS_project/install/my_robot_controller/lib/python3.12/site-packages:${PYTHONPATH} /usr/bin/python3 -W ignore:setup.py install is deprecated -W ignore:easy_install command is deprecated setup.py egg_info --egg-base ../../build/my_robot_controller build --build-base /home/amina/Downloads/RTS_project/build/my_robot_controller/build install --record /home/amina/Downloads/RTS_project/build/my_robot_controller/install.log --single-version-externally-managed install_data
[3.229s] DEBUG:colcon.colcon_core.event_handler.log_command:Invoked command in '/home/amina/Downloads/RTS_project/src/secure_connection' returned '0': DEBUGINFOD_URLS=https://debuginfod.ubuntu.com PYTHONPATH=/home/amina/Downloads/RTS_project/build/secure_connection/prefix_override:/usr/lib/python3/dist-packages/colcon_core/task/python/colcon_distutils_commands:/home/amina/Downloads/RTS_project/install/secure_connection/lib/python3.12/site-packages:${PYTHONPATH} /usr/bin/python3 -W ignore:setup.py install is deprecated -W ignore:easy_install command is deprecated setup.py egg_info --egg-base ../../build/secure_connection build --build-base /home/amina/Downloads/RTS_project/build/secure_connection/build install --record /home/amina/Downloads/RTS_project/build/secure_connection/install.log --single-version-externally-managed install_data
[3.232s] Level 1:colcon.colcon_core.environment:checking '/home/amina/Downloads/RTS_project/install/secure_connection' for CMake module files
[3.233s] Level 1:colcon.colcon_core.environment:checking '/home/amina/Downloads/RTS_project/install/secure_connection' for CMake config files
[3.234s] Level 1:colcon.colcon_core.environment:checking '/home/amina/Downloads/RTS_project/install/secure_connection/lib'
[3.235s] Level 1:colcon.colcon_core.environment:checking '/home/amina/Downloads/RTS_project/install/secure_connection/bin'
[3.235s] Level 1:colcon.colcon_core.environment:checking '/home/amina/Downloads/RTS_project/install/secure_connection/lib/pkgconfig/secure_connection.pc'
[3.235s] Level 1:colcon.colcon_core.environment:checking '/home/amina/Downloads/RTS_project/install/secure_connection/lib/python3.12/site-packages'
[3.235s] Level 1:colcon.colcon_core.shell:create_environment_hook('secure_connection', 'pythonpath')
[3.236s] INFO:colcon.colcon_core.shell:Creating environment hook '/home/amina/Downloads/RTS_project/install/secure_connection/share/secure_connection/hook/pythonpath.ps1'
[3.236s] INFO:colcon.colcon_core.shell:Creating environment descriptor '/home/amina/Downloads/RTS_project/install/secure_connection/share/secure_connection/hook/pythonpath.dsv'
[3.237s] INFO:colcon.colcon_core.shell:Creating environment hook '/home/amina/Downloads/RTS_project/install/secure_connection/share/secure_connection/hook/pythonpath.sh'
[3.238s] Level 1:colcon.colcon_core.environment:checking '/home/amina/Downloads/RTS_project/install/secure_connection/bin'
[3.238s] Level 1:colcon.colcon_core.environment:create_environment_scripts_only(secure_connection)
[3.238s] INFO:colcon.colcon_core.shell:Creating package script '/home/amina/Downloads/RTS_project/install/secure_connection/share/secure_connection/package.ps1'
[3.240s] INFO:colcon.colcon_core.shell:Creating package descriptor '/home/amina/Downloads/RTS_project/install/secure_connection/share/secure_connection/package.dsv'
[3.241s] INFO:colcon.colcon_core.shell:Creating package script '/home/amina/Downloads/RTS_project/install/secure_connection/share/secure_connection/package.sh'
[3.242s] INFO:colcon.colcon_core.shell:Creating package script '/home/amina/Downloads/RTS_project/install/secure_connection/share/secure_connection/package.bash'
[3.243s] INFO:colcon.colcon_core.shell:Creating package script '/home/amina/Downloads/RTS_project/install/secure_connection/share/secure_connection/package.zsh'
[3.243s] Level 1:colcon.colcon_core.environment:create_file_with_runtime_dependencies(/home/amina/Downloads/RTS_project/install/secure_connection/share/colcon-core/packages/secure_connection)
[3.309s] Level 1:colcon.colcon_core.environment:checking '/home/amina/Downloads/RTS_project/install/my_robot_controller' for CMake module files
[3.310s] DEBUG:colcon.colcon_core.event_handler.log_command:Invoked command in '/home/amina/Downloads/RTS_project/src/my_robot_controller' returned '0': DEBUGINFOD_URLS=https://debuginfod.ubuntu.com PYTHONPATH=/home/amina/Downloads/RTS_project/build/my_robot_controller/prefix_override:/usr/lib/python3/dist-packages/colcon_core/task/python/colcon_distutils_commands:/home/amina/Downloads/RTS_project/install/my_robot_controller/lib/python3.12/site-packages:${PYTHONPATH} /usr/bin/python3 -W ignore:setup.py install is deprecated -W ignore:easy_install command is deprecated setup.py egg_info --egg-base ../../build/my_robot_controller build --build-base /home/amina/Downloads/RTS_project/build/my_robot_controller/build install --record /home/amina/Downloads/RTS_project/build/my_robot_controller/install.log --single-version-externally-managed install_data
[3.311s] Level 1:colcon.colcon_core.environment:checking '/home/amina/Downloads/RTS_project/install/my_robot_controller' for CMake config files
[3.312s] Level 1:colcon.colcon_core.environment:checking '/home/amina/Downloads/RTS_project/install/my_robot_controller/lib'
[3.312s] Level 1:colcon.colcon_core.environment:checking '/home/amina/Downloads/RTS_project/install/my_robot_controller/bin'
[3.312s] Level 1:colcon.colcon_core.environment:checking '/home/amina/Downloads/RTS_project/install/my_robot_controller/lib/pkgconfig/my_robot_controller.pc'
[3.313s] Level 1:colcon.colcon_core.environment:checking '/home/amina/Downloads/RTS_project/install/my_robot_controller/lib/python3.12/site-packages'
[3.313s] Level 1:colcon.colcon_core.shell:create_environment_hook('my_robot_controller', 'pythonpath')
[3.313s] INFO:colcon.colcon_core.shell:Creating environment hook '/home/amina/Downloads/RTS_project/install/my_robot_controller/share/my_robot_controller/hook/pythonpath.ps1'
[3.314s] INFO:colcon.colcon_core.shell:Creating environment descriptor '/home/amina/Downloads/RTS_project/install/my_robot_controller/share/my_robot_controller/hook/pythonpath.dsv'
[3.315s] INFO:colcon.colcon_core.shell:Creating environment hook '/home/amina/Downloads/RTS_project/install/my_robot_controller/share/my_robot_controller/hook/pythonpath.sh'
[3.316s] Level 1:colcon.colcon_core.environment:checking '/home/amina/Downloads/RTS_project/install/my_robot_controller/bin'
[3.316s] Level 1:colcon.colcon_core.environment:create_environment_scripts_only(my_robot_controller)
[3.316s] INFO:colcon.colcon_core.shell:Creating package script '/home/amina/Downloads/RTS_project/install/my_robot_controller/share/my_robot_controller/package.ps1'
[3.317s] INFO:colcon.colcon_core.shell:Creating package descriptor '/home/amina/Downloads/RTS_project/install/my_robot_controller/share/my_robot_controller/package.dsv'
[3.318s] INFO:colcon.colcon_core.shell:Creating package script '/home/amina/Downloads/RTS_project/install/my_robot_controller/share/my_robot_controller/package.sh'
[3.319s] INFO:colcon.colcon_core.shell:Creating package script '/home/amina/Downloads/RTS_project/install/my_robot_controller/share/my_robot_controller/package.bash'
[3.319s] INFO:colcon.colcon_core.shell:Creating package script '/home/amina/Downloads/RTS_project/install/my_robot_controller/share/my_robot_controller/package.zsh'
[3.320s] Level 1:colcon.colcon_core.environment:create_file_with_runtime_dependencies(/home/amina/Downloads/RTS_project/install/my_robot_controller/share/colcon-core/packages/my_robot_controller)
[3.320s] DEBUG:colcon.colcon_parallel_executor.executor.parallel:closing loop
[3.321s] DEBUG:colcon.colcon_parallel_executor.executor.parallel:loop closed
[3.321s] DEBUG:colcon.colcon_parallel_executor.executor.parallel:run_until_complete finished with '0'
[3.322s] DEBUG:colcon.colcon_core.event_reactor:joining thread
[3.329s] INFO:colcon.colcon_core.plugin_system:Skipping extension 'colcon_notification.desktop_notification.terminal_notifier': Not used on non-Darwin systems
[3.329s] INFO:colcon.colcon_core.plugin_system:Skipping extension 'colcon_notification.desktop_notification.win32': Not used on non-Windows systems
[3.329s] INFO:colcon.colcon_notification.desktop_notification:Sending desktop notification using 'notify2'
[3.354s] DEBUG:colcon.colcon_core.event_reactor:joined thread
[3.354s] INFO:colcon.colcon_core.shell:Creating prefix script '/home/amina/Downloads/RTS_project/install/local_setup.ps1'
[3.356s] INFO:colcon.colcon_core.shell:Creating prefix util module '/home/amina/Downloads/RTS_project/install/_local_setup_util_ps1.py'
[3.358s] INFO:colcon.colcon_core.shell:Creating prefix chain script '/home/amina/Downloads/RTS_project/install/setup.ps1'
[3.360s] INFO:colcon.colcon_core.shell:Creating prefix script '/home/amina/Downloads/RTS_project/install/local_setup.sh'
[3.361s] INFO:colcon.colcon_core.shell:Creating prefix util module '/home/amina/Downloads/RTS_project/install/_local_setup_util_sh.py'
[3.362s] INFO:colcon.colcon_core.shell:Creating prefix chain script '/home/amina/Downloads/RTS_project/install/setup.sh'
[3.363s] INFO:colcon.colcon_core.shell:Creating prefix script '/home/amina/Downloads/RTS_project/install/local_setup.bash'
[3.364s] INFO:colcon.colcon_core.shell:Creating prefix chain script '/home/amina/Downloads/RTS_project/install/setup.bash'
[3.365s] INFO:colcon.colcon_core.shell:Creating prefix script '/home/amina/Downloads/RTS_project/install/local_setup.zsh'
[3.366s] INFO:colcon.colcon_core.shell:Creating prefix chain script '/home/amina/Downloads/RTS_project/install/setup.zsh'
