[0.272s] DEBUG:colcon:Command line arguments: ['/usr/bin/colcon', 'build']
[0.272s] DEBUG:colcon:Parsed command line arguments: Namespace(log_base=None, log_level=None, verb_name='build', build_base='build', install_base='install', merge_install=False, symlink_install=False, test_result_base=None, continue_on_error=False, executor='parallel', parallel_workers=8, event_handlers=None, ignore_user_meta=False, metas=['./colcon.meta'], base_paths=['.'], packages_ignore=None, packages_ignore_regex=None, paths=None, packages_up_to=None, packages_up_to_regex=None, packages_above=None, packages_above_and_dependencies=None, packages_above_depth=None, packages_select_by_dep=None, packages_skip_by_dep=None, packages_skip_up_to=None, packages_select_build_failed=False, packages_skip_build_finished=False, packages_select_test_failures=False, packages_skip_test_passed=False, packages_select=None, packages_skip=None, packages_select_regex=None, packages_skip_regex=None, packages_start=None, packages_end=None, allow_overriding=[], cmake_args=None, cmake_target=None, cmake_target_skip_unavailable=False, cmake_clean_cache=False, cmake_clean_first=False, cmake_force_configure=False, ament_cmake_args=None, catkin_cmake_args=None, catkin_skip_building_tests=False, mixin_files=None, mixin=None, verb_parser=<colcon_mixin.mixin.mixin_argument.MixinArgumentDecorator object at 0x72eb59090530>, verb_extension=<colcon_core.verb.build.BuildVerb object at 0x72eb590902f0>, main=<bound method BuildVerb.main of <colcon_core.verb.build.BuildVerb object at 0x72eb590902f0>>, mixin_verb=('build',))
[0.331s] Level 1:colcon.colcon_core.package_discovery:discover_packages(colcon_meta) check parameters
[0.331s] Level 1:colcon.colcon_core.package_discovery:discover_packages(recursive) check parameters
[0.331s] Level 1:colcon.colcon_core.package_discovery:discover_packages(ignore) check parameters
[0.331s] Level 1:colcon.colcon_core.package_discovery:discover_packages(path) check parameters
[0.331s] Level 1:colcon.colcon_core.package_discovery:discover_packages(colcon_meta) discover
[0.332s] Level 1:colcon.colcon_core.package_discovery:discover_packages(recursive) discover
[0.332s] INFO:colcon.colcon_core.package_discovery:Crawling recursively for packages in '/home/mohamed/ros2_ws'
[0.332s] Level 1:colcon.colcon_core.package_identification:_identify(.) by extensions ['ignore', 'ignore_ament_install']
[0.332s] Level 1:colcon.colcon_core.package_identification:_identify(.) by extension 'ignore'
[0.332s] Level 1:colcon.colcon_core.package_identification:_identify(.) by extension 'ignore_ament_install'
[0.332s] Level 1:colcon.colcon_core.package_identification:_identify(.) by extensions ['colcon_pkg']
[0.332s] Level 1:colcon.colcon_core.package_identification:_identify(.) by extension 'colcon_pkg'
[0.332s] Level 1:colcon.colcon_core.package_identification:_identify(.) by extensions ['colcon_meta']
[0.332s] Level 1:colcon.colcon_core.package_identification:_identify(.) by extension 'colcon_meta'
[0.332s] Level 1:colcon.colcon_core.package_identification:_identify(.) by extensions ['ros']
[0.332s] Level 1:colcon.colcon_core.package_identification:_identify(.) by extension 'ros'
[0.372s] Level 1:colcon.colcon_core.package_identification:_identify(.) by extensions ['cmake', 'python']
[0.372s] Level 1:colcon.colcon_core.package_identification:_identify(.) by extension 'cmake'
[0.372s] Level 1:colcon.colcon_core.package_identification:_identify(.) by extension 'python'
[0.372s] Level 1:colcon.colcon_core.package_identification:_identify(.) by extensions ['python_setup_py']
[0.372s] Level 1:colcon.colcon_core.package_identification:_identify(.) by extension 'python_setup_py'
[0.372s] Level 1:colcon.colcon_core.package_identification:_identify(build) by extensions ['ignore', 'ignore_ament_install']
[0.373s] Level 1:colcon.colcon_core.package_identification:_identify(build) by extension 'ignore'
[0.373s] Level 1:colcon.colcon_core.package_identification:_identify(build) ignored
[0.373s] Level 1:colcon.colcon_core.package_identification:_identify(install) by extensions ['ignore', 'ignore_ament_install']
[0.373s] Level 1:colcon.colcon_core.package_identification:_identify(install) by extension 'ignore'
[0.373s] Level 1:colcon.colcon_core.package_identification:_identify(install) ignored
[0.373s] Level 1:colcon.colcon_core.package_identification:_identify(log) by extensions ['ignore', 'ignore_ament_install']
[0.373s] Level 1:colcon.colcon_core.package_identification:_identify(log) by extension 'ignore'
[0.373s] Level 1:colcon.colcon_core.package_identification:_identify(log) ignored
[0.373s] Level 1:colcon.colcon_core.package_identification:_identify(src) by extensions ['ignore', 'ignore_ament_install']
[0.374s] Level 1:colcon.colcon_core.package_identification:_identify(src) by extension 'ignore'
[0.374s] Level 1:colcon.colcon_core.package_identification:_identify(src) by extension 'ignore_ament_install'
[0.374s] Level 1:colcon.colcon_core.package_identification:_identify(src) by extensions ['colcon_pkg']
[0.374s] Level 1:colcon.colcon_core.package_identification:_identify(src) by extension 'colcon_pkg'
[0.374s] Level 1:colcon.colcon_core.package_identification:_identify(src) by extensions ['colcon_meta']
[0.374s] Level 1:colcon.colcon_core.package_identification:_identify(src) by extension 'colcon_meta'
[0.374s] Level 1:colcon.colcon_core.package_identification:_identify(src) by extensions ['ros']
[0.374s] Level 1:colcon.colcon_core.package_identification:_identify(src) by extension 'ros'
[0.374s] Level 1:colcon.colcon_core.package_identification:_identify(src) by extensions ['cmake', 'python']
[0.375s] Level 1:colcon.colcon_core.package_identification:_identify(src) by extension 'cmake'
[0.375s] Level 1:colcon.colcon_core.package_identification:_identify(src) by extension 'python'
[0.375s] Level 1:colcon.colcon_core.package_identification:_identify(src) by extensions ['python_setup_py']
[0.375s] Level 1:colcon.colcon_core.package_identification:_identify(src) by extension 'python_setup_py'
[0.375s] Level 1:colcon.colcon_core.package_identification:_identify(src/build) by extensions ['ignore', 'ignore_ament_install']
[0.375s] Level 1:colcon.colcon_core.package_identification:_identify(src/build) by extension 'ignore'
[0.375s] Level 1:colcon.colcon_core.package_identification:_identify(src/build) ignored
[0.376s] Level 1:colcon.colcon_core.package_identification:_identify(src/install) by extensions ['ignore', 'ignore_ament_install']
[0.376s] Level 1:colcon.colcon_core.package_identification:_identify(src/install) by extension 'ignore'
[0.376s] Level 1:colcon.colcon_core.package_identification:_identify(src/install) ignored
[0.376s] Level 1:colcon.colcon_core.package_identification:_identify(src/log) by extensions ['ignore', 'ignore_ament_install']
[0.376s] Level 1:colcon.colcon_core.package_identification:_identify(src/log) by extension 'ignore'
[0.377s] Level 1:colcon.colcon_core.package_identification:_identify(src/log) ignored
[0.377s] Level 1:colcon.colcon_core.package_identification:_identify(src/my_robot_controller) by extensions ['ignore', 'ignore_ament_install']
[0.377s] Level 1:colcon.colcon_core.package_identification:_identify(src/my_robot_controller) by extension 'ignore'
[0.378s] Level 1:colcon.colcon_core.package_identification:_identify(src/my_robot_controller) by extension 'ignore_ament_install'
[0.379s] Level 1:colcon.colcon_core.package_identification:_identify(src/my_robot_controller) by extensions ['colcon_pkg']
[0.379s] Level 1:colcon.colcon_core.package_identification:_identify(src/my_robot_controller) by extension 'colcon_pkg'
[0.379s] Level 1:colcon.colcon_core.package_identification:_identify(src/my_robot_controller) by extensions ['colcon_meta']
[0.379s] Level 1:colcon.colcon_core.package_identification:_identify(src/my_robot_controller) by extension 'colcon_meta'
[0.380s] Level 1:colcon.colcon_core.package_identification:_identify(src/my_robot_controller) by extensions ['ros']
[0.380s] Level 1:colcon.colcon_core.package_identification:_identify(src/my_robot_controller) by extension 'ros'
[0.384s] DEBUG:colcon.colcon_core.package_identification:Package 'src/my_robot_controller' with type 'ros.ament_python' and name 'my_robot_controller'
[0.384s] Level 1:colcon.colcon_core.package_identification:_identify(src/node_network) by extensions ['ignore', 'ignore_ament_install']
[0.385s] Level 1:colcon.colcon_core.package_identification:_identify(src/node_network) by extension 'ignore'
[0.385s] Level 1:colcon.colcon_core.package_identification:_identify(src/node_network) by extension 'ignore_ament_install'
[0.385s] Level 1:colcon.colcon_core.package_identification:_identify(src/node_network) by extensions ['colcon_pkg']
[0.385s] Level 1:colcon.colcon_core.package_identification:_identify(src/node_network) by extension 'colcon_pkg'
[0.385s] Level 1:colcon.colcon_core.package_identification:_identify(src/node_network) by extensions ['colcon_meta']
[0.385s] Level 1:colcon.colcon_core.package_identification:_identify(src/node_network) by extension 'colcon_meta'
[0.385s] Level 1:colcon.colcon_core.package_identification:_identify(src/node_network) by extensions ['ros']
[0.385s] Level 1:colcon.colcon_core.package_identification:_identify(src/node_network) by extension 'ros'
[0.386s] DEBUG:colcon.colcon_core.package_identification:Package 'src/node_network' with type 'ros.ament_python' and name 'node_network'
[0.386s] Level 1:colcon.colcon_core.package_identification:_identify(src/secure_connection) by extensions ['ignore', 'ignore_ament_install']
[0.386s] Level 1:colcon.colcon_core.package_identification:_identify(src/secure_connection) by extension 'ignore'
[0.386s] Level 1:colcon.colcon_core.package_identification:_identify(src/secure_connection) by extension 'ignore_ament_install'
[0.386s] Level 1:colcon.colcon_core.package_identification:_identify(src/secure_connection) by extensions ['colcon_pkg']
[0.386s] Level 1:colcon.colcon_core.package_identification:_identify(src/secure_connection) by extension 'colcon_pkg'
[0.387s] Level 1:colcon.colcon_core.package_identification:_identify(src/secure_connection) by extensions ['colcon_meta']
[0.387s] Level 1:colcon.colcon_core.package_identification:_identify(src/secure_connection) by extension 'colcon_meta'
[0.387s] Level 1:colcon.colcon_core.package_identification:_identify(src/secure_connection) by extensions ['ros']
[0.387s] Level 1:colcon.colcon_core.package_identification:_identify(src/secure_connection) by extension 'ros'
[0.387s] DEBUG:colcon.colcon_core.package_identification:Package 'src/secure_connection' with type 'ros.ament_python' and name 'secure_connection'
[0.388s] Level 1:colcon.colcon_core.package_identification:_identify(src/test_latency) by extensions ['ignore', 'ignore_ament_install']
[0.388s] Level 1:colcon.colcon_core.package_identification:_identify(src/test_latency) by extension 'ignore'
[0.388s] Level 1:colcon.colcon_core.package_identification:_identify(src/test_latency) by extension 'ignore_ament_install'
[0.388s] Level 1:colcon.colcon_core.package_identification:_identify(src/test_latency) by extensions ['colcon_pkg']
[0.388s] Level 1:colcon.colcon_core.package_identification:_identify(src/test_latency) by extension 'colcon_pkg'
[0.388s] Level 1:colcon.colcon_core.package_identification:_identify(src/test_latency) by extensions ['colcon_meta']
[0.388s] Level 1:colcon.colcon_core.package_identification:_identify(src/test_latency) by extension 'colcon_meta'
[0.388s] Level 1:colcon.colcon_core.package_identification:_identify(src/test_latency) by extensions ['ros']
[0.388s] Level 1:colcon.colcon_core.package_identification:_identify(src/test_latency) by extension 'ros'
[0.389s] DEBUG:colcon.colcon_core.package_identification:Package 'src/test_latency' with type 'ros.ament_python' and name 'test_latency'
[0.389s] Level 1:colcon.colcon_core.package_discovery:discover_packages(recursive) using defaults
[0.389s] Level 1:colcon.colcon_core.package_discovery:discover_packages(ignore) discover
[0.389s] Level 1:colcon.colcon_core.package_discovery:discover_packages(ignore) using defaults
[0.389s] Level 1:colcon.colcon_core.package_discovery:discover_packages(path) discover
[0.389s] Level 1:colcon.colcon_core.package_discovery:discover_packages(path) using defaults
[0.421s] Level 1:colcon.colcon_core.package_discovery:discover_packages(prefix_path) check parameters
[0.421s] Level 1:colcon.colcon_core.package_discovery:discover_packages(prefix_path) discover
[0.424s] DEBUG:colcon.colcon_installed_package_information.package_discovery:Found 4 installed packages in /home/mohamed/ros2_ws/install
[0.426s] DEBUG:colcon.colcon_installed_package_information.package_discovery:Found 287 installed packages in /opt/ros/jazzy
[0.431s] Level 1:colcon.colcon_core.package_discovery:discover_packages(prefix_path) using defaults
[0.499s] Level 5:colcon.colcon_core.verb:set package 'my_robot_controller' build argument 'cmake_args' from command line to 'None'
[0.499s] Level 5:colcon.colcon_core.verb:set package 'my_robot_controller' build argument 'cmake_target' from command line to 'None'
[0.500s] Level 5:colcon.colcon_core.verb:set package 'my_robot_controller' build argument 'cmake_target_skip_unavailable' from command line to 'False'
[0.500s] Level 5:colcon.colcon_core.verb:set package 'my_robot_controller' build argument 'cmake_clean_cache' from command line to 'False'
[0.500s] Level 5:colcon.colcon_core.verb:set package 'my_robot_controller' build argument 'cmake_clean_first' from command line to 'False'
[0.500s] Level 5:colcon.colcon_core.verb:set package 'my_robot_controller' build argument 'cmake_force_configure' from command line to 'False'
[0.500s] Level 5:colcon.colcon_core.verb:set package 'my_robot_controller' build argument 'ament_cmake_args' from command line to 'None'
[0.500s] Level 5:colcon.colcon_core.verb:set package 'my_robot_controller' build argument 'catkin_cmake_args' from command line to 'None'
[0.500s] Level 5:colcon.colcon_core.verb:set package 'my_robot_controller' build argument 'catkin_skip_building_tests' from command line to 'False'
[0.500s] DEBUG:colcon.colcon_core.verb:Building package 'my_robot_controller' with the following arguments: {'ament_cmake_args': None, 'build_base': '/home/mohamed/ros2_ws/build/my_robot_controller', 'catkin_cmake_args': None, 'catkin_skip_building_tests': False, 'cmake_args': None, 'cmake_clean_cache': False, 'cmake_clean_first': False, 'cmake_force_configure': False, 'cmake_target': None, 'cmake_target_skip_unavailable': False, 'install_base': '/home/mohamed/ros2_ws/install/my_robot_controller', 'merge_install': False, 'path': '/home/mohamed/ros2_ws/src/my_robot_controller', 'symlink_install': False, 'test_result_base': None}
[0.500s] Level 5:colcon.colcon_core.verb:set package 'node_network' build argument 'cmake_args' from command line to 'None'
[0.500s] Level 5:colcon.colcon_core.verb:set package 'node_network' build argument 'cmake_target' from command line to 'None'
[0.500s] Level 5:colcon.colcon_core.verb:set package 'node_network' build argument 'cmake_target_skip_unavailable' from command line to 'False'
[0.500s] Level 5:colcon.colcon_core.verb:set package 'node_network' build argument 'cmake_clean_cache' from command line to 'False'
[0.500s] Level 5:colcon.colcon_core.verb:set package 'node_network' build argument 'cmake_clean_first' from command line to 'False'
[0.500s] Level 5:colcon.colcon_core.verb:set package 'node_network' build argument 'cmake_force_configure' from command line to 'False'
[0.501s] Level 5:colcon.colcon_core.verb:set package 'node_network' build argument 'ament_cmake_args' from command line to 'None'
[0.501s] Level 5:colcon.colcon_core.verb:set package 'node_network' build argument 'catkin_cmake_args' from command line to 'None'
[0.501s] Level 5:colcon.colcon_core.verb:set package 'node_network' build argument 'catkin_skip_building_tests' from command line to 'False'
[0.501s] DEBUG:colcon.colcon_core.verb:Building package 'node_network' with the following arguments: {'ament_cmake_args': None, 'build_base': '/home/mohamed/ros2_ws/build/node_network', 'catkin_cmake_args': None, 'catkin_skip_building_tests': False, 'cmake_args': None, 'cmake_clean_cache': False, 'cmake_clean_first': False, 'cmake_force_configure': False, 'cmake_target': None, 'cmake_target_skip_unavailable': False, 'install_base': '/home/mohamed/ros2_ws/install/node_network', 'merge_install': False, 'path': '/home/mohamed/ros2_ws/src/node_network', 'symlink_install': False, 'test_result_base': None}
[0.501s] Level 5:colcon.colcon_core.verb:set package 'secure_connection' build argument 'cmake_args' from command line to 'None'
[0.501s] Level 5:colcon.colcon_core.verb:set package 'secure_connection' build argument 'cmake_target' from command line to 'None'
[0.501s] Level 5:colcon.colcon_core.verb:set package 'secure_connection' build argument 'cmake_target_skip_unavailable' from command line to 'False'
[0.501s] Level 5:colcon.colcon_core.verb:set package 'secure_connection' build argument 'cmake_clean_cache' from command line to 'False'
[0.501s] Level 5:colcon.colcon_core.verb:set package 'secure_connection' build argument 'cmake_clean_first' from command line to 'False'
[0.501s] Level 5:colcon.colcon_core.verb:set package 'secure_connection' build argument 'cmake_force_configure' from command line to 'False'
[0.501s] Level 5:colcon.colcon_core.verb:set package 'secure_connection' build argument 'ament_cmake_args' from command line to 'None'
[0.501s] Level 5:colcon.colcon_core.verb:set package 'secure_connection' build argument 'catkin_cmake_args' from command line to 'None'
[0.501s] Level 5:colcon.colcon_core.verb:set package 'secure_connection' build argument 'catkin_skip_building_tests' from command line to 'False'
[0.501s] DEBUG:colcon.colcon_core.verb:Building package 'secure_connection' with the following arguments: {'ament_cmake_args': None, 'build_base': '/home/mohamed/ros2_ws/build/secure_connection', 'catkin_cmake_args': None, 'catkin_skip_building_tests': False, 'cmake_args': None, 'cmake_clean_cache': False, 'cmake_clean_first': False, 'cmake_force_configure': False, 'cmake_target': None, 'cmake_target_skip_unavailable': False, 'install_base': '/home/mohamed/ros2_ws/install/secure_connection', 'merge_install': False, 'path': '/home/mohamed/ros2_ws/src/secure_connection', 'symlink_install': False, 'test_result_base': None}
[0.502s] Level 5:colcon.colcon_core.verb:set package 'test_latency' build argument 'cmake_args' from command line to 'None'
[0.502s] Level 5:colcon.colcon_core.verb:set package 'test_latency' build argument 'cmake_target' from command line to 'None'
[0.502s] Level 5:colcon.colcon_core.verb:set package 'test_latency' build argument 'cmake_target_skip_unavailable' from command line to 'False'
[0.502s] Level 5:colcon.colcon_core.verb:set package 'test_latency' build argument 'cmake_clean_cache' from command line to 'False'
[0.502s] Level 5:colcon.colcon_core.verb:set package 'test_latency' build argument 'cmake_clean_first' from command line to 'False'
[0.502s] Level 5:colcon.colcon_core.verb:set package 'test_latency' build argument 'cmake_force_configure' from command line to 'False'
[0.502s] Level 5:colcon.colcon_core.verb:set package 'test_latency' build argument 'ament_cmake_args' from command line to 'None'
[0.502s] Level 5:colcon.colcon_core.verb:set package 'test_latency' build argument 'catkin_cmake_args' from command line to 'None'
[0.502s] Level 5:colcon.colcon_core.verb:set package 'test_latency' build argument 'catkin_skip_building_tests' from command line to 'False'
[0.502s] DEBUG:colcon.colcon_core.verb:Building package 'test_latency' with the following arguments: {'ament_cmake_args': None, 'build_base': '/home/mohamed/ros2_ws/build/test_latency', 'catkin_cmake_args': None, 'catkin_skip_building_tests': False, 'cmake_args': None, 'cmake_clean_cache': False, 'cmake_clean_first': False, 'cmake_force_configure': False, 'cmake_target': None, 'cmake_target_skip_unavailable': False, 'install_base': '/home/mohamed/ros2_ws/install/test_latency', 'merge_install': False, 'path': '/home/mohamed/ros2_ws/src/test_latency', 'symlink_install': False, 'test_result_base': None}
[0.502s] INFO:colcon.colcon_core.executor:Executing jobs using 'parallel' executor
[0.503s] DEBUG:colcon.colcon_parallel_executor.executor.parallel:run_until_complete
[0.503s] INFO:colcon.colcon_ros.task.ament_python.build:Building ROS package in '/home/mohamed/ros2_ws/src/my_robot_controller' with build type 'ament_python'
[0.504s] Level 1:colcon.colcon_core.shell:create_environment_hook('my_robot_controller', 'ament_prefix_path')
[0.506s] INFO:colcon.colcon_core.plugin_system:Skipping extension 'colcon_core.shell.bat': Not used on non-Windows systems
[0.506s] INFO:colcon.colcon_core.shell:Creating environment hook '/home/mohamed/ros2_ws/install/my_robot_controller/share/my_robot_controller/hook/ament_prefix_path.ps1'
[0.507s] INFO:colcon.colcon_core.shell:Creating environment descriptor '/home/mohamed/ros2_ws/install/my_robot_controller/share/my_robot_controller/hook/ament_prefix_path.dsv'
[0.507s] INFO:colcon.colcon_core.shell:Creating environment hook '/home/mohamed/ros2_ws/install/my_robot_controller/share/my_robot_controller/hook/ament_prefix_path.sh'
[0.508s] INFO:colcon.colcon_core.shell:Skip shell extension 'powershell' for command environment: Not usable outside of PowerShell
[0.508s] DEBUG:colcon.colcon_core.shell:Skip shell extension 'dsv' for command environment
[0.514s] INFO:colcon.colcon_ros.task.ament_python.build:Building ROS package in '/home/mohamed/ros2_ws/src/node_network' with build type 'ament_python'
[0.514s] Level 1:colcon.colcon_core.shell:create_environment_hook('node_network', 'ament_prefix_path')
[0.515s] INFO:colcon.colcon_core.shell:Creating environment hook '/home/mohamed/ros2_ws/install/node_network/share/node_network/hook/ament_prefix_path.ps1'
[0.516s] INFO:colcon.colcon_core.shell:Creating environment descriptor '/home/mohamed/ros2_ws/install/node_network/share/node_network/hook/ament_prefix_path.dsv'
[0.516s] INFO:colcon.colcon_core.shell:Creating environment hook '/home/mohamed/ros2_ws/install/node_network/share/node_network/hook/ament_prefix_path.sh'
[0.517s] INFO:colcon.colcon_core.shell:Skip shell extension 'powershell' for command environment: Not usable outside of PowerShell
[0.517s] DEBUG:colcon.colcon_core.shell:Skip shell extension 'dsv' for command environment
[0.524s] INFO:colcon.colcon_ros.task.ament_python.build:Building ROS package in '/home/mohamed/ros2_ws/src/secure_connection' with build type 'ament_python'
[0.524s] Level 1:colcon.colcon_core.shell:create_environment_hook('secure_connection', 'ament_prefix_path')
[0.524s] INFO:colcon.colcon_core.shell:Creating environment hook '/home/mohamed/ros2_ws/install/secure_connection/share/secure_connection/hook/ament_prefix_path.ps1'
[0.525s] INFO:colcon.colcon_core.shell:Creating environment descriptor '/home/mohamed/ros2_ws/install/secure_connection/share/secure_connection/hook/ament_prefix_path.dsv'
[0.525s] INFO:colcon.colcon_core.shell:Creating environment hook '/home/mohamed/ros2_ws/install/secure_connection/share/secure_connection/hook/ament_prefix_path.sh'
[0.526s] INFO:colcon.colcon_core.shell:Skip shell extension 'powershell' for command environment: Not usable outside of PowerShell
[0.526s] DEBUG:colcon.colcon_core.shell:Skip shell extension 'dsv' for command environment
[0.538s] INFO:colcon.colcon_ros.task.ament_python.build:Building ROS package in '/home/mohamed/ros2_ws/src/test_latency' with build type 'ament_python'
[0.539s] Level 1:colcon.colcon_core.shell:create_environment_hook('test_latency', 'ament_prefix_path')
[0.539s] INFO:colcon.colcon_core.shell:Creating environment hook '/home/mohamed/ros2_ws/install/test_latency/share/test_latency/hook/ament_prefix_path.ps1'
[0.540s] INFO:colcon.colcon_core.shell:Creating environment descriptor '/home/mohamed/ros2_ws/install/test_latency/share/test_latency/hook/ament_prefix_path.dsv'
[0.540s] INFO:colcon.colcon_core.shell:Creating environment hook '/home/mohamed/ros2_ws/install/test_latency/share/test_latency/hook/ament_prefix_path.sh'
[0.541s] INFO:colcon.colcon_core.shell:Skip shell extension 'powershell' for command environment: Not usable outside of PowerShell
[0.541s] DEBUG:colcon.colcon_core.shell:Skip shell extension 'dsv' for command environment
[1.571s] INFO:colcon.colcon_core.task.python.build:Building Python package in '/home/mohamed/ros2_ws/src/my_robot_controller'
[1.571s] INFO:colcon.colcon_core.shell:Skip shell extension 'powershell' for command environment: Not usable outside of PowerShell
[1.571s] DEBUG:colcon.colcon_core.shell:Skip shell extension 'dsv' for command environment
[2.220s] INFO:colcon.colcon_core.task.python.build:Building Python package in '/home/mohamed/ros2_ws/src/node_network'
[2.220s] INFO:colcon.colcon_core.shell:Skip shell extension 'powershell' for command environment: Not usable outside of PowerShell
[2.220s] DEBUG:colcon.colcon_core.shell:Skip shell extension 'dsv' for command environment
[2.763s] INFO:colcon.colcon_core.task.python.build:Building Python package in '/home/mohamed/ros2_ws/src/secure_connection'
[2.763s] INFO:colcon.colcon_core.shell:Skip shell extension 'powershell' for command environment: Not usable outside of PowerShell
[2.763s] DEBUG:colcon.colcon_core.shell:Skip shell extension 'dsv' for command environment
[3.222s] INFO:colcon.colcon_core.task.python.build:Building Python package in '/home/mohamed/ros2_ws/src/test_latency'
[3.222s] INFO:colcon.colcon_core.shell:Skip shell extension 'powershell' for command environment: Not usable outside of PowerShell
[3.222s] DEBUG:colcon.colcon_core.shell:Skip shell extension 'dsv' for command environment
[5.544s] DEBUG:colcon.colcon_core.event_handler.log_command:Invoking command in '/home/mohamed/ros2_ws/src/node_network': DEBUGINFOD_URLS=https://debuginfod.ubuntu.com PYTHONPATH=/home/mohamed/ros2_ws/build/node_network/prefix_override:/usr/lib/python3/dist-packages/colcon_core/task/python/colcon_distutils_commands:/home/mohamed/ros2_ws/install/node_network/lib/python3.12/site-packages:${PYTHONPATH} /usr/bin/python3 -W ignore:setup.py install is deprecated -W ignore:easy_install command is deprecated setup.py egg_info --egg-base ../../build/node_network build --build-base /home/mohamed/ros2_ws/build/node_network/build install --record /home/mohamed/ros2_ws/build/node_network/install.log --single-version-externally-managed install_data
[5.752s] DEBUG:colcon.colcon_core.event_handler.log_command:Invoking command in '/home/mohamed/ros2_ws/src/secure_connection': DEBUGINFOD_URLS=https://debuginfod.ubuntu.com PYTHONPATH=/home/mohamed/ros2_ws/build/secure_connection/prefix_override:/usr/lib/python3/dist-packages/colcon_core/task/python/colcon_distutils_commands:/home/mohamed/ros2_ws/install/secure_connection/lib/python3.12/site-packages:${PYTHONPATH} /usr/bin/python3 -W ignore:setup.py install is deprecated -W ignore:easy_install command is deprecated setup.py egg_info --egg-base ../../build/secure_connection build --build-base /home/mohamed/ros2_ws/build/secure_connection/build install --record /home/mohamed/ros2_ws/build/secure_connection/install.log --single-version-externally-managed install_data
[5.790s] DEBUG:colcon.colcon_core.event_handler.log_command:Invoking command in '/home/mohamed/ros2_ws/src/my_robot_controller': DEBUGINFOD_URLS=https://debuginfod.ubuntu.com PYTHONPATH=/home/mohamed/ros2_ws/build/my_robot_controller/prefix_override:/usr/lib/python3/dist-packages/colcon_core/task/python/colcon_distutils_commands:/home/mohamed/ros2_ws/install/my_robot_controller/lib/python3.12/site-packages:${PYTHONPATH} /usr/bin/python3 -W ignore:setup.py install is deprecated -W ignore:easy_install command is deprecated setup.py egg_info --egg-base ../../build/my_robot_controller build --build-base /home/mohamed/ros2_ws/build/my_robot_controller/build install --record /home/mohamed/ros2_ws/build/my_robot_controller/install.log --single-version-externally-managed install_data
[5.892s] DEBUG:colcon.colcon_core.event_handler.log_command:Invoking command in '/home/mohamed/ros2_ws/src/test_latency': DEBUGINFOD_URLS=https://debuginfod.ubuntu.com PYTHONPATH=/home/mohamed/ros2_ws/build/test_latency/prefix_override:/usr/lib/python3/dist-packages/colcon_core/task/python/colcon_distutils_commands:/home/mohamed/ros2_ws/install/test_latency/lib/python3.12/site-packages:${PYTHONPATH} /usr/bin/python3 -W ignore:setup.py install is deprecated -W ignore:easy_install command is deprecated setup.py egg_info --egg-base ../../build/test_latency build --build-base /home/mohamed/ros2_ws/build/test_latency/build install --record /home/mohamed/ros2_ws/build/test_latency/install.log --single-version-externally-managed install_data
[8.809s] DEBUG:colcon.colcon_core.event_handler.log_command:Invoked command in '/home/mohamed/ros2_ws/src/node_network' returned '0': DEBUGINFOD_URLS=https://debuginfod.ubuntu.com PYTHONPATH=/home/mohamed/ros2_ws/build/node_network/prefix_override:/usr/lib/python3/dist-packages/colcon_core/task/python/colcon_distutils_commands:/home/mohamed/ros2_ws/install/node_network/lib/python3.12/site-packages:${PYTHONPATH} /usr/bin/python3 -W ignore:setup.py install is deprecated -W ignore:easy_install command is deprecated setup.py egg_info --egg-base ../../build/node_network build --build-base /home/mohamed/ros2_ws/build/node_network/build install --record /home/mohamed/ros2_ws/build/node_network/install.log --single-version-externally-managed install_data
[8.813s] Level 1:colcon.colcon_core.environment:checking '/home/mohamed/ros2_ws/install/node_network' for CMake module files
[8.821s] Level 1:colcon.colcon_core.environment:checking '/home/mohamed/ros2_ws/install/node_network' for CMake config files
[8.825s] Level 1:colcon.colcon_core.environment:checking '/home/mohamed/ros2_ws/install/node_network/lib'
[8.826s] Level 1:colcon.colcon_core.environment:checking '/home/mohamed/ros2_ws/install/node_network/bin'
[8.826s] Level 1:colcon.colcon_core.environment:checking '/home/mohamed/ros2_ws/install/node_network/lib/pkgconfig/node_network.pc'
[8.827s] Level 1:colcon.colcon_core.environment:checking '/home/mohamed/ros2_ws/install/node_network/lib/python3.12/site-packages'
[8.828s] Level 1:colcon.colcon_core.shell:create_environment_hook('node_network', 'pythonpath')
[8.831s] INFO:colcon.colcon_core.shell:Creating environment hook '/home/mohamed/ros2_ws/install/node_network/share/node_network/hook/pythonpath.ps1'
[8.832s] INFO:colcon.colcon_core.shell:Creating environment descriptor '/home/mohamed/ros2_ws/install/node_network/share/node_network/hook/pythonpath.dsv'
[8.833s] INFO:colcon.colcon_core.shell:Creating environment hook '/home/mohamed/ros2_ws/install/node_network/share/node_network/hook/pythonpath.sh'
[8.837s] Level 1:colcon.colcon_core.environment:checking '/home/mohamed/ros2_ws/install/node_network/bin'
[8.837s] Level 1:colcon.colcon_core.environment:create_environment_scripts_only(node_network)
[8.838s] INFO:colcon.colcon_core.shell:Creating package script '/home/mohamed/ros2_ws/install/node_network/share/node_network/package.ps1'
[8.844s] INFO:colcon.colcon_core.shell:Creating package descriptor '/home/mohamed/ros2_ws/install/node_network/share/node_network/package.dsv'
[8.847s] INFO:colcon.colcon_core.shell:Creating package script '/home/mohamed/ros2_ws/install/node_network/share/node_network/package.sh'
[8.852s] INFO:colcon.colcon_core.shell:Creating package script '/home/mohamed/ros2_ws/install/node_network/share/node_network/package.bash'
[8.855s] INFO:colcon.colcon_core.shell:Creating package script '/home/mohamed/ros2_ws/install/node_network/share/node_network/package.zsh'
[8.857s] Level 1:colcon.colcon_core.environment:create_file_with_runtime_dependencies(/home/mohamed/ros2_ws/install/node_network/share/colcon-core/packages/node_network)
[8.933s] Level 1:colcon.colcon_core.environment:checking '/home/mohamed/ros2_ws/install/secure_connection' for CMake module files
[8.935s] DEBUG:colcon.colcon_core.event_handler.log_command:Invoked command in '/home/mohamed/ros2_ws/src/secure_connection' returned '0': DEBUGINFOD_URLS=https://debuginfod.ubuntu.com PYTHONPATH=/home/mohamed/ros2_ws/build/secure_connection/prefix_override:/usr/lib/python3/dist-packages/colcon_core/task/python/colcon_distutils_commands:/home/mohamed/ros2_ws/install/secure_connection/lib/python3.12/site-packages:${PYTHONPATH} /usr/bin/python3 -W ignore:setup.py install is deprecated -W ignore:easy_install command is deprecated setup.py egg_info --egg-base ../../build/secure_connection build --build-base /home/mohamed/ros2_ws/build/secure_connection/build install --record /home/mohamed/ros2_ws/build/secure_connection/install.log --single-version-externally-managed install_data
[8.936s] Level 1:colcon.colcon_core.environment:checking '/home/mohamed/ros2_ws/install/secure_connection' for CMake config files
[8.938s] Level 1:colcon.colcon_core.environment:checking '/home/mohamed/ros2_ws/install/secure_connection/lib'
[8.938s] Level 1:colcon.colcon_core.environment:checking '/home/mohamed/ros2_ws/install/secure_connection/bin'
[8.938s] Level 1:colcon.colcon_core.environment:checking '/home/mohamed/ros2_ws/install/secure_connection/lib/pkgconfig/secure_connection.pc'
[8.939s] Level 1:colcon.colcon_core.environment:checking '/home/mohamed/ros2_ws/install/secure_connection/lib/python3.12/site-packages'
[8.939s] Level 1:colcon.colcon_core.shell:create_environment_hook('secure_connection', 'pythonpath')
[8.939s] INFO:colcon.colcon_core.shell:Creating environment hook '/home/mohamed/ros2_ws/install/secure_connection/share/secure_connection/hook/pythonpath.ps1'
[8.940s] INFO:colcon.colcon_core.shell:Creating environment descriptor '/home/mohamed/ros2_ws/install/secure_connection/share/secure_connection/hook/pythonpath.dsv'
[8.943s] INFO:colcon.colcon_core.shell:Creating environment hook '/home/mohamed/ros2_ws/install/secure_connection/share/secure_connection/hook/pythonpath.sh'
[8.946s] Level 1:colcon.colcon_core.environment:checking '/home/mohamed/ros2_ws/install/secure_connection/bin'
[8.946s] Level 1:colcon.colcon_core.environment:create_environment_scripts_only(secure_connection)
[8.947s] INFO:colcon.colcon_core.shell:Creating package script '/home/mohamed/ros2_ws/install/secure_connection/share/secure_connection/package.ps1'
[8.951s] INFO:colcon.colcon_core.shell:Creating package descriptor '/home/mohamed/ros2_ws/install/secure_connection/share/secure_connection/package.dsv'
[8.954s] INFO:colcon.colcon_core.shell:Creating package script '/home/mohamed/ros2_ws/install/secure_connection/share/secure_connection/package.sh'
[8.957s] INFO:colcon.colcon_core.shell:Creating package script '/home/mohamed/ros2_ws/install/secure_connection/share/secure_connection/package.bash'
[8.960s] INFO:colcon.colcon_core.shell:Creating package script '/home/mohamed/ros2_ws/install/secure_connection/share/secure_connection/package.zsh'
[8.965s] Level 1:colcon.colcon_core.environment:create_file_with_runtime_dependencies(/home/mohamed/ros2_ws/install/secure_connection/share/colcon-core/packages/secure_connection)
[9.108s] Level 1:colcon.colcon_core.environment:checking '/home/mohamed/ros2_ws/install/my_robot_controller' for CMake module files
[9.116s] DEBUG:colcon.colcon_core.event_handler.log_command:Invoked command in '/home/mohamed/ros2_ws/src/my_robot_controller' returned '0': DEBUGINFOD_URLS=https://debuginfod.ubuntu.com PYTHONPATH=/home/mohamed/ros2_ws/build/my_robot_controller/prefix_override:/usr/lib/python3/dist-packages/colcon_core/task/python/colcon_distutils_commands:/home/mohamed/ros2_ws/install/my_robot_controller/lib/python3.12/site-packages:${PYTHONPATH} /usr/bin/python3 -W ignore:setup.py install is deprecated -W ignore:easy_install command is deprecated setup.py egg_info --egg-base ../../build/my_robot_controller build --build-base /home/mohamed/ros2_ws/build/my_robot_controller/build install --record /home/mohamed/ros2_ws/build/my_robot_controller/install.log --single-version-externally-managed install_data
[9.117s] Level 1:colcon.colcon_core.environment:checking '/home/mohamed/ros2_ws/install/my_robot_controller' for CMake config files
[9.120s] Level 1:colcon.colcon_core.environment:checking '/home/mohamed/ros2_ws/install/my_robot_controller/lib'
[9.121s] Level 1:colcon.colcon_core.environment:checking '/home/mohamed/ros2_ws/install/my_robot_controller/bin'
[9.121s] Level 1:colcon.colcon_core.environment:checking '/home/mohamed/ros2_ws/install/my_robot_controller/lib/pkgconfig/my_robot_controller.pc'
[9.122s] Level 1:colcon.colcon_core.environment:checking '/home/mohamed/ros2_ws/install/my_robot_controller/lib/python3.12/site-packages'
[9.122s] Level 1:colcon.colcon_core.shell:create_environment_hook('my_robot_controller', 'pythonpath')
[9.123s] INFO:colcon.colcon_core.shell:Creating environment hook '/home/mohamed/ros2_ws/install/my_robot_controller/share/my_robot_controller/hook/pythonpath.ps1'
[9.129s] INFO:colcon.colcon_core.shell:Creating environment descriptor '/home/mohamed/ros2_ws/install/my_robot_controller/share/my_robot_controller/hook/pythonpath.dsv'
[9.130s] INFO:colcon.colcon_core.shell:Creating environment hook '/home/mohamed/ros2_ws/install/my_robot_controller/share/my_robot_controller/hook/pythonpath.sh'
[9.134s] Level 1:colcon.colcon_core.environment:checking '/home/mohamed/ros2_ws/install/my_robot_controller/bin'
[9.135s] Level 1:colcon.colcon_core.environment:create_environment_scripts_only(my_robot_controller)
[9.137s] INFO:colcon.colcon_core.shell:Creating package script '/home/mohamed/ros2_ws/install/my_robot_controller/share/my_robot_controller/package.ps1'
[9.139s] INFO:colcon.colcon_core.shell:Creating package descriptor '/home/mohamed/ros2_ws/install/my_robot_controller/share/my_robot_controller/package.dsv'
[9.140s] INFO:colcon.colcon_core.shell:Creating package script '/home/mohamed/ros2_ws/install/my_robot_controller/share/my_robot_controller/package.sh'
[9.142s] INFO:colcon.colcon_core.shell:Creating package script '/home/mohamed/ros2_ws/install/my_robot_controller/share/my_robot_controller/package.bash'
[9.144s] INFO:colcon.colcon_core.shell:Creating package script '/home/mohamed/ros2_ws/install/my_robot_controller/share/my_robot_controller/package.zsh'
[9.146s] Level 1:colcon.colcon_core.environment:create_file_with_runtime_dependencies(/home/mohamed/ros2_ws/install/my_robot_controller/share/colcon-core/packages/my_robot_controller)
[9.151s] Level 1:colcon.colcon_core.environment:checking '/home/mohamed/ros2_ws/install/test_latency' for CMake module files
[9.155s] Level 1:colcon.colcon_core.environment:checking '/home/mohamed/ros2_ws/install/test_latency' for CMake config files
[9.157s] DEBUG:colcon.colcon_core.event_handler.log_command:Invoked command in '/home/mohamed/ros2_ws/src/test_latency' returned '0': DEBUGINFOD_URLS=https://debuginfod.ubuntu.com PYTHONPATH=/home/mohamed/ros2_ws/build/test_latency/prefix_override:/usr/lib/python3/dist-packages/colcon_core/task/python/colcon_distutils_commands:/home/mohamed/ros2_ws/install/test_latency/lib/python3.12/site-packages:${PYTHONPATH} /usr/bin/python3 -W ignore:setup.py install is deprecated -W ignore:easy_install command is deprecated setup.py egg_info --egg-base ../../build/test_latency build --build-base /home/mohamed/ros2_ws/build/test_latency/build install --record /home/mohamed/ros2_ws/build/test_latency/install.log --single-version-externally-managed install_data
[9.163s] Level 1:colcon.colcon_core.environment:checking '/home/mohamed/ros2_ws/install/test_latency/lib'
[9.164s] Level 1:colcon.colcon_core.environment:checking '/home/mohamed/ros2_ws/install/test_latency/bin'
[9.164s] Level 1:colcon.colcon_core.environment:checking '/home/mohamed/ros2_ws/install/test_latency/lib/pkgconfig/test_latency.pc'
[9.166s] Level 1:colcon.colcon_core.environment:checking '/home/mohamed/ros2_ws/install/test_latency/lib/python3.12/site-packages'
[9.167s] Level 1:colcon.colcon_core.shell:create_environment_hook('test_latency', 'pythonpath')
[9.168s] INFO:colcon.colcon_core.shell:Creating environment hook '/home/mohamed/ros2_ws/install/test_latency/share/test_latency/hook/pythonpath.ps1'
[9.171s] INFO:colcon.colcon_core.shell:Creating environment descriptor '/home/mohamed/ros2_ws/install/test_latency/share/test_latency/hook/pythonpath.dsv'
[9.172s] INFO:colcon.colcon_core.shell:Creating environment hook '/home/mohamed/ros2_ws/install/test_latency/share/test_latency/hook/pythonpath.sh'
[9.173s] Level 1:colcon.colcon_core.environment:checking '/home/mohamed/ros2_ws/install/test_latency/bin'
[9.174s] Level 1:colcon.colcon_core.environment:create_environment_scripts_only(test_latency)
[9.176s] INFO:colcon.colcon_core.shell:Creating package script '/home/mohamed/ros2_ws/install/test_latency/share/test_latency/package.ps1'
[9.177s] INFO:colcon.colcon_core.shell:Creating package descriptor '/home/mohamed/ros2_ws/install/test_latency/share/test_latency/package.dsv'
[9.181s] INFO:colcon.colcon_core.shell:Creating package script '/home/mohamed/ros2_ws/install/test_latency/share/test_latency/package.sh'
[9.184s] INFO:colcon.colcon_core.shell:Creating package script '/home/mohamed/ros2_ws/install/test_latency/share/test_latency/package.bash'
[9.185s] INFO:colcon.colcon_core.shell:Creating package script '/home/mohamed/ros2_ws/install/test_latency/share/test_latency/package.zsh'
[9.188s] Level 1:colcon.colcon_core.environment:create_file_with_runtime_dependencies(/home/mohamed/ros2_ws/install/test_latency/share/colcon-core/packages/test_latency)
[9.188s] DEBUG:colcon.colcon_parallel_executor.executor.parallel:closing loop
[9.189s] DEBUG:colcon.colcon_parallel_executor.executor.parallel:loop closed
[9.193s] DEBUG:colcon.colcon_parallel_executor.executor.parallel:run_until_complete finished with '0'
[9.194s] DEBUG:colcon.colcon_core.event_reactor:joining thread
[9.219s] INFO:colcon.colcon_core.plugin_system:Skipping extension 'colcon_notification.desktop_notification.terminal_notifier': Not used on non-Darwin systems
[9.219s] INFO:colcon.colcon_core.plugin_system:Skipping extension 'colcon_notification.desktop_notification.win32': Not used on non-Windows systems
[9.219s] INFO:colcon.colcon_notification.desktop_notification:Sending desktop notification using 'notify2'
[9.295s] DEBUG:colcon.colcon_core.event_reactor:joined thread
[9.296s] INFO:colcon.colcon_core.shell:Creating prefix script '/home/mohamed/ros2_ws/install/local_setup.ps1'
[9.299s] INFO:colcon.colcon_core.shell:Creating prefix util module '/home/mohamed/ros2_ws/install/_local_setup_util_ps1.py'
[9.303s] INFO:colcon.colcon_core.shell:Creating prefix chain script '/home/mohamed/ros2_ws/install/setup.ps1'
[9.308s] INFO:colcon.colcon_core.shell:Creating prefix script '/home/mohamed/ros2_ws/install/local_setup.sh'
[9.311s] INFO:colcon.colcon_core.shell:Creating prefix util module '/home/mohamed/ros2_ws/install/_local_setup_util_sh.py'
[9.314s] INFO:colcon.colcon_core.shell:Creating prefix chain script '/home/mohamed/ros2_ws/install/setup.sh'
[9.318s] INFO:colcon.colcon_core.shell:Creating prefix script '/home/mohamed/ros2_ws/install/local_setup.bash'
[9.319s] INFO:colcon.colcon_core.shell:Creating prefix chain script '/home/mohamed/ros2_ws/install/setup.bash'
[9.321s] INFO:colcon.colcon_core.shell:Creating prefix script '/home/mohamed/ros2_ws/install/local_setup.zsh'
[9.322s] INFO:colcon.colcon_core.shell:Creating prefix chain script '/home/mohamed/ros2_ws/install/setup.zsh'
