[2.703s] Invoking command in '/home/mohamed/ros2_ws/src/node_network': DEBUGINFOD_URLS=https://debuginfod.ubuntu.com PYTHONPATH=/home/mohamed/ros2_ws/src/build/node_network/prefix_override:/usr/lib/python3/dist-packages/colcon_core/task/python/colcon_distutils_commands:/home/mohamed/ros2_ws/src/install/node_network/lib/python3.12/site-packages:${PYTHONPATH} VIRTUAL_ENV_PROMPT=(env) /usr/bin/python3 -W ignore:setup.py install is deprecated -W ignore:easy_install command is deprecated setup.py egg_info --egg-base ../build/node_network build --build-base /home/mohamed/ros2_ws/src/build/node_network/build install --record /home/mohamed/ros2_ws/src/build/node_network/install.log --single-version-externally-managed install_data
[3.163s] running egg_info
[3.192s] writing ../build/node_network/node_network.egg-info/PKG-INFO
[3.193s] writing dependency_links to ../build/node_network/node_network.egg-info/dependency_links.txt
[3.193s] writing entry points to ../build/node_network/node_network.egg-info/entry_points.txt
[3.193s] writing requirements to ../build/node_network/node_network.egg-info/requires.txt
[3.193s] writing top-level names to ../build/node_network/node_network.egg-info/top_level.txt
[3.268s] reading manifest file '../build/node_network/node_network.egg-info/SOURCES.txt'
[3.269s] writing manifest file '../build/node_network/node_network.egg-info/SOURCES.txt'
[3.270s] running build
[3.270s] running build_py
[3.270s] copying node_network/base_node.py -> /home/mohamed/ros2_ws/src/build/node_network/build/lib/node_network
[3.270s] copying node_network/gamma.py -> /home/mohamed/ros2_ws/src/build/node_network/build/lib/node_network
[3.270s] copying node_network/beta.py -> /home/mohamed/ros2_ws/src/build/node_network/build/lib/node_network
[3.271s] copying node_network/alpha.py -> /home/mohamed/ros2_ws/src/build/node_network/build/lib/node_network
[3.271s] copying node_network/delta.py -> /home/mohamed/ros2_ws/src/build/node_network/build/lib/node_network
[3.271s] running install
[3.279s] running install_lib
[3.313s] copying /home/mohamed/ros2_ws/src/build/node_network/build/lib/node_network/base_node.py -> /home/mohamed/ros2_ws/src/install/node_network/lib/python3.12/site-packages/node_network
[3.314s] copying /home/mohamed/ros2_ws/src/build/node_network/build/lib/node_network/gamma.py -> /home/mohamed/ros2_ws/src/install/node_network/lib/python3.12/site-packages/node_network
[3.315s] copying /home/mohamed/ros2_ws/src/build/node_network/build/lib/node_network/beta.py -> /home/mohamed/ros2_ws/src/install/node_network/lib/python3.12/site-packages/node_network
[3.315s] copying /home/mohamed/ros2_ws/src/build/node_network/build/lib/node_network/alpha.py -> /home/mohamed/ros2_ws/src/install/node_network/lib/python3.12/site-packages/node_network
[3.315s] copying /home/mohamed/ros2_ws/src/build/node_network/build/lib/node_network/delta.py -> /home/mohamed/ros2_ws/src/install/node_network/lib/python3.12/site-packages/node_network
[3.315s] byte-compiling /home/mohamed/ros2_ws/src/install/node_network/lib/python3.12/site-packages/node_network/base_node.py to base_node.cpython-312.pyc
[3.318s] byte-compiling /home/mohamed/ros2_ws/src/install/node_network/lib/python3.12/site-packages/node_network/gamma.py to gamma.cpython-312.pyc
[3.319s] byte-compiling /home/mohamed/ros2_ws/src/install/node_network/lib/python3.12/site-packages/node_network/beta.py to beta.cpython-312.pyc
[3.320s] byte-compiling /home/mohamed/ros2_ws/src/install/node_network/lib/python3.12/site-packages/node_network/alpha.py to alpha.cpython-312.pyc
[3.325s] byte-compiling /home/mohamed/ros2_ws/src/install/node_network/lib/python3.12/site-packages/node_network/delta.py to delta.cpython-312.pyc
[3.326s] running install_data
[3.326s] running install_egg_info
[3.361s] removing '/home/mohamed/ros2_ws/src/install/node_network/lib/python3.12/site-packages/node_network-0.0.0-py3.12.egg-info' (and everything under it)
[3.362s] Copying ../build/node_network/node_network.egg-info to /home/mohamed/ros2_ws/src/install/node_network/lib/python3.12/site-packages/node_network-0.0.0-py3.12.egg-info
[3.364s] running install_scripts
[3.623s] Installing Alpha script to /home/mohamed/ros2_ws/src/install/node_network/lib/node_network
[3.624s] Installing Beta script to /home/mohamed/ros2_ws/src/install/node_network/lib/node_network
[3.624s] Installing Delta script to /home/mohamed/ros2_ws/src/install/node_network/lib/node_network
[3.625s] Installing Gamma script to /home/mohamed/ros2_ws/src/install/node_network/lib/node_network
[3.626s] writing list of installed files to '/home/mohamed/ros2_ws/src/build/node_network/install.log'
[3.700s] Invoked command in '/home/mohamed/ros2_ws/src/node_network' returned '0': DEBUGINFOD_URLS=https://debuginfod.ubuntu.com PYTHONPATH=/home/mohamed/ros2_ws/src/build/node_network/prefix_override:/usr/lib/python3/dist-packages/colcon_core/task/python/colcon_distutils_commands:/home/mohamed/ros2_ws/src/install/node_network/lib/python3.12/site-packages:${PYTHONPATH} VIRTUAL_ENV_PROMPT=(env) /usr/bin/python3 -W ignore:setup.py install is deprecated -W ignore:easy_install command is deprecated setup.py egg_info --egg-base ../build/node_network build --build-base /home/mohamed/ros2_ws/src/build/node_network/build install --record /home/mohamed/ros2_ws/src/build/node_network/install.log --single-version-externally-managed install_data
