[3.972s] Invoking command in '/home/mohamed/ros2_ws/src/secure_connection': DEBUGINFOD_URLS=https://debuginfod.ubuntu.com PYTHONPATH=/home/mohamed/ros2_ws/build/secure_connection/prefix_override:/usr/lib/python3/dist-packages/colcon_core/task/python/colcon_distutils_commands:/home/mohamed/ros2_ws/install/secure_connection/lib/python3.12/site-packages:${PYTHONPATH} VIRTUAL_ENV_PROMPT=(env) /usr/bin/python3 -W ignore:setup.py install is deprecated -W ignore:easy_install command is deprecated setup.py egg_info --egg-base ../../build/secure_connection build --build-base /home/mohamed/ros2_ws/build/secure_connection/build install --record /home/mohamed/ros2_ws/build/secure_connection/install.log --single-version-externally-managed install_data
[4.750s] running egg_info
[4.810s] writing ../../build/secure_connection/secure_connection.egg-info/PKG-INFO
[4.811s] writing dependency_links to ../../build/secure_connection/secure_connection.egg-info/dependency_links.txt
[4.812s] writing entry points to ../../build/secure_connection/secure_connection.egg-info/entry_points.txt
[4.812s] writing requirements to ../../build/secure_connection/secure_connection.egg-info/requires.txt
[4.812s] writing top-level names to ../../build/secure_connection/secure_connection.egg-info/top_level.txt
[4.938s] reading manifest file '../../build/secure_connection/secure_connection.egg-info/SOURCES.txt'
[4.940s] writing manifest file '../../build/secure_connection/secure_connection.egg-info/SOURCES.txt'
[4.940s] running build
[4.941s] running build_py
[4.942s] running install
[4.956s] running install_lib
[5.023s] running install_data
[5.023s] running install_egg_info
[5.073s] removing '/home/mohamed/ros2_ws/install/secure_connection/lib/python3.12/site-packages/secure_connection-0.0.0-py3.12.egg-info' (and everything under it)
[5.074s] Copying ../../build/secure_connection/secure_connection.egg-info to /home/mohamed/ros2_ws/install/secure_connection/lib/python3.12/site-packages/secure_connection-0.0.0-py3.12.egg-info
[5.075s] running install_scripts
[5.525s] Installing generate_key script to /home/mohamed/ros2_ws/install/secure_connection/lib/secure_connection
[5.527s] writing list of installed files to '/home/mohamed/ros2_ws/build/secure_connection/install.log'
[5.628s] Invoked command in '/home/mohamed/ros2_ws/src/secure_connection' returned '0': DEBUGINFOD_URLS=https://debuginfod.ubuntu.com PYTHONPATH=/home/mohamed/ros2_ws/build/secure_connection/prefix_override:/usr/lib/python3/dist-packages/colcon_core/task/python/colcon_distutils_commands:/home/mohamed/ros2_ws/install/secure_connection/lib/python3.12/site-packages:${PYTHONPATH} VIRTUAL_ENV_PROMPT=(env) /usr/bin/python3 -W ignore:setup.py install is deprecated -W ignore:easy_install command is deprecated setup.py egg_info --egg-base ../../build/secure_connection build --build-base /home/mohamed/ros2_ws/build/secure_connection/build install --record /home/mohamed/ros2_ws/build/secure_connection/install.log --single-version-externally-managed install_data
