[3.911s] Invoking command in '/home/mohamed/ros2_ws/src/node_network': DEBUGINFOD_URLS=https://debuginfod.ubuntu.com PYTHONPATH=/home/mohamed/ros2_ws/build/node_network/prefix_override:/usr/lib/python3/dist-packages/colcon_core/task/python/colcon_distutils_commands:/home/mohamed/ros2_ws/install/node_network/lib/python3.12/site-packages:${PYTHONPATH} VIRTUAL_ENV_PROMPT=(env) /usr/bin/python3 -W ignore:setup.py install is deprecated -W ignore:easy_install command is deprecated setup.py egg_info --egg-base ../../build/node_network build --build-base /home/mohamed/ros2_ws/build/node_network/build install --record /home/mohamed/ros2_ws/build/node_network/install.log --single-version-externally-managed install_data
[5.016s] running egg_info
[5.095s] writing ../../build/node_network/node_network.egg-info/PKG-INFO
[5.095s] writing dependency_links to ../../build/node_network/node_network.egg-info/dependency_links.txt
[5.096s] writing entry points to ../../build/node_network/node_network.egg-info/entry_points.txt
[5.096s] writing requirements to ../../build/node_network/node_network.egg-info/requires.txt
[5.096s] writing top-level names to ../../build/node_network/node_network.egg-info/top_level.txt
[5.274s] reading manifest file '../../build/node_network/node_network.egg-info/SOURCES.txt'
[5.278s] writing manifest file '../../build/node_network/node_network.egg-info/SOURCES.txt'
[5.278s] running build
[5.279s] running build_py
[5.279s] running install
[5.299s] running install_lib
[5.380s] running install_data
[5.382s] running install_egg_info
[5.479s] removing '/home/mohamed/ros2_ws/install/node_network/lib/python3.12/site-packages/node_network-0.0.0-py3.12.egg-info' (and everything under it)
[5.482s] Copying ../../build/node_network/node_network.egg-info to /home/mohamed/ros2_ws/install/node_network/lib/python3.12/site-packages/node_network-0.0.0-py3.12.egg-info
[5.485s] running install_scripts
[5.969s] Installing Alpha script to /home/mohamed/ros2_ws/install/node_network/lib/node_network
[5.971s] Installing Beta script to /home/mohamed/ros2_ws/install/node_network/lib/node_network
[5.975s] Installing Delta script to /home/mohamed/ros2_ws/install/node_network/lib/node_network
[5.979s] Installing Gamma script to /home/mohamed/ros2_ws/install/node_network/lib/node_network
[5.979s] writing list of installed files to '/home/mohamed/ros2_ws/build/node_network/install.log'
[6.167s] Invoked command in '/home/mohamed/ros2_ws/src/node_network' returned '0': DEBUGINFOD_URLS=https://debuginfod.ubuntu.com PYTHONPATH=/home/mohamed/ros2_ws/build/node_network/prefix_override:/usr/lib/python3/dist-packages/colcon_core/task/python/colcon_distutils_commands:/home/mohamed/ros2_ws/install/node_network/lib/python3.12/site-packages:${PYTHONPATH} VIRTUAL_ENV_PROMPT=(env) /usr/bin/python3 -W ignore:setup.py install is deprecated -W ignore:easy_install command is deprecated setup.py egg_info --egg-base ../../build/node_network build --build-base /home/mohamed/ros2_ws/build/node_network/build install --record /home/mohamed/ros2_ws/build/node_network/install.log --single-version-externally-managed install_data
