/home/mohamed/ros2_ws/install/node_network/lib/python3.12/site-packages/node_network/base_node.py
/home/mohamed/ros2_ws/install/node_network/lib/python3.12/site-packages/node_network/gamma.py
/home/mohamed/ros2_ws/install/node_network/lib/python3.12/site-packages/node_network/beta.py
/home/mohamed/ros2_ws/install/node_network/lib/python3.12/site-packages/node_network/alpha.py
/home/mohamed/ros2_ws/install/node_network/lib/python3.12/site-packages/node_network/delta.py
/home/mohamed/ros2_ws/install/node_network/lib/python3.12/site-packages/node_network/__init__.py
/home/mohamed/ros2_ws/install/node_network/lib/python3.12/site-packages/node_network/__pycache__/base_node.cpython-312.pyc
/home/mohamed/ros2_ws/install/node_network/lib/python3.12/site-packages/node_network/__pycache__/gamma.cpython-312.pyc
/home/mohamed/ros2_ws/install/node_network/lib/python3.12/site-packages/node_network/__pycache__/beta.cpython-312.pyc
/home/mohamed/ros2_ws/install/node_network/lib/python3.12/site-packages/node_network/__pycache__/alpha.cpython-312.pyc
/home/mohamed/ros2_ws/install/node_network/lib/python3.12/site-packages/node_network/__pycache__/delta.cpython-312.pyc
/home/mohamed/ros2_ws/install/node_network/lib/python3.12/site-packages/node_network/__pycache__/__init__.cpython-312.pyc
/home/mohamed/ros2_ws/install/node_network/share/ament_index/resource_index/packages/node_network
/home/mohamed/ros2_ws/install/node_network/share/node_network/package.xml
/home/mohamed/ros2_ws/install/node_network/lib/python3.12/site-packages/node_network-0.0.0-py3.12.egg-info/SOURCES.txt
/home/mohamed/ros2_ws/install/node_network/lib/python3.12/site-packages/node_network-0.0.0-py3.12.egg-info/top_level.txt
/home/mohamed/ros2_ws/install/node_network/lib/python3.12/site-packages/node_network-0.0.0-py3.12.egg-info/entry_points.txt
/home/mohamed/ros2_ws/install/node_network/lib/python3.12/site-packages/node_network-0.0.0-py3.12.egg-info/zip-safe
/home/mohamed/ros2_ws/install/node_network/lib/python3.12/site-packages/node_network-0.0.0-py3.12.egg-info/dependency_links.txt
/home/mohamed/ros2_ws/install/node_network/lib/python3.12/site-packages/node_network-0.0.0-py3.12.egg-info/requires.txt
/home/mohamed/ros2_ws/install/node_network/lib/python3.12/site-packages/node_network-0.0.0-py3.12.egg-info/PKG-INFO
/home/mohamed/ros2_ws/install/node_network/lib/node_network/Alpha
/home/mohamed/ros2_ws/install/node_network/lib/node_network/Beta
/home/mohamed/ros2_ws/install/node_network/lib/node_network/Delta
/home/mohamed/ros2_ws/install/node_network/lib/node_network/Gamma
