running egg_info
writing ../../build/node_network/node_network.egg-info/PKG-INFO
writing dependency_links to ../../build/node_network/node_network.egg-info/dependency_links.txt
writing entry points to ../../build/node_network/node_network.egg-info/entry_points.txt
writing requirements to ../../build/node_network/node_network.egg-info/requires.txt
writing top-level names to ../../build/node_network/node_network.egg-info/top_level.txt
reading manifest file '../../build/node_network/node_network.egg-info/SOURCES.txt'
writing manifest file '../../build/node_network/node_network.egg-info/SOURCES.txt'
running build
running build_py
copying node_network/base_node.py -> /home/mohamed/ros2_ws/build/node_network/build/lib/node_network
running install
running install_lib
copying /home/mohamed/ros2_ws/build/node_network/build/lib/node_network/base_node.py -> /home/mohamed/ros2_ws/install/node_network/lib/python3.12/site-packages/node_network
byte-compiling /home/mohamed/ros2_ws/install/node_network/lib/python3.12/site-packages/node_network/base_node.py to base_node.cpython-312.pyc
running install_data
running install_egg_info
removing '/home/mohamed/ros2_ws/install/node_network/lib/python3.12/site-packages/node_network-0.0.0-py3.12.egg-info' (and everything under it)
Copying ../../build/node_network/node_network.egg-info to /home/mohamed/ros2_ws/install/node_network/lib/python3.12/site-packages/node_network-0.0.0-py3.12.egg-info
running install_scripts
Installing Alpha script to /home/mohamed/ros2_ws/install/node_network/lib/node_network
Installing Beta script to /home/mohamed/ros2_ws/install/node_network/lib/node_network
Installing Delta script to /home/mohamed/ros2_ws/install/node_network/lib/node_network
Installing Gamma script to /home/mohamed/ros2_ws/install/node_network/lib/node_network
writing list of installed files to '/home/mohamed/ros2_ws/build/node_network/install.log'
