[2.346s] Invoking command in '/home/mohamed/ros2_ws/src/node_network': DEBUGINFOD_URLS=https://debuginfod.ubuntu.com PYTHONPATH=/home/mohamed/ros2_ws/build/node_network/prefix_override:/usr/lib/python3/dist-packages/colcon_core/task/python/colcon_distutils_commands:/home/mohamed/ros2_ws/install/node_network/lib/python3.12/site-packages:${PYTHONPATH} VIRTUAL_ENV_PROMPT=(env) /usr/bin/python3 -W ignore:setup.py install is deprecated -W ignore:easy_install command is deprecated setup.py egg_info --egg-base ../../build/node_network build --build-base /home/mohamed/ros2_ws/build/node_network/build install --record /home/mohamed/ros2_ws/build/node_network/install.log --single-version-externally-managed install_data
[2.895s] running egg_info
[2.931s] writing ../../build/node_network/node_network.egg-info/PKG-INFO
[2.931s] writing dependency_links to ../../build/node_network/node_network.egg-info/dependency_links.txt
[2.932s] writing entry points to ../../build/node_network/node_network.egg-info/entry_points.txt
[2.932s] writing requirements to ../../build/node_network/node_network.egg-info/requires.txt
[2.932s] writing top-level names to ../../build/node_network/node_network.egg-info/top_level.txt
[3.016s] reading manifest file '../../build/node_network/node_network.egg-info/SOURCES.txt'
[3.018s] writing manifest file '../../build/node_network/node_network.egg-info/SOURCES.txt'
[3.018s] running build
[3.018s] running build_py
[3.019s] copying node_network/base_node.py -> /home/mohamed/ros2_ws/build/node_network/build/lib/node_network
[3.019s] running install
[3.028s] running install_lib
[3.068s] copying /home/mohamed/ros2_ws/build/node_network/build/lib/node_network/base_node.py -> /home/mohamed/ros2_ws/install/node_network/lib/python3.12/site-packages/node_network
[3.069s] byte-compiling /home/mohamed/ros2_ws/install/node_network/lib/python3.12/site-packages/node_network/base_node.py to base_node.cpython-312.pyc
[3.070s] Sorry: IndentationError: expected an indented block after class definition on line 40 (base_node.py, line 42)
[3.070s] running install_data
[3.071s] running install_egg_info
[3.109s] removing '/home/mohamed/ros2_ws/install/node_network/lib/python3.12/site-packages/node_network-0.0.0-py3.12.egg-info' (and everything under it)
[3.111s] Copying ../../build/node_network/node_network.egg-info to /home/mohamed/ros2_ws/install/node_network/lib/python3.12/site-packages/node_network-0.0.0-py3.12.egg-info
[3.113s] running install_scripts
[3.347s] Installing Alpha script to /home/mohamed/ros2_ws/install/node_network/lib/node_network
[3.348s] Installing Beta script to /home/mohamed/ros2_ws/install/node_network/lib/node_network
[3.348s] Installing Delta script to /home/mohamed/ros2_ws/install/node_network/lib/node_network
[3.348s] Installing Gamma script to /home/mohamed/ros2_ws/install/node_network/lib/node_network
[3.349s] writing list of installed files to '/home/mohamed/ros2_ws/build/node_network/install.log'
[3.414s] Invoked command in '/home/mohamed/ros2_ws/src/node_network' returned '0': DEBUGINFOD_URLS=https://debuginfod.ubuntu.com PYTHONPATH=/home/mohamed/ros2_ws/build/node_network/prefix_override:/usr/lib/python3/dist-packages/colcon_core/task/python/colcon_distutils_commands:/home/mohamed/ros2_ws/install/node_network/lib/python3.12/site-packages:${PYTHONPATH} VIRTUAL_ENV_PROMPT=(env) /usr/bin/python3 -W ignore:setup.py install is deprecated -W ignore:easy_install command is deprecated setup.py egg_info --egg-base ../../build/node_network build --build-base /home/mohamed/ros2_ws/build/node_network/build install --record /home/mohamed/ros2_ws/build/node_network/install.log --single-version-externally-managed install_data
