[0.197s] DEBUG:colcon:Command line arguments: ['/usr/bin/colcon', 'build']
[0.198s] DEBUG:colcon:Parsed command line arguments: Namespace(log_base=None, log_level=None, verb_name='build', build_base='build', install_base='install', merge_install=False, symlink_install=False, test_result_base=None, continue_on_error=False, executor='parallel', parallel_workers=8, event_handlers=None, ignore_user_meta=False, metas=['./colcon.meta'], base_paths=['.'], packages_ignore=None, packages_ignore_regex=None, paths=None, packages_up_to=None, packages_up_to_regex=None, packages_above=None, packages_above_and_dependencies=None, packages_above_depth=None, packages_select_by_dep=None, packages_skip_by_dep=None, packages_skip_up_to=None, packages_select_build_failed=False, packages_skip_build_finished=False, packages_select_test_failures=False, packages_skip_test_passed=False, packages_select=None, packages_skip=None, packages_select_regex=None, packages_skip_regex=None, packages_start=None, packages_end=None, allow_overriding=[], cmake_args=None, cmake_target=None, cmake_target_skip_unavailable=False, cmake_clean_cache=False, cmake_clean_first=False, cmake_force_configure=False, ament_cmake_args=None, catkin_cmake_args=None, catkin_skip_building_tests=False, mixin_files=None, mixin=None, verb_parser=<colcon_mixin.mixin.mixin_argument.MixinArgumentDecorator object at 0x79a7665cc2f0>, verb_extension=<colcon_core.verb.build.BuildVerb object at 0x79a7665cc050>, main=<bound method BuildVerb.main of <colcon_core.verb.build.BuildVerb object at 0x79a7665cc050>>, mixin_verb=('build',))
[0.283s] Level 1:colcon.colcon_core.package_discovery:discover_packages(colcon_meta) check parameters
[0.284s] Level 1:colcon.colcon_core.package_discovery:discover_packages(recursive) check parameters
[0.284s] Level 1:colcon.colcon_core.package_discovery:discover_packages(ignore) check parameters
[0.284s] Level 1:colcon.colcon_core.package_discovery:discover_packages(path) check parameters
[0.284s] Level 1:colcon.colcon_core.package_discovery:discover_packages(colcon_meta) discover
[0.285s] Level 1:colcon.colcon_core.package_discovery:discover_packages(recursive) discover
[0.285s] INFO:colcon.colcon_core.package_discovery:Crawling recursively for packages in '/home/mohamed/ros2_ws'
[0.285s] Level 1:colcon.colcon_core.package_identification:_identify(.) by extensions ['ignore', 'ignore_ament_install']
[0.285s] Level 1:colcon.colcon_core.package_identification:_identify(.) by extension 'ignore'
[0.286s] Level 1:colcon.colcon_core.package_identification:_identify(.) by extension 'ignore_ament_install'
[0.286s] Level 1:colcon.colcon_core.package_identification:_identify(.) by extensions ['colcon_pkg']
[0.286s] Level 1:colcon.colcon_core.package_identification:_identify(.) by extension 'colcon_pkg'
[0.286s] Level 1:colcon.colcon_core.package_identification:_identify(.) by extensions ['colcon_meta']
[0.286s] Level 1:colcon.colcon_core.package_identification:_identify(.) by extension 'colcon_meta'
[0.286s] Level 1:colcon.colcon_core.package_identification:_identify(.) by extensions ['ros']
[0.286s] Level 1:colcon.colcon_core.package_identification:_identify(.) by extension 'ros'
[0.360s] Level 1:colcon.colcon_core.package_identification:_identify(.) by extensions ['cmake', 'python']
[0.360s] Level 1:colcon.colcon_core.package_identification:_identify(.) by extension 'cmake'
[0.360s] Level 1:colcon.colcon_core.package_identification:_identify(.) by extension 'python'
[0.361s] Level 1:colcon.colcon_core.package_identification:_identify(.) by extensions ['python_setup_py']
[0.361s] Level 1:colcon.colcon_core.package_identification:_identify(.) by extension 'python_setup_py'
[0.361s] Level 1:colcon.colcon_core.package_identification:_identify(build) by extensions ['ignore', 'ignore_ament_install']
[0.362s] Level 1:colcon.colcon_core.package_identification:_identify(build) by extension 'ignore'
[0.362s] Level 1:colcon.colcon_core.package_identification:_identify(build) ignored
[0.362s] Level 1:colcon.colcon_core.package_identification:_identify(install) by extensions ['ignore', 'ignore_ament_install']
[0.363s] Level 1:colcon.colcon_core.package_identification:_identify(install) by extension 'ignore'
[0.363s] Level 1:colcon.colcon_core.package_identification:_identify(install) ignored
[0.363s] Level 1:colcon.colcon_core.package_identification:_identify(log) by extensions ['ignore', 'ignore_ament_install']
[0.363s] Level 1:colcon.colcon_core.package_identification:_identify(log) by extension 'ignore'
[0.363s] Level 1:colcon.colcon_core.package_identification:_identify(log) ignored
[0.363s] Level 1:colcon.colcon_core.package_identification:_identify(src) by extensions ['ignore', 'ignore_ament_install']
[0.364s] Level 1:colcon.colcon_core.package_identification:_identify(src) by extension 'ignore'
[0.364s] Level 1:colcon.colcon_core.package_identification:_identify(src) by extension 'ignore_ament_install'
[0.364s] Level 1:colcon.colcon_core.package_identification:_identify(src) by extensions ['colcon_pkg']
[0.365s] Level 1:colcon.colcon_core.package_identification:_identify(src) by extension 'colcon_pkg'
[0.365s] Level 1:colcon.colcon_core.package_identification:_identify(src) by extensions ['colcon_meta']
[0.365s] Level 1:colcon.colcon_core.package_identification:_identify(src) by extension 'colcon_meta'
[0.366s] Level 1:colcon.colcon_core.package_identification:_identify(src) by extensions ['ros']
[0.366s] Level 1:colcon.colcon_core.package_identification:_identify(src) by extension 'ros'
[0.366s] Level 1:colcon.colcon_core.package_identification:_identify(src) by extensions ['cmake', 'python']
[0.366s] Level 1:colcon.colcon_core.package_identification:_identify(src) by extension 'cmake'
[0.367s] Level 1:colcon.colcon_core.package_identification:_identify(src) by extension 'python'
[0.367s] Level 1:colcon.colcon_core.package_identification:_identify(src) by extensions ['python_setup_py']
[0.367s] Level 1:colcon.colcon_core.package_identification:_identify(src) by extension 'python_setup_py'
[0.367s] Level 1:colcon.colcon_core.package_identification:_identify(src/build) by extensions ['ignore', 'ignore_ament_install']
[0.368s] Level 1:colcon.colcon_core.package_identification:_identify(src/build) by extension 'ignore'
[0.368s] Level 1:colcon.colcon_core.package_identification:_identify(src/build) ignored
[0.368s] Level 1:colcon.colcon_core.package_identification:_identify(src/install) by extensions ['ignore', 'ignore_ament_install']
[0.368s] Level 1:colcon.colcon_core.package_identification:_identify(src/install) by extension 'ignore'
[0.368s] Level 1:colcon.colcon_core.package_identification:_identify(src/install) ignored
[0.369s] Level 1:colcon.colcon_core.package_identification:_identify(src/log) by extensions ['ignore', 'ignore_ament_install']
[0.369s] Level 1:colcon.colcon_core.package_identification:_identify(src/log) by extension 'ignore'
[0.369s] Level 1:colcon.colcon_core.package_identification:_identify(src/log) ignored
[0.369s] Level 1:colcon.colcon_core.package_identification:_identify(src/my_robot_controller) by extensions ['ignore', 'ignore_ament_install']
[0.369s] Level 1:colcon.colcon_core.package_identification:_identify(src/my_robot_controller) by extension 'ignore'
[0.370s] Level 1:colcon.colcon_core.package_identification:_identify(src/my_robot_controller) by extension 'ignore_ament_install'
[0.370s] Level 1:colcon.colcon_core.package_identification:_identify(src/my_robot_controller) by extensions ['colcon_pkg']
[0.370s] Level 1:colcon.colcon_core.package_identification:_identify(src/my_robot_controller) by extension 'colcon_pkg'
[0.370s] Level 1:colcon.colcon_core.package_identification:_identify(src/my_robot_controller) by extensions ['colcon_meta']
[0.370s] Level 1:colcon.colcon_core.package_identification:_identify(src/my_robot_controller) by extension 'colcon_meta'
[0.370s] Level 1:colcon.colcon_core.package_identification:_identify(src/my_robot_controller) by extensions ['ros']
[0.370s] Level 1:colcon.colcon_core.package_identification:_identify(src/my_robot_controller) by extension 'ros'
[0.376s] DEBUG:colcon.colcon_core.package_identification:Package 'src/my_robot_controller' with type 'ros.ament_python' and name 'my_robot_controller'
[0.376s] Level 1:colcon.colcon_core.package_identification:_identify(src/node_network) by extensions ['ignore', 'ignore_ament_install']
[0.377s] Level 1:colcon.colcon_core.package_identification:_identify(src/node_network) by extension 'ignore'
[0.378s] Level 1:colcon.colcon_core.package_identification:_identify(src/node_network) by extension 'ignore_ament_install'
[0.379s] Level 1:colcon.colcon_core.package_identification:_identify(src/node_network) by extensions ['colcon_pkg']
[0.379s] Level 1:colcon.colcon_core.package_identification:_identify(src/node_network) by extension 'colcon_pkg'
[0.379s] Level 1:colcon.colcon_core.package_identification:_identify(src/node_network) by extensions ['colcon_meta']
[0.379s] Level 1:colcon.colcon_core.package_identification:_identify(src/node_network) by extension 'colcon_meta'
[0.380s] Level 1:colcon.colcon_core.package_identification:_identify(src/node_network) by extensions ['ros']
[0.380s] Level 1:colcon.colcon_core.package_identification:_identify(src/node_network) by extension 'ros'
[0.382s] DEBUG:colcon.colcon_core.package_identification:Package 'src/node_network' with type 'ros.ament_python' and name 'node_network'
[0.382s] Level 1:colcon.colcon_core.package_identification:_identify(src/secure_connection) by extensions ['ignore', 'ignore_ament_install']
[0.382s] Level 1:colcon.colcon_core.package_identification:_identify(src/secure_connection) by extension 'ignore'
[0.382s] Level 1:colcon.colcon_core.package_identification:_identify(src/secure_connection) by extension 'ignore_ament_install'
[0.383s] Level 1:colcon.colcon_core.package_identification:_identify(src/secure_connection) by extensions ['colcon_pkg']
[0.383s] Level 1:colcon.colcon_core.package_identification:_identify(src/secure_connection) by extension 'colcon_pkg'
[0.383s] Level 1:colcon.colcon_core.package_identification:_identify(src/secure_connection) by extensions ['colcon_meta']
[0.383s] Level 1:colcon.colcon_core.package_identification:_identify(src/secure_connection) by extension 'colcon_meta'
[0.383s] Level 1:colcon.colcon_core.package_identification:_identify(src/secure_connection) by extensions ['ros']
[0.383s] Level 1:colcon.colcon_core.package_identification:_identify(src/secure_connection) by extension 'ros'
[0.386s] DEBUG:colcon.colcon_core.package_identification:Package 'src/secure_connection' with type 'ros.ament_python' and name 'secure_connection'
[0.386s] Level 1:colcon.colcon_core.package_identification:_identify(src/test_latency) by extensions ['ignore', 'ignore_ament_install']
[0.387s] Level 1:colcon.colcon_core.package_identification:_identify(src/test_latency) by extension 'ignore'
[0.387s] Level 1:colcon.colcon_core.package_identification:_identify(src/test_latency) by extension 'ignore_ament_install'
[0.387s] Level 1:colcon.colcon_core.package_identification:_identify(src/test_latency) by extensions ['colcon_pkg']
[0.387s] Level 1:colcon.colcon_core.package_identification:_identify(src/test_latency) by extension 'colcon_pkg'
[0.388s] Level 1:colcon.colcon_core.package_identification:_identify(src/test_latency) by extensions ['colcon_meta']
[0.388s] Level 1:colcon.colcon_core.package_identification:_identify(src/test_latency) by extension 'colcon_meta'
[0.388s] Level 1:colcon.colcon_core.package_identification:_identify(src/test_latency) by extensions ['ros']
[0.388s] Level 1:colcon.colcon_core.package_identification:_identify(src/test_latency) by extension 'ros'
[0.389s] DEBUG:colcon.colcon_core.package_identification:Package 'src/test_latency' with type 'ros.ament_python' and name 'test_latency'
[0.389s] Level 1:colcon.colcon_core.package_discovery:discover_packages(recursive) using defaults
[0.389s] Level 1:colcon.colcon_core.package_discovery:discover_packages(ignore) discover
[0.390s] Level 1:colcon.colcon_core.package_discovery:discover_packages(ignore) using defaults
[0.390s] Level 1:colcon.colcon_core.package_discovery:discover_packages(path) discover
[0.390s] Level 1:colcon.colcon_core.package_discovery:discover_packages(path) using defaults
[0.452s] Level 1:colcon.colcon_core.package_discovery:discover_packages(prefix_path) check parameters
[0.453s] Level 1:colcon.colcon_core.package_discovery:discover_packages(prefix_path) discover
[0.457s] DEBUG:colcon.colcon_installed_package_information.package_discovery:Found 4 installed packages in /home/mohamed/ros2_ws/install
[0.461s] DEBUG:colcon.colcon_installed_package_information.package_discovery:Found 287 installed packages in /opt/ros/jazzy
[0.463s] Level 1:colcon.colcon_core.package_discovery:discover_packages(prefix_path) using defaults
[0.571s] Level 5:colcon.colcon_core.verb:set package 'my_robot_controller' build argument 'cmake_args' from command line to 'None'
[0.571s] Level 5:colcon.colcon_core.verb:set package 'my_robot_controller' build argument 'cmake_target' from command line to 'None'
[0.571s] Level 5:colcon.colcon_core.verb:set package 'my_robot_controller' build argument 'cmake_target_skip_unavailable' from command line to 'False'
[0.571s] Level 5:colcon.colcon_core.verb:set package 'my_robot_controller' build argument 'cmake_clean_cache' from command line to 'False'
[0.572s] Level 5:colcon.colcon_core.verb:set package 'my_robot_controller' build argument 'cmake_clean_first' from command line to 'False'
[0.572s] Level 5:colcon.colcon_core.verb:set package 'my_robot_controller' build argument 'cmake_force_configure' from command line to 'False'
[0.572s] Level 5:colcon.colcon_core.verb:set package 'my_robot_controller' build argument 'ament_cmake_args' from command line to 'None'
[0.572s] Level 5:colcon.colcon_core.verb:set package 'my_robot_controller' build argument 'catkin_cmake_args' from command line to 'None'
[0.572s] Level 5:colcon.colcon_core.verb:set package 'my_robot_controller' build argument 'catkin_skip_building_tests' from command line to 'False'
[0.572s] DEBUG:colcon.colcon_core.verb:Building package 'my_robot_controller' with the following arguments: {'ament_cmake_args': None, 'build_base': '/home/mohamed/ros2_ws/build/my_robot_controller', 'catkin_cmake_args': None, 'catkin_skip_building_tests': False, 'cmake_args': None, 'cmake_clean_cache': False, 'cmake_clean_first': False, 'cmake_force_configure': False, 'cmake_target': None, 'cmake_target_skip_unavailable': False, 'install_base': '/home/mohamed/ros2_ws/install/my_robot_controller', 'merge_install': False, 'path': '/home/mohamed/ros2_ws/src/my_robot_controller', 'symlink_install': False, 'test_result_base': None}
[0.573s] Level 5:colcon.colcon_core.verb:set package 'node_network' build argument 'cmake_args' from command line to 'None'
[0.573s] Level 5:colcon.colcon_core.verb:set package 'node_network' build argument 'cmake_target' from command line to 'None'
[0.573s] Level 5:colcon.colcon_core.verb:set package 'node_network' build argument 'cmake_target_skip_unavailable' from command line to 'False'
[0.573s] Level 5:colcon.colcon_core.verb:set package 'node_network' build argument 'cmake_clean_cache' from command line to 'False'
[0.573s] Level 5:colcon.colcon_core.verb:set package 'node_network' build argument 'cmake_clean_first' from command line to 'False'
[0.573s] Level 5:colcon.colcon_core.verb:set package 'node_network' build argument 'cmake_force_configure' from command line to 'False'
[0.573s] Level 5:colcon.colcon_core.verb:set package 'node_network' build argument 'ament_cmake_args' from command line to 'None'
[0.574s] Level 5:colcon.colcon_core.verb:set package 'node_network' build argument 'catkin_cmake_args' from command line to 'None'
[0.574s] Level 5:colcon.colcon_core.verb:set package 'node_network' build argument 'catkin_skip_building_tests' from command line to 'False'
[0.574s] DEBUG:colcon.colcon_core.verb:Building package 'node_network' with the following arguments: {'ament_cmake_args': None, 'build_base': '/home/mohamed/ros2_ws/build/node_network', 'catkin_cmake_args': None, 'catkin_skip_building_tests': False, 'cmake_args': None, 'cmake_clean_cache': False, 'cmake_clean_first': False, 'cmake_force_configure': False, 'cmake_target': None, 'cmake_target_skip_unavailable': False, 'install_base': '/home/mohamed/ros2_ws/install/node_network', 'merge_install': False, 'path': '/home/mohamed/ros2_ws/src/node_network', 'symlink_install': False, 'test_result_base': None}
[0.575s] Level 5:colcon.colcon_core.verb:set package 'secure_connection' build argument 'cmake_args' from command line to 'None'
[0.575s] Level 5:colcon.colcon_core.verb:set package 'secure_connection' build argument 'cmake_target' from command line to 'None'
[0.575s] Level 5:colcon.colcon_core.verb:set package 'secure_connection' build argument 'cmake_target_skip_unavailable' from command line to 'False'
[0.575s] Level 5:colcon.colcon_core.verb:set package 'secure_connection' build argument 'cmake_clean_cache' from command line to 'False'
[0.575s] Level 5:colcon.colcon_core.verb:set package 'secure_connection' build argument 'cmake_clean_first' from command line to 'False'
[0.575s] Level 5:colcon.colcon_core.verb:set package 'secure_connection' build argument 'cmake_force_configure' from command line to 'False'
[0.575s] Level 5:colcon.colcon_core.verb:set package 'secure_connection' build argument 'ament_cmake_args' from command line to 'None'
[0.575s] Level 5:colcon.colcon_core.verb:set package 'secure_connection' build argument 'catkin_cmake_args' from command line to 'None'
[0.575s] Level 5:colcon.colcon_core.verb:set package 'secure_connection' build argument 'catkin_skip_building_tests' from command line to 'False'
[0.575s] DEBUG:colcon.colcon_core.verb:Building package 'secure_connection' with the following arguments: {'ament_cmake_args': None, 'build_base': '/home/mohamed/ros2_ws/build/secure_connection', 'catkin_cmake_args': None, 'catkin_skip_building_tests': False, 'cmake_args': None, 'cmake_clean_cache': False, 'cmake_clean_first': False, 'cmake_force_configure': False, 'cmake_target': None, 'cmake_target_skip_unavailable': False, 'install_base': '/home/mohamed/ros2_ws/install/secure_connection', 'merge_install': False, 'path': '/home/mohamed/ros2_ws/src/secure_connection', 'symlink_install': False, 'test_result_base': None}
[0.576s] Level 5:colcon.colcon_core.verb:set package 'test_latency' build argument 'cmake_args' from command line to 'None'
[0.576s] Level 5:colcon.colcon_core.verb:set package 'test_latency' build argument 'cmake_target' from command line to 'None'
[0.576s] Level 5:colcon.colcon_core.verb:set package 'test_latency' build argument 'cmake_target_skip_unavailable' from command line to 'False'
[0.576s] Level 5:colcon.colcon_core.verb:set package 'test_latency' build argument 'cmake_clean_cache' from command line to 'False'
[0.577s] Level 5:colcon.colcon_core.verb:set package 'test_latency' build argument 'cmake_clean_first' from command line to 'False'
[0.577s] Level 5:colcon.colcon_core.verb:set package 'test_latency' build argument 'cmake_force_configure' from command line to 'False'
[0.577s] Level 5:colcon.colcon_core.verb:set package 'test_latency' build argument 'ament_cmake_args' from command line to 'None'
[0.577s] Level 5:colcon.colcon_core.verb:set package 'test_latency' build argument 'catkin_cmake_args' from command line to 'None'
[0.577s] Level 5:colcon.colcon_core.verb:set package 'test_latency' build argument 'catkin_skip_building_tests' from command line to 'False'
[0.577s] DEBUG:colcon.colcon_core.verb:Building package 'test_latency' with the following arguments: {'ament_cmake_args': None, 'build_base': '/home/mohamed/ros2_ws/build/test_latency', 'catkin_cmake_args': None, 'catkin_skip_building_tests': False, 'cmake_args': None, 'cmake_clean_cache': False, 'cmake_clean_first': False, 'cmake_force_configure': False, 'cmake_target': None, 'cmake_target_skip_unavailable': False, 'install_base': '/home/mohamed/ros2_ws/install/test_latency', 'merge_install': False, 'path': '/home/mohamed/ros2_ws/src/test_latency', 'symlink_install': False, 'test_result_base': None}
[0.577s] INFO:colcon.colcon_core.executor:Executing jobs using 'parallel' executor
[0.579s] DEBUG:colcon.colcon_parallel_executor.executor.parallel:run_until_complete
[0.579s] INFO:colcon.colcon_ros.task.ament_python.build:Building ROS package in '/home/mohamed/ros2_ws/src/my_robot_controller' with build type 'ament_python'
[0.579s] Level 1:colcon.colcon_core.shell:create_environment_hook('my_robot_controller', 'ament_prefix_path')
[0.583s] INFO:colcon.colcon_core.plugin_system:Skipping extension 'colcon_core.shell.bat': Not used on non-Windows systems
[0.584s] INFO:colcon.colcon_core.shell:Creating environment hook '/home/mohamed/ros2_ws/install/my_robot_controller/share/my_robot_controller/hook/ament_prefix_path.ps1'
[0.585s] INFO:colcon.colcon_core.shell:Creating environment descriptor '/home/mohamed/ros2_ws/install/my_robot_controller/share/my_robot_controller/hook/ament_prefix_path.dsv'
[0.586s] INFO:colcon.colcon_core.shell:Creating environment hook '/home/mohamed/ros2_ws/install/my_robot_controller/share/my_robot_controller/hook/ament_prefix_path.sh'
[0.587s] INFO:colcon.colcon_core.shell:Skip shell extension 'powershell' for command environment: Not usable outside of PowerShell
[0.587s] DEBUG:colcon.colcon_core.shell:Skip shell extension 'dsv' for command environment
[0.592s] INFO:colcon.colcon_ros.task.ament_python.build:Building ROS package in '/home/mohamed/ros2_ws/src/node_network' with build type 'ament_python'
[0.592s] Level 1:colcon.colcon_core.shell:create_environment_hook('node_network', 'ament_prefix_path')
[0.593s] INFO:colcon.colcon_core.shell:Creating environment hook '/home/mohamed/ros2_ws/install/node_network/share/node_network/hook/ament_prefix_path.ps1'
[0.594s] INFO:colcon.colcon_core.shell:Creating environment descriptor '/home/mohamed/ros2_ws/install/node_network/share/node_network/hook/ament_prefix_path.dsv'
[0.594s] INFO:colcon.colcon_core.shell:Creating environment hook '/home/mohamed/ros2_ws/install/node_network/share/node_network/hook/ament_prefix_path.sh'
[0.595s] INFO:colcon.colcon_core.shell:Skip shell extension 'powershell' for command environment: Not usable outside of PowerShell
[0.595s] DEBUG:colcon.colcon_core.shell:Skip shell extension 'dsv' for command environment
[0.600s] INFO:colcon.colcon_ros.task.ament_python.build:Building ROS package in '/home/mohamed/ros2_ws/src/secure_connection' with build type 'ament_python'
[0.600s] Level 1:colcon.colcon_core.shell:create_environment_hook('secure_connection', 'ament_prefix_path')
[0.601s] INFO:colcon.colcon_core.shell:Creating environment hook '/home/mohamed/ros2_ws/install/secure_connection/share/secure_connection/hook/ament_prefix_path.ps1'
[0.602s] INFO:colcon.colcon_core.shell:Creating environment descriptor '/home/mohamed/ros2_ws/install/secure_connection/share/secure_connection/hook/ament_prefix_path.dsv'
[0.602s] INFO:colcon.colcon_core.shell:Creating environment hook '/home/mohamed/ros2_ws/install/secure_connection/share/secure_connection/hook/ament_prefix_path.sh'
[0.603s] INFO:colcon.colcon_core.shell:Skip shell extension 'powershell' for command environment: Not usable outside of PowerShell
[0.603s] DEBUG:colcon.colcon_core.shell:Skip shell extension 'dsv' for command environment
[0.609s] INFO:colcon.colcon_ros.task.ament_python.build:Building ROS package in '/home/mohamed/ros2_ws/src/test_latency' with build type 'ament_python'
[0.610s] Level 1:colcon.colcon_core.shell:create_environment_hook('test_latency', 'ament_prefix_path')
[0.610s] INFO:colcon.colcon_core.shell:Creating environment hook '/home/mohamed/ros2_ws/install/test_latency/share/test_latency/hook/ament_prefix_path.ps1'
[0.611s] INFO:colcon.colcon_core.shell:Creating environment descriptor '/home/mohamed/ros2_ws/install/test_latency/share/test_latency/hook/ament_prefix_path.dsv'
[0.612s] INFO:colcon.colcon_core.shell:Creating environment hook '/home/mohamed/ros2_ws/install/test_latency/share/test_latency/hook/ament_prefix_path.sh'
[0.613s] INFO:colcon.colcon_core.shell:Skip shell extension 'powershell' for command environment: Not usable outside of PowerShell
[0.613s] DEBUG:colcon.colcon_core.shell:Skip shell extension 'dsv' for command environment
[1.455s] INFO:colcon.colcon_core.task.python.build:Building Python package in '/home/mohamed/ros2_ws/src/my_robot_controller'
[1.456s] INFO:colcon.colcon_core.shell:Skip shell extension 'powershell' for command environment: Not usable outside of PowerShell
[1.456s] DEBUG:colcon.colcon_core.shell:Skip shell extension 'dsv' for command environment
[2.048s] INFO:colcon.colcon_core.task.python.build:Building Python package in '/home/mohamed/ros2_ws/src/node_network'
[2.048s] INFO:colcon.colcon_core.shell:Skip shell extension 'powershell' for command environment: Not usable outside of PowerShell
[2.048s] DEBUG:colcon.colcon_core.shell:Skip shell extension 'dsv' for command environment
[2.704s] INFO:colcon.colcon_core.task.python.build:Building Python package in '/home/mohamed/ros2_ws/src/secure_connection'
[2.704s] INFO:colcon.colcon_core.shell:Skip shell extension 'powershell' for command environment: Not usable outside of PowerShell
[2.704s] DEBUG:colcon.colcon_core.shell:Skip shell extension 'dsv' for command environment
[3.117s] INFO:colcon.colcon_core.task.python.build:Building Python package in '/home/mohamed/ros2_ws/src/test_latency'
[3.118s] INFO:colcon.colcon_core.shell:Skip shell extension 'powershell' for command environment: Not usable outside of PowerShell
[3.118s] DEBUG:colcon.colcon_core.shell:Skip shell extension 'dsv' for command environment
[4.613s] DEBUG:colcon.colcon_core.event_handler.log_command:Invoking command in '/home/mohamed/ros2_ws/src/node_network': DEBUGINFOD_URLS=https://debuginfod.ubuntu.com PYTHONPATH=/home/mohamed/ros2_ws/build/node_network/prefix_override:/usr/lib/python3/dist-packages/colcon_core/task/python/colcon_distutils_commands:/home/mohamed/ros2_ws/install/node_network/lib/python3.12/site-packages:${PYTHONPATH} /usr/bin/python3 -W ignore:setup.py install is deprecated -W ignore:easy_install command is deprecated setup.py egg_info --egg-base ../../build/node_network build --build-base /home/mohamed/ros2_ws/build/node_network/build install --record /home/mohamed/ros2_ws/build/node_network/install.log --single-version-externally-managed install_data
[4.684s] DEBUG:colcon.colcon_core.event_handler.log_command:Invoking command in '/home/mohamed/ros2_ws/src/secure_connection': DEBUGINFOD_URLS=https://debuginfod.ubuntu.com PYTHONPATH=/home/mohamed/ros2_ws/build/secure_connection/prefix_override:/usr/lib/python3/dist-packages/colcon_core/task/python/colcon_distutils_commands:/home/mohamed/ros2_ws/install/secure_connection/lib/python3.12/site-packages:${PYTHONPATH} /usr/bin/python3 -W ignore:setup.py install is deprecated -W ignore:easy_install command is deprecated setup.py egg_info --egg-base ../../build/secure_connection build --build-base /home/mohamed/ros2_ws/build/secure_connection/build install --record /home/mohamed/ros2_ws/build/secure_connection/install.log --single-version-externally-managed install_data
[5.044s] DEBUG:colcon.colcon_core.event_handler.log_command:Invoking command in '/home/mohamed/ros2_ws/src/test_latency': DEBUGINFOD_URLS=https://debuginfod.ubuntu.com PYTHONPATH=/home/mohamed/ros2_ws/build/test_latency/prefix_override:/usr/lib/python3/dist-packages/colcon_core/task/python/colcon_distutils_commands:/home/mohamed/ros2_ws/install/test_latency/lib/python3.12/site-packages:${PYTHONPATH} /usr/bin/python3 -W ignore:setup.py install is deprecated -W ignore:easy_install command is deprecated setup.py egg_info --egg-base ../../build/test_latency build --build-base /home/mohamed/ros2_ws/build/test_latency/build install --record /home/mohamed/ros2_ws/build/test_latency/install.log --single-version-externally-managed install_data
[5.053s] DEBUG:colcon.colcon_core.event_handler.log_command:Invoking command in '/home/mohamed/ros2_ws/src/my_robot_controller': DEBUGINFOD_URLS=https://debuginfod.ubuntu.com PYTHONPATH=/home/mohamed/ros2_ws/build/my_robot_controller/prefix_override:/usr/lib/python3/dist-packages/colcon_core/task/python/colcon_distutils_commands:/home/mohamed/ros2_ws/install/my_robot_controller/lib/python3.12/site-packages:${PYTHONPATH} /usr/bin/python3 -W ignore:setup.py install is deprecated -W ignore:easy_install command is deprecated setup.py egg_info --egg-base ../../build/my_robot_controller build --build-base /home/mohamed/ros2_ws/build/my_robot_controller/build install --record /home/mohamed/ros2_ws/build/my_robot_controller/install.log --single-version-externally-managed install_data
[6.141s] DEBUG:colcon.colcon_core.event_handler.log_command:Invoked command in '/home/mohamed/ros2_ws/src/node_network' returned '0': DEBUGINFOD_URLS=https://debuginfod.ubuntu.com PYTHONPATH=/home/mohamed/ros2_ws/build/node_network/prefix_override:/usr/lib/python3/dist-packages/colcon_core/task/python/colcon_distutils_commands:/home/mohamed/ros2_ws/install/node_network/lib/python3.12/site-packages:${PYTHONPATH} /usr/bin/python3 -W ignore:setup.py install is deprecated -W ignore:easy_install command is deprecated setup.py egg_info --egg-base ../../build/node_network build --build-base /home/mohamed/ros2_ws/build/node_network/build install --record /home/mohamed/ros2_ws/build/node_network/install.log --single-version-externally-managed install_data
[6.149s] Level 1:colcon.colcon_core.environment:checking '/home/mohamed/ros2_ws/install/node_network' for CMake module files
[6.151s] Level 1:colcon.colcon_core.environment:checking '/home/mohamed/ros2_ws/install/node_network' for CMake config files
[6.153s] Level 1:colcon.colcon_core.environment:checking '/home/mohamed/ros2_ws/install/node_network/lib'
[6.154s] Level 1:colcon.colcon_core.environment:checking '/home/mohamed/ros2_ws/install/node_network/bin'
[6.154s] Level 1:colcon.colcon_core.environment:checking '/home/mohamed/ros2_ws/install/node_network/lib/pkgconfig/node_network.pc'
[6.155s] Level 1:colcon.colcon_core.environment:checking '/home/mohamed/ros2_ws/install/node_network/lib/python3.12/site-packages'
[6.155s] Level 1:colcon.colcon_core.shell:create_environment_hook('node_network', 'pythonpath')
[6.155s] INFO:colcon.colcon_core.shell:Creating environment hook '/home/mohamed/ros2_ws/install/node_network/share/node_network/hook/pythonpath.ps1'
[6.156s] INFO:colcon.colcon_core.shell:Creating environment descriptor '/home/mohamed/ros2_ws/install/node_network/share/node_network/hook/pythonpath.dsv'
[6.157s] INFO:colcon.colcon_core.shell:Creating environment hook '/home/mohamed/ros2_ws/install/node_network/share/node_network/hook/pythonpath.sh'
[6.159s] Level 1:colcon.colcon_core.environment:checking '/home/mohamed/ros2_ws/install/node_network/bin'
[6.160s] Level 1:colcon.colcon_core.environment:create_environment_scripts_only(node_network)
[6.161s] INFO:colcon.colcon_core.shell:Creating package script '/home/mohamed/ros2_ws/install/node_network/share/node_network/package.ps1'
[6.164s] INFO:colcon.colcon_core.shell:Creating package descriptor '/home/mohamed/ros2_ws/install/node_network/share/node_network/package.dsv'
[6.165s] INFO:colcon.colcon_core.shell:Creating package script '/home/mohamed/ros2_ws/install/node_network/share/node_network/package.sh'
[6.167s] INFO:colcon.colcon_core.shell:Creating package script '/home/mohamed/ros2_ws/install/node_network/share/node_network/package.bash'
[6.168s] INFO:colcon.colcon_core.shell:Creating package script '/home/mohamed/ros2_ws/install/node_network/share/node_network/package.zsh'
[6.169s] Level 1:colcon.colcon_core.environment:create_file_with_runtime_dependencies(/home/mohamed/ros2_ws/install/node_network/share/colcon-core/packages/node_network)
[6.216s] Level 1:colcon.colcon_core.environment:checking '/home/mohamed/ros2_ws/install/secure_connection' for CMake module files
[6.218s] DEBUG:colcon.colcon_core.event_handler.log_command:Invoked command in '/home/mohamed/ros2_ws/src/secure_connection' returned '0': DEBUGINFOD_URLS=https://debuginfod.ubuntu.com PYTHONPATH=/home/mohamed/ros2_ws/build/secure_connection/prefix_override:/usr/lib/python3/dist-packages/colcon_core/task/python/colcon_distutils_commands:/home/mohamed/ros2_ws/install/secure_connection/lib/python3.12/site-packages:${PYTHONPATH} /usr/bin/python3 -W ignore:setup.py install is deprecated -W ignore:easy_install command is deprecated setup.py egg_info --egg-base ../../build/secure_connection build --build-base /home/mohamed/ros2_ws/build/secure_connection/build install --record /home/mohamed/ros2_ws/build/secure_connection/install.log --single-version-externally-managed install_data
[6.218s] Level 1:colcon.colcon_core.environment:checking '/home/mohamed/ros2_ws/install/secure_connection' for CMake config files
[6.219s] Level 1:colcon.colcon_core.environment:checking '/home/mohamed/ros2_ws/install/secure_connection/lib'
[6.220s] Level 1:colcon.colcon_core.environment:checking '/home/mohamed/ros2_ws/install/secure_connection/bin'
[6.220s] Level 1:colcon.colcon_core.environment:checking '/home/mohamed/ros2_ws/install/secure_connection/lib/pkgconfig/secure_connection.pc'
[6.220s] Level 1:colcon.colcon_core.environment:checking '/home/mohamed/ros2_ws/install/secure_connection/lib/python3.12/site-packages'
[6.221s] Level 1:colcon.colcon_core.shell:create_environment_hook('secure_connection', 'pythonpath')
[6.221s] INFO:colcon.colcon_core.shell:Creating environment hook '/home/mohamed/ros2_ws/install/secure_connection/share/secure_connection/hook/pythonpath.ps1'
[6.222s] INFO:colcon.colcon_core.shell:Creating environment descriptor '/home/mohamed/ros2_ws/install/secure_connection/share/secure_connection/hook/pythonpath.dsv'
[6.223s] INFO:colcon.colcon_core.shell:Creating environment hook '/home/mohamed/ros2_ws/install/secure_connection/share/secure_connection/hook/pythonpath.sh'
[6.224s] Level 1:colcon.colcon_core.environment:checking '/home/mohamed/ros2_ws/install/secure_connection/bin'
[6.224s] Level 1:colcon.colcon_core.environment:create_environment_scripts_only(secure_connection)
[6.224s] INFO:colcon.colcon_core.shell:Creating package script '/home/mohamed/ros2_ws/install/secure_connection/share/secure_connection/package.ps1'
[6.225s] INFO:colcon.colcon_core.shell:Creating package descriptor '/home/mohamed/ros2_ws/install/secure_connection/share/secure_connection/package.dsv'
[6.226s] INFO:colcon.colcon_core.shell:Creating package script '/home/mohamed/ros2_ws/install/secure_connection/share/secure_connection/package.sh'
[6.227s] INFO:colcon.colcon_core.shell:Creating package script '/home/mohamed/ros2_ws/install/secure_connection/share/secure_connection/package.bash'
[6.228s] INFO:colcon.colcon_core.shell:Creating package script '/home/mohamed/ros2_ws/install/secure_connection/share/secure_connection/package.zsh'
[6.229s] Level 1:colcon.colcon_core.environment:create_file_with_runtime_dependencies(/home/mohamed/ros2_ws/install/secure_connection/share/colcon-core/packages/secure_connection)
[6.524s] Level 1:colcon.colcon_core.environment:checking '/home/mohamed/ros2_ws/install/my_robot_controller' for CMake module files
[6.525s] DEBUG:colcon.colcon_core.event_handler.log_command:Invoked command in '/home/mohamed/ros2_ws/src/my_robot_controller' returned '0': DEBUGINFOD_URLS=https://debuginfod.ubuntu.com PYTHONPATH=/home/mohamed/ros2_ws/build/my_robot_controller/prefix_override:/usr/lib/python3/dist-packages/colcon_core/task/python/colcon_distutils_commands:/home/mohamed/ros2_ws/install/my_robot_controller/lib/python3.12/site-packages:${PYTHONPATH} /usr/bin/python3 -W ignore:setup.py install is deprecated -W ignore:easy_install command is deprecated setup.py egg_info --egg-base ../../build/my_robot_controller build --build-base /home/mohamed/ros2_ws/build/my_robot_controller/build install --record /home/mohamed/ros2_ws/build/my_robot_controller/install.log --single-version-externally-managed install_data
[6.526s] Level 1:colcon.colcon_core.environment:checking '/home/mohamed/ros2_ws/install/my_robot_controller' for CMake config files
[6.526s] Level 1:colcon.colcon_core.environment:checking '/home/mohamed/ros2_ws/install/my_robot_controller/lib'
[6.527s] Level 1:colcon.colcon_core.environment:checking '/home/mohamed/ros2_ws/install/my_robot_controller/bin'
[6.527s] Level 1:colcon.colcon_core.environment:checking '/home/mohamed/ros2_ws/install/my_robot_controller/lib/pkgconfig/my_robot_controller.pc'
[6.527s] Level 1:colcon.colcon_core.environment:checking '/home/mohamed/ros2_ws/install/my_robot_controller/lib/python3.12/site-packages'
[6.527s] Level 1:colcon.colcon_core.shell:create_environment_hook('my_robot_controller', 'pythonpath')
[6.527s] INFO:colcon.colcon_core.shell:Creating environment hook '/home/mohamed/ros2_ws/install/my_robot_controller/share/my_robot_controller/hook/pythonpath.ps1'
[6.528s] INFO:colcon.colcon_core.shell:Creating environment descriptor '/home/mohamed/ros2_ws/install/my_robot_controller/share/my_robot_controller/hook/pythonpath.dsv'
[6.529s] INFO:colcon.colcon_core.shell:Creating environment hook '/home/mohamed/ros2_ws/install/my_robot_controller/share/my_robot_controller/hook/pythonpath.sh'
[6.530s] Level 1:colcon.colcon_core.environment:checking '/home/mohamed/ros2_ws/install/my_robot_controller/bin'
[6.531s] Level 1:colcon.colcon_core.environment:create_environment_scripts_only(my_robot_controller)
[6.531s] INFO:colcon.colcon_core.shell:Creating package script '/home/mohamed/ros2_ws/install/my_robot_controller/share/my_robot_controller/package.ps1'
[6.532s] INFO:colcon.colcon_core.shell:Creating package descriptor '/home/mohamed/ros2_ws/install/my_robot_controller/share/my_robot_controller/package.dsv'
[6.533s] INFO:colcon.colcon_core.shell:Creating package script '/home/mohamed/ros2_ws/install/my_robot_controller/share/my_robot_controller/package.sh'
[6.534s] INFO:colcon.colcon_core.shell:Creating package script '/home/mohamed/ros2_ws/install/my_robot_controller/share/my_robot_controller/package.bash'
[6.534s] INFO:colcon.colcon_core.shell:Creating package script '/home/mohamed/ros2_ws/install/my_robot_controller/share/my_robot_controller/package.zsh'
[6.535s] Level 1:colcon.colcon_core.environment:create_file_with_runtime_dependencies(/home/mohamed/ros2_ws/install/my_robot_controller/share/colcon-core/packages/my_robot_controller)
[6.632s] Level 1:colcon.colcon_core.environment:checking '/home/mohamed/ros2_ws/install/test_latency' for CMake module files
[6.633s] DEBUG:colcon.colcon_core.event_handler.log_command:Invoked command in '/home/mohamed/ros2_ws/src/test_latency' returned '0': DEBUGINFOD_URLS=https://debuginfod.ubuntu.com PYTHONPATH=/home/mohamed/ros2_ws/build/test_latency/prefix_override:/usr/lib/python3/dist-packages/colcon_core/task/python/colcon_distutils_commands:/home/mohamed/ros2_ws/install/test_latency/lib/python3.12/site-packages:${PYTHONPATH} /usr/bin/python3 -W ignore:setup.py install is deprecated -W ignore:easy_install command is deprecated setup.py egg_info --egg-base ../../build/test_latency build --build-base /home/mohamed/ros2_ws/build/test_latency/build install --record /home/mohamed/ros2_ws/build/test_latency/install.log --single-version-externally-managed install_data
[6.633s] Level 1:colcon.colcon_core.environment:checking '/home/mohamed/ros2_ws/install/test_latency' for CMake config files
[6.634s] Level 1:colcon.colcon_core.environment:checking '/home/mohamed/ros2_ws/install/test_latency/lib'
[6.634s] Level 1:colcon.colcon_core.environment:checking '/home/mohamed/ros2_ws/install/test_latency/bin'
[6.634s] Level 1:colcon.colcon_core.environment:checking '/home/mohamed/ros2_ws/install/test_latency/lib/pkgconfig/test_latency.pc'
[6.635s] Level 1:colcon.colcon_core.environment:checking '/home/mohamed/ros2_ws/install/test_latency/lib/python3.12/site-packages'
[6.636s] Level 1:colcon.colcon_core.shell:create_environment_hook('test_latency', 'pythonpath')
[6.636s] INFO:colcon.colcon_core.shell:Creating environment hook '/home/mohamed/ros2_ws/install/test_latency/share/test_latency/hook/pythonpath.ps1'
[6.637s] INFO:colcon.colcon_core.shell:Creating environment descriptor '/home/mohamed/ros2_ws/install/test_latency/share/test_latency/hook/pythonpath.dsv'
[6.638s] INFO:colcon.colcon_core.shell:Creating environment hook '/home/mohamed/ros2_ws/install/test_latency/share/test_latency/hook/pythonpath.sh'
[6.639s] Level 1:colcon.colcon_core.environment:checking '/home/mohamed/ros2_ws/install/test_latency/bin'
[6.639s] Level 1:colcon.colcon_core.environment:create_environment_scripts_only(test_latency)
[6.639s] INFO:colcon.colcon_core.shell:Creating package script '/home/mohamed/ros2_ws/install/test_latency/share/test_latency/package.ps1'
[6.640s] INFO:colcon.colcon_core.shell:Creating package descriptor '/home/mohamed/ros2_ws/install/test_latency/share/test_latency/package.dsv'
[6.641s] INFO:colcon.colcon_core.shell:Creating package script '/home/mohamed/ros2_ws/install/test_latency/share/test_latency/package.sh'
[6.642s] INFO:colcon.colcon_core.shell:Creating package script '/home/mohamed/ros2_ws/install/test_latency/share/test_latency/package.bash'
[6.644s] INFO:colcon.colcon_core.shell:Creating package script '/home/mohamed/ros2_ws/install/test_latency/share/test_latency/package.zsh'
[6.645s] Level 1:colcon.colcon_core.environment:create_file_with_runtime_dependencies(/home/mohamed/ros2_ws/install/test_latency/share/colcon-core/packages/test_latency)
[6.645s] DEBUG:colcon.colcon_parallel_executor.executor.parallel:closing loop
[6.645s] DEBUG:colcon.colcon_parallel_executor.executor.parallel:loop closed
[6.646s] DEBUG:colcon.colcon_parallel_executor.executor.parallel:run_until_complete finished with '0'
[6.646s] DEBUG:colcon.colcon_core.event_reactor:joining thread
[6.656s] INFO:colcon.colcon_core.plugin_system:Skipping extension 'colcon_notification.desktop_notification.terminal_notifier': Not used on non-Darwin systems
[6.656s] INFO:colcon.colcon_core.plugin_system:Skipping extension 'colcon_notification.desktop_notification.win32': Not used on non-Windows systems
[6.656s] INFO:colcon.colcon_notification.desktop_notification:Sending desktop notification using 'notify2'
[6.707s] DEBUG:colcon.colcon_core.event_reactor:joined thread
[6.707s] INFO:colcon.colcon_core.shell:Creating prefix script '/home/mohamed/ros2_ws/install/local_setup.ps1'
[6.709s] INFO:colcon.colcon_core.shell:Creating prefix util module '/home/mohamed/ros2_ws/install/_local_setup_util_ps1.py'
[6.713s] INFO:colcon.colcon_core.shell:Creating prefix chain script '/home/mohamed/ros2_ws/install/setup.ps1'
[6.715s] INFO:colcon.colcon_core.shell:Creating prefix script '/home/mohamed/ros2_ws/install/local_setup.sh'
[6.716s] INFO:colcon.colcon_core.shell:Creating prefix util module '/home/mohamed/ros2_ws/install/_local_setup_util_sh.py'
[6.717s] INFO:colcon.colcon_core.shell:Creating prefix chain script '/home/mohamed/ros2_ws/install/setup.sh'
[6.719s] INFO:colcon.colcon_core.shell:Creating prefix script '/home/mohamed/ros2_ws/install/local_setup.bash'
[6.720s] INFO:colcon.colcon_core.shell:Creating prefix chain script '/home/mohamed/ros2_ws/install/setup.bash'
[6.722s] INFO:colcon.colcon_core.shell:Creating prefix script '/home/mohamed/ros2_ws/install/local_setup.zsh'
[6.723s] INFO:colcon.colcon_core.shell:Creating prefix chain script '/home/mohamed/ros2_ws/install/setup.zsh'
