/home/amina/Downloads/RTS_project/install/my_robot_controller/lib/python3.12/site-packages/my_robot_controller/talker_secure.py
/home/amina/Downloads/RTS_project/install/my_robot_controller/lib/python3.12/site-packages/my_robot_controller/__init__.py
/home/amina/Downloads/RTS_project/install/my_robot_controller/lib/python3.12/site-packages/my_robot_controller/attacker_node.py
/home/amina/Downloads/RTS_project/install/my_robot_controller/lib/python3.12/site-packages/my_robot_controller/listener_secure.py
/home/amina/Downloads/RTS_project/install/my_robot_controller/lib/python3.12/site-packages/my_robot_controller/first_node.py
/home/amina/Downloads/RTS_project/install/my_robot_controller/lib/python3.12/site-packages/my_robot_controller/talker_unsecure.py
/home/amina/Downloads/RTS_project/install/my_robot_controller/lib/python3.12/site-packages/my_robot_controller/listener_unsecure.py
/home/amina/Downloads/RTS_project/install/my_robot_controller/lib/python3.12/site-packages/my_robot_controller/__pycache__/talker_secure.cpython-312.pyc
/home/amina/Downloads/RTS_project/install/my_robot_controller/lib/python3.12/site-packages/my_robot_controller/__pycache__/__init__.cpython-312.pyc
/home/amina/Downloads/RTS_project/install/my_robot_controller/lib/python3.12/site-packages/my_robot_controller/__pycache__/attacker_node.cpython-312.pyc
/home/amina/Downloads/RTS_project/install/my_robot_controller/lib/python3.12/site-packages/my_robot_controller/__pycache__/listener_secure.cpython-312.pyc
/home/amina/Downloads/RTS_project/install/my_robot_controller/lib/python3.12/site-packages/my_robot_controller/__pycache__/first_node.cpython-312.pyc
/home/amina/Downloads/RTS_project/install/my_robot_controller/lib/python3.12/site-packages/my_robot_controller/__pycache__/talker_unsecure.cpython-312.pyc
/home/amina/Downloads/RTS_project/install/my_robot_controller/lib/python3.12/site-packages/my_robot_controller/__pycache__/listener_unsecure.cpython-312.pyc
/home/amina/Downloads/RTS_project/install/my_robot_controller/share/ament_index/resource_index/packages/my_robot_controller
/home/amina/Downloads/RTS_project/install/my_robot_controller/share/my_robot_controller/package.xml
/home/amina/Downloads/RTS_project/install/my_robot_controller/lib/python3.12/site-packages/my_robot_controller-0.0.1-py3.12.egg-info/PKG-INFO
/home/amina/Downloads/RTS_project/install/my_robot_controller/lib/python3.12/site-packages/my_robot_controller-0.0.1-py3.12.egg-info/requires.txt
/home/amina/Downloads/RTS_project/install/my_robot_controller/lib/python3.12/site-packages/my_robot_controller-0.0.1-py3.12.egg-info/entry_points.txt
/home/amina/Downloads/RTS_project/install/my_robot_controller/lib/python3.12/site-packages/my_robot_controller-0.0.1-py3.12.egg-info/top_level.txt
/home/amina/Downloads/RTS_project/install/my_robot_controller/lib/python3.12/site-packages/my_robot_controller-0.0.1-py3.12.egg-info/zip-safe
/home/amina/Downloads/RTS_project/install/my_robot_controller/lib/python3.12/site-packages/my_robot_controller-0.0.1-py3.12.egg-info/SOURCES.txt
/home/amina/Downloads/RTS_project/install/my_robot_controller/lib/python3.12/site-packages/my_robot_controller-0.0.1-py3.12.egg-info/dependency_links.txt
/home/amina/Downloads/RTS_project/install/my_robot_controller/lib/my_robot_controller/attacker_node
/home/amina/Downloads/RTS_project/install/my_robot_controller/lib/my_robot_controller/first_node
/home/amina/Downloads/RTS_project/install/my_robot_controller/lib/my_robot_controller/listener_secure
/home/amina/Downloads/RTS_project/install/my_robot_controller/lib/my_robot_controller/listener_unsecure
/home/amina/Downloads/RTS_project/install/my_robot_controller/lib/my_robot_controller/talker_secure
/home/amina/Downloads/RTS_project/install/my_robot_controller/lib/my_robot_controller/talker_unsecure
