[4.858s] Invoking command in '/home/mohamed/ros2_ws/src/my_robot_controller': DEBUGINFOD_URLS=https://debuginfod.ubuntu.com PYTHONPATH=/home/mohamed/ros2_ws/build/my_robot_controller/prefix_override:/usr/lib/python3/dist-packages/colcon_core/task/python/colcon_distutils_commands:/home/mohamed/ros2_ws/install/my_robot_controller/lib/python3.12/site-packages:${PYTHONPATH} /usr/bin/python3 -W ignore:setup.py install is deprecated -W ignore:easy_install command is deprecated setup.py egg_info --egg-base ../../build/my_robot_controller build --build-base /home/mohamed/ros2_ws/build/my_robot_controller/build install --record /home/mohamed/ros2_ws/build/my_robot_controller/install.log --single-version-externally-managed install_data
[5.993s] running egg_info
[5.994s] creating ../../build/my_robot_controller/my_robot_controller.egg-info
[6.043s] writing ../../build/my_robot_controller/my_robot_controller.egg-info/PKG-INFO
[6.043s] writing dependency_links to ../../build/my_robot_controller/my_robot_controller.egg-info/dependency_links.txt
[6.043s] writing entry points to ../../build/my_robot_controller/my_robot_controller.egg-info/entry_points.txt
[6.044s] writing requirements to ../../build/my_robot_controller/my_robot_controller.egg-info/requires.txt
[6.044s] writing top-level names to ../../build/my_robot_controller/my_robot_controller.egg-info/top_level.txt
[6.044s] writing manifest file '../../build/my_robot_controller/my_robot_controller.egg-info/SOURCES.txt'
[6.154s] reading manifest file '../../build/my_robot_controller/my_robot_controller.egg-info/SOURCES.txt'
[6.156s] writing manifest file '../../build/my_robot_controller/my_robot_controller.egg-info/SOURCES.txt'
[6.156s] running build
[6.156s] running build_py
[6.156s] creating /home/mohamed/ros2_ws/build/my_robot_controller/build
[6.157s] creating /home/mohamed/ros2_ws/build/my_robot_controller/build/lib
[6.157s] creating /home/mohamed/ros2_ws/build/my_robot_controller/build/lib/my_robot_controller
[6.157s] copying my_robot_controller/talker_node.py -> /home/mohamed/ros2_ws/build/my_robot_controller/build/lib/my_robot_controller
[6.159s] copying my_robot_controller/talker.py -> /home/mohamed/ros2_ws/build/my_robot_controller/build/lib/my_robot_controller
[6.159s] copying my_robot_controller/first_node.py -> /home/mohamed/ros2_ws/build/my_robot_controller/build/lib/my_robot_controller
[6.160s] copying my_robot_controller/unauthorised_listener.py -> /home/mohamed/ros2_ws/build/my_robot_controller/build/lib/my_robot_controller
[6.162s] copying my_robot_controller/listener_node.py -> /home/mohamed/ros2_ws/build/my_robot_controller/build/lib/my_robot_controller
[6.162s] copying my_robot_controller/listener.py -> /home/mohamed/ros2_ws/build/my_robot_controller/build/lib/my_robot_controller
[6.162s] copying my_robot_controller/__init__.py -> /home/mohamed/ros2_ws/build/my_robot_controller/build/lib/my_robot_controller
[6.163s] running install
[6.186s] running install_lib
[6.466s] creating /home/mohamed/ros2_ws/install/my_robot_controller/lib/python3.12/site-packages/my_robot_controller
[6.466s] copying /home/mohamed/ros2_ws/build/my_robot_controller/build/lib/my_robot_controller/talker_node.py -> /home/mohamed/ros2_ws/install/my_robot_controller/lib/python3.12/site-packages/my_robot_controller
[6.467s] copying /home/mohamed/ros2_ws/build/my_robot_controller/build/lib/my_robot_controller/talker.py -> /home/mohamed/ros2_ws/install/my_robot_controller/lib/python3.12/site-packages/my_robot_controller
[6.474s] copying /home/mohamed/ros2_ws/build/my_robot_controller/build/lib/my_robot_controller/first_node.py -> /home/mohamed/ros2_ws/install/my_robot_controller/lib/python3.12/site-packages/my_robot_controller
[6.475s] copying /home/mohamed/ros2_ws/build/my_robot_controller/build/lib/my_robot_controller/unauthorised_listener.py -> /home/mohamed/ros2_ws/install/my_robot_controller/lib/python3.12/site-packages/my_robot_controller
[6.475s] copying /home/mohamed/ros2_ws/build/my_robot_controller/build/lib/my_robot_controller/listener_node.py -> /home/mohamed/ros2_ws/install/my_robot_controller/lib/python3.12/site-packages/my_robot_controller
[6.475s] copying /home/mohamed/ros2_ws/build/my_robot_controller/build/lib/my_robot_controller/listener.py -> /home/mohamed/ros2_ws/install/my_robot_controller/lib/python3.12/site-packages/my_robot_controller
[6.481s] copying /home/mohamed/ros2_ws/build/my_robot_controller/build/lib/my_robot_controller/__init__.py -> /home/mohamed/ros2_ws/install/my_robot_controller/lib/python3.12/site-packages/my_robot_controller
[6.488s] byte-compiling /home/mohamed/ros2_ws/install/my_robot_controller/lib/python3.12/site-packages/my_robot_controller/talker_node.py to talker_node.cpython-312.pyc
[6.496s] byte-compiling /home/mohamed/ros2_ws/install/my_robot_controller/lib/python3.12/site-packages/my_robot_controller/talker.py to talker.cpython-312.pyc
[6.502s] byte-compiling /home/mohamed/ros2_ws/install/my_robot_controller/lib/python3.12/site-packages/my_robot_controller/first_node.py to first_node.cpython-312.pyc
[6.503s] byte-compiling /home/mohamed/ros2_ws/install/my_robot_controller/lib/python3.12/site-packages/my_robot_controller/unauthorised_listener.py to unauthorised_listener.cpython-312.pyc
[6.510s] byte-compiling /home/mohamed/ros2_ws/install/my_robot_controller/lib/python3.12/site-packages/my_robot_controller/listener_node.py to listener_node.cpython-312.pyc
[6.510s] byte-compiling /home/mohamed/ros2_ws/install/my_robot_controller/lib/python3.12/site-packages/my_robot_controller/listener.py to listener.cpython-312.pyc
[6.515s] byte-compiling /home/mohamed/ros2_ws/install/my_robot_controller/lib/python3.12/site-packages/my_robot_controller/__init__.py to __init__.cpython-312.pyc
[6.522s] running install_data
[6.523s] creating /home/mohamed/ros2_ws/install/my_robot_controller/share/ament_index
[6.524s] creating /home/mohamed/ros2_ws/install/my_robot_controller/share/ament_index/resource_index
[6.524s] creating /home/mohamed/ros2_ws/install/my_robot_controller/share/ament_index/resource_index/packages
[6.525s] copying resource/my_robot_controller -> /home/mohamed/ros2_ws/install/my_robot_controller/share/ament_index/resource_index/packages
[6.532s] copying package.xml -> /home/mohamed/ros2_ws/install/my_robot_controller/share/my_robot_controller
[6.533s] running install_egg_info
[6.635s] Copying ../../build/my_robot_controller/my_robot_controller.egg-info to /home/mohamed/ros2_ws/install/my_robot_controller/lib/python3.12/site-packages/my_robot_controller-0.0.0-py3.12.egg-info
[6.643s] running install_scripts
[7.140s] Installing listener script to /home/mohamed/ros2_ws/install/my_robot_controller/lib/my_robot_controller
[7.140s] Installing listener_encrypt script to /home/mohamed/ros2_ws/install/my_robot_controller/lib/my_robot_controller
[7.140s] Installing talker script to /home/mohamed/ros2_ws/install/my_robot_controller/lib/my_robot_controller
[7.144s] Installing talker_encrypt script to /home/mohamed/ros2_ws/install/my_robot_controller/lib/my_robot_controller
[7.145s] Installing unauthorised_listener script to /home/mohamed/ros2_ws/install/my_robot_controller/lib/my_robot_controller
[7.145s] writing list of installed files to '/home/mohamed/ros2_ws/build/my_robot_controller/install.log'
[7.268s] Invoked command in '/home/mohamed/ros2_ws/src/my_robot_controller' returned '0': DEBUGINFOD_URLS=https://debuginfod.ubuntu.com PYTHONPATH=/home/mohamed/ros2_ws/build/my_robot_controller/prefix_override:/usr/lib/python3/dist-packages/colcon_core/task/python/colcon_distutils_commands:/home/mohamed/ros2_ws/install/my_robot_controller/lib/python3.12/site-packages:${PYTHONPATH} /usr/bin/python3 -W ignore:setup.py install is deprecated -W ignore:easy_install command is deprecated setup.py egg_info --egg-base ../../build/my_robot_controller build --build-base /home/mohamed/ros2_ws/build/my_robot_controller/build install --record /home/mohamed/ros2_ws/build/my_robot_controller/install.log --single-version-externally-managed install_data
