[4.091s] Invoking command in '/home/mohamed/ros2_ws/src/secure_connection': DEBUGINFOD_URLS=https://debuginfod.ubuntu.com PYTHONPATH=/home/mohamed/ros2_ws/build/secure_connection/prefix_override:/usr/lib/python3/dist-packages/colcon_core/task/python/colcon_distutils_commands:/home/mohamed/ros2_ws/install/secure_connection/lib/python3.12/site-packages:${PYTHONPATH} VIRTUAL_ENV_PROMPT=(env) /usr/bin/python3 -W ignore:setup.py install is deprecated -W ignore:easy_install command is deprecated setup.py egg_info --egg-base ../../build/secure_connection build --build-base /home/mohamed/ros2_ws/build/secure_connection/build install --record /home/mohamed/ros2_ws/build/secure_connection/install.log --single-version-externally-managed install_data
[4.889s] running egg_info
[4.956s] writing ../../build/secure_connection/secure_connection.egg-info/PKG-INFO
[4.956s] writing dependency_links to ../../build/secure_connection/secure_connection.egg-info/dependency_links.txt
[4.957s] writing entry points to ../../build/secure_connection/secure_connection.egg-info/entry_points.txt
[4.958s] writing requirements to ../../build/secure_connection/secure_connection.egg-info/requires.txt
[4.958s] writing top-level names to ../../build/secure_connection/secure_connection.egg-info/top_level.txt
[5.110s] reading manifest file '../../build/secure_connection/secure_connection.egg-info/SOURCES.txt'
[5.125s] writing manifest file '../../build/secure_connection/secure_connection.egg-info/SOURCES.txt'
[5.125s] running build
[5.127s] running build_py
[5.127s] copying secure_connection/generate_key.py -> /home/mohamed/ros2_ws/build/secure_connection/build/lib/secure_connection
[5.130s] running install
[5.170s] running install_lib
[5.238s] copying /home/mohamed/ros2_ws/build/secure_connection/build/lib/secure_connection/generate_key.py -> /home/mohamed/ros2_ws/install/secure_connection/lib/python3.12/site-packages/secure_connection
[5.240s] byte-compiling /home/mohamed/ros2_ws/install/secure_connection/lib/python3.12/site-packages/secure_connection/generate_key.py to generate_key.cpython-312.pyc
[5.242s] running install_data
[5.243s] running install_egg_info
[5.302s] removing '/home/mohamed/ros2_ws/install/secure_connection/lib/python3.12/site-packages/secure_connection-0.0.0-py3.12.egg-info' (and everything under it)
[5.303s] Copying ../../build/secure_connection/secure_connection.egg-info to /home/mohamed/ros2_ws/install/secure_connection/lib/python3.12/site-packages/secure_connection-0.0.0-py3.12.egg-info
[5.305s] running install_scripts
[5.878s] Installing generate_key script to /home/mohamed/ros2_ws/install/secure_connection/lib/secure_connection
[5.879s] writing list of installed files to '/home/mohamed/ros2_ws/build/secure_connection/install.log'
[5.993s] Invoked command in '/home/mohamed/ros2_ws/src/secure_connection' returned '0': DEBUGINFOD_URLS=https://debuginfod.ubuntu.com PYTHONPATH=/home/mohamed/ros2_ws/build/secure_connection/prefix_override:/usr/lib/python3/dist-packages/colcon_core/task/python/colcon_distutils_commands:/home/mohamed/ros2_ws/install/secure_connection/lib/python3.12/site-packages:${PYTHONPATH} VIRTUAL_ENV_PROMPT=(env) /usr/bin/python3 -W ignore:setup.py install is deprecated -W ignore:easy_install command is deprecated setup.py egg_info --egg-base ../../build/secure_connection build --build-base /home/mohamed/ros2_ws/build/secure_connection/build install --record /home/mohamed/ros2_ws/build/secure_connection/install.log --single-version-externally-managed install_data
