[2.329s] Invoking command in '/home/mohamed/ros2_ws/src/secure_connection': DEBUGINFOD_URLS=https://debuginfod.ubuntu.com PYTHONPATH=/home/mohamed/ros2_ws/build/secure_connection/prefix_override:/usr/lib/python3/dist-packages/colcon_core/task/python/colcon_distutils_commands:/home/mohamed/ros2_ws/install/secure_connection/lib/python3.12/site-packages:${PYTHONPATH} VIRTUAL_ENV_PROMPT=(env) /usr/bin/python3 -W ignore:setup.py install is deprecated -W ignore:easy_install command is deprecated setup.py egg_info --egg-base ../../build/secure_connection build --build-base /home/mohamed/ros2_ws/build/secure_connection/build install --record /home/mohamed/ros2_ws/build/secure_connection/install.log --single-version-externally-managed install_data
[2.753s] running egg_info
[2.782s] writing ../../build/secure_connection/secure_connection.egg-info/PKG-INFO
[2.783s] writing dependency_links to ../../build/secure_connection/secure_connection.egg-info/dependency_links.txt
[2.783s] writing entry points to ../../build/secure_connection/secure_connection.egg-info/entry_points.txt
[2.783s] writing requirements to ../../build/secure_connection/secure_connection.egg-info/requires.txt
[2.783s] writing top-level names to ../../build/secure_connection/secure_connection.egg-info/top_level.txt
[2.854s] reading manifest file '../../build/secure_connection/secure_connection.egg-info/SOURCES.txt'
[2.855s] writing manifest file '../../build/secure_connection/secure_connection.egg-info/SOURCES.txt'
[2.855s] running build
[2.856s] running build_py
[2.856s] running install
[2.865s] running install_lib
[2.897s] running install_data
[2.897s] running install_egg_info
[2.941s] removing '/home/mohamed/ros2_ws/install/secure_connection/lib/python3.12/site-packages/secure_connection-0.0.0-py3.12.egg-info' (and everything under it)
[2.942s] Copying ../../build/secure_connection/secure_connection.egg-info to /home/mohamed/ros2_ws/install/secure_connection/lib/python3.12/site-packages/secure_connection-0.0.0-py3.12.egg-info
[2.943s] running install_scripts
[3.160s] Installing generate_key script to /home/mohamed/ros2_ws/install/secure_connection/lib/secure_connection
[3.160s] writing list of installed files to '/home/mohamed/ros2_ws/build/secure_connection/install.log'
[3.221s] Invoked command in '/home/mohamed/ros2_ws/src/secure_connection' returned '0': DEBUGINFOD_URLS=https://debuginfod.ubuntu.com PYTHONPATH=/home/mohamed/ros2_ws/build/secure_connection/prefix_override:/usr/lib/python3/dist-packages/colcon_core/task/python/colcon_distutils_commands:/home/mohamed/ros2_ws/install/secure_connection/lib/python3.12/site-packages:${PYTHONPATH} VIRTUAL_ENV_PROMPT=(env) /usr/bin/python3 -W ignore:setup.py install is deprecated -W ignore:easy_install command is deprecated setup.py egg_info --egg-base ../../build/secure_connection build --build-base /home/mohamed/ros2_ws/build/secure_connection/build install --record /home/mohamed/ros2_ws/build/secure_connection/install.log --single-version-externally-managed install_data
