[2.541s] Invoking command in '/home/mohamed/ros2_ws/src/node_network': DEBUGINFOD_URLS=https://debuginfod.ubuntu.com PYTHONPATH=/home/mohamed/ros2_ws/build/node_network/prefix_override:/usr/lib/python3/dist-packages/colcon_core/task/python/colcon_distutils_commands:/home/mohamed/ros2_ws/install/node_network/lib/python3.12/site-packages:${PYTHONPATH} VIRTUAL_ENV_PROMPT=(.venv) /usr/bin/python3 -W ignore:setup.py install is deprecated -W ignore:easy_install command is deprecated setup.py egg_info --egg-base ../../build/node_network build --build-base /home/mohamed/ros2_ws/build/node_network/build install --record /home/mohamed/ros2_ws/build/node_network/install.log --single-version-externally-managed install_data
[3.093s] running egg_info
[3.128s] writing ../../build/node_network/node_network.egg-info/PKG-INFO
[3.130s] writing dependency_links to ../../build/node_network/node_network.egg-info/dependency_links.txt
[3.131s] writing entry points to ../../build/node_network/node_network.egg-info/entry_points.txt
[3.132s] writing requirements to ../../build/node_network/node_network.egg-info/requires.txt
[3.132s] writing top-level names to ../../build/node_network/node_network.egg-info/top_level.txt
[3.215s] reading manifest file '../../build/node_network/node_network.egg-info/SOURCES.txt'
[3.216s] writing manifest file '../../build/node_network/node_network.egg-info/SOURCES.txt'
[3.216s] running build
[3.217s] running build_py
[3.217s] running install
[3.231s] running install_lib
[3.274s] running install_data
[3.274s] running install_egg_info
[3.318s] removing '/home/mohamed/ros2_ws/install/node_network/lib/python3.12/site-packages/node_network-0.0.0-py3.12.egg-info' (and everything under it)
[3.318s] Copying ../../build/node_network/node_network.egg-info to /home/mohamed/ros2_ws/install/node_network/lib/python3.12/site-packages/node_network-0.0.0-py3.12.egg-info
[3.330s] running install_scripts
[3.702s] Installing Alpha script to /home/mohamed/ros2_ws/install/node_network/lib/node_network
[3.703s] Installing Beta script to /home/mohamed/ros2_ws/install/node_network/lib/node_network
[3.703s] Installing Delta script to /home/mohamed/ros2_ws/install/node_network/lib/node_network
[3.703s] Installing Gamma script to /home/mohamed/ros2_ws/install/node_network/lib/node_network
[3.703s] writing list of installed files to '/home/mohamed/ros2_ws/build/node_network/install.log'
[3.768s] Invoked command in '/home/mohamed/ros2_ws/src/node_network' returned '0': DEBUGINFOD_URLS=https://debuginfod.ubuntu.com PYTHONPATH=/home/mohamed/ros2_ws/build/node_network/prefix_override:/usr/lib/python3/dist-packages/colcon_core/task/python/colcon_distutils_commands:/home/mohamed/ros2_ws/install/node_network/lib/python3.12/site-packages:${PYTHONPATH} VIRTUAL_ENV_PROMPT=(.venv) /usr/bin/python3 -W ignore:setup.py install is deprecated -W ignore:easy_install command is deprecated setup.py egg_info --egg-base ../../build/node_network build --build-base /home/mohamed/ros2_ws/build/node_network/build install --record /home/mohamed/ros2_ws/build/node_network/install.log --single-version-externally-managed install_data
