[2.924s] Invoking command in '/home/mohamed/ros2_ws/src/node_network': DEBUGINFOD_URLS=https://debuginfod.ubuntu.com PS1=(env) \[\e]0;\u@\h: \w\a\]${debian_chroot:+($debian_chroot)}\[\033[01;32m\]\u@\h\[\033[00m\]:\[\033[01;34m\]\w\[\033[00m\]\$ PYTHONPATH=/home/mohamed/ros2_ws/build/node_network/prefix_override:/usr/lib/python3/dist-packages/colcon_core/task/python/colcon_distutils_commands:/home/mohamed/ros2_ws/install/node_network/lib/python3.12/site-packages:${PYTHONPATH} VIRTUAL_ENV_PROMPT=(env) /usr/bin/python3 -W ignore:setup.py install is deprecated -W ignore:easy_install command is deprecated setup.py egg_info --egg-base ../../build/node_network build --build-base /home/mohamed/ros2_ws/build/node_network/build install --record /home/mohamed/ros2_ws/build/node_network/install.log --single-version-externally-managed install_data
[3.552s] running egg_info
[3.553s] creating ../../build/node_network/node_network.egg-info
[3.600s] writing ../../build/node_network/node_network.egg-info/PKG-INFO
[3.601s] writing dependency_links to ../../build/node_network/node_network.egg-info/dependency_links.txt
[3.601s] writing entry points to ../../build/node_network/node_network.egg-info/entry_points.txt
[3.602s] writing requirements to ../../build/node_network/node_network.egg-info/requires.txt
[3.602s] writing top-level names to ../../build/node_network/node_network.egg-info/top_level.txt
[3.602s] writing manifest file '../../build/node_network/node_network.egg-info/SOURCES.txt'
[3.692s] reading manifest file '../../build/node_network/node_network.egg-info/SOURCES.txt'
[3.694s] writing manifest file '../../build/node_network/node_network.egg-info/SOURCES.txt'
[3.695s] running build
[3.695s] running build_py
[3.695s] creating /home/mohamed/ros2_ws/build/node_network/build
[3.695s] creating /home/mohamed/ros2_ws/build/node_network/build/lib
[3.696s] creating /home/mohamed/ros2_ws/build/node_network/build/lib/node_network
[3.696s] copying node_network/base_node.py -> /home/mohamed/ros2_ws/build/node_network/build/lib/node_network
[3.696s] copying node_network/gamma.py -> /home/mohamed/ros2_ws/build/node_network/build/lib/node_network
[3.696s] copying node_network/beta.py -> /home/mohamed/ros2_ws/build/node_network/build/lib/node_network
[3.697s] copying node_network/alpha.py -> /home/mohamed/ros2_ws/build/node_network/build/lib/node_network
[3.697s] copying node_network/delta.py -> /home/mohamed/ros2_ws/build/node_network/build/lib/node_network
[3.697s] copying node_network/__init__.py -> /home/mohamed/ros2_ws/build/node_network/build/lib/node_network
[3.698s] running install
[3.710s] running install_lib
[3.761s] creating /home/mohamed/ros2_ws/install/node_network/lib/python3.12/site-packages/node_network
[3.761s] copying /home/mohamed/ros2_ws/build/node_network/build/lib/node_network/base_node.py -> /home/mohamed/ros2_ws/install/node_network/lib/python3.12/site-packages/node_network
[3.761s] copying /home/mohamed/ros2_ws/build/node_network/build/lib/node_network/gamma.py -> /home/mohamed/ros2_ws/install/node_network/lib/python3.12/site-packages/node_network
[3.761s] copying /home/mohamed/ros2_ws/build/node_network/build/lib/node_network/beta.py -> /home/mohamed/ros2_ws/install/node_network/lib/python3.12/site-packages/node_network
[3.762s] copying /home/mohamed/ros2_ws/build/node_network/build/lib/node_network/alpha.py -> /home/mohamed/ros2_ws/install/node_network/lib/python3.12/site-packages/node_network
[3.762s] copying /home/mohamed/ros2_ws/build/node_network/build/lib/node_network/delta.py -> /home/mohamed/ros2_ws/install/node_network/lib/python3.12/site-packages/node_network
[3.762s] copying /home/mohamed/ros2_ws/build/node_network/build/lib/node_network/__init__.py -> /home/mohamed/ros2_ws/install/node_network/lib/python3.12/site-packages/node_network
[3.763s] byte-compiling /home/mohamed/ros2_ws/install/node_network/lib/python3.12/site-packages/node_network/base_node.py to base_node.cpython-312.pyc
[3.765s] byte-compiling /home/mohamed/ros2_ws/install/node_network/lib/python3.12/site-packages/node_network/gamma.py to gamma.cpython-312.pyc
[3.766s] byte-compiling /home/mohamed/ros2_ws/install/node_network/lib/python3.12/site-packages/node_network/beta.py to beta.cpython-312.pyc
[3.766s] byte-compiling /home/mohamed/ros2_ws/install/node_network/lib/python3.12/site-packages/node_network/alpha.py to alpha.cpython-312.pyc
[3.767s] byte-compiling /home/mohamed/ros2_ws/install/node_network/lib/python3.12/site-packages/node_network/delta.py to delta.cpython-312.pyc
[3.767s] byte-compiling /home/mohamed/ros2_ws/install/node_network/lib/python3.12/site-packages/node_network/__init__.py to __init__.cpython-312.pyc
[3.768s] running install_data
[3.768s] creating /home/mohamed/ros2_ws/install/node_network/share/ament_index
[3.768s] creating /home/mohamed/ros2_ws/install/node_network/share/ament_index/resource_index
[3.768s] creating /home/mohamed/ros2_ws/install/node_network/share/ament_index/resource_index/packages
[3.769s] copying resource/node_network -> /home/mohamed/ros2_ws/install/node_network/share/ament_index/resource_index/packages
[3.769s] copying package.xml -> /home/mohamed/ros2_ws/install/node_network/share/node_network
[3.769s] running install_egg_info
[3.819s] Copying ../../build/node_network/node_network.egg-info to /home/mohamed/ros2_ws/install/node_network/lib/python3.12/site-packages/node_network-0.0.0-py3.12.egg-info
[3.821s] running install_scripts
[4.153s] Installing Alpha script to /home/mohamed/ros2_ws/install/node_network/lib/node_network
[4.154s] Installing Beta script to /home/mohamed/ros2_ws/install/node_network/lib/node_network
[4.154s] Installing Delta script to /home/mohamed/ros2_ws/install/node_network/lib/node_network
[4.154s] Installing Gamma script to /home/mohamed/ros2_ws/install/node_network/lib/node_network
[4.155s] writing list of installed files to '/home/mohamed/ros2_ws/build/node_network/install.log'
[4.262s] Invoked command in '/home/mohamed/ros2_ws/src/node_network' returned '0': DEBUGINFOD_URLS=https://debuginfod.ubuntu.com PS1=(env) \[\e]0;\u@\h: \w\a\]${debian_chroot:+($debian_chroot)}\[\033[01;32m\]\u@\h\[\033[00m\]:\[\033[01;34m\]\w\[\033[00m\]\$ PYTHONPATH=/home/mohamed/ros2_ws/build/node_network/prefix_override:/usr/lib/python3/dist-packages/colcon_core/task/python/colcon_distutils_commands:/home/mohamed/ros2_ws/install/node_network/lib/python3.12/site-packages:${PYTHONPATH} VIRTUAL_ENV_PROMPT=(env) /usr/bin/python3 -W ignore:setup.py install is deprecated -W ignore:easy_install command is deprecated setup.py egg_info --egg-base ../../build/node_network build --build-base /home/mohamed/ros2_ws/build/node_network/build install --record /home/mohamed/ros2_ws/build/node_network/install.log --single-version-externally-managed install_data
