[5.285s] Invoking command in '/home/mohamed/ros2_ws/src/node_network': DEBUGINFOD_URLS=https://debuginfod.ubuntu.com PYTHONPATH=/home/mohamed/ros2_ws/build/node_network/prefix_override:/usr/lib/python3/dist-packages/colcon_core/task/python/colcon_distutils_commands:/home/mohamed/ros2_ws/install/node_network/lib/python3.12/site-packages:${PYTHONPATH} VIRTUAL_ENV_PROMPT=(env) /usr/bin/python3 -W ignore:setup.py install is deprecated -W ignore:easy_install command is deprecated setup.py egg_info --egg-base ../../build/node_network build --build-base /home/mohamed/ros2_ws/build/node_network/build install --record /home/mohamed/ros2_ws/build/node_network/install.log --single-version-externally-managed install_data
[6.971s] running egg_info
[7.100s] writing ../../build/node_network/node_network.egg-info/PKG-INFO
[7.101s] writing dependency_links to ../../build/node_network/node_network.egg-info/dependency_links.txt
[7.101s] writing entry points to ../../build/node_network/node_network.egg-info/entry_points.txt
[7.102s] writing requirements to ../../build/node_network/node_network.egg-info/requires.txt
[7.102s] writing top-level names to ../../build/node_network/node_network.egg-info/top_level.txt
[7.312s] reading manifest file '../../build/node_network/node_network.egg-info/SOURCES.txt'
[7.316s] writing manifest file '../../build/node_network/node_network.egg-info/SOURCES.txt'
[7.317s] running build
[7.317s] running build_py
[7.319s] running install
[7.361s] running install_lib
[7.523s] running install_data
[7.526s] running install_egg_info
[7.649s] removing '/home/mohamed/ros2_ws/install/node_network/lib/python3.12/site-packages/node_network-0.0.0-py3.12.egg-info' (and everything under it)
[7.651s] Copying ../../build/node_network/node_network.egg-info to /home/mohamed/ros2_ws/install/node_network/lib/python3.12/site-packages/node_network-0.0.0-py3.12.egg-info
[7.654s] running install_scripts
[8.312s] Installing Alpha script to /home/mohamed/ros2_ws/install/node_network/lib/node_network
[8.313s] Installing Beta script to /home/mohamed/ros2_ws/install/node_network/lib/node_network
[8.314s] Installing Delta script to /home/mohamed/ros2_ws/install/node_network/lib/node_network
[8.314s] Installing Gamma script to /home/mohamed/ros2_ws/install/node_network/lib/node_network
[8.315s] writing list of installed files to '/home/mohamed/ros2_ws/build/node_network/install.log'
[8.415s] Invoked command in '/home/mohamed/ros2_ws/src/node_network' returned '0': DEBUGINFOD_URLS=https://debuginfod.ubuntu.com PYTHONPATH=/home/mohamed/ros2_ws/build/node_network/prefix_override:/usr/lib/python3/dist-packages/colcon_core/task/python/colcon_distutils_commands:/home/mohamed/ros2_ws/install/node_network/lib/python3.12/site-packages:${PYTHONPATH} VIRTUAL_ENV_PROMPT=(env) /usr/bin/python3 -W ignore:setup.py install is deprecated -W ignore:easy_install command is deprecated setup.py egg_info --egg-base ../../build/node_network build --build-base /home/mohamed/ros2_ws/build/node_network/build install --record /home/mohamed/ros2_ws/build/node_network/install.log --single-version-externally-managed install_data
