[0.341s] DEBUG:colcon:Command line arguments: ['/usr/bin/colcon', 'build']
[0.341s] DEBUG:colcon:Parsed command line arguments: Namespace(log_base=None, log_level=None, verb_name='build', build_base='build', install_base='install', merge_install=False, symlink_install=False, test_result_base=None, continue_on_error=False, executor='parallel', parallel_workers=8, event_handlers=None, ignore_user_meta=False, metas=['./colcon.meta'], base_paths=['.'], packages_ignore=None, packages_ignore_regex=None, paths=None, packages_up_to=None, packages_up_to_regex=None, packages_above=None, packages_above_and_dependencies=None, packages_above_depth=None, packages_select_by_dep=None, packages_skip_by_dep=None, packages_skip_up_to=None, packages_select_build_failed=False, packages_skip_build_finished=False, packages_select_test_failures=False, packages_skip_test_passed=False, packages_select=None, packages_skip=None, packages_select_regex=None, packages_skip_regex=None, packages_start=None, packages_end=None, allow_overriding=[], cmake_args=None, cmake_target=None, cmake_target_skip_unavailable=False, cmake_clean_cache=False, cmake_clean_first=False, cmake_force_configure=False, ament_cmake_args=None, catkin_cmake_args=None, catkin_skip_building_tests=False, mixin_files=None, mixin=None, verb_parser=<colcon_mixin.mixin.mixin_argument.MixinArgumentDecorator object at 0x7506def90d40>, verb_extension=<colcon_core.verb.build.BuildVerb object at 0x7506def90aa0>, main=<bound method BuildVerb.main of <colcon_core.verb.build.BuildVerb object at 0x7506def90aa0>>, mixin_verb=('build',))
[0.447s] Level 1:colcon.colcon_core.package_discovery:discover_packages(colcon_meta) check parameters
[0.447s] Level 1:colcon.colcon_core.package_discovery:discover_packages(recursive) check parameters
[0.448s] Level 1:colcon.colcon_core.package_discovery:discover_packages(ignore) check parameters
[0.448s] Level 1:colcon.colcon_core.package_discovery:discover_packages(path) check parameters
[0.448s] Level 1:colcon.colcon_core.package_discovery:discover_packages(colcon_meta) discover
[0.449s] Level 1:colcon.colcon_core.package_discovery:discover_packages(recursive) discover
[0.449s] INFO:colcon.colcon_core.package_discovery:Crawling recursively for packages in '/home/mohamed/ros2_ws/src/custom_interfaces'
[0.449s] Level 1:colcon.colcon_core.package_identification:_identify(.) by extensions ['ignore', 'ignore_ament_install']
[0.450s] Level 1:colcon.colcon_core.package_identification:_identify(.) by extension 'ignore'
[0.450s] Level 1:colcon.colcon_core.package_identification:_identify(.) by extension 'ignore_ament_install'
[0.450s] Level 1:colcon.colcon_core.package_identification:_identify(.) by extensions ['colcon_pkg']
[0.450s] Level 1:colcon.colcon_core.package_identification:_identify(.) by extension 'colcon_pkg'
[0.450s] Level 1:colcon.colcon_core.package_identification:_identify(.) by extensions ['colcon_meta']
[0.450s] Level 1:colcon.colcon_core.package_identification:_identify(.) by extension 'colcon_meta'
[0.450s] Level 1:colcon.colcon_core.package_identification:_identify(.) by extensions ['ros']
[0.451s] Level 1:colcon.colcon_core.package_identification:_identify(.) by extension 'ros'
[0.535s] DEBUG:colcon.colcon_core.package_identification:Package '.' with type 'ros.ament_cmake' and name 'custom_interfaces'
[0.536s] Level 1:colcon.colcon_core.package_discovery:discover_packages(recursive) using defaults
[0.536s] Level 1:colcon.colcon_core.package_discovery:discover_packages(ignore) discover
[0.536s] Level 1:colcon.colcon_core.package_discovery:discover_packages(ignore) using defaults
[0.536s] Level 1:colcon.colcon_core.package_discovery:discover_packages(path) discover
[0.536s] Level 1:colcon.colcon_core.package_discovery:discover_packages(path) using defaults
[0.639s] Level 1:colcon.colcon_core.package_discovery:discover_packages(prefix_path) check parameters
[0.640s] Level 1:colcon.colcon_core.package_discovery:discover_packages(prefix_path) discover
[0.652s] DEBUG:colcon.colcon_installed_package_information.package_discovery:Found 5 installed packages in /home/mohamed/ros2_ws/install
[0.660s] DEBUG:colcon.colcon_installed_package_information.package_discovery:Found 287 installed packages in /opt/ros/jazzy
[0.667s] Level 1:colcon.colcon_core.package_discovery:discover_packages(prefix_path) using defaults
[0.983s] Level 5:colcon.colcon_core.verb:set package 'custom_interfaces' build argument 'cmake_args' from command line to 'None'
[0.983s] Level 5:colcon.colcon_core.verb:set package 'custom_interfaces' build argument 'cmake_target' from command line to 'None'
[0.983s] Level 5:colcon.colcon_core.verb:set package 'custom_interfaces' build argument 'cmake_target_skip_unavailable' from command line to 'False'
[0.983s] Level 5:colcon.colcon_core.verb:set package 'custom_interfaces' build argument 'cmake_clean_cache' from command line to 'False'
[0.983s] Level 5:colcon.colcon_core.verb:set package 'custom_interfaces' build argument 'cmake_clean_first' from command line to 'False'
[0.983s] Level 5:colcon.colcon_core.verb:set package 'custom_interfaces' build argument 'cmake_force_configure' from command line to 'False'
[0.983s] Level 5:colcon.colcon_core.verb:set package 'custom_interfaces' build argument 'ament_cmake_args' from command line to 'None'
[0.983s] Level 5:colcon.colcon_core.verb:set package 'custom_interfaces' build argument 'catkin_cmake_args' from command line to 'None'
[0.983s] Level 5:colcon.colcon_core.verb:set package 'custom_interfaces' build argument 'catkin_skip_building_tests' from command line to 'False'
[0.983s] DEBUG:colcon.colcon_core.verb:Building package 'custom_interfaces' with the following arguments: {'ament_cmake_args': None, 'build_base': '/home/mohamed/ros2_ws/src/custom_interfaces/build/custom_interfaces', 'catkin_cmake_args': None, 'catkin_skip_building_tests': False, 'cmake_args': None, 'cmake_clean_cache': False, 'cmake_clean_first': False, 'cmake_force_configure': False, 'cmake_target': None, 'cmake_target_skip_unavailable': False, 'install_base': '/home/mohamed/ros2_ws/src/custom_interfaces/install/custom_interfaces', 'merge_install': False, 'path': '/home/mohamed/ros2_ws/src/custom_interfaces', 'symlink_install': False, 'test_result_base': None}
[0.983s] INFO:colcon.colcon_core.executor:Executing jobs using 'parallel' executor
[0.985s] DEBUG:colcon.colcon_parallel_executor.executor.parallel:run_until_complete
[0.985s] INFO:colcon.colcon_ros.task.ament_cmake.build:Building ROS package in '/home/mohamed/ros2_ws/src/custom_interfaces' with build type 'ament_cmake'
[0.985s] INFO:colcon.colcon_cmake.task.cmake.build:Building CMake package in '/home/mohamed/ros2_ws/src/custom_interfaces'
[0.989s] INFO:colcon.colcon_core.plugin_system:Skipping extension 'colcon_core.shell.bat': Not used on non-Windows systems
[0.990s] INFO:colcon.colcon_core.shell:Skip shell extension 'powershell' for command environment: Not usable outside of PowerShell
[0.990s] DEBUG:colcon.colcon_core.shell:Skip shell extension 'dsv' for command environment
[1.018s] DEBUG:colcon.colcon_core.event_handler.log_command:Invoking command in '/home/mohamed/ros2_ws/src/custom_interfaces/build/custom_interfaces': CMAKE_PREFIX_PATH=${CMAKE_PREFIX_PATH}:/home/mohamed/ros2_ws/install/test_latency:/home/mohamed/ros2_ws/install/secure_connection:/home/mohamed/ros2_ws/install/node_network:/home/mohamed/ros2_ws/install/my_robot_controller:/opt/ros/jazzy DEBUGINFOD_URLS=https://debuginfod.ubuntu.com VIRTUAL_ENV_PROMPT=(env) /usr/bin/cmake /home/mohamed/ros2_ws/src/custom_interfaces -DCMAKE_INSTALL_PREFIX=/home/mohamed/ros2_ws/src/custom_interfaces/install/custom_interfaces
[3.997s] DEBUG:colcon.colcon_core.event_handler.log_command:Invoked command in '/home/mohamed/ros2_ws/src/custom_interfaces/build/custom_interfaces' returned '1': CMAKE_PREFIX_PATH=${CMAKE_PREFIX_PATH}:/home/mohamed/ros2_ws/install/test_latency:/home/mohamed/ros2_ws/install/secure_connection:/home/mohamed/ros2_ws/install/node_network:/home/mohamed/ros2_ws/install/my_robot_controller:/opt/ros/jazzy DEBUGINFOD_URLS=https://debuginfod.ubuntu.com VIRTUAL_ENV_PROMPT=(env) /usr/bin/cmake /home/mohamed/ros2_ws/src/custom_interfaces -DCMAKE_INSTALL_PREFIX=/home/mohamed/ros2_ws/src/custom_interfaces/install/custom_interfaces
[4.022s] Level 1:colcon.colcon_core.environment:create_environment_scripts_only(custom_interfaces)
[4.031s] Level 1:colcon.colcon_core.environment:checking '/home/mohamed/ros2_ws/src/custom_interfaces/install/custom_interfaces' for CMake module files
[4.032s] Level 1:colcon.colcon_core.environment:checking '/home/mohamed/ros2_ws/src/custom_interfaces/install/custom_interfaces' for CMake config files
[4.032s] Level 1:colcon.colcon_core.environment:checking '/home/mohamed/ros2_ws/src/custom_interfaces/install/custom_interfaces/bin'
[4.033s] Level 1:colcon.colcon_core.environment:checking '/home/mohamed/ros2_ws/src/custom_interfaces/install/custom_interfaces/lib/pkgconfig/custom_interfaces.pc'
[4.033s] Level 1:colcon.colcon_core.environment:checking '/home/mohamed/ros2_ws/src/custom_interfaces/install/custom_interfaces/lib/python3.12/site-packages'
[4.034s] Level 1:colcon.colcon_core.environment:checking '/home/mohamed/ros2_ws/src/custom_interfaces/install/custom_interfaces/bin'
[4.034s] INFO:colcon.colcon_core.shell:Creating package script '/home/mohamed/ros2_ws/src/custom_interfaces/install/custom_interfaces/share/custom_interfaces/package.ps1'
[4.037s] INFO:colcon.colcon_core.shell:Creating package descriptor '/home/mohamed/ros2_ws/src/custom_interfaces/install/custom_interfaces/share/custom_interfaces/package.dsv'
[4.038s] INFO:colcon.colcon_core.shell:Creating package script '/home/mohamed/ros2_ws/src/custom_interfaces/install/custom_interfaces/share/custom_interfaces/package.sh'
[4.039s] INFO:colcon.colcon_core.shell:Creating package script '/home/mohamed/ros2_ws/src/custom_interfaces/install/custom_interfaces/share/custom_interfaces/package.bash'
[4.042s] INFO:colcon.colcon_core.shell:Creating package script '/home/mohamed/ros2_ws/src/custom_interfaces/install/custom_interfaces/share/custom_interfaces/package.zsh'
[4.046s] Level 1:colcon.colcon_core.environment:create_file_with_runtime_dependencies(/home/mohamed/ros2_ws/src/custom_interfaces/install/custom_interfaces/share/colcon-core/packages/custom_interfaces)
[4.057s] DEBUG:colcon.colcon_parallel_executor.executor.parallel:closing loop
[4.057s] DEBUG:colcon.colcon_parallel_executor.executor.parallel:loop closed
[4.057s] DEBUG:colcon.colcon_parallel_executor.executor.parallel:run_until_complete finished with '1'
[4.057s] DEBUG:colcon.colcon_core.event_reactor:joining thread
[4.071s] INFO:colcon.colcon_core.plugin_system:Skipping extension 'colcon_notification.desktop_notification.terminal_notifier': Not used on non-Darwin systems
[4.071s] INFO:colcon.colcon_core.plugin_system:Skipping extension 'colcon_notification.desktop_notification.win32': Not used on non-Windows systems
[4.071s] INFO:colcon.colcon_notification.desktop_notification:Sending desktop notification using 'notify2'
[4.138s] DEBUG:colcon.colcon_core.event_reactor:joined thread
[4.139s] INFO:colcon.colcon_core.shell:Creating prefix script '/home/mohamed/ros2_ws/src/custom_interfaces/install/local_setup.ps1'
[4.141s] INFO:colcon.colcon_core.shell:Creating prefix util module '/home/mohamed/ros2_ws/src/custom_interfaces/install/_local_setup_util_ps1.py'
[4.144s] INFO:colcon.colcon_core.shell:Creating prefix chain script '/home/mohamed/ros2_ws/src/custom_interfaces/install/setup.ps1'
[4.147s] INFO:colcon.colcon_core.shell:Creating prefix script '/home/mohamed/ros2_ws/src/custom_interfaces/install/local_setup.sh'
[4.148s] INFO:colcon.colcon_core.shell:Creating prefix util module '/home/mohamed/ros2_ws/src/custom_interfaces/install/_local_setup_util_sh.py'
[4.149s] INFO:colcon.colcon_core.shell:Creating prefix chain script '/home/mohamed/ros2_ws/src/custom_interfaces/install/setup.sh'
[4.154s] INFO:colcon.colcon_core.shell:Creating prefix script '/home/mohamed/ros2_ws/src/custom_interfaces/install/local_setup.bash'
[4.155s] INFO:colcon.colcon_core.shell:Creating prefix chain script '/home/mohamed/ros2_ws/src/custom_interfaces/install/setup.bash'
[4.159s] INFO:colcon.colcon_core.shell:Creating prefix script '/home/mohamed/ros2_ws/src/custom_interfaces/install/local_setup.zsh'
[4.160s] INFO:colcon.colcon_core.shell:Creating prefix chain script '/home/mohamed/ros2_ws/src/custom_interfaces/install/setup.zsh'
