[4.785s] Invoking command in '/home/mohamed/ros2_ws/src/node_network': DEBUGINFOD_URLS=https://debuginfod.ubuntu.com PYTHONPATH=/home/mohamed/ros2_ws/build/node_network/prefix_override:/usr/lib/python3/dist-packages/colcon_core/task/python/colcon_distutils_commands:/home/mohamed/ros2_ws/install/node_network/lib/python3.12/site-packages:${PYTHONPATH} /usr/bin/python3 -W ignore:setup.py install is deprecated -W ignore:easy_install command is deprecated setup.py egg_info --egg-base ../../build/node_network build --build-base /home/mohamed/ros2_ws/build/node_network/build install --record /home/mohamed/ros2_ws/build/node_network/install.log --single-version-externally-managed install_data
[5.998s] running egg_info
[5.999s] creating ../../build/node_network/node_network.egg-info
[6.077s] writing ../../build/node_network/node_network.egg-info/PKG-INFO
[6.078s] writing dependency_links to ../../build/node_network/node_network.egg-info/dependency_links.txt
[6.079s] writing entry points to ../../build/node_network/node_network.egg-info/entry_points.txt
[6.079s] writing requirements to ../../build/node_network/node_network.egg-info/requires.txt
[6.079s] writing top-level names to ../../build/node_network/node_network.egg-info/top_level.txt
[6.080s] writing manifest file '../../build/node_network/node_network.egg-info/SOURCES.txt'
[6.259s] reading manifest file '../../build/node_network/node_network.egg-info/SOURCES.txt'
[6.259s] writing manifest file '../../build/node_network/node_network.egg-info/SOURCES.txt'
[6.260s] running build
[6.260s] running build_py
[6.260s] creating /home/mohamed/ros2_ws/build/node_network/build
[6.261s] creating /home/mohamed/ros2_ws/build/node_network/build/lib
[6.262s] creating /home/mohamed/ros2_ws/build/node_network/build/lib/node_network
[6.262s] copying node_network/base_node.py -> /home/mohamed/ros2_ws/build/node_network/build/lib/node_network
[6.263s] copying node_network/gamma.py -> /home/mohamed/ros2_ws/build/node_network/build/lib/node_network
[6.263s] copying node_network/beta.py -> /home/mohamed/ros2_ws/build/node_network/build/lib/node_network
[6.264s] copying node_network/alpha.py -> /home/mohamed/ros2_ws/build/node_network/build/lib/node_network
[6.265s] copying node_network/delta.py -> /home/mohamed/ros2_ws/build/node_network/build/lib/node_network
[6.271s] copying node_network/__init__.py -> /home/mohamed/ros2_ws/build/node_network/build/lib/node_network
[6.273s] running install
[6.295s] running install_lib
[6.393s] creating /home/mohamed/ros2_ws/install/node_network/lib/python3.12/site-packages/node_network
[6.393s] copying /home/mohamed/ros2_ws/build/node_network/build/lib/node_network/base_node.py -> /home/mohamed/ros2_ws/install/node_network/lib/python3.12/site-packages/node_network
[6.393s] copying /home/mohamed/ros2_ws/build/node_network/build/lib/node_network/gamma.py -> /home/mohamed/ros2_ws/install/node_network/lib/python3.12/site-packages/node_network
[6.393s] copying /home/mohamed/ros2_ws/build/node_network/build/lib/node_network/beta.py -> /home/mohamed/ros2_ws/install/node_network/lib/python3.12/site-packages/node_network
[6.398s] copying /home/mohamed/ros2_ws/build/node_network/build/lib/node_network/alpha.py -> /home/mohamed/ros2_ws/install/node_network/lib/python3.12/site-packages/node_network
[6.398s] copying /home/mohamed/ros2_ws/build/node_network/build/lib/node_network/delta.py -> /home/mohamed/ros2_ws/install/node_network/lib/python3.12/site-packages/node_network
[6.398s] copying /home/mohamed/ros2_ws/build/node_network/build/lib/node_network/__init__.py -> /home/mohamed/ros2_ws/install/node_network/lib/python3.12/site-packages/node_network
[6.398s] byte-compiling /home/mohamed/ros2_ws/install/node_network/lib/python3.12/site-packages/node_network/base_node.py to base_node.cpython-312.pyc
[6.413s] byte-compiling /home/mohamed/ros2_ws/install/node_network/lib/python3.12/site-packages/node_network/gamma.py to gamma.cpython-312.pyc
[6.413s] byte-compiling /home/mohamed/ros2_ws/install/node_network/lib/python3.12/site-packages/node_network/beta.py to beta.cpython-312.pyc
[6.413s] byte-compiling /home/mohamed/ros2_ws/install/node_network/lib/python3.12/site-packages/node_network/alpha.py to alpha.cpython-312.pyc
[6.414s] byte-compiling /home/mohamed/ros2_ws/install/node_network/lib/python3.12/site-packages/node_network/delta.py to delta.cpython-312.pyc
[6.414s] byte-compiling /home/mohamed/ros2_ws/install/node_network/lib/python3.12/site-packages/node_network/__init__.py to __init__.cpython-312.pyc
[6.414s] running install_data
[6.414s] creating /home/mohamed/ros2_ws/install/node_network/share/ament_index
[6.414s] creating /home/mohamed/ros2_ws/install/node_network/share/ament_index/resource_index
[6.415s] creating /home/mohamed/ros2_ws/install/node_network/share/ament_index/resource_index/packages
[6.415s] copying resource/node_network -> /home/mohamed/ros2_ws/install/node_network/share/ament_index/resource_index/packages
[6.415s] copying package.xml -> /home/mohamed/ros2_ws/install/node_network/share/node_network
[6.415s] running install_egg_info
[6.525s] Copying ../../build/node_network/node_network.egg-info to /home/mohamed/ros2_ws/install/node_network/lib/python3.12/site-packages/node_network-0.0.0-py3.12.egg-info
[6.527s] running install_scripts
[7.018s] Installing Alpha script to /home/mohamed/ros2_ws/install/node_network/lib/node_network
[7.019s] Installing Beta script to /home/mohamed/ros2_ws/install/node_network/lib/node_network
[7.019s] Installing Delta script to /home/mohamed/ros2_ws/install/node_network/lib/node_network
[7.019s] Installing Gamma script to /home/mohamed/ros2_ws/install/node_network/lib/node_network
[7.021s] writing list of installed files to '/home/mohamed/ros2_ws/build/node_network/install.log'
[7.125s] Invoked command in '/home/mohamed/ros2_ws/src/node_network' returned '0': DEBUGINFOD_URLS=https://debuginfod.ubuntu.com PYTHONPATH=/home/mohamed/ros2_ws/build/node_network/prefix_override:/usr/lib/python3/dist-packages/colcon_core/task/python/colcon_distutils_commands:/home/mohamed/ros2_ws/install/node_network/lib/python3.12/site-packages:${PYTHONPATH} /usr/bin/python3 -W ignore:setup.py install is deprecated -W ignore:easy_install command is deprecated setup.py egg_info --egg-base ../../build/node_network build --build-base /home/mohamed/ros2_ws/build/node_network/build install --record /home/mohamed/ros2_ws/build/node_network/install.log --single-version-externally-managed install_data
