[5.228s] Invoking command in '/home/mohamed/ros2_ws/src/secure_connection': DEBUGINFOD_URLS=https://debuginfod.ubuntu.com PYTHONPATH=/home/mohamed/ros2_ws/build/secure_connection/prefix_override:/usr/lib/python3/dist-packages/colcon_core/task/python/colcon_distutils_commands:/home/mohamed/ros2_ws/install/secure_connection/lib/python3.12/site-packages:${PYTHONPATH} /usr/bin/python3 -W ignore:setup.py install is deprecated -W ignore:easy_install command is deprecated setup.py egg_info --egg-base ../../build/secure_connection build --build-base /home/mohamed/ros2_ws/build/secure_connection/build install --record /home/mohamed/ros2_ws/build/secure_connection/install.log --single-version-externally-managed install_data
[6.913s] running egg_info
[6.996s] writing ../../build/secure_connection/secure_connection.egg-info/PKG-INFO
[6.997s] writing dependency_links to ../../build/secure_connection/secure_connection.egg-info/dependency_links.txt
[7.000s] writing entry points to ../../build/secure_connection/secure_connection.egg-info/entry_points.txt
[7.015s] writing requirements to ../../build/secure_connection/secure_connection.egg-info/requires.txt
[7.015s] writing top-level names to ../../build/secure_connection/secure_connection.egg-info/top_level.txt
[7.194s] reading manifest file '../../build/secure_connection/secure_connection.egg-info/SOURCES.txt'
[7.196s] writing manifest file '../../build/secure_connection/secure_connection.egg-info/SOURCES.txt'
[7.197s] running build
[7.197s] running build_py
[7.199s] running install
[7.228s] running install_lib
[7.342s] running install_data
[7.343s] running install_egg_info
[7.494s] removing '/home/mohamed/ros2_ws/install/secure_connection/lib/python3.12/site-packages/secure_connection-0.0.0-py3.12.egg-info' (and everything under it)
[7.498s] Copying ../../build/secure_connection/secure_connection.egg-info to /home/mohamed/ros2_ws/install/secure_connection/lib/python3.12/site-packages/secure_connection-0.0.0-py3.12.egg-info
[7.499s] running install_scripts
[8.255s] Installing generate_key script to /home/mohamed/ros2_ws/install/secure_connection/lib/secure_connection
[8.259s] writing list of installed files to '/home/mohamed/ros2_ws/build/secure_connection/install.log'
[8.411s] Invoked command in '/home/mohamed/ros2_ws/src/secure_connection' returned '0': DEBUGINFOD_URLS=https://debuginfod.ubuntu.com PYTHONPATH=/home/mohamed/ros2_ws/build/secure_connection/prefix_override:/usr/lib/python3/dist-packages/colcon_core/task/python/colcon_distutils_commands:/home/mohamed/ros2_ws/install/secure_connection/lib/python3.12/site-packages:${PYTHONPATH} /usr/bin/python3 -W ignore:setup.py install is deprecated -W ignore:easy_install command is deprecated setup.py egg_info --egg-base ../../build/secure_connection build --build-base /home/mohamed/ros2_ws/build/secure_connection/build install --record /home/mohamed/ros2_ws/build/secure_connection/install.log --single-version-externally-managed install_data
