[2.905s] Invoking command in '/home/mohamed/ros2_ws/src/my_robot_controller': DEBUGINFOD_URLS=https://debuginfod.ubuntu.com PYTHONPATH=/home/mohamed/ros2_ws/build/my_robot_controller/prefix_override:/usr/lib/python3/dist-packages/colcon_core/task/python/colcon_distutils_commands:/home/mohamed/ros2_ws/install/my_robot_controller/lib/python3.12/site-packages:${PYTHONPATH} /usr/bin/python3 -W ignore:setup.py install is deprecated -W ignore:easy_install command is deprecated setup.py egg_info --egg-base ../../build/my_robot_controller build --build-base /home/mohamed/ros2_ws/build/my_robot_controller/build install --record /home/mohamed/ros2_ws/build/my_robot_controller/install.log --single-version-externally-managed install_data
[3.739s] running egg_info
[3.740s] creating ../../build/my_robot_controller/my_robot_controller.egg-info
[3.802s] writing ../../build/my_robot_controller/my_robot_controller.egg-info/PKG-INFO
[3.802s] writing dependency_links to ../../build/my_robot_controller/my_robot_controller.egg-info/dependency_links.txt
[3.803s] writing requirements to ../../build/my_robot_controller/my_robot_controller.egg-info/requires.txt
[3.803s] writing top-level names to ../../build/my_robot_controller/my_robot_controller.egg-info/top_level.txt
[3.803s] writing manifest file '../../build/my_robot_controller/my_robot_controller.egg-info/SOURCES.txt'
[3.919s] reading manifest file '../../build/my_robot_controller/my_robot_controller.egg-info/SOURCES.txt'
[3.921s] writing manifest file '../../build/my_robot_controller/my_robot_controller.egg-info/SOURCES.txt'
[3.922s] running build
[3.922s] running build_py
[3.923s] creating /home/mohamed/ros2_ws/build/my_robot_controller/build
[3.923s] creating /home/mohamed/ros2_ws/build/my_robot_controller/build/lib
[3.923s] creating /home/mohamed/ros2_ws/build/my_robot_controller/build/lib/my_robot_controller
[3.924s] copying my_robot_controller/__init__.py -> /home/mohamed/ros2_ws/build/my_robot_controller/build/lib/my_robot_controller
[3.924s] running install
[3.945s] running install_lib
[4.008s] creating /home/mohamed/ros2_ws/install/my_robot_controller/lib/python3.12/site-packages/my_robot_controller
[4.008s] copying /home/mohamed/ros2_ws/build/my_robot_controller/build/lib/my_robot_controller/__init__.py -> /home/mohamed/ros2_ws/install/my_robot_controller/lib/python3.12/site-packages/my_robot_controller
[4.009s] byte-compiling /home/mohamed/ros2_ws/install/my_robot_controller/lib/python3.12/site-packages/my_robot_controller/__init__.py to __init__.cpython-312.pyc
[4.010s] running install_data
[4.011s] creating /home/mohamed/ros2_ws/install/my_robot_controller/share/ament_index
[4.011s] creating /home/mohamed/ros2_ws/install/my_robot_controller/share/ament_index/resource_index
[4.011s] creating /home/mohamed/ros2_ws/install/my_robot_controller/share/ament_index/resource_index/packages
[4.012s] copying resource/my_robot_controller -> /home/mohamed/ros2_ws/install/my_robot_controller/share/ament_index/resource_index/packages
[4.012s] copying package.xml -> /home/mohamed/ros2_ws/install/my_robot_controller/share/my_robot_controller
[4.012s] running install_egg_info
[4.082s] Copying ../../build/my_robot_controller/my_robot_controller.egg-info to /home/mohamed/ros2_ws/install/my_robot_controller/lib/python3.12/site-packages/my_robot_controller-0.0.0-py3.12.egg-info
[4.086s] running install_scripts
[4.416s] writing list of installed files to '/home/mohamed/ros2_ws/build/my_robot_controller/install.log'
[4.504s] Invoked command in '/home/mohamed/ros2_ws/src/my_robot_controller' returned '0': DEBUGINFOD_URLS=https://debuginfod.ubuntu.com PYTHONPATH=/home/mohamed/ros2_ws/build/my_robot_controller/prefix_override:/usr/lib/python3/dist-packages/colcon_core/task/python/colcon_distutils_commands:/home/mohamed/ros2_ws/install/my_robot_controller/lib/python3.12/site-packages:${PYTHONPATH} /usr/bin/python3 -W ignore:setup.py install is deprecated -W ignore:easy_install command is deprecated setup.py egg_info --egg-base ../../build/my_robot_controller build --build-base /home/mohamed/ros2_ws/build/my_robot_controller/build install --record /home/mohamed/ros2_ws/build/my_robot_controller/install.log --single-version-externally-managed install_data
