/home/mohamed/ros2_ws/install/secure_connection/lib/python3.12/site-packages/secure_connection/generate_key.py
/home/mohamed/ros2_ws/install/secure_connection/lib/python3.12/site-packages/secure_connection/encrypt.py
/home/mohamed/ros2_ws/install/secure_connection/lib/python3.12/site-packages/secure_connection/test.py
/home/mohamed/ros2_ws/install/secure_connection/lib/python3.12/site-packages/secure_connection/__init__.py
/home/mohamed/ros2_ws/install/secure_connection/lib/python3.12/site-packages/secure_connection/secure_broker/authetification.py
/home/mohamed/ros2_ws/install/secure_connection/lib/python3.12/site-packages/secure_connection/secure_broker/__init__.py
/home/mohamed/ros2_ws/install/secure_connection/lib/python3.12/site-packages/secure_connection/__pycache__/generate_key.cpython-312.pyc
/home/mohamed/ros2_ws/install/secure_connection/lib/python3.12/site-packages/secure_connection/__pycache__/encrypt.cpython-312.pyc
/home/mohamed/ros2_ws/install/secure_connection/lib/python3.12/site-packages/secure_connection/__pycache__/test.cpython-312.pyc
/home/mohamed/ros2_ws/install/secure_connection/lib/python3.12/site-packages/secure_connection/__pycache__/__init__.cpython-312.pyc
/home/mohamed/ros2_ws/install/secure_connection/lib/python3.12/site-packages/secure_connection/secure_broker/__pycache__/authetification.cpython-312.pyc
/home/mohamed/ros2_ws/install/secure_connection/lib/python3.12/site-packages/secure_connection/secure_broker/__pycache__/__init__.cpython-312.pyc
/home/mohamed/ros2_ws/install/secure_connection/share/ament_index/resource_index/packages/secure_connection
/home/mohamed/ros2_ws/install/secure_connection/share/secure_connection/package.xml
/home/mohamed/ros2_ws/install/secure_connection/lib/python3.12/site-packages/secure_connection-0.0.0-py3.12.egg-info/SOURCES.txt
/home/mohamed/ros2_ws/install/secure_connection/lib/python3.12/site-packages/secure_connection-0.0.0-py3.12.egg-info/top_level.txt
/home/mohamed/ros2_ws/install/secure_connection/lib/python3.12/site-packages/secure_connection-0.0.0-py3.12.egg-info/entry_points.txt
/home/mohamed/ros2_ws/install/secure_connection/lib/python3.12/site-packages/secure_connection-0.0.0-py3.12.egg-info/zip-safe
/home/mohamed/ros2_ws/install/secure_connection/lib/python3.12/site-packages/secure_connection-0.0.0-py3.12.egg-info/dependency_links.txt
/home/mohamed/ros2_ws/install/secure_connection/lib/python3.12/site-packages/secure_connection-0.0.0-py3.12.egg-info/requires.txt
/home/mohamed/ros2_ws/install/secure_connection/lib/python3.12/site-packages/secure_connection-0.0.0-py3.12.egg-info/PKG-INFO
/home/mohamed/ros2_ws/install/secure_connection/lib/secure_connection/generate_key
