[2.936s] Invoking command in '/home/mohamed/ros2_ws/src/secure_connection': DEBUGINFOD_URLS=https://debuginfod.ubuntu.com PS1=(env) \[\e]0;\u@\h: \w\a\]${debian_chroot:+($debian_chroot)}\[\033[01;32m\]\u@\h\[\033[00m\]:\[\033[01;34m\]\w\[\033[00m\]\$ PYTHONPATH=/home/mohamed/ros2_ws/build/secure_connection/prefix_override:/usr/lib/python3/dist-packages/colcon_core/task/python/colcon_distutils_commands:/home/mohamed/ros2_ws/install/secure_connection/lib/python3.12/site-packages:${PYTHONPATH} VIRTUAL_ENV_PROMPT=(env) /usr/bin/python3 -W ignore:setup.py install is deprecated -W ignore:easy_install command is deprecated setup.py egg_info --egg-base ../../build/secure_connection build --build-base /home/mohamed/ros2_ws/build/secure_connection/build install --record /home/mohamed/ros2_ws/build/secure_connection/install.log --single-version-externally-managed install_data
[3.539s] running egg_info
[3.540s] creating ../../build/secure_connection/secure_connection.egg-info
[3.581s] writing ../../build/secure_connection/secure_connection.egg-info/PKG-INFO
[3.581s] writing dependency_links to ../../build/secure_connection/secure_connection.egg-info/dependency_links.txt
[3.581s] writing requirements to ../../build/secure_connection/secure_connection.egg-info/requires.txt
[3.582s] writing top-level names to ../../build/secure_connection/secure_connection.egg-info/top_level.txt
[3.582s] writing manifest file '../../build/secure_connection/secure_connection.egg-info/SOURCES.txt'
[3.670s] reading manifest file '../../build/secure_connection/secure_connection.egg-info/SOURCES.txt'
[3.671s] writing manifest file '../../build/secure_connection/secure_connection.egg-info/SOURCES.txt'
[3.671s] running build
[3.672s] running build_py
[3.672s] creating /home/mohamed/ros2_ws/build/secure_connection/build
[3.672s] creating /home/mohamed/ros2_ws/build/secure_connection/build/lib
[3.672s] creating /home/mohamed/ros2_ws/build/secure_connection/build/lib/secure_connection
[3.673s] copying secure_connection/generate_key.py -> /home/mohamed/ros2_ws/build/secure_connection/build/lib/secure_connection
[3.673s] copying secure_connection/encrypt.py -> /home/mohamed/ros2_ws/build/secure_connection/build/lib/secure_connection
[3.673s] copying secure_connection/test.py -> /home/mohamed/ros2_ws/build/secure_connection/build/lib/secure_connection
[3.673s] copying secure_connection/__init__.py -> /home/mohamed/ros2_ws/build/secure_connection/build/lib/secure_connection
[3.674s] running install
[3.687s] running install_lib
[3.734s] creating /home/mohamed/ros2_ws/install/secure_connection/lib/python3.12/site-packages/secure_connection
[3.734s] copying /home/mohamed/ros2_ws/build/secure_connection/build/lib/secure_connection/generate_key.py -> /home/mohamed/ros2_ws/install/secure_connection/lib/python3.12/site-packages/secure_connection
[3.734s] copying /home/mohamed/ros2_ws/build/secure_connection/build/lib/secure_connection/encrypt.py -> /home/mohamed/ros2_ws/install/secure_connection/lib/python3.12/site-packages/secure_connection
[3.735s] copying /home/mohamed/ros2_ws/build/secure_connection/build/lib/secure_connection/test.py -> /home/mohamed/ros2_ws/install/secure_connection/lib/python3.12/site-packages/secure_connection
[3.735s] copying /home/mohamed/ros2_ws/build/secure_connection/build/lib/secure_connection/__init__.py -> /home/mohamed/ros2_ws/install/secure_connection/lib/python3.12/site-packages/secure_connection
[3.736s] byte-compiling /home/mohamed/ros2_ws/install/secure_connection/lib/python3.12/site-packages/secure_connection/generate_key.py to generate_key.cpython-312.pyc
[3.736s]   File "/home/mohamed/ros2_ws/install/secure_connection/lib/python3.12/site-packages/secure_connection/generate_key.py", line 10
[3.736s]     topics =
[3.736s]             ^
[3.737s] SyntaxError: invalid syntax
[3.737s] 
[3.737s] byte-compiling /home/mohamed/ros2_ws/install/secure_connection/lib/python3.12/site-packages/secure_connection/encrypt.py to encrypt.cpython-312.pyc
[3.738s] byte-compiling /home/mohamed/ros2_ws/install/secure_connection/lib/python3.12/site-packages/secure_connection/test.py to test.cpython-312.pyc
[3.738s] byte-compiling /home/mohamed/ros2_ws/install/secure_connection/lib/python3.12/site-packages/secure_connection/__init__.py to __init__.cpython-312.pyc
[3.739s] running install_data
[3.739s] creating /home/mohamed/ros2_ws/install/secure_connection/share/ament_index
[3.739s] creating /home/mohamed/ros2_ws/install/secure_connection/share/ament_index/resource_index
[3.740s] creating /home/mohamed/ros2_ws/install/secure_connection/share/ament_index/resource_index/packages
[3.740s] copying resource/secure_connection -> /home/mohamed/ros2_ws/install/secure_connection/share/ament_index/resource_index/packages
[3.740s] copying package.xml -> /home/mohamed/ros2_ws/install/secure_connection/share/secure_connection
[3.741s] running install_egg_info
[3.788s] Copying ../../build/secure_connection/secure_connection.egg-info to /home/mohamed/ros2_ws/install/secure_connection/lib/python3.12/site-packages/secure_connection-0.0.0-py3.12.egg-info
[3.789s] running install_scripts
[4.111s] writing list of installed files to '/home/mohamed/ros2_ws/build/secure_connection/install.log'
[4.200s] Invoked command in '/home/mohamed/ros2_ws/src/secure_connection' returned '0': DEBUGINFOD_URLS=https://debuginfod.ubuntu.com PS1=(env) \[\e]0;\u@\h: \w\a\]${debian_chroot:+($debian_chroot)}\[\033[01;32m\]\u@\h\[\033[00m\]:\[\033[01;34m\]\w\[\033[00m\]\$ PYTHONPATH=/home/mohamed/ros2_ws/build/secure_connection/prefix_override:/usr/lib/python3/dist-packages/colcon_core/task/python/colcon_distutils_commands:/home/mohamed/ros2_ws/install/secure_connection/lib/python3.12/site-packages:${PYTHONPATH} VIRTUAL_ENV_PROMPT=(env) /usr/bin/python3 -W ignore:setup.py install is deprecated -W ignore:easy_install command is deprecated setup.py egg_info --egg-base ../../build/secure_connection build --build-base /home/mohamed/ros2_ws/build/secure_connection/build install --record /home/mohamed/ros2_ws/build/secure_connection/install.log --single-version-externally-managed install_data
