[0.325s] Invoking command in '/home/mohamed/ros2_ws/build/custom_interfaces': CMAKE_PREFIX_PATH=${CMAKE_PREFIX_PATH}:/home/mohamed/ros2_ws/install/test_latency:/home/mohamed/ros2_ws/install/secure_connection:/home/mohamed/ros2_ws/install/node_network:/home/mohamed/ros2_ws/install/my_robot_controller:/opt/ros/jazzy DEBUGINFOD_URLS=https://debuginfod.ubuntu.com VIRTUAL_ENV_PROMPT=(env) /usr/bin/cmake /home/mohamed/ros2_ws/src/custom_interfaces -DCMAKE_INSTALL_PREFIX=/home/mohamed/ros2_ws/install/custom_interfaces
[7.961s] -- The C compiler identification is GNU 13.3.0
[7.963s] -- The CXX compiler identification is GNU 13.3.0
[7.964s] -- Detecting C compiler ABI info
[7.967s] -- Detecting C compiler ABI info - done
[7.972s] -- Check for working C compiler: /usr/bin/cc - skipped
[7.974s] -- Detecting C compile features
[7.977s] -- Detecting C compile features - done
[7.980s] -- Detecting CXX compiler ABI info
[7.982s] -- Detecting CXX compiler ABI info - done
[7.983s] -- Check for working CXX compiler: /usr/bin/c++ - skipped
[7.985s] -- Detecting CXX compile features
[7.986s] -- Detecting CXX compile features - done
[7.987s] -- Found ament_cmake: 2.5.6 (/opt/ros/jazzy/share/ament_cmake/cmake)
[7.990s] -- Found Python3: /home/mohamed/ros2_ws/env/bin/python3 (found version "3.12.3") found components: Interpreter 
[7.994s] -- Found geometry_msgs: 5.3.7 (/opt/ros/jazzy/share/geometry_msgs/cmake)
[7.995s] -- Found rosidl_generator_c: 4.6.7 (/opt/ros/jazzy/share/rosidl_generator_c/cmake)
[8.001s] -- Found rosidl_generator_cpp: 4.6.7 (/opt/ros/jazzy/share/rosidl_generator_cpp/cmake)
[8.002s] -- Using all available rosidl_typesupport_c: rosidl_typesupport_fastrtps_c;rosidl_typesupport_introspection_c
[8.003s] -- Using all available rosidl_typesupport_cpp: rosidl_typesupport_fastrtps_cpp;rosidl_typesupport_introspection_cpp
[8.004s] -- Found rosidl_default_generators: 1.6.0 (/opt/ros/jazzy/share/rosidl_default_generators/cmake)
[8.018s] -- Found rosidl_adapter: 4.6.7 (/opt/ros/jazzy/share/rosidl_adapter/cmake)
[8.210s] -- Found ament_cmake_ros: 0.12.0 (/opt/ros/jazzy/share/ament_cmake_ros/cmake)
[16.033s] -- Using all available rosidl_typesupport_c: rosidl_typesupport_fastrtps_c;rosidl_typesupport_introspection_c
[18.258s] -- Using all available rosidl_typesupport_cpp: rosidl_typesupport_fastrtps_cpp;rosidl_typesupport_introspection_cpp
[18.264s] -- Found python_cmake_module: 0.11.1 (/opt/ros/jazzy/share/python_cmake_module/cmake)
[19.105s] -- Found PythonExtra: /home/mohamed/ros2_ws/env/bin/python3  
[21.725s] -- Found Python3: /home/mohamed/ros2_ws/env/bin/python3 (found version "3.12.3") found components: Interpreter Development NumPy Development.Module Development.Embed 
[22.017s] -- Found Python3: /home/mohamed/ros2_ws/env/bin/python3 (found version "3.12.3") found components: Interpreter 
[22.026s] -- Found ament_lint_auto: 0.17.5 (/opt/ros/jazzy/share/ament_lint_auto/cmake)
[22.246s] -- Added test 'cppcheck' to perform static code analysis on C / C++ code
[22.249s] -- Configured cppcheck include dirs: 
[22.250s] -- Configured cppcheck exclude dirs and/or files: 
[22.287s] -- Added test 'flake8' to check Python code syntax and style conventions
[22.289s] -- Configured 'flake8' exclude dirs and/or files: 
[22.338s] -- Added test 'lint_cmake' to check CMake code style
[22.351s] -- Added test 'pep257' to check Python code against some of the docstring style conventions in PEP 257
[22.448s] -- Added test 'uncrustify' to check C / C++ code style
[22.448s] -- Configured uncrustify additional arguments: 
[22.463s] -- Added test 'xmllint' to check XML markup files
[22.472s] -- Configuring done (22.1s)
[22.548s] -- Generating done (0.1s)
[22.580s] -- Build files have been written to: /home/mohamed/ros2_ws/build/custom_interfaces
[22.605s] Invoked command in '/home/mohamed/ros2_ws/build/custom_interfaces' returned '0': CMAKE_PREFIX_PATH=${CMAKE_PREFIX_PATH}:/home/mohamed/ros2_ws/install/test_latency:/home/mohamed/ros2_ws/install/secure_connection:/home/mohamed/ros2_ws/install/node_network:/home/mohamed/ros2_ws/install/my_robot_controller:/opt/ros/jazzy DEBUGINFOD_URLS=https://debuginfod.ubuntu.com VIRTUAL_ENV_PROMPT=(env) /usr/bin/cmake /home/mohamed/ros2_ws/src/custom_interfaces -DCMAKE_INSTALL_PREFIX=/home/mohamed/ros2_ws/install/custom_interfaces
[22.609s] Invoking command in '/home/mohamed/ros2_ws/build/custom_interfaces': CMAKE_PREFIX_PATH=${CMAKE_PREFIX_PATH}:/home/mohamed/ros2_ws/install/test_latency:/home/mohamed/ros2_ws/install/secure_connection:/home/mohamed/ros2_ws/install/node_network:/home/mohamed/ros2_ws/install/my_robot_controller:/opt/ros/jazzy DEBUGINFOD_URLS=https://debuginfod.ubuntu.com VIRTUAL_ENV_PROMPT=(env) /usr/bin/cmake --build /home/mohamed/ros2_ws/build/custom_interfaces -- -j8 -l8
[22.741s] [  5%] [34m[1mGenerating Rust code for ROS interfaces[0m
[22.742s] [  5%] [34m[1mGenerating type hashes for ROS interfaces[0m
[22.776s] [  5%] Built target ament_cmake_python_copy_custom_interfaces
[23.970s] [  5%] Built target custom_interfaces__rosidl_generator_type_description
[24.033s] [  8%] [34m[1mGenerating C code for ROS interfaces[0m
[24.116s] [ 11%] [34m[1mGenerating C++ code for ROS interfaces[0m
[24.130s] [ 11%] Built target custom_interfaces__rs
[24.286s] running egg_info
[24.286s] creating custom_interfaces.egg-info
[24.386s] writing custom_interfaces.egg-info/PKG-INFO
[24.387s] writing dependency_links to custom_interfaces.egg-info/dependency_links.txt
[24.389s] writing top-level names to custom_interfaces.egg-info/top_level.txt
[24.389s] writing manifest file 'custom_interfaces.egg-info/SOURCES.txt'
[24.740s] reading manifest file 'custom_interfaces.egg-info/SOURCES.txt'
[24.743s] writing manifest file 'custom_interfaces.egg-info/SOURCES.txt'
[24.871s] [ 11%] Built target ament_cmake_python_build_custom_interfaces_egg
[25.236s] [ 11%] Built target custom_interfaces__cpp
[25.249s] [ 17%] [32mBuilding C object CMakeFiles/custom_interfaces__rosidl_generator_c.dir/rosidl_generator_c/custom_interfaces/msg/detail/secret__type_support.c.o[0m
[25.249s] [ 17%] [32mBuilding C object CMakeFiles/custom_interfaces__rosidl_generator_c.dir/rosidl_generator_c/custom_interfaces/msg/detail/secret__functions.c.o[0m
[25.254s] [ 20%] [32mBuilding C object CMakeFiles/custom_interfaces__rosidl_generator_c.dir/rosidl_generator_c/custom_interfaces/msg/detail/secret__description.c.o[0m
[25.425s] [ 22%] [32m[1mLinking C shared library libcustom_interfaces__rosidl_generator_c.so[0m
[25.588s] [ 22%] Built target custom_interfaces__rosidl_generator_c
[25.633s] [ 25%] [34m[1mGenerating C++ type support for eProsima Fast-RTPS[0m
[25.639s] [ 31%] [34m[1mGenerating C introspection for ROS interfaces[0m
[25.640s] [ 31%] [34m[1mGenerating C type support dispatch for ROS interfaces[0m
[25.643s] [ 34%] [34m[1mGenerating C++ introspection for ROS interfaces[0m
[26.669s] [ 37%] [32mBuilding CXX object CMakeFiles/custom_interfaces__rosidl_typesupport_c.dir/rosidl_typesupport_c/custom_interfaces/msg/secret__type_support.cpp.o[0m
[26.781s] [ 40%] [32mBuilding C object CMakeFiles/custom_interfaces__rosidl_typesupport_introspection_c.dir/rosidl_typesupport_introspection_c/custom_interfaces/msg/detail/secret__type_support.c.o[0m
[26.796s] [ 42%] [32mBuilding CXX object CMakeFiles/custom_interfaces__rosidl_typesupport_fastrtps_cpp.dir/rosidl_typesupport_fastrtps_cpp/custom_interfaces/msg/detail/dds_fastrtps/secret__type_support.cpp.o[0m
[26.820s] [ 45%] [32mBuilding CXX object CMakeFiles/custom_interfaces__rosidl_typesupport_introspection_cpp.dir/rosidl_typesupport_introspection_cpp/custom_interfaces/msg/detail/secret__type_support.cpp.o[0m
[26.864s] [ 48%] [32m[1mLinking CXX shared library libcustom_interfaces__rosidl_typesupport_c.so[0m
[26.907s] [ 51%] [32m[1mLinking C shared library libcustom_interfaces__rosidl_typesupport_introspection_c.so[0m
[26.968s] [ 51%] Built target custom_interfaces__rosidl_typesupport_c
[26.976s] [ 51%] Built target custom_interfaces__rosidl_typesupport_introspection_c
[26.991s] [ 57%] [34m[1mGenerating C++ type support dispatch for ROS interfaces[0m
[26.992s] [ 57%] [34m[1mGenerating C type support for eProsima Fast-RTPS[0m
[27.769s] [ 60%] [32mBuilding CXX object CMakeFiles/custom_interfaces__rosidl_typesupport_cpp.dir/rosidl_typesupport_cpp/custom_interfaces/msg/secret__type_support.cpp.o[0m
[27.804s] [ 62%] [32mBuilding CXX object CMakeFiles/custom_interfaces__rosidl_typesupport_fastrtps_c.dir/rosidl_typesupport_fastrtps_c/custom_interfaces/msg/detail/secret__type_support_c.cpp.o[0m
[27.867s] [ 65%] [32m[1mLinking CXX shared library libcustom_interfaces__rosidl_typesupport_introspection_cpp.so[0m
[28.106s] [ 65%] Built target custom_interfaces__rosidl_typesupport_introspection_cpp
[28.570s] [ 68%] [32m[1mLinking CXX shared library libcustom_interfaces__rosidl_typesupport_fastrtps_cpp.so[0m
[29.017s] [ 68%] Built target custom_interfaces__rosidl_typesupport_fastrtps_cpp
[29.160s] [ 71%] [32m[1mLinking CXX shared library libcustom_interfaces__rosidl_typesupport_cpp.so[0m
[29.244s] [ 71%] Built target custom_interfaces__rosidl_typesupport_cpp
[29.798s] [ 74%] [32m[1mLinking CXX shared library libcustom_interfaces__rosidl_typesupport_fastrtps_c.so[0m
[30.404s] [ 74%] Built target custom_interfaces__rosidl_typesupport_fastrtps_c
[30.526s] [ 74%] Built target custom_interfaces
[30.597s] [ 77%] [34m[1mGenerating Python code for ROS interfaces[0m
[31.741s] [ 77%] Built target custom_interfaces__py
[31.842s] [ 80%] [32mBuilding C object CMakeFiles/custom_interfaces__rosidl_generator_py.dir/rosidl_generator_py/custom_interfaces/msg/_secret_s.c.o[0m
[32.240s] [ 82%] [32m[1mLinking C shared library libcustom_interfaces__rosidl_generator_py.so[0m
[32.334s] [ 82%] Built target custom_interfaces__rosidl_generator_py
[32.377s] [ 85%] [32mBuilding C object CMakeFiles/custom_interfaces_s__rosidl_typesupport_introspection_c.dir/rosidl_generator_py/custom_interfaces/_custom_interfaces_s.ep.rosidl_typesupport_introspection_c.c.o[0m
[32.378s] [ 88%] [32mBuilding C object CMakeFiles/custom_interfaces_s__rosidl_typesupport_fastrtps_c.dir/rosidl_generator_py/custom_interfaces/_custom_interfaces_s.ep.rosidl_typesupport_fastrtps_c.c.o[0m
[32.648s] [ 91%] [32m[1mLinking C shared module rosidl_generator_py/custom_interfaces/custom_interfaces_s__rosidl_typesupport_introspection_c.so[0m
[32.661s] [ 94%] [32m[1mLinking C shared module rosidl_generator_py/custom_interfaces/custom_interfaces_s__rosidl_typesupport_fastrtps_c.so[0m
[32.747s] [ 94%] Built target custom_interfaces_s__rosidl_typesupport_fastrtps_c
[32.750s] [ 94%] Built target custom_interfaces_s__rosidl_typesupport_introspection_c
[32.803s] [ 97%] [32mBuilding C object CMakeFiles/custom_interfaces_s__rosidl_typesupport_c.dir/rosidl_generator_py/custom_interfaces/_custom_interfaces_s.ep.rosidl_typesupport_c.c.o[0m
[33.051s] [100%] [32m[1mLinking C shared module rosidl_generator_py/custom_interfaces/custom_interfaces_s__rosidl_typesupport_c.so[0m
[33.135s] [100%] Built target custom_interfaces_s__rosidl_typesupport_c
[33.162s] Invoked command in '/home/mohamed/ros2_ws/build/custom_interfaces' returned '0': CMAKE_PREFIX_PATH=${CMAKE_PREFIX_PATH}:/home/mohamed/ros2_ws/install/test_latency:/home/mohamed/ros2_ws/install/secure_connection:/home/mohamed/ros2_ws/install/node_network:/home/mohamed/ros2_ws/install/my_robot_controller:/opt/ros/jazzy DEBUGINFOD_URLS=https://debuginfod.ubuntu.com VIRTUAL_ENV_PROMPT=(env) /usr/bin/cmake --build /home/mohamed/ros2_ws/build/custom_interfaces -- -j8 -l8
[33.191s] Invoking command in '/home/mohamed/ros2_ws/build/custom_interfaces': CMAKE_PREFIX_PATH=${CMAKE_PREFIX_PATH}:/home/mohamed/ros2_ws/install/test_latency:/home/mohamed/ros2_ws/install/secure_connection:/home/mohamed/ros2_ws/install/node_network:/home/mohamed/ros2_ws/install/my_robot_controller:/opt/ros/jazzy DEBUGINFOD_URLS=https://debuginfod.ubuntu.com VIRTUAL_ENV_PROMPT=(env) /usr/bin/cmake --install /home/mohamed/ros2_ws/build/custom_interfaces
[33.213s] -- Install configuration: ""
[33.213s] -- Installing: /home/mohamed/ros2_ws/install/custom_interfaces/share/ament_index/resource_index/rosidl_interfaces/custom_interfaces
[33.214s] -- Installing: /home/mohamed/ros2_ws/install/custom_interfaces/share/custom_interfaces/msg/SECRET.json
[33.214s] -- Installing: /home/mohamed/ros2_ws/install/custom_interfaces/include/custom_interfaces/custom_interfaces
[33.215s] -- Installing: /home/mohamed/ros2_ws/install/custom_interfaces/include/custom_interfaces/custom_interfaces/msg
[33.215s] -- Installing: /home/mohamed/ros2_ws/install/custom_interfaces/include/custom_interfaces/custom_interfaces/msg/detail
[33.216s] -- Installing: /home/mohamed/ros2_ws/install/custom_interfaces/include/custom_interfaces/custom_interfaces/msg/detail/secret__struct.h
[33.216s] -- Installing: /home/mohamed/ros2_ws/install/custom_interfaces/include/custom_interfaces/custom_interfaces/msg/detail/secret__type_support.c
[33.217s] -- Installing: /home/mohamed/ros2_ws/install/custom_interfaces/include/custom_interfaces/custom_interfaces/msg/detail/secret__type_support.h
[33.217s] -- Installing: /home/mohamed/ros2_ws/install/custom_interfaces/include/custom_interfaces/custom_interfaces/msg/detail/secret__functions.h
[33.217s] -- Installing: /home/mohamed/ros2_ws/install/custom_interfaces/include/custom_interfaces/custom_interfaces/msg/detail/secret__functions.c
[33.217s] -- Installing: /home/mohamed/ros2_ws/install/custom_interfaces/include/custom_interfaces/custom_interfaces/msg/detail/secret__description.c
[33.218s] -- Installing: /home/mohamed/ros2_ws/install/custom_interfaces/include/custom_interfaces/custom_interfaces/msg/secret.h
[33.218s] -- Installing: /home/mohamed/ros2_ws/install/custom_interfaces/include/custom_interfaces/custom_interfaces/msg/rosidl_generator_c__visibility_control.h
[33.219s] -- Installing: /home/mohamed/ros2_ws/install/custom_interfaces/share/custom_interfaces/environment/library_path.sh
[33.219s] -- Installing: /home/mohamed/ros2_ws/install/custom_interfaces/share/custom_interfaces/environment/library_path.dsv
[33.220s] -- Installing: /home/mohamed/ros2_ws/install/custom_interfaces/lib/libcustom_interfaces__rosidl_generator_c.so
[33.221s] -- Set non-toolchain portion of runtime path of "/home/mohamed/ros2_ws/install/custom_interfaces/lib/libcustom_interfaces__rosidl_generator_c.so" to ""
[33.222s] -- Up-to-date: /home/mohamed/ros2_ws/install/custom_interfaces/include/custom_interfaces/custom_interfaces
[33.222s] -- Up-to-date: /home/mohamed/ros2_ws/install/custom_interfaces/include/custom_interfaces/custom_interfaces/msg
[33.223s] -- Installing: /home/mohamed/ros2_ws/install/custom_interfaces/include/custom_interfaces/custom_interfaces/msg/rosidl_typesupport_fastrtps_c__visibility_control.h
[33.223s] -- Up-to-date: /home/mohamed/ros2_ws/install/custom_interfaces/include/custom_interfaces/custom_interfaces/msg/detail
[33.223s] -- Installing: /home/mohamed/ros2_ws/install/custom_interfaces/include/custom_interfaces/custom_interfaces/msg/detail/secret__rosidl_typesupport_fastrtps_c.h
[33.224s] -- Installing: /home/mohamed/ros2_ws/install/custom_interfaces/lib/libcustom_interfaces__rosidl_typesupport_fastrtps_c.so
[33.225s] -- Set non-toolchain portion of runtime path of "/home/mohamed/ros2_ws/install/custom_interfaces/lib/libcustom_interfaces__rosidl_typesupport_fastrtps_c.so" to ""
[33.225s] -- Up-to-date: /home/mohamed/ros2_ws/install/custom_interfaces/include/custom_interfaces/custom_interfaces
[33.226s] -- Up-to-date: /home/mohamed/ros2_ws/install/custom_interfaces/include/custom_interfaces/custom_interfaces/msg
[33.227s] -- Installing: /home/mohamed/ros2_ws/install/custom_interfaces/include/custom_interfaces/custom_interfaces/msg/rosidl_generator_cpp__visibility_control.hpp
[33.227s] -- Up-to-date: /home/mohamed/ros2_ws/install/custom_interfaces/include/custom_interfaces/custom_interfaces/msg/detail
[33.228s] -- Installing: /home/mohamed/ros2_ws/install/custom_interfaces/include/custom_interfaces/custom_interfaces/msg/detail/secret__struct.hpp
[33.228s] -- Installing: /home/mohamed/ros2_ws/install/custom_interfaces/include/custom_interfaces/custom_interfaces/msg/detail/secret__type_support.hpp
[33.229s] -- Installing: /home/mohamed/ros2_ws/install/custom_interfaces/include/custom_interfaces/custom_interfaces/msg/detail/secret__builder.hpp
[33.230s] -- Installing: /home/mohamed/ros2_ws/install/custom_interfaces/include/custom_interfaces/custom_interfaces/msg/detail/secret__traits.hpp
[33.230s] -- Installing: /home/mohamed/ros2_ws/install/custom_interfaces/include/custom_interfaces/custom_interfaces/msg/secret.hpp
[33.230s] -- Up-to-date: /home/mohamed/ros2_ws/install/custom_interfaces/include/custom_interfaces/custom_interfaces
[33.231s] -- Up-to-date: /home/mohamed/ros2_ws/install/custom_interfaces/include/custom_interfaces/custom_interfaces/msg
[33.231s] -- Up-to-date: /home/mohamed/ros2_ws/install/custom_interfaces/include/custom_interfaces/custom_interfaces/msg/detail
[33.232s] -- Installing: /home/mohamed/ros2_ws/install/custom_interfaces/include/custom_interfaces/custom_interfaces/msg/detail/dds_fastrtps
[33.233s] -- Installing: /home/mohamed/ros2_ws/install/custom_interfaces/include/custom_interfaces/custom_interfaces/msg/detail/secret__rosidl_typesupport_fastrtps_cpp.hpp
[33.233s] -- Installing: /home/mohamed/ros2_ws/install/custom_interfaces/include/custom_interfaces/custom_interfaces/msg/rosidl_typesupport_fastrtps_cpp__visibility_control.h
[33.234s] -- Installing: /home/mohamed/ros2_ws/install/custom_interfaces/lib/libcustom_interfaces__rosidl_typesupport_fastrtps_cpp.so
[33.235s] -- Set non-toolchain portion of runtime path of "/home/mohamed/ros2_ws/install/custom_interfaces/lib/libcustom_interfaces__rosidl_typesupport_fastrtps_cpp.so" to ""
[33.236s] -- Up-to-date: /home/mohamed/ros2_ws/install/custom_interfaces/include/custom_interfaces/custom_interfaces
[33.236s] -- Up-to-date: /home/mohamed/ros2_ws/install/custom_interfaces/include/custom_interfaces/custom_interfaces/msg
[33.236s] -- Up-to-date: /home/mohamed/ros2_ws/install/custom_interfaces/include/custom_interfaces/custom_interfaces/msg/detail
[33.237s] -- Installing: /home/mohamed/ros2_ws/install/custom_interfaces/include/custom_interfaces/custom_interfaces/msg/detail/secret__type_support.c
[33.237s] -- Installing: /home/mohamed/ros2_ws/install/custom_interfaces/include/custom_interfaces/custom_interfaces/msg/detail/secret__rosidl_typesupport_introspection_c.h
[33.238s] -- Installing: /home/mohamed/ros2_ws/install/custom_interfaces/include/custom_interfaces/custom_interfaces/msg/rosidl_typesupport_introspection_c__visibility_control.h
[33.238s] -- Installing: /home/mohamed/ros2_ws/install/custom_interfaces/lib/libcustom_interfaces__rosidl_typesupport_introspection_c.so
[33.239s] -- Set non-toolchain portion of runtime path of "/home/mohamed/ros2_ws/install/custom_interfaces/lib/libcustom_interfaces__rosidl_typesupport_introspection_c.so" to ""
[33.239s] -- Installing: /home/mohamed/ros2_ws/install/custom_interfaces/lib/libcustom_interfaces__rosidl_typesupport_c.so
[33.240s] -- Set non-toolchain portion of runtime path of "/home/mohamed/ros2_ws/install/custom_interfaces/lib/libcustom_interfaces__rosidl_typesupport_c.so" to ""
[33.240s] -- Up-to-date: /home/mohamed/ros2_ws/install/custom_interfaces/include/custom_interfaces/custom_interfaces
[33.240s] -- Up-to-date: /home/mohamed/ros2_ws/install/custom_interfaces/include/custom_interfaces/custom_interfaces/msg
[33.241s] -- Up-to-date: /home/mohamed/ros2_ws/install/custom_interfaces/include/custom_interfaces/custom_interfaces/msg/detail
[33.241s] -- Installing: /home/mohamed/ros2_ws/install/custom_interfaces/include/custom_interfaces/custom_interfaces/msg/detail/secret__type_support.cpp
[33.242s] -- Installing: /home/mohamed/ros2_ws/install/custom_interfaces/include/custom_interfaces/custom_interfaces/msg/detail/secret__rosidl_typesupport_introspection_cpp.hpp
[33.242s] -- Installing: /home/mohamed/ros2_ws/install/custom_interfaces/lib/libcustom_interfaces__rosidl_typesupport_introspection_cpp.so
[33.242s] -- Set non-toolchain portion of runtime path of "/home/mohamed/ros2_ws/install/custom_interfaces/lib/libcustom_interfaces__rosidl_typesupport_introspection_cpp.so" to ""
[33.243s] -- Installing: /home/mohamed/ros2_ws/install/custom_interfaces/lib/libcustom_interfaces__rosidl_typesupport_cpp.so
[33.243s] -- Set non-toolchain portion of runtime path of "/home/mohamed/ros2_ws/install/custom_interfaces/lib/libcustom_interfaces__rosidl_typesupport_cpp.so" to ""
[33.243s] -- Installing: /home/mohamed/ros2_ws/install/custom_interfaces/share/custom_interfaces/environment/pythonpath.sh
[33.244s] -- Installing: /home/mohamed/ros2_ws/install/custom_interfaces/share/custom_interfaces/environment/pythonpath.dsv
[33.244s] -- Installing: /home/mohamed/ros2_ws/install/custom_interfaces/lib/python3.12/site-packages/custom_interfaces-0.0.0-py3.12.egg-info
[33.244s] -- Installing: /home/mohamed/ros2_ws/install/custom_interfaces/lib/python3.12/site-packages/custom_interfaces-0.0.0-py3.12.egg-info/SOURCES.txt
[33.244s] -- Installing: /home/mohamed/ros2_ws/install/custom_interfaces/lib/python3.12/site-packages/custom_interfaces-0.0.0-py3.12.egg-info/top_level.txt
[33.245s] -- Installing: /home/mohamed/ros2_ws/install/custom_interfaces/lib/python3.12/site-packages/custom_interfaces-0.0.0-py3.12.egg-info/dependency_links.txt
[33.245s] -- Installing: /home/mohamed/ros2_ws/install/custom_interfaces/lib/python3.12/site-packages/custom_interfaces-0.0.0-py3.12.egg-info/PKG-INFO
[33.246s] -- Installing: /home/mohamed/ros2_ws/install/custom_interfaces/lib/python3.12/site-packages/custom_interfaces
[33.246s] -- Installing: /home/mohamed/ros2_ws/install/custom_interfaces/lib/python3.12/site-packages/custom_interfaces/custom_interfaces_s__rosidl_typesupport_fastrtps_c.so
[33.246s] -- Installing: /home/mohamed/ros2_ws/install/custom_interfaces/lib/python3.12/site-packages/custom_interfaces/_custom_interfaces_s.ep.rosidl_typesupport_c.c
[33.247s] -- Installing: /home/mohamed/ros2_ws/install/custom_interfaces/lib/python3.12/site-packages/custom_interfaces/custom_interfaces_s__rosidl_typesupport_c.so
[33.247s] -- Installing: /home/mohamed/ros2_ws/install/custom_interfaces/lib/python3.12/site-packages/custom_interfaces/custom_interfaces_s__rosidl_typesupport_introspection_c.so
[33.247s] -- Installing: /home/mohamed/ros2_ws/install/custom_interfaces/lib/python3.12/site-packages/custom_interfaces/_custom_interfaces_s.ep.rosidl_typesupport_introspection_c.c
[33.248s] -- Installing: /home/mohamed/ros2_ws/install/custom_interfaces/lib/python3.12/site-packages/custom_interfaces/_custom_interfaces_s.ep.rosidl_typesupport_fastrtps_c.c
[33.248s] -- Installing: /home/mohamed/ros2_ws/install/custom_interfaces/lib/python3.12/site-packages/custom_interfaces/msg
[33.249s] -- Installing: /home/mohamed/ros2_ws/install/custom_interfaces/lib/python3.12/site-packages/custom_interfaces/msg/_secret_s.c
[33.249s] -- Installing: /home/mohamed/ros2_ws/install/custom_interfaces/lib/python3.12/site-packages/custom_interfaces/msg/_secret.py
[33.249s] -- Installing: /home/mohamed/ros2_ws/install/custom_interfaces/lib/python3.12/site-packages/custom_interfaces/msg/__init__.py
[33.250s] -- Installing: /home/mohamed/ros2_ws/install/custom_interfaces/lib/python3.12/site-packages/custom_interfaces/__init__.py
[33.363s] Listing '/home/mohamed/ros2_ws/install/custom_interfaces/lib/python3.12/site-packages/custom_interfaces'...
[33.363s] Compiling '/home/mohamed/ros2_ws/install/custom_interfaces/lib/python3.12/site-packages/custom_interfaces/__init__.py'...
[33.364s] Listing '/home/mohamed/ros2_ws/install/custom_interfaces/lib/python3.12/site-packages/custom_interfaces/msg'...
[33.364s] Compiling '/home/mohamed/ros2_ws/install/custom_interfaces/lib/python3.12/site-packages/custom_interfaces/msg/__init__.py'...
[33.364s] Compiling '/home/mohamed/ros2_ws/install/custom_interfaces/lib/python3.12/site-packages/custom_interfaces/msg/_secret.py'...
[33.380s] -- Installing: /home/mohamed/ros2_ws/install/custom_interfaces/lib/python3.12/site-packages/custom_interfaces/custom_interfaces_s__rosidl_typesupport_fastrtps_c.so
[33.381s] -- Set non-toolchain portion of runtime path of "/home/mohamed/ros2_ws/install/custom_interfaces/lib/python3.12/site-packages/custom_interfaces/custom_interfaces_s__rosidl_typesupport_fastrtps_c.so" to ""
[33.384s] -- Installing: /home/mohamed/ros2_ws/install/custom_interfaces/lib/python3.12/site-packages/custom_interfaces/custom_interfaces_s__rosidl_typesupport_introspection_c.so
[33.385s] -- Set non-toolchain portion of runtime path of "/home/mohamed/ros2_ws/install/custom_interfaces/lib/python3.12/site-packages/custom_interfaces/custom_interfaces_s__rosidl_typesupport_introspection_c.so" to ""
[33.386s] -- Installing: /home/mohamed/ros2_ws/install/custom_interfaces/lib/python3.12/site-packages/custom_interfaces/custom_interfaces_s__rosidl_typesupport_c.so
[33.389s] -- Set non-toolchain portion of runtime path of "/home/mohamed/ros2_ws/install/custom_interfaces/lib/python3.12/site-packages/custom_interfaces/custom_interfaces_s__rosidl_typesupport_c.so" to ""
[33.389s] -- Installing: /home/mohamed/ros2_ws/install/custom_interfaces/lib/libcustom_interfaces__rosidl_generator_py.so
[33.390s] -- Set non-toolchain portion of runtime path of "/home/mohamed/ros2_ws/install/custom_interfaces/lib/libcustom_interfaces__rosidl_generator_py.so" to ""
[33.390s] -- Installing: /home/mohamed/ros2_ws/install/custom_interfaces/share/ament_index/resource_index/rust_packages/custom_interfaces
[33.391s] -- Installing: /home/mohamed/ros2_ws/install/custom_interfaces/share/custom_interfaces/rust
[33.391s] -- Installing: /home/mohamed/ros2_ws/install/custom_interfaces/share/custom_interfaces/rust/Cargo.toml
[33.392s] -- Installing: /home/mohamed/ros2_ws/install/custom_interfaces/share/custom_interfaces/rust/src
[33.392s] -- Installing: /home/mohamed/ros2_ws/install/custom_interfaces/share/custom_interfaces/rust/src/lib.rs
[33.393s] -- Installing: /home/mohamed/ros2_ws/install/custom_interfaces/share/custom_interfaces/rust/src/msg.rs
[33.393s] -- Installing: /home/mohamed/ros2_ws/install/custom_interfaces/share/custom_interfaces/rust/src/msg
[33.393s] -- Installing: /home/mohamed/ros2_ws/install/custom_interfaces/share/custom_interfaces/rust/src/msg/rmw.rs
[33.394s] -- Installing: /home/mohamed/ros2_ws/install/custom_interfaces/share/custom_interfaces/rust/build.rs
[33.395s] -- Installing: /home/mohamed/ros2_ws/install/custom_interfaces/share/custom_interfaces/msg/SECRET.idl
[33.396s] -- Installing: /home/mohamed/ros2_ws/install/custom_interfaces/share/custom_interfaces/msg/SECRET.msg
[33.397s] -- Installing: /home/mohamed/ros2_ws/install/custom_interfaces/share/ament_index/resource_index/package_run_dependencies/custom_interfaces
[33.397s] -- Installing: /home/mohamed/ros2_ws/install/custom_interfaces/share/ament_index/resource_index/parent_prefix_path/custom_interfaces
[33.398s] -- Installing: /home/mohamed/ros2_ws/install/custom_interfaces/share/custom_interfaces/environment/ament_prefix_path.sh
[33.398s] -- Installing: /home/mohamed/ros2_ws/install/custom_interfaces/share/custom_interfaces/environment/ament_prefix_path.dsv
[33.400s] -- Installing: /home/mohamed/ros2_ws/install/custom_interfaces/share/custom_interfaces/environment/path.sh
[33.401s] -- Installing: /home/mohamed/ros2_ws/install/custom_interfaces/share/custom_interfaces/environment/path.dsv
[33.401s] -- Installing: /home/mohamed/ros2_ws/install/custom_interfaces/share/custom_interfaces/local_setup.bash
[33.402s] -- Installing: /home/mohamed/ros2_ws/install/custom_interfaces/share/custom_interfaces/local_setup.sh
[33.403s] -- Installing: /home/mohamed/ros2_ws/install/custom_interfaces/share/custom_interfaces/local_setup.zsh
[33.404s] -- Installing: /home/mohamed/ros2_ws/install/custom_interfaces/share/custom_interfaces/local_setup.dsv
[33.404s] -- Installing: /home/mohamed/ros2_ws/install/custom_interfaces/share/custom_interfaces/package.dsv
[33.404s] -- Installing: /home/mohamed/ros2_ws/install/custom_interfaces/share/ament_index/resource_index/packages/custom_interfaces
[33.405s] -- Installing: /home/mohamed/ros2_ws/install/custom_interfaces/share/custom_interfaces/cmake/export_custom_interfaces__rosidl_generator_cExport.cmake
[33.405s] -- Installing: /home/mohamed/ros2_ws/install/custom_interfaces/share/custom_interfaces/cmake/export_custom_interfaces__rosidl_generator_cExport-noconfig.cmake
[33.406s] -- Installing: /home/mohamed/ros2_ws/install/custom_interfaces/share/custom_interfaces/cmake/export_custom_interfaces__rosidl_typesupport_fastrtps_cExport.cmake
[33.406s] -- Installing: /home/mohamed/ros2_ws/install/custom_interfaces/share/custom_interfaces/cmake/export_custom_interfaces__rosidl_typesupport_fastrtps_cExport-noconfig.cmake
[33.406s] -- Installing: /home/mohamed/ros2_ws/install/custom_interfaces/share/custom_interfaces/cmake/export_custom_interfaces__rosidl_generator_cppExport.cmake
[33.407s] -- Installing: /home/mohamed/ros2_ws/install/custom_interfaces/share/custom_interfaces/cmake/export_custom_interfaces__rosidl_typesupport_fastrtps_cppExport.cmake
[33.407s] -- Installing: /home/mohamed/ros2_ws/install/custom_interfaces/share/custom_interfaces/cmake/export_custom_interfaces__rosidl_typesupport_fastrtps_cppExport-noconfig.cmake
[33.408s] -- Installing: /home/mohamed/ros2_ws/install/custom_interfaces/share/custom_interfaces/cmake/custom_interfaces__rosidl_typesupport_introspection_cExport.cmake
[33.408s] -- Installing: /home/mohamed/ros2_ws/install/custom_interfaces/share/custom_interfaces/cmake/custom_interfaces__rosidl_typesupport_introspection_cExport-noconfig.cmake
[33.409s] -- Installing: /home/mohamed/ros2_ws/install/custom_interfaces/share/custom_interfaces/cmake/custom_interfaces__rosidl_typesupport_cExport.cmake
[33.409s] -- Installing: /home/mohamed/ros2_ws/install/custom_interfaces/share/custom_interfaces/cmake/custom_interfaces__rosidl_typesupport_cExport-noconfig.cmake
[33.410s] -- Installing: /home/mohamed/ros2_ws/install/custom_interfaces/share/custom_interfaces/cmake/custom_interfaces__rosidl_typesupport_introspection_cppExport.cmake
[33.410s] -- Installing: /home/mohamed/ros2_ws/install/custom_interfaces/share/custom_interfaces/cmake/custom_interfaces__rosidl_typesupport_introspection_cppExport-noconfig.cmake
[33.411s] -- Installing: /home/mohamed/ros2_ws/install/custom_interfaces/share/custom_interfaces/cmake/custom_interfaces__rosidl_typesupport_cppExport.cmake
[33.411s] -- Installing: /home/mohamed/ros2_ws/install/custom_interfaces/share/custom_interfaces/cmake/custom_interfaces__rosidl_typesupport_cppExport-noconfig.cmake
[33.412s] -- Installing: /home/mohamed/ros2_ws/install/custom_interfaces/share/custom_interfaces/cmake/export_custom_interfaces__rosidl_generator_pyExport.cmake
[33.412s] -- Installing: /home/mohamed/ros2_ws/install/custom_interfaces/share/custom_interfaces/cmake/export_custom_interfaces__rosidl_generator_pyExport-noconfig.cmake
[33.412s] -- Installing: /home/mohamed/ros2_ws/install/custom_interfaces/share/custom_interfaces/cmake/rosidl_cmake-extras.cmake
[33.413s] -- Installing: /home/mohamed/ros2_ws/install/custom_interfaces/share/custom_interfaces/cmake/ament_cmake_export_include_directories-extras.cmake
[33.413s] -- Installing: /home/mohamed/ros2_ws/install/custom_interfaces/share/custom_interfaces/cmake/ament_cmake_export_libraries-extras.cmake
[33.413s] -- Installing: /home/mohamed/ros2_ws/install/custom_interfaces/share/custom_interfaces/cmake/ament_cmake_export_targets-extras.cmake
[33.414s] -- Installing: /home/mohamed/ros2_ws/install/custom_interfaces/share/custom_interfaces/cmake/rosidl_cmake_export_typesupport_targets-extras.cmake
[33.414s] -- Installing: /home/mohamed/ros2_ws/install/custom_interfaces/share/custom_interfaces/cmake/ament_cmake_export_dependencies-extras.cmake
[33.415s] -- Installing: /home/mohamed/ros2_ws/install/custom_interfaces/share/custom_interfaces/cmake/rosidl_cmake_export_typesupport_libraries-extras.cmake
[33.415s] -- Installing: /home/mohamed/ros2_ws/install/custom_interfaces/share/custom_interfaces/cmake/custom_interfacesConfig.cmake
[33.415s] -- Installing: /home/mohamed/ros2_ws/install/custom_interfaces/share/custom_interfaces/cmake/custom_interfacesConfig-version.cmake
[33.416s] -- Installing: /home/mohamed/ros2_ws/install/custom_interfaces/share/custom_interfaces/package.xml
[33.418s] Invoked command in '/home/mohamed/ros2_ws/build/custom_interfaces' returned '0': CMAKE_PREFIX_PATH=${CMAKE_PREFIX_PATH}:/home/mohamed/ros2_ws/install/test_latency:/home/mohamed/ros2_ws/install/secure_connection:/home/mohamed/ros2_ws/install/node_network:/home/mohamed/ros2_ws/install/my_robot_controller:/opt/ros/jazzy DEBUGINFOD_URLS=https://debuginfod.ubuntu.com VIRTUAL_ENV_PROMPT=(env) /usr/bin/cmake --install /home/mohamed/ros2_ws/build/custom_interfaces
