[0.328s] DEBUG:colcon:Command line arguments: ['/usr/bin/colcon', 'build']
[0.328s] DEBUG:colcon:Parsed command line arguments: Namespace(log_base=None, log_level=None, verb_name='build', build_base='build', install_base='install', merge_install=False, symlink_install=False, test_result_base=None, continue_on_error=False, executor='parallel', parallel_workers=8, event_handlers=None, ignore_user_meta=False, metas=['./colcon.meta'], base_paths=['.'], packages_ignore=None, packages_ignore_regex=None, paths=None, packages_up_to=None, packages_up_to_regex=None, packages_above=None, packages_above_and_dependencies=None, packages_above_depth=None, packages_select_by_dep=None, packages_skip_by_dep=None, packages_skip_up_to=None, packages_select_build_failed=False, packages_skip_build_finished=False, packages_select_test_failures=False, packages_skip_test_passed=False, packages_select=None, packages_skip=None, packages_select_regex=None, packages_skip_regex=None, packages_start=None, packages_end=None, allow_overriding=[], cmake_args=None, cmake_target=None, cmake_target_skip_unavailable=False, cmake_clean_cache=False, cmake_clean_first=False, cmake_force_configure=False, ament_cmake_args=None, catkin_cmake_args=None, catkin_skip_building_tests=False, mixin_files=None, mixin=None, verb_parser=<colcon_mixin.mixin.mixin_argument.MixinArgumentDecorator object at 0x76b29ada7e30>, verb_extension=<colcon_core.verb.build.BuildVerb object at 0x76b29ada7c20>, main=<bound method BuildVerb.main of <colcon_core.verb.build.BuildVerb object at 0x76b29ada7c20>>, mixin_verb=('build',))
[0.396s] Level 1:colcon.colcon_core.package_discovery:discover_packages(colcon_meta) check parameters
[0.397s] Level 1:colcon.colcon_core.package_discovery:discover_packages(recursive) check parameters
[0.397s] Level 1:colcon.colcon_core.package_discovery:discover_packages(ignore) check parameters
[0.397s] Level 1:colcon.colcon_core.package_discovery:discover_packages(path) check parameters
[0.397s] Level 1:colcon.colcon_core.package_discovery:discover_packages(colcon_meta) discover
[0.397s] Level 1:colcon.colcon_core.package_discovery:discover_packages(recursive) discover
[0.397s] INFO:colcon.colcon_core.package_discovery:Crawling recursively for packages in '/home/mohamed/ros2_ws/src'
[0.397s] Level 1:colcon.colcon_core.package_identification:_identify(.) by extensions ['ignore', 'ignore_ament_install']
[0.397s] Level 1:colcon.colcon_core.package_identification:_identify(.) by extension 'ignore'
[0.398s] Level 1:colcon.colcon_core.package_identification:_identify(.) by extension 'ignore_ament_install'
[0.398s] Level 1:colcon.colcon_core.package_identification:_identify(.) by extensions ['colcon_pkg']
[0.398s] Level 1:colcon.colcon_core.package_identification:_identify(.) by extension 'colcon_pkg'
[0.398s] Level 1:colcon.colcon_core.package_identification:_identify(.) by extensions ['colcon_meta']
[0.398s] Level 1:colcon.colcon_core.package_identification:_identify(.) by extension 'colcon_meta'
[0.398s] Level 1:colcon.colcon_core.package_identification:_identify(.) by extensions ['ros']
[0.398s] Level 1:colcon.colcon_core.package_identification:_identify(.) by extension 'ros'
[0.444s] Level 1:colcon.colcon_core.package_identification:_identify(.) by extensions ['cmake', 'python']
[0.444s] Level 1:colcon.colcon_core.package_identification:_identify(.) by extension 'cmake'
[0.444s] Level 1:colcon.colcon_core.package_identification:_identify(.) by extension 'python'
[0.444s] Level 1:colcon.colcon_core.package_identification:_identify(.) by extensions ['python_setup_py']
[0.445s] Level 1:colcon.colcon_core.package_identification:_identify(.) by extension 'python_setup_py'
[0.445s] Level 1:colcon.colcon_core.package_identification:_identify(build) by extensions ['ignore', 'ignore_ament_install']
[0.445s] Level 1:colcon.colcon_core.package_identification:_identify(build) by extension 'ignore'
[0.445s] Level 1:colcon.colcon_core.package_identification:_identify(build) ignored
[0.445s] Level 1:colcon.colcon_core.package_identification:_identify(install) by extensions ['ignore', 'ignore_ament_install']
[0.446s] Level 1:colcon.colcon_core.package_identification:_identify(install) by extension 'ignore'
[0.446s] Level 1:colcon.colcon_core.package_identification:_identify(install) ignored
[0.446s] Level 1:colcon.colcon_core.package_identification:_identify(log) by extensions ['ignore', 'ignore_ament_install']
[0.446s] Level 1:colcon.colcon_core.package_identification:_identify(log) by extension 'ignore'
[0.446s] Level 1:colcon.colcon_core.package_identification:_identify(log) ignored
[0.446s] Level 1:colcon.colcon_core.package_identification:_identify(my_robot_controller) by extensions ['ignore', 'ignore_ament_install']
[0.446s] Level 1:colcon.colcon_core.package_identification:_identify(my_robot_controller) by extension 'ignore'
[0.446s] Level 1:colcon.colcon_core.package_identification:_identify(my_robot_controller) by extension 'ignore_ament_install'
[0.446s] Level 1:colcon.colcon_core.package_identification:_identify(my_robot_controller) by extensions ['colcon_pkg']
[0.447s] Level 1:colcon.colcon_core.package_identification:_identify(my_robot_controller) by extension 'colcon_pkg'
[0.447s] Level 1:colcon.colcon_core.package_identification:_identify(my_robot_controller) by extensions ['colcon_meta']
[0.447s] Level 1:colcon.colcon_core.package_identification:_identify(my_robot_controller) by extension 'colcon_meta'
[0.447s] Level 1:colcon.colcon_core.package_identification:_identify(my_robot_controller) by extensions ['ros']
[0.447s] Level 1:colcon.colcon_core.package_identification:_identify(my_robot_controller) by extension 'ros'
[0.453s] DEBUG:colcon.colcon_core.package_identification:Package 'my_robot_controller' with type 'ros.ament_python' and name 'my_robot_controller'
[0.453s] Level 1:colcon.colcon_core.package_identification:_identify(node_network) by extensions ['ignore', 'ignore_ament_install']
[0.453s] Level 1:colcon.colcon_core.package_identification:_identify(node_network) by extension 'ignore'
[0.453s] Level 1:colcon.colcon_core.package_identification:_identify(node_network) by extension 'ignore_ament_install'
[0.454s] Level 1:colcon.colcon_core.package_identification:_identify(node_network) by extensions ['colcon_pkg']
[0.454s] Level 1:colcon.colcon_core.package_identification:_identify(node_network) by extension 'colcon_pkg'
[0.454s] Level 1:colcon.colcon_core.package_identification:_identify(node_network) by extensions ['colcon_meta']
[0.454s] Level 1:colcon.colcon_core.package_identification:_identify(node_network) by extension 'colcon_meta'
[0.454s] Level 1:colcon.colcon_core.package_identification:_identify(node_network) by extensions ['ros']
[0.454s] Level 1:colcon.colcon_core.package_identification:_identify(node_network) by extension 'ros'
[0.455s] DEBUG:colcon.colcon_core.package_identification:Package 'node_network' with type 'ros.ament_python' and name 'node_network'
[0.456s] Level 1:colcon.colcon_core.package_identification:_identify(secure_connection) by extensions ['ignore', 'ignore_ament_install']
[0.456s] Level 1:colcon.colcon_core.package_identification:_identify(secure_connection) by extension 'ignore'
[0.456s] Level 1:colcon.colcon_core.package_identification:_identify(secure_connection) by extension 'ignore_ament_install'
[0.456s] Level 1:colcon.colcon_core.package_identification:_identify(secure_connection) by extensions ['colcon_pkg']
[0.456s] Level 1:colcon.colcon_core.package_identification:_identify(secure_connection) by extension 'colcon_pkg'
[0.456s] Level 1:colcon.colcon_core.package_identification:_identify(secure_connection) by extensions ['colcon_meta']
[0.456s] Level 1:colcon.colcon_core.package_identification:_identify(secure_connection) by extension 'colcon_meta'
[0.457s] Level 1:colcon.colcon_core.package_identification:_identify(secure_connection) by extensions ['ros']
[0.457s] Level 1:colcon.colcon_core.package_identification:_identify(secure_connection) by extension 'ros'
[0.458s] DEBUG:colcon.colcon_core.package_identification:Package 'secure_connection' with type 'ros.ament_python' and name 'secure_connection'
[0.458s] Level 1:colcon.colcon_core.package_discovery:discover_packages(recursive) using defaults
[0.458s] Level 1:colcon.colcon_core.package_discovery:discover_packages(ignore) discover
[0.458s] Level 1:colcon.colcon_core.package_discovery:discover_packages(ignore) using defaults
[0.458s] Level 1:colcon.colcon_core.package_discovery:discover_packages(path) discover
[0.458s] Level 1:colcon.colcon_core.package_discovery:discover_packages(path) using defaults
[0.495s] Level 1:colcon.colcon_core.package_discovery:discover_packages(prefix_path) check parameters
[0.495s] Level 1:colcon.colcon_core.package_discovery:discover_packages(prefix_path) discover
[0.498s] DEBUG:colcon.colcon_installed_package_information.package_discovery:Found 3 installed packages in /home/mohamed/ros2_ws/install
[0.500s] DEBUG:colcon.colcon_installed_package_information.package_discovery:Found 286 installed packages in /opt/ros/jazzy
[0.502s] Level 1:colcon.colcon_core.package_discovery:discover_packages(prefix_path) using defaults
[0.615s] Level 5:colcon.colcon_core.verb:set package 'my_robot_controller' build argument 'cmake_args' from command line to 'None'
[0.616s] Level 5:colcon.colcon_core.verb:set package 'my_robot_controller' build argument 'cmake_target' from command line to 'None'
[0.616s] Level 5:colcon.colcon_core.verb:set package 'my_robot_controller' build argument 'cmake_target_skip_unavailable' from command line to 'False'
[0.616s] Level 5:colcon.colcon_core.verb:set package 'my_robot_controller' build argument 'cmake_clean_cache' from command line to 'False'
[0.616s] Level 5:colcon.colcon_core.verb:set package 'my_robot_controller' build argument 'cmake_clean_first' from command line to 'False'
[0.616s] Level 5:colcon.colcon_core.verb:set package 'my_robot_controller' build argument 'cmake_force_configure' from command line to 'False'
[0.616s] Level 5:colcon.colcon_core.verb:set package 'my_robot_controller' build argument 'ament_cmake_args' from command line to 'None'
[0.616s] Level 5:colcon.colcon_core.verb:set package 'my_robot_controller' build argument 'catkin_cmake_args' from command line to 'None'
[0.616s] Level 5:colcon.colcon_core.verb:set package 'my_robot_controller' build argument 'catkin_skip_building_tests' from command line to 'False'
[0.616s] DEBUG:colcon.colcon_core.verb:Building package 'my_robot_controller' with the following arguments: {'ament_cmake_args': None, 'build_base': '/home/mohamed/ros2_ws/src/build/my_robot_controller', 'catkin_cmake_args': None, 'catkin_skip_building_tests': False, 'cmake_args': None, 'cmake_clean_cache': False, 'cmake_clean_first': False, 'cmake_force_configure': False, 'cmake_target': None, 'cmake_target_skip_unavailable': False, 'install_base': '/home/mohamed/ros2_ws/src/install/my_robot_controller', 'merge_install': False, 'path': '/home/mohamed/ros2_ws/src/my_robot_controller', 'symlink_install': False, 'test_result_base': None}
[0.617s] Level 5:colcon.colcon_core.verb:set package 'node_network' build argument 'cmake_args' from command line to 'None'
[0.617s] Level 5:colcon.colcon_core.verb:set package 'node_network' build argument 'cmake_target' from command line to 'None'
[0.617s] Level 5:colcon.colcon_core.verb:set package 'node_network' build argument 'cmake_target_skip_unavailable' from command line to 'False'
[0.617s] Level 5:colcon.colcon_core.verb:set package 'node_network' build argument 'cmake_clean_cache' from command line to 'False'
[0.617s] Level 5:colcon.colcon_core.verb:set package 'node_network' build argument 'cmake_clean_first' from command line to 'False'
[0.617s] Level 5:colcon.colcon_core.verb:set package 'node_network' build argument 'cmake_force_configure' from command line to 'False'
[0.617s] Level 5:colcon.colcon_core.verb:set package 'node_network' build argument 'ament_cmake_args' from command line to 'None'
[0.617s] Level 5:colcon.colcon_core.verb:set package 'node_network' build argument 'catkin_cmake_args' from command line to 'None'
[0.617s] Level 5:colcon.colcon_core.verb:set package 'node_network' build argument 'catkin_skip_building_tests' from command line to 'False'
[0.617s] DEBUG:colcon.colcon_core.verb:Building package 'node_network' with the following arguments: {'ament_cmake_args': None, 'build_base': '/home/mohamed/ros2_ws/src/build/node_network', 'catkin_cmake_args': None, 'catkin_skip_building_tests': False, 'cmake_args': None, 'cmake_clean_cache': False, 'cmake_clean_first': False, 'cmake_force_configure': False, 'cmake_target': None, 'cmake_target_skip_unavailable': False, 'install_base': '/home/mohamed/ros2_ws/src/install/node_network', 'merge_install': False, 'path': '/home/mohamed/ros2_ws/src/node_network', 'symlink_install': False, 'test_result_base': None}
[0.618s] Level 5:colcon.colcon_core.verb:set package 'secure_connection' build argument 'cmake_args' from command line to 'None'
[0.618s] Level 5:colcon.colcon_core.verb:set package 'secure_connection' build argument 'cmake_target' from command line to 'None'
[0.618s] Level 5:colcon.colcon_core.verb:set package 'secure_connection' build argument 'cmake_target_skip_unavailable' from command line to 'False'
[0.618s] Level 5:colcon.colcon_core.verb:set package 'secure_connection' build argument 'cmake_clean_cache' from command line to 'False'
[0.618s] Level 5:colcon.colcon_core.verb:set package 'secure_connection' build argument 'cmake_clean_first' from command line to 'False'
[0.618s] Level 5:colcon.colcon_core.verb:set package 'secure_connection' build argument 'cmake_force_configure' from command line to 'False'
[0.618s] Level 5:colcon.colcon_core.verb:set package 'secure_connection' build argument 'ament_cmake_args' from command line to 'None'
[0.618s] Level 5:colcon.colcon_core.verb:set package 'secure_connection' build argument 'catkin_cmake_args' from command line to 'None'
[0.618s] Level 5:colcon.colcon_core.verb:set package 'secure_connection' build argument 'catkin_skip_building_tests' from command line to 'False'
[0.618s] DEBUG:colcon.colcon_core.verb:Building package 'secure_connection' with the following arguments: {'ament_cmake_args': None, 'build_base': '/home/mohamed/ros2_ws/src/build/secure_connection', 'catkin_cmake_args': None, 'catkin_skip_building_tests': False, 'cmake_args': None, 'cmake_clean_cache': False, 'cmake_clean_first': False, 'cmake_force_configure': False, 'cmake_target': None, 'cmake_target_skip_unavailable': False, 'install_base': '/home/mohamed/ros2_ws/src/install/secure_connection', 'merge_install': False, 'path': '/home/mohamed/ros2_ws/src/secure_connection', 'symlink_install': False, 'test_result_base': None}
[0.618s] INFO:colcon.colcon_core.executor:Executing jobs using 'parallel' executor
[0.619s] DEBUG:colcon.colcon_parallel_executor.executor.parallel:run_until_complete
[0.620s] INFO:colcon.colcon_ros.task.ament_python.build:Building ROS package in '/home/mohamed/ros2_ws/src/my_robot_controller' with build type 'ament_python'
[0.620s] Level 1:colcon.colcon_core.shell:create_environment_hook('my_robot_controller', 'ament_prefix_path')
[0.623s] INFO:colcon.colcon_core.plugin_system:Skipping extension 'colcon_core.shell.bat': Not used on non-Windows systems
[0.624s] INFO:colcon.colcon_core.shell:Creating environment hook '/home/mohamed/ros2_ws/src/install/my_robot_controller/share/my_robot_controller/hook/ament_prefix_path.ps1'
[0.624s] INFO:colcon.colcon_core.shell:Creating environment descriptor '/home/mohamed/ros2_ws/src/install/my_robot_controller/share/my_robot_controller/hook/ament_prefix_path.dsv'
[0.625s] INFO:colcon.colcon_core.shell:Creating environment hook '/home/mohamed/ros2_ws/src/install/my_robot_controller/share/my_robot_controller/hook/ament_prefix_path.sh'
[0.626s] INFO:colcon.colcon_core.shell:Skip shell extension 'powershell' for command environment: Not usable outside of PowerShell
[0.626s] DEBUG:colcon.colcon_core.shell:Skip shell extension 'dsv' for command environment
[0.632s] INFO:colcon.colcon_ros.task.ament_python.build:Building ROS package in '/home/mohamed/ros2_ws/src/node_network' with build type 'ament_python'
[0.633s] Level 1:colcon.colcon_core.shell:create_environment_hook('node_network', 'ament_prefix_path')
[0.633s] INFO:colcon.colcon_core.shell:Creating environment hook '/home/mohamed/ros2_ws/src/install/node_network/share/node_network/hook/ament_prefix_path.ps1'
[0.634s] INFO:colcon.colcon_core.shell:Creating environment descriptor '/home/mohamed/ros2_ws/src/install/node_network/share/node_network/hook/ament_prefix_path.dsv'
[0.635s] INFO:colcon.colcon_core.shell:Creating environment hook '/home/mohamed/ros2_ws/src/install/node_network/share/node_network/hook/ament_prefix_path.sh'
[0.636s] INFO:colcon.colcon_core.shell:Skip shell extension 'powershell' for command environment: Not usable outside of PowerShell
[0.636s] DEBUG:colcon.colcon_core.shell:Skip shell extension 'dsv' for command environment
[0.644s] INFO:colcon.colcon_ros.task.ament_python.build:Building ROS package in '/home/mohamed/ros2_ws/src/secure_connection' with build type 'ament_python'
[0.645s] Level 1:colcon.colcon_core.shell:create_environment_hook('secure_connection', 'ament_prefix_path')
[0.645s] INFO:colcon.colcon_core.shell:Creating environment hook '/home/mohamed/ros2_ws/src/install/secure_connection/share/secure_connection/hook/ament_prefix_path.ps1'
[0.648s] INFO:colcon.colcon_core.shell:Creating environment descriptor '/home/mohamed/ros2_ws/src/install/secure_connection/share/secure_connection/hook/ament_prefix_path.dsv'
[0.650s] INFO:colcon.colcon_core.shell:Creating environment hook '/home/mohamed/ros2_ws/src/install/secure_connection/share/secure_connection/hook/ament_prefix_path.sh'
[0.653s] INFO:colcon.colcon_core.shell:Skip shell extension 'powershell' for command environment: Not usable outside of PowerShell
[0.653s] DEBUG:colcon.colcon_core.shell:Skip shell extension 'dsv' for command environment
[1.592s] INFO:colcon.colcon_core.task.python.build:Building Python package in '/home/mohamed/ros2_ws/src/my_robot_controller'
[1.593s] INFO:colcon.colcon_core.shell:Skip shell extension 'powershell' for command environment: Not usable outside of PowerShell
[1.593s] DEBUG:colcon.colcon_core.shell:Skip shell extension 'dsv' for command environment
[2.098s] INFO:colcon.colcon_core.task.python.build:Building Python package in '/home/mohamed/ros2_ws/src/node_network'
[2.098s] INFO:colcon.colcon_core.shell:Skip shell extension 'powershell' for command environment: Not usable outside of PowerShell
[2.098s] DEBUG:colcon.colcon_core.shell:Skip shell extension 'dsv' for command environment
[2.902s] INFO:colcon.colcon_core.task.python.build:Building Python package in '/home/mohamed/ros2_ws/src/secure_connection'
[2.902s] INFO:colcon.colcon_core.shell:Skip shell extension 'powershell' for command environment: Not usable outside of PowerShell
[2.902s] DEBUG:colcon.colcon_core.shell:Skip shell extension 'dsv' for command environment
[5.123s] DEBUG:colcon.colcon_core.event_handler.log_command:Invoking command in '/home/mohamed/ros2_ws/src/node_network': DEBUGINFOD_URLS=https://debuginfod.ubuntu.com PYTHONPATH=/home/mohamed/ros2_ws/src/build/node_network/prefix_override:/usr/lib/python3/dist-packages/colcon_core/task/python/colcon_distutils_commands:/home/mohamed/ros2_ws/src/install/node_network/lib/python3.12/site-packages:${PYTHONPATH} VIRTUAL_ENV_PROMPT=(env) /usr/bin/python3 -W ignore:setup.py install is deprecated -W ignore:easy_install command is deprecated setup.py egg_info --egg-base ../build/node_network build --build-base /home/mohamed/ros2_ws/src/build/node_network/build install --record /home/mohamed/ros2_ws/src/build/node_network/install.log --single-version-externally-managed install_data
[5.135s] DEBUG:colcon.colcon_core.event_handler.log_command:Invoking command in '/home/mohamed/ros2_ws/src/my_robot_controller': DEBUGINFOD_URLS=https://debuginfod.ubuntu.com PYTHONPATH=/home/mohamed/ros2_ws/src/build/my_robot_controller/prefix_override:/usr/lib/python3/dist-packages/colcon_core/task/python/colcon_distutils_commands:/home/mohamed/ros2_ws/src/install/my_robot_controller/lib/python3.12/site-packages:${PYTHONPATH} VIRTUAL_ENV_PROMPT=(env) /usr/bin/python3 -W ignore:setup.py install is deprecated -W ignore:easy_install command is deprecated setup.py egg_info --egg-base ../build/my_robot_controller build --build-base /home/mohamed/ros2_ws/src/build/my_robot_controller/build install --record /home/mohamed/ros2_ws/src/build/my_robot_controller/install.log --single-version-externally-managed install_data
[5.140s] DEBUG:colcon.colcon_core.event_handler.log_command:Invoking command in '/home/mohamed/ros2_ws/src/secure_connection': DEBUGINFOD_URLS=https://debuginfod.ubuntu.com PYTHONPATH=/home/mohamed/ros2_ws/src/build/secure_connection/prefix_override:/usr/lib/python3/dist-packages/colcon_core/task/python/colcon_distutils_commands:/home/mohamed/ros2_ws/src/install/secure_connection/lib/python3.12/site-packages:${PYTHONPATH} VIRTUAL_ENV_PROMPT=(env) /usr/bin/python3 -W ignore:setup.py install is deprecated -W ignore:easy_install command is deprecated setup.py egg_info --egg-base ../build/secure_connection build --build-base /home/mohamed/ros2_ws/src/build/secure_connection/build install --record /home/mohamed/ros2_ws/src/build/secure_connection/install.log --single-version-externally-managed install_data
[7.190s] DEBUG:colcon.colcon_core.event_handler.log_command:Invoked command in '/home/mohamed/ros2_ws/src/my_robot_controller' returned '0': DEBUGINFOD_URLS=https://debuginfod.ubuntu.com PYTHONPATH=/home/mohamed/ros2_ws/src/build/my_robot_controller/prefix_override:/usr/lib/python3/dist-packages/colcon_core/task/python/colcon_distutils_commands:/home/mohamed/ros2_ws/src/install/my_robot_controller/lib/python3.12/site-packages:${PYTHONPATH} VIRTUAL_ENV_PROMPT=(env) /usr/bin/python3 -W ignore:setup.py install is deprecated -W ignore:easy_install command is deprecated setup.py egg_info --egg-base ../build/my_robot_controller build --build-base /home/mohamed/ros2_ws/src/build/my_robot_controller/build install --record /home/mohamed/ros2_ws/src/build/my_robot_controller/install.log --single-version-externally-managed install_data
[7.202s] Level 1:colcon.colcon_core.environment:checking '/home/mohamed/ros2_ws/src/install/my_robot_controller' for CMake module files
[7.204s] Level 1:colcon.colcon_core.environment:checking '/home/mohamed/ros2_ws/src/install/my_robot_controller' for CMake config files
[7.207s] Level 1:colcon.colcon_core.environment:checking '/home/mohamed/ros2_ws/src/install/my_robot_controller/lib'
[7.208s] Level 1:colcon.colcon_core.environment:checking '/home/mohamed/ros2_ws/src/install/my_robot_controller/bin'
[7.208s] Level 1:colcon.colcon_core.environment:checking '/home/mohamed/ros2_ws/src/install/my_robot_controller/lib/pkgconfig/my_robot_controller.pc'
[7.209s] Level 1:colcon.colcon_core.environment:checking '/home/mohamed/ros2_ws/src/install/my_robot_controller/lib/python3.12/site-packages'
[7.210s] Level 1:colcon.colcon_core.shell:create_environment_hook('my_robot_controller', 'pythonpath')
[7.211s] INFO:colcon.colcon_core.shell:Creating environment hook '/home/mohamed/ros2_ws/src/install/my_robot_controller/share/my_robot_controller/hook/pythonpath.ps1'
[7.212s] INFO:colcon.colcon_core.shell:Creating environment descriptor '/home/mohamed/ros2_ws/src/install/my_robot_controller/share/my_robot_controller/hook/pythonpath.dsv'
[7.214s] INFO:colcon.colcon_core.shell:Creating environment hook '/home/mohamed/ros2_ws/src/install/my_robot_controller/share/my_robot_controller/hook/pythonpath.sh'
[7.217s] Level 1:colcon.colcon_core.environment:checking '/home/mohamed/ros2_ws/src/install/my_robot_controller/bin'
[7.217s] Level 1:colcon.colcon_core.environment:create_environment_scripts_only(my_robot_controller)
[7.218s] INFO:colcon.colcon_core.shell:Creating package script '/home/mohamed/ros2_ws/src/install/my_robot_controller/share/my_robot_controller/package.ps1'
[7.223s] INFO:colcon.colcon_core.shell:Creating package descriptor '/home/mohamed/ros2_ws/src/install/my_robot_controller/share/my_robot_controller/package.dsv'
[7.224s] INFO:colcon.colcon_core.shell:Creating package script '/home/mohamed/ros2_ws/src/install/my_robot_controller/share/my_robot_controller/package.sh'
[7.227s] INFO:colcon.colcon_core.shell:Creating package script '/home/mohamed/ros2_ws/src/install/my_robot_controller/share/my_robot_controller/package.bash'
[7.229s] INFO:colcon.colcon_core.shell:Creating package script '/home/mohamed/ros2_ws/src/install/my_robot_controller/share/my_robot_controller/package.zsh'
[7.231s] Level 1:colcon.colcon_core.environment:create_file_with_runtime_dependencies(/home/mohamed/ros2_ws/src/install/my_robot_controller/share/colcon-core/packages/my_robot_controller)
[7.234s] Level 1:colcon.colcon_core.environment:checking '/home/mohamed/ros2_ws/src/install/node_network' for CMake module files
[7.235s] DEBUG:colcon.colcon_core.event_handler.log_command:Invoked command in '/home/mohamed/ros2_ws/src/node_network' returned '0': DEBUGINFOD_URLS=https://debuginfod.ubuntu.com PYTHONPATH=/home/mohamed/ros2_ws/src/build/node_network/prefix_override:/usr/lib/python3/dist-packages/colcon_core/task/python/colcon_distutils_commands:/home/mohamed/ros2_ws/src/install/node_network/lib/python3.12/site-packages:${PYTHONPATH} VIRTUAL_ENV_PROMPT=(env) /usr/bin/python3 -W ignore:setup.py install is deprecated -W ignore:easy_install command is deprecated setup.py egg_info --egg-base ../build/node_network build --build-base /home/mohamed/ros2_ws/src/build/node_network/build install --record /home/mohamed/ros2_ws/src/build/node_network/install.log --single-version-externally-managed install_data
[7.236s] Level 1:colcon.colcon_core.environment:checking '/home/mohamed/ros2_ws/src/install/node_network' for CMake config files
[7.238s] Level 1:colcon.colcon_core.environment:checking '/home/mohamed/ros2_ws/src/install/node_network/lib'
[7.238s] Level 1:colcon.colcon_core.environment:checking '/home/mohamed/ros2_ws/src/install/node_network/bin'
[7.238s] Level 1:colcon.colcon_core.environment:checking '/home/mohamed/ros2_ws/src/install/node_network/lib/pkgconfig/node_network.pc'
[7.239s] Level 1:colcon.colcon_core.environment:checking '/home/mohamed/ros2_ws/src/install/node_network/lib/python3.12/site-packages'
[7.239s] Level 1:colcon.colcon_core.shell:create_environment_hook('node_network', 'pythonpath')
[7.239s] INFO:colcon.colcon_core.shell:Creating environment hook '/home/mohamed/ros2_ws/src/install/node_network/share/node_network/hook/pythonpath.ps1'
[7.240s] INFO:colcon.colcon_core.shell:Creating environment descriptor '/home/mohamed/ros2_ws/src/install/node_network/share/node_network/hook/pythonpath.dsv'
[7.241s] INFO:colcon.colcon_core.shell:Creating environment hook '/home/mohamed/ros2_ws/src/install/node_network/share/node_network/hook/pythonpath.sh'
[7.243s] Level 1:colcon.colcon_core.environment:checking '/home/mohamed/ros2_ws/src/install/node_network/bin'
[7.243s] Level 1:colcon.colcon_core.environment:create_environment_scripts_only(node_network)
[7.243s] INFO:colcon.colcon_core.shell:Creating package script '/home/mohamed/ros2_ws/src/install/node_network/share/node_network/package.ps1'
[7.245s] INFO:colcon.colcon_core.shell:Creating package descriptor '/home/mohamed/ros2_ws/src/install/node_network/share/node_network/package.dsv'
[7.245s] INFO:colcon.colcon_core.shell:Creating package script '/home/mohamed/ros2_ws/src/install/node_network/share/node_network/package.sh'
[7.246s] INFO:colcon.colcon_core.shell:Creating package script '/home/mohamed/ros2_ws/src/install/node_network/share/node_network/package.bash'
[7.247s] INFO:colcon.colcon_core.shell:Creating package script '/home/mohamed/ros2_ws/src/install/node_network/share/node_network/package.zsh'
[7.248s] Level 1:colcon.colcon_core.environment:create_file_with_runtime_dependencies(/home/mohamed/ros2_ws/src/install/node_network/share/colcon-core/packages/node_network)
[7.251s] Level 1:colcon.colcon_core.environment:checking '/home/mohamed/ros2_ws/src/install/secure_connection' for CMake module files
[7.254s] DEBUG:colcon.colcon_core.event_handler.log_command:Invoked command in '/home/mohamed/ros2_ws/src/secure_connection' returned '0': DEBUGINFOD_URLS=https://debuginfod.ubuntu.com PYTHONPATH=/home/mohamed/ros2_ws/src/build/secure_connection/prefix_override:/usr/lib/python3/dist-packages/colcon_core/task/python/colcon_distutils_commands:/home/mohamed/ros2_ws/src/install/secure_connection/lib/python3.12/site-packages:${PYTHONPATH} VIRTUAL_ENV_PROMPT=(env) /usr/bin/python3 -W ignore:setup.py install is deprecated -W ignore:easy_install command is deprecated setup.py egg_info --egg-base ../build/secure_connection build --build-base /home/mohamed/ros2_ws/src/build/secure_connection/build install --record /home/mohamed/ros2_ws/src/build/secure_connection/install.log --single-version-externally-managed install_data
[7.254s] Level 1:colcon.colcon_core.environment:checking '/home/mohamed/ros2_ws/src/install/secure_connection' for CMake config files
[7.256s] Level 1:colcon.colcon_core.environment:checking '/home/mohamed/ros2_ws/src/install/secure_connection/lib'
[7.256s] Level 1:colcon.colcon_core.environment:checking '/home/mohamed/ros2_ws/src/install/secure_connection/bin'
[7.256s] Level 1:colcon.colcon_core.environment:checking '/home/mohamed/ros2_ws/src/install/secure_connection/lib/pkgconfig/secure_connection.pc'
[7.257s] Level 1:colcon.colcon_core.environment:checking '/home/mohamed/ros2_ws/src/install/secure_connection/lib/python3.12/site-packages'
[7.257s] Level 1:colcon.colcon_core.shell:create_environment_hook('secure_connection', 'pythonpath')
[7.258s] INFO:colcon.colcon_core.shell:Creating environment hook '/home/mohamed/ros2_ws/src/install/secure_connection/share/secure_connection/hook/pythonpath.ps1'
[7.258s] INFO:colcon.colcon_core.shell:Creating environment descriptor '/home/mohamed/ros2_ws/src/install/secure_connection/share/secure_connection/hook/pythonpath.dsv'
[7.259s] INFO:colcon.colcon_core.shell:Creating environment hook '/home/mohamed/ros2_ws/src/install/secure_connection/share/secure_connection/hook/pythonpath.sh'
[7.262s] Level 1:colcon.colcon_core.environment:checking '/home/mohamed/ros2_ws/src/install/secure_connection/bin'
[7.263s] Level 1:colcon.colcon_core.environment:create_environment_scripts_only(secure_connection)
[7.264s] INFO:colcon.colcon_core.shell:Creating package script '/home/mohamed/ros2_ws/src/install/secure_connection/share/secure_connection/package.ps1'
[7.268s] INFO:colcon.colcon_core.shell:Creating package descriptor '/home/mohamed/ros2_ws/src/install/secure_connection/share/secure_connection/package.dsv'
[7.270s] INFO:colcon.colcon_core.shell:Creating package script '/home/mohamed/ros2_ws/src/install/secure_connection/share/secure_connection/package.sh'
[7.272s] INFO:colcon.colcon_core.shell:Creating package script '/home/mohamed/ros2_ws/src/install/secure_connection/share/secure_connection/package.bash'
[7.273s] INFO:colcon.colcon_core.shell:Creating package script '/home/mohamed/ros2_ws/src/install/secure_connection/share/secure_connection/package.zsh'
[7.274s] Level 1:colcon.colcon_core.environment:create_file_with_runtime_dependencies(/home/mohamed/ros2_ws/src/install/secure_connection/share/colcon-core/packages/secure_connection)
[7.275s] DEBUG:colcon.colcon_parallel_executor.executor.parallel:closing loop
[7.275s] DEBUG:colcon.colcon_parallel_executor.executor.parallel:loop closed
[7.276s] DEBUG:colcon.colcon_parallel_executor.executor.parallel:run_until_complete finished with '0'
[7.277s] DEBUG:colcon.colcon_core.event_reactor:joining thread
[7.309s] INFO:colcon.colcon_core.plugin_system:Skipping extension 'colcon_notification.desktop_notification.terminal_notifier': Not used on non-Darwin systems
[7.309s] INFO:colcon.colcon_core.plugin_system:Skipping extension 'colcon_notification.desktop_notification.win32': Not used on non-Windows systems
[7.309s] INFO:colcon.colcon_notification.desktop_notification:Sending desktop notification using 'notify2'
[7.484s] DEBUG:colcon.colcon_core.event_reactor:joined thread
[7.486s] INFO:colcon.colcon_core.shell:Creating prefix script '/home/mohamed/ros2_ws/src/install/local_setup.ps1'
[7.501s] INFO:colcon.colcon_core.shell:Creating prefix util module '/home/mohamed/ros2_ws/src/install/_local_setup_util_ps1.py'
[7.514s] INFO:colcon.colcon_core.shell:Creating prefix chain script '/home/mohamed/ros2_ws/src/install/setup.ps1'
[7.524s] INFO:colcon.colcon_core.shell:Creating prefix script '/home/mohamed/ros2_ws/src/install/local_setup.sh'
[7.529s] INFO:colcon.colcon_core.shell:Creating prefix util module '/home/mohamed/ros2_ws/src/install/_local_setup_util_sh.py'
[7.535s] INFO:colcon.colcon_core.shell:Creating prefix chain script '/home/mohamed/ros2_ws/src/install/setup.sh'
[7.544s] INFO:colcon.colcon_core.shell:Creating prefix script '/home/mohamed/ros2_ws/src/install/local_setup.bash'
[7.547s] INFO:colcon.colcon_core.shell:Creating prefix chain script '/home/mohamed/ros2_ws/src/install/setup.bash'
[7.556s] INFO:colcon.colcon_core.shell:Creating prefix script '/home/mohamed/ros2_ws/src/install/local_setup.zsh'
[7.560s] INFO:colcon.colcon_core.shell:Creating prefix chain script '/home/mohamed/ros2_ws/src/install/setup.zsh'
