[14.833s] Invoking command in '/home/mohamed/ros2_ws/src/node_network': DEBUGINFOD_URLS=https://debuginfod.ubuntu.com PYTHONPATH=/home/mohamed/ros2_ws/build/node_network/prefix_override:/usr/lib/python3/dist-packages/colcon_core/task/python/colcon_distutils_commands:/home/mohamed/ros2_ws/install/node_network/lib/python3.12/site-packages:${PYTHONPATH} VIRTUAL_ENV_PROMPT=(env) /usr/bin/python3 -W ignore:setup.py install is deprecated -W ignore:easy_install command is deprecated setup.py egg_info --egg-base ../../build/node_network build --build-base /home/mohamed/ros2_ws/build/node_network/build install --record /home/mohamed/ros2_ws/build/node_network/install.log --single-version-externally-managed install_data
[18.017s] running egg_info
[18.094s] writing ../../build/node_network/node_network.egg-info/PKG-INFO
[18.095s] writing dependency_links to ../../build/node_network/node_network.egg-info/dependency_links.txt
[18.096s] writing entry points to ../../build/node_network/node_network.egg-info/entry_points.txt
[18.096s] writing requirements to ../../build/node_network/node_network.egg-info/requires.txt
[18.097s] writing top-level names to ../../build/node_network/node_network.egg-info/top_level.txt
[18.274s] reading manifest file '../../build/node_network/node_network.egg-info/SOURCES.txt'
[18.277s] writing manifest file '../../build/node_network/node_network.egg-info/SOURCES.txt'
[18.277s] running build
[18.277s] running build_py
[18.278s] running install
[18.293s] running install_lib
[18.375s] running install_data
[18.376s] running install_egg_info
[18.467s] removing '/home/mohamed/ros2_ws/install/node_network/lib/python3.12/site-packages/node_network-0.0.0-py3.12.egg-info' (and everything under it)
[18.468s] Copying ../../build/node_network/node_network.egg-info to /home/mohamed/ros2_ws/install/node_network/lib/python3.12/site-packages/node_network-0.0.0-py3.12.egg-info
[18.470s] running install_scripts
[19.830s] Installing Alpha script to /home/mohamed/ros2_ws/install/node_network/lib/node_network
[19.832s] Installing Beta script to /home/mohamed/ros2_ws/install/node_network/lib/node_network
[19.835s] Installing Delta script to /home/mohamed/ros2_ws/install/node_network/lib/node_network
[19.836s] Installing Gamma script to /home/mohamed/ros2_ws/install/node_network/lib/node_network
[19.837s] writing list of installed files to '/home/mohamed/ros2_ws/build/node_network/install.log'
[20.021s] Invoked command in '/home/mohamed/ros2_ws/src/node_network' returned '0': DEBUGINFOD_URLS=https://debuginfod.ubuntu.com PYTHONPATH=/home/mohamed/ros2_ws/build/node_network/prefix_override:/usr/lib/python3/dist-packages/colcon_core/task/python/colcon_distutils_commands:/home/mohamed/ros2_ws/install/node_network/lib/python3.12/site-packages:${PYTHONPATH} VIRTUAL_ENV_PROMPT=(env) /usr/bin/python3 -W ignore:setup.py install is deprecated -W ignore:easy_install command is deprecated setup.py egg_info --egg-base ../../build/node_network build --build-base /home/mohamed/ros2_ws/build/node_network/build install --record /home/mohamed/ros2_ws/build/node_network/install.log --single-version-externally-managed install_data
