[4.501s] Invoking command in '/home/mohamed/ros2_ws/src/node_network': DEBUGINFOD_URLS=https://debuginfod.ubuntu.com PYTHONPATH=/home/mohamed/ros2_ws/build/node_network/prefix_override:/usr/lib/python3/dist-packages/colcon_core/task/python/colcon_distutils_commands:/home/mohamed/ros2_ws/install/node_network/lib/python3.12/site-packages:${PYTHONPATH} VIRTUAL_ENV_PROMPT=(env) /usr/bin/python3 -W ignore:setup.py install is deprecated -W ignore:easy_install command is deprecated setup.py egg_info --egg-base ../../build/node_network build --build-base /home/mohamed/ros2_ws/build/node_network/build install --record /home/mohamed/ros2_ws/build/node_network/install.log --single-version-externally-managed install_data
[5.466s] running egg_info
[5.514s] writing ../../build/node_network/node_network.egg-info/PKG-INFO
[5.514s] writing dependency_links to ../../build/node_network/node_network.egg-info/dependency_links.txt
[5.515s] writing entry points to ../../build/node_network/node_network.egg-info/entry_points.txt
[5.517s] writing requirements to ../../build/node_network/node_network.egg-info/requires.txt
[5.517s] writing top-level names to ../../build/node_network/node_network.egg-info/top_level.txt
[5.630s] reading manifest file '../../build/node_network/node_network.egg-info/SOURCES.txt'
[5.632s] writing manifest file '../../build/node_network/node_network.egg-info/SOURCES.txt'
[5.634s] running build
[5.634s] running build_py
[5.635s] running install
[5.653s] running install_lib
[5.701s] running install_data
[5.701s] running install_egg_info
[5.763s] removing '/home/mohamed/ros2_ws/install/node_network/lib/python3.12/site-packages/node_network-0.0.0-py3.12.egg-info' (and everything under it)
[5.764s] Copying ../../build/node_network/node_network.egg-info to /home/mohamed/ros2_ws/install/node_network/lib/python3.12/site-packages/node_network-0.0.0-py3.12.egg-info
[5.766s] running install_scripts
[6.184s] Installing Alpha script to /home/mohamed/ros2_ws/install/node_network/lib/node_network
[6.184s] Installing Beta script to /home/mohamed/ros2_ws/install/node_network/lib/node_network
[6.185s] Installing Delta script to /home/mohamed/ros2_ws/install/node_network/lib/node_network
[6.185s] Installing Gamma script to /home/mohamed/ros2_ws/install/node_network/lib/node_network
[6.186s] writing list of installed files to '/home/mohamed/ros2_ws/build/node_network/install.log'
[6.281s] Invoked command in '/home/mohamed/ros2_ws/src/node_network' returned '0': DEBUGINFOD_URLS=https://debuginfod.ubuntu.com PYTHONPATH=/home/mohamed/ros2_ws/build/node_network/prefix_override:/usr/lib/python3/dist-packages/colcon_core/task/python/colcon_distutils_commands:/home/mohamed/ros2_ws/install/node_network/lib/python3.12/site-packages:${PYTHONPATH} VIRTUAL_ENV_PROMPT=(env) /usr/bin/python3 -W ignore:setup.py install is deprecated -W ignore:easy_install command is deprecated setup.py egg_info --egg-base ../../build/node_network build --build-base /home/mohamed/ros2_ws/build/node_network/build install --record /home/mohamed/ros2_ws/build/node_network/install.log --single-version-externally-managed install_data
