[5.087s] Invoking command in '/home/mohamed/ros2_ws/src/secure_connection': DEBUGINFOD_URLS=https://debuginfod.ubuntu.com PYTHONPATH=/home/mohamed/ros2_ws/build/secure_connection/prefix_override:/usr/lib/python3/dist-packages/colcon_core/task/python/colcon_distutils_commands:/home/mohamed/ros2_ws/install/secure_connection/lib/python3.12/site-packages:${PYTHONPATH} VIRTUAL_ENV_PROMPT=(env) /usr/bin/python3 -W ignore:setup.py install is deprecated -W ignore:easy_install command is deprecated setup.py egg_info --egg-base ../../build/secure_connection build --build-base /home/mohamed/ros2_ws/build/secure_connection/build install --record /home/mohamed/ros2_ws/build/secure_connection/install.log --single-version-externally-managed install_data
[6.434s] running egg_info
[6.530s] writing ../../build/secure_connection/secure_connection.egg-info/PKG-INFO
[6.532s] writing dependency_links to ../../build/secure_connection/secure_connection.egg-info/dependency_links.txt
[6.532s] writing entry points to ../../build/secure_connection/secure_connection.egg-info/entry_points.txt
[6.533s] writing requirements to ../../build/secure_connection/secure_connection.egg-info/requires.txt
[6.533s] writing top-level names to ../../build/secure_connection/secure_connection.egg-info/top_level.txt
[6.745s] reading manifest file '../../build/secure_connection/secure_connection.egg-info/SOURCES.txt'
[6.746s] writing manifest file '../../build/secure_connection/secure_connection.egg-info/SOURCES.txt'
[6.747s] running build
[6.747s] running build_py
[6.751s] running install
[6.789s] running install_lib
[6.914s] running install_data
[6.914s] running install_egg_info
[6.975s] removing '/home/mohamed/ros2_ws/install/secure_connection/lib/python3.12/site-packages/secure_connection-0.0.0-py3.12.egg-info' (and everything under it)
[6.977s] Copying ../../build/secure_connection/secure_connection.egg-info to /home/mohamed/ros2_ws/install/secure_connection/lib/python3.12/site-packages/secure_connection-0.0.0-py3.12.egg-info
[6.979s] running install_scripts
[7.486s] Installing generate_key script to /home/mohamed/ros2_ws/install/secure_connection/lib/secure_connection
[7.489s] writing list of installed files to '/home/mohamed/ros2_ws/build/secure_connection/install.log'
[7.706s] Invoked command in '/home/mohamed/ros2_ws/src/secure_connection' returned '0': DEBUGINFOD_URLS=https://debuginfod.ubuntu.com PYTHONPATH=/home/mohamed/ros2_ws/build/secure_connection/prefix_override:/usr/lib/python3/dist-packages/colcon_core/task/python/colcon_distutils_commands:/home/mohamed/ros2_ws/install/secure_connection/lib/python3.12/site-packages:${PYTHONPATH} VIRTUAL_ENV_PROMPT=(env) /usr/bin/python3 -W ignore:setup.py install is deprecated -W ignore:easy_install command is deprecated setup.py egg_info --egg-base ../../build/secure_connection build --build-base /home/mohamed/ros2_ws/build/secure_connection/build install --record /home/mohamed/ros2_ws/build/secure_connection/install.log --single-version-externally-managed install_data
